level=info msg="Queuing URLs for hord"
level=info msg="URL Count 554"
level=info contentType="script[type='application/ld+json']" url="https://heidata.uni-heidelberg.de/dataset.xhtml?persistentId=doi:10.11588/data/10049"
level=info contentType="script[type='application/ld+json']" url="https://heidata.uni-heidelberg.de/dataset.xhtml?persistentId=doi:10.11588/data/10074"
level=info contentType="script[type='application/ld+json']" url="https://heidata.uni-heidelberg.de/dataset.xhtml?persistentId=doi:10.11588/data/10084"
level=info contentType="script[type='application/ld+json']" url="https://heidata.uni-heidelberg.de/dataset.xhtml?persistentId=doi:10.11588/data/10005"
level=info contentType="script[type='application/ld+json']" url="https://heidata.uni-heidelberg.de/dataset.xhtml?persistentId=doi:10.11588/data/10055"
level=info contentType="script[type='application/ld+json']" url="https://heidata.uni-heidelberg.de/dataset.xhtml?persistentId=doi:10.11588/data/MES8FE"
level=info contentType="script[type='application/ld+json']" url="https://heidata.uni-heidelberg.de/dataset.xhtml?persistentId=doi:10.11588/data/10082"
level=info contentType="script[type='application/ld+json']" url="https://heidata.uni-heidelberg.de/dataset.xhtml?persistentId=doi:10.11588/data/10059"
level=info contentType="script[type='application/ld+json']" url="https://heidata.uni-heidelberg.de/dataset.xhtml?persistentId=doi:10.11588/data/10051"
level=info contentType="script[type='application/ld+json']" url="https://heidata.uni-heidelberg.de/dataset.xhtml?persistentId=doi:10.11588/data/10030"
level=info contentType="script[type='application/ld+json']" url="https://heidata.uni-heidelberg.de/dataset.xhtml?persistentId=doi:10.11588/data/10009"
level=info contentType="script[type='application/ld+json']" url="https://heidata.uni-heidelberg.de/dataset.xhtml?persistentId=doi:10.11588/data/10060"
level=info contentType="script[type='application/ld+json']" url="https://heidata.uni-heidelberg.de/dataset.xhtml?persistentId=doi:10.11588/data/10015"
level=info contentType="script[type='application/ld+json']" url="https://heidata.uni-heidelberg.de/dataset.xhtml?persistentId=doi:10.11588/data/10024"
level=info contentType="script[type='application/ld+json']" url="https://heidata.uni-heidelberg.de/dataset.xhtml?persistentId=doi:10.11588/data/10057"
level=info contentType="script[type='application/ld+json']" url="https://heidata.uni-heidelberg.de/dataset.xhtml?persistentId=doi:10.11588/data/10075"
level=info contentType="script[type='application/ld+json']" url="https://heidata.uni-heidelberg.de/dataset.xhtml?persistentId=doi:10.11588/data/10071"
level=info contentType="script[type='application/ld+json']" url="https://heidata.uni-heidelberg.de/dataset.xhtml?persistentId=doi:10.11588/data/10011"
level=info contentType="script[type='application/ld+json']" url="https://heidata.uni-heidelberg.de/dataset.xhtml?persistentId=doi:10.11588/data/ORTPJN"
level=info contentType="script[type='application/ld+json']" url="https://heidata.uni-heidelberg.de/dataset.xhtml?persistentId=doi:10.11588/data/10006"
level=info contentType="script[type='application/ld+json']" url="https://heidata.uni-heidelberg.de/dataset.xhtml?persistentId=doi:10.11588/data/R8HGIB"
level=info contentType="script[type='application/ld+json']" url="https://heidata.uni-heidelberg.de/dataset.xhtml?persistentId=doi:10.11588/data/7NEEKF"
level=info contentType="script[type='application/ld+json']" url="https://heidata.uni-heidelberg.de/dataset.xhtml?persistentId=doi:10.11588/data/10023"
level=info contentType="script[type='application/ld+json']" url="https://heidata.uni-heidelberg.de/dataset.xhtml?persistentId=doi:10.11588/data/MM6ZGU"
level=info contentType="script[type='application/ld+json']" url="https://heidata.uni-heidelberg.de/dataset.xhtml?persistentId=doi:10.11588/data/876SOV"
level=info contentType="script[type='application/ld+json']" url="https://heidata.uni-heidelberg.de/dataset.xhtml?persistentId=doi:10.11588/data/OU8YA1"
level=info contentType="script[type='application/ld+json']" url="https://heidata.uni-heidelberg.de/dataset.xhtml?persistentId=doi:10.11588/data/FNKJ2Y"
level=info contentType="script[type='application/ld+json']" url="https://heidata.uni-heidelberg.de/dataset.xhtml?persistentId=doi:10.11588/data/10018"
level=info contentType="script[type='application/ld+json']" url="https://heidata.uni-heidelberg.de/dataset.xhtml?persistentId=doi:10.11588/data/10070"
level=info contentType="script[type='application/ld+json']" url="https://heidata.uni-heidelberg.de/dataset.xhtml?persistentId=doi:10.11588/data/3NKHAY"
level=info contentType="script[type='application/ld+json']" url="https://heidata.uni-heidelberg.de/dataset.xhtml?persistentId=doi:10.11588/data/LSTRK3"
level=info contentType="script[type='application/ld+json']" url="https://heidata.uni-heidelberg.de/dataset.xhtml?persistentId=doi:10.11588/data/10056"
level=info contentType="script[type='application/ld+json']" url="https://heidata.uni-heidelberg.de/dataset.xhtml?persistentId=doi:10.11588/data/GH511N"
level=info contentType="script[type='application/ld+json']" url="https://heidata.uni-heidelberg.de/dataset.xhtml?persistentId=doi:10.11588/data/N07HKC"
level=info contentType="script[type='application/ld+json']" url="https://heidata.uni-heidelberg.de/dataset.xhtml?persistentId=doi:10.11588/data/E5EHBV"
level=info contentType="script[type='application/ld+json']" url="https://heidata.uni-heidelberg.de/dataset.xhtml?persistentId=doi:10.11588/data/X6J33C"
level=info contentType="script[type='application/ld+json']" url="https://heidata.uni-heidelberg.de/dataset.xhtml?persistentId=doi:10.11588/data/YH80DI"
level=info contentType="script[type='application/ld+json']" url="https://heidata.uni-heidelberg.de/dataset.xhtml?persistentId=doi:10.11588/data/QKF4LT"
level=info contentType="script[type='application/ld+json']" url="https://heidata.uni-heidelberg.de/dataset.xhtml?persistentId=doi:10.11588/data/BBQYD0"
level=info contentType="script[type='application/ld+json']" url="https://heidata.uni-heidelberg.de/dataset.xhtml?persistentId=doi:10.11588/data/YVYEO8"
level=info contentType="script[type='application/ld+json']" url="https://heidata.uni-heidelberg.de/dataset.xhtml?persistentId=doi:10.11588/data/JRVJGN"
level=info contentType="script[type='application/ld+json']" url="https://heidata.uni-heidelberg.de/dataset.xhtml?persistentId=doi:10.11588/data/HBAVWG"
level=info contentType="script[type='application/ld+json']" url="https://heidata.uni-heidelberg.de/dataset.xhtml?persistentId=doi:10.11588/data/XZI4RP"
level=info contentType="script[type='application/ld+json']" url="https://heidata.uni-heidelberg.de/dataset.xhtml?persistentId=doi:10.11588/data/EFHOBZ"
level=info contentType="script[type='application/ld+json']" url="https://heidata.uni-heidelberg.de/dataset.xhtml?persistentId=doi:10.11588/data/M5PH4W"
level=info contentType="script[type='application/ld+json']" url="https://heidata.uni-heidelberg.de/dataset.xhtml?persistentId=doi:10.11588/data/1L11SQ"
level=info contentType="script[type='application/ld+json']" url="https://heidata.uni-heidelberg.de/dataset.xhtml?persistentId=doi:10.11588/data/5ZH1G4"
level=info contentType="script[type='application/ld+json']" url="https://heidata.uni-heidelberg.de/dataset.xhtml?persistentId=doi:10.11588/data/X9UEHB"
level=info contentType="script[type='application/ld+json']" url="https://heidata.uni-heidelberg.de/dataset.xhtml?persistentId=doi:10.11588/data/7WOCTK"
level=info contentType="script[type='application/ld+json']" url="https://heidata.uni-heidelberg.de/dataset.xhtml?persistentId=doi:10.11588/data/TOI9NQ"
level=info contentType="script[type='application/ld+json']" url="https://heidata.uni-heidelberg.de/dataset.xhtml?persistentId=doi:10.11588/data/H3KPEU"
level=info contentType="script[type='application/ld+json']" url="https://heidata.uni-heidelberg.de/dataset.xhtml?persistentId=doi:10.11588/data/ZCMVUY"
level=info contentType="script[type='application/ld+json']" url="https://heidata.uni-heidelberg.de/dataset.xhtml?persistentId=doi:10.11588/data/1KJEDB"
level=info contentType="script[type='application/ld+json']" url="https://heidata.uni-heidelberg.de/dataset.xhtml?persistentId=doi:10.11588/data/1XDKHZ"
level=info contentType="script[type='application/ld+json']" url="https://heidata.uni-heidelberg.de/dataset.xhtml?persistentId=doi:10.11588/data/HBDRBY"
level=info contentType="script[type='application/ld+json']" url="https://heidata.uni-heidelberg.de/dataset.xhtml?persistentId=doi:10.11588/data/KXLMHN"
level=info contentType="script[type='application/ld+json']" url="https://heidata.uni-heidelberg.de/dataset.xhtml?persistentId=doi:10.11588/data/BJCKCB"
level=info contentType="script[type='application/ld+json']" url="https://heidata.uni-heidelberg.de/dataset.xhtml?persistentId=doi:10.11588/data/RDISCE"
level=info contentType="script[type='application/ld+json']" url="https://heidata.uni-heidelberg.de/dataset.xhtml?persistentId=doi:10.11588/data/TT4VM3"
level=info contentType="script[type='application/ld+json']" url="https://heidata.uni-heidelberg.de/dataset.xhtml?persistentId=doi:10.11588/data/TGSVUI"
level=info contentType="script[type='application/ld+json']" url="https://heidata.uni-heidelberg.de/dataset.xhtml?persistentId=doi:10.11588/data/L7QPUY"
level=info contentType="script[type='application/ld+json']" url="https://heidata.uni-heidelberg.de/dataset.xhtml?persistentId=doi:10.11588/data/THPEBR"
level=info contentType="script[type='application/ld+json']" url="https://heidata.uni-heidelberg.de/dataset.xhtml?persistentId=doi:10.11588/data/C2OQN4"
level=info contentType="script[type='application/ld+json']" url="https://heidata.uni-heidelberg.de/dataset.xhtml?persistentId=doi:10.11588/data/Y6Y7P0"
level=info contentType="script[type='application/ld+json']" url="https://heidata.uni-heidelberg.de/dataset.xhtml?persistentId=doi:10.11588/data/W3JBV4"
level=info contentType="script[type='application/ld+json']" url="https://heidata.uni-heidelberg.de/dataset.xhtml?persistentId=doi:10.11588/data/FJQ4XL"
level=info contentType="script[type='application/ld+json']" url="https://heidata.uni-heidelberg.de/dataset.xhtml?persistentId=doi:10.11588/data/0HJW2A"
level=info contentType="script[type='application/ld+json']" url="https://heidata.uni-heidelberg.de/dataset.xhtml?persistentId=doi:10.11588/data/GSJE9D"
level=info contentType="script[type='application/ld+json']" url="https://heidata.uni-heidelberg.de/dataset.xhtml?persistentId=doi:10.11588/data/MKPEYV"
level=info contentType="script[type='application/ld+json']" url="https://heidata.uni-heidelberg.de/dataset.xhtml?persistentId=doi:10.11588/data/10081"
level=info contentType="script[type='application/ld+json']" url="https://heidata.uni-heidelberg.de/dataset.xhtml?persistentId=doi:10.11588/data/ENNK5V"
level=info contentType="script[type='application/ld+json']" url="https://heidata.uni-heidelberg.de/dataset.xhtml?persistentId=doi:10.11588/data/TMEDTX"
level=info contentType="script[type='application/ld+json']" url="https://heidata.uni-heidelberg.de/dataset.xhtml?persistentId=doi:10.11588/data/10102"
level=info contentType="script[type='application/ld+json']" url="https://heidata.uni-heidelberg.de/dataset.xhtml?persistentId=doi:10.11588/data/V9CXPR"
level=info contentType="script[type='application/ld+json']" url="https://heidata.uni-heidelberg.de/dataset.xhtml?persistentId=doi:10.11588/data/9N1LSR"
level=info contentType="script[type='application/ld+json']" url="https://heidata.uni-heidelberg.de/dataset.xhtml?persistentId=doi:10.11588/data/10032"
level=info contentType="script[type='application/ld+json']" url="https://heidata.uni-heidelberg.de/dataset.xhtml?persistentId=doi:10.11588/data/9JKAVW"
level=info contentType="script[type='application/ld+json']" url="https://heidata.uni-heidelberg.de/dataset.xhtml?persistentId=doi:10.11588/data/AGKWSG"
level=info contentType="script[type='application/ld+json']" url="https://heidata.uni-heidelberg.de/dataset.xhtml?persistentId=doi:10.11588/data/10066"
level=info contentType="script[type='application/ld+json']" url="https://heidata.uni-heidelberg.de/dataset.xhtml?persistentId=doi:10.11588/data/L00TJW"
level=info contentType="script[type='application/ld+json']" url="https://heidata.uni-heidelberg.de/dataset.xhtml?persistentId=doi:10.11588/data/10096"
level=info contentType="script[type='application/ld+json']" url="https://heidata.uni-heidelberg.de/dataset.xhtml?persistentId=doi:10.11588/data/LYWYGN"
level=info contentType="script[type='application/ld+json']" url="https://heidata.uni-heidelberg.de/dataset.xhtml?persistentId=doi:10.11588/data/HE3BAZ"
level=info contentType="script[type='application/ld+json']" url="https://heidata.uni-heidelberg.de/dataset.xhtml?persistentId=doi:10.11588/data/APBF7C"
level=info contentType="script[type='application/ld+json']" url="https://heidata.uni-heidelberg.de/dataset.xhtml?persistentId=doi:10.11588/data/EIXOPN"
level=info contentType="script[type='application/ld+json']" url="https://heidata.uni-heidelberg.de/dataset.xhtml?persistentId=doi:10.11588/data/10069"
level=info contentType="script[type='application/ld+json']" url="https://heidata.uni-heidelberg.de/dataset.xhtml?persistentId=doi:10.11588/data/AOSUY6"
level=info contentType="script[type='application/ld+json']" url="https://heidata.uni-heidelberg.de/dataset.xhtml?persistentId=doi:10.11588/data/0Z7H1X"
level=info contentType="script[type='application/ld+json']" url="https://heidata.uni-heidelberg.de/dataset.xhtml?persistentId=doi:10.11588/data/CK3ZTX"
level=info contentType="script[type='application/ld+json']" url="https://heidata.uni-heidelberg.de/dataset.xhtml?persistentId=doi:10.11588/data/HVXXIJ"
level=info contentType="script[type='application/ld+json']" url="https://heidata.uni-heidelberg.de/dataset.xhtml?persistentId=doi:10.11588/data/QDOC4E"
level=info contentType="script[type='application/ld+json']" url="https://heidata.uni-heidelberg.de/dataset.xhtml?persistentId=doi:10.11588/data/10052"
level=info contentType="script[type='application/ld+json']" url="https://heidata.uni-heidelberg.de/dataset.xhtml?persistentId=doi:10.11588/data/IDSI88"
level=info contentType="script[type='application/ld+json']" url="https://heidata.uni-heidelberg.de/dataset.xhtml?persistentId=doi:10.11588/data/7NFYJ0"
level=info contentType="script[type='application/ld+json']" url="https://heidata.uni-heidelberg.de/dataset.xhtml?persistentId=doi:10.11588/data/2EVBVW"
level=info contentType="script[type='application/ld+json']" url="https://heidata.uni-heidelberg.de/dataset.xhtml?persistentId=doi:10.11588/data/10040"
level=info contentType="script[type='application/ld+json']" url="https://heidata.uni-heidelberg.de/dataset.xhtml?persistentId=doi:10.11588/data/HF0LX9"
level=info contentType="script[type='application/ld+json']" url="https://heidata.uni-heidelberg.de/dataset.xhtml?persistentId=doi:10.11588/data/FSPQL4"
level=info contentType="script[type='application/ld+json']" url="https://heidata.uni-heidelberg.de/dataset.xhtml?persistentId=doi:10.11588/data/N64ZX4"
level=info contentType="script[type='application/ld+json']" url="https://heidata.uni-heidelberg.de/dataset.xhtml?persistentId=doi:10.11588/data/AT1QUR"
level=info contentType="script[type='application/ld+json']" url="https://heidata.uni-heidelberg.de/dataset.xhtml?persistentId=doi:10.11588/data/AKFW5U"
level=info contentType="script[type='application/ld+json']" url="https://heidata.uni-heidelberg.de/dataset.xhtml?persistentId=doi:10.11588/data/RXGOER"
level=info contentType="script[type='application/ld+json']" url="https://heidata.uni-heidelberg.de/dataset.xhtml?persistentId=doi:10.11588/data/ZW8JL9"
level=info contentType="script[type='application/ld+json']" url="https://heidata.uni-heidelberg.de/dataset.xhtml?persistentId=doi:10.11588/data/10004"
level=info contentType="script[type='application/ld+json']" url="https://heidata.uni-heidelberg.de/dataset.xhtml?persistentId=doi:10.11588/data/NRHERZ"
level=info contentType="script[type='application/ld+json']" url="https://heidata.uni-heidelberg.de/dataset.xhtml?persistentId=doi:10.11588/data/10021"
level=info contentType="script[type='application/ld+json']" url="https://heidata.uni-heidelberg.de/dataset.xhtml?persistentId=doi:10.11588/data/JZFWWW"
level=info contentType="script[type='application/ld+json']" url="https://heidata.uni-heidelberg.de/dataset.xhtml?persistentId=doi:10.11588/data/S90S35"
level=info contentType="script[type='application/ld+json']" url="https://heidata.uni-heidelberg.de/dataset.xhtml?persistentId=doi:10.11588/data/QLLMOA"
level=info contentType="script[type='application/ld+json']" url="https://heidata.uni-heidelberg.de/dataset.xhtml?persistentId=doi:10.11588/data/10017"
level=info contentType="script[type='application/ld+json']" url="https://heidata.uni-heidelberg.de/dataset.xhtml?persistentId=doi:10.11588/data/E3JAHX"
level=info contentType="script[type='application/ld+json']" url="https://heidata.uni-heidelberg.de/dataset.xhtml?persistentId=doi:10.11588/data/10094"
level=info contentType="script[type='application/ld+json']" url="https://heidata.uni-heidelberg.de/dataset.xhtml?persistentId=doi:10.11588/data/ZHI94V"
level=info contentType="script[type='application/ld+json']" url="https://heidata.uni-heidelberg.de/dataset.xhtml?persistentId=doi:10.11588/data/DQYPMC"
level=info contentType="script[type='application/ld+json']" url="https://heidata.uni-heidelberg.de/dataset.xhtml?persistentId=doi:10.11588/data/0B5VML"
level=info contentType="script[type='application/ld+json']" url="https://heidata.uni-heidelberg.de/dataset.xhtml?persistentId=doi:10.11588/data/10019"
level=info contentType="script[type='application/ld+json']" url="https://heidata.uni-heidelberg.de/dataset.xhtml?persistentId=doi:10.11588/data/2JK48O"
level=info contentType="script[type='application/ld+json']" url="https://heidata.uni-heidelberg.de/dataset.xhtml?persistentId=doi:10.11588/data/TMYLWS"
level=info contentType="script[type='application/ld+json']" url="https://heidata.uni-heidelberg.de/dataset.xhtml?persistentId=doi:10.11588/data/10034"
level=info contentType="script[type='application/ld+json']" url="https://heidata.uni-heidelberg.de/dataset.xhtml?persistentId=doi:10.11588/data/10050"
level=info contentType="script[type='application/ld+json']" url="https://heidata.uni-heidelberg.de/dataset.xhtml?persistentId=doi:10.11588/data/PA87NV"
level=info contentType="script[type='application/ld+json']" url="https://heidata.uni-heidelberg.de/dataset.xhtml?persistentId=doi:10.11588/data/7WGSTU"
level=info contentType="script[type='application/ld+json']" url="https://heidata.uni-heidelberg.de/dataset.xhtml?persistentId=doi:10.11588/data/Z7IKIU"
level=info contentType="script[type='application/ld+json']" url="https://heidata.uni-heidelberg.de/dataset.xhtml?persistentId=doi:10.11588/data/8CB4FQ"
level=info contentType="script[type='application/ld+json']" url="https://heidata.uni-heidelberg.de/dataset.xhtml?persistentId=doi:10.11588/data/04HPWW"
level=info contentType="script[type='application/ld+json']" url="https://heidata.uni-heidelberg.de/dataset.xhtml?persistentId=doi:10.11588/data/KKTC9G"
level=info contentType="script[type='application/ld+json']" url="https://heidata.uni-heidelberg.de/dataset.xhtml?persistentId=doi:10.11588/data/LWN9XE"
level=info contentType="script[type='application/ld+json']" url="https://heidata.uni-heidelberg.de/dataset.xhtml?persistentId=doi:10.11588/data/10020"
level=info contentType="script[type='application/ld+json']" url="https://heidata.uni-heidelberg.de/dataset.xhtml?persistentId=doi:10.11588/data/10068"
level=info contentType="script[type='application/ld+json']" url="https://heidata.uni-heidelberg.de/dataset.xhtml?persistentId=doi:10.11588/data/10036"
level=info contentType="script[type='application/ld+json']" url="https://heidata.uni-heidelberg.de/dataset.xhtml?persistentId=doi:10.11588/data/SCGJHQ"
level=info contentType="script[type='application/ld+json']" url="https://heidata.uni-heidelberg.de/dataset.xhtml?persistentId=doi:10.11588/data/JGJKK0"
level=info contentType="script[type='application/ld+json']" url="https://heidata.uni-heidelberg.de/dataset.xhtml?persistentId=doi:10.11588/data/VGWRB7"
level=info contentType="script[type='application/ld+json']" url="https://heidata.uni-heidelberg.de/dataset.xhtml?persistentId=doi:10.11588/data/Q3TSLH"
level=info contentType="script[type='application/ld+json']" url="https://heidata.uni-heidelberg.de/dataset.xhtml?persistentId=doi:10.11588/data/UDMPY5"
level=info contentType="script[type='application/ld+json']" url="https://heidata.uni-heidelberg.de/dataset.xhtml?persistentId=doi:10.11588/data/AB9OAL"
level=info contentType="script[type='application/ld+json']" url="https://heidata.uni-heidelberg.de/dataset.xhtml?persistentId=doi:10.11588/data/KDSFRB"
level=info contentType="script[type='application/ld+json']" url="https://heidata.uni-heidelberg.de/dataset.xhtml?persistentId=doi:10.11588/data/YRDLT3"
level=info contentType="script[type='application/ld+json']" url="https://heidata.uni-heidelberg.de/dataset.xhtml?persistentId=doi:10.11588/data/PCGYET"
level=info contentType="script[type='application/ld+json']" url="https://heidata.uni-heidelberg.de/dataset.xhtml?persistentId=doi:10.11588/data/GLQLSH"
level=info contentType="script[type='application/ld+json']" url="https://heidata.uni-heidelberg.de/dataset.xhtml?persistentId=doi:10.11588/data/V4MUMX"
level=info contentType="script[type='application/ld+json']" url="https://heidata.uni-heidelberg.de/dataset.xhtml?persistentId=doi:10.11588/data/0QQVJK"
level=info contentType="script[type='application/ld+json']" url="https://heidata.uni-heidelberg.de/dataset.xhtml?persistentId=doi:10.11588/data/EGCMUU"
level=info contentType="script[type='application/ld+json']" url="https://heidata.uni-heidelberg.de/dataset.xhtml?persistentId=doi:10.11588/data/RR5BMF"
level=info contentType="script[type='application/ld+json']" url="https://heidata.uni-heidelberg.de/dataset.xhtml?persistentId=doi:10.11588/data/HV4MJW"
level=info contentType="script[type='application/ld+json']" url="https://heidata.uni-heidelberg.de/dataset.xhtml?persistentId=doi:10.11588/data/P1HEGO"
level=info contentType="script[type='application/ld+json']" url="https://heidata.uni-heidelberg.de/dataset.xhtml?persistentId=doi:10.11588/data/ZMWDP5"
level=info contentType="script[type='application/ld+json']" url="https://heidata.uni-heidelberg.de/dataset.xhtml?persistentId=doi:10.11588/data/PRXZAS"
level=info contentType="script[type='application/ld+json']" url="https://heidata.uni-heidelberg.de/dataset.xhtml?persistentId=doi:10.11588/data/RGM2AW"
level=info contentType="script[type='application/ld+json']" url="https://heidata.uni-heidelberg.de/dataset.xhtml?persistentId=doi:10.11588/data/10097"
level=info contentType="script[type='application/ld+json']" url="https://heidata.uni-heidelberg.de/dataset.xhtml?persistentId=doi:10.11588/data/5RSAM3"
level=info contentType="script[type='application/ld+json']" url="https://heidata.uni-heidelberg.de/dataset.xhtml?persistentId=doi:10.11588/data/E2RPGA"
level=info contentType="script[type='application/ld+json']" url="https://heidata.uni-heidelberg.de/dataset.xhtml?persistentId=doi:10.11588/data/3JVZSH"
level=info contentType="script[type='application/ld+json']" url="https://heidata.uni-heidelberg.de/dataset.xhtml?persistentId=doi:10.11588/data/9UXUB0"
level=info contentType="script[type='application/ld+json']" url="https://heidata.uni-heidelberg.de/dataset.xhtml?persistentId=doi:10.11588/data/ZPCZ19"
level=info contentType="script[type='application/ld+json']" url="https://heidata.uni-heidelberg.de/dataset.xhtml?persistentId=doi:10.11588/data/10010"
level=info contentType="script[type='application/ld+json']" url="https://heidata.uni-heidelberg.de/dataset.xhtml?persistentId=doi:10.11588/data/DQRICW"
level=info contentType="script[type='application/ld+json']" url="https://heidata.uni-heidelberg.de/dataset.xhtml?persistentId=doi:10.11588/data/VJFIBD"
level=info contentType="script[type='application/ld+json']" url="https://heidata.uni-heidelberg.de/dataset.xhtml?persistentId=doi:10.11588/data/KRPJ9A"
level=info contentType="script[type='application/ld+json']" url="https://heidata.uni-heidelberg.de/dataset.xhtml?persistentId=doi:10.11588/data/QWSS8L"
level=info contentType="script[type='application/ld+json']" url="https://heidata.uni-heidelberg.de/dataset.xhtml?persistentId=doi:10.11588/data/Y8UEOY"
level=info contentType="script[type='application/ld+json']" url="https://heidata.uni-heidelberg.de/dataset.xhtml?persistentId=doi:10.11588/data/MFU6EV"
level=info contentType="script[type='application/ld+json']" url="https://heidata.uni-heidelberg.de/dataset.xhtml?persistentId=doi:10.11588/data/KPY585"
level=info contentType="script[type='application/ld+json']" url="https://heidata.uni-heidelberg.de/dataset.xhtml?persistentId=doi:10.11588/data/DHEQCP"
level=info contentType="script[type='application/ld+json']" url="https://heidata.uni-heidelberg.de/dataset.xhtml?persistentId=doi:10.11588/data/Z3J0DV"
level=info contentType="script[type='application/ld+json']" url="https://heidata.uni-heidelberg.de/dataset.xhtml?persistentId=doi:10.11588/data/SJB7RU"
level=info contentType="script[type='application/ld+json']" url="https://heidata.uni-heidelberg.de/dataset.xhtml?persistentId=doi:10.11588/data/10012"
level=info contentType="script[type='application/ld+json']" url="https://heidata.uni-heidelberg.de/dataset.xhtml?persistentId=doi:10.11588/data/7IWYPF"
level=info contentType="script[type='application/ld+json']" url="https://heidata.uni-heidelberg.de/dataset.xhtml?persistentId=doi:10.11588/data/HB97MY"
level=info contentType="script[type='application/ld+json']" url="https://heidata.uni-heidelberg.de/dataset.xhtml?persistentId=doi:10.11588/data/AAKAF9"
level=info contentType="script[type='application/ld+json']" url="https://heidata.uni-heidelberg.de/dataset.xhtml?persistentId=doi:10.11588/data/10085"
level=info contentType="script[type='application/ld+json']" url="https://heidata.uni-heidelberg.de/dataset.xhtml?persistentId=doi:10.11588/data/LSG8TN"
level=info contentType="script[type='application/ld+json']" url="https://heidata.uni-heidelberg.de/dataset.xhtml?persistentId=doi:10.11588/data/FC6TFM"
level=info contentType="script[type='application/ld+json']" url="https://heidata.uni-heidelberg.de/dataset.xhtml?persistentId=doi:10.11588/data/5NSDVM"
level=info contentType="script[type='application/ld+json']" url="https://heidata.uni-heidelberg.de/dataset.xhtml?persistentId=doi:10.11588/data/PZGMSS"
level=info contentType="script[type='application/ld+json']" url="https://heidata.uni-heidelberg.de/dataset.xhtml?persistentId=doi:10.11588/data/LAJUUK"
level=info contentType="script[type='application/ld+json']" url="https://heidata.uni-heidelberg.de/dataset.xhtml?persistentId=doi:10.11588/data/LMMXAI"
level=info contentType="script[type='application/ld+json']" url="https://heidata.uni-heidelberg.de/dataset.xhtml?persistentId=doi:10.11588/data/PUKJCV"
level=info contentType="script[type='application/ld+json']" url="https://heidata.uni-heidelberg.de/dataset.xhtml?persistentId=doi:10.11588/data/10087"
level=info contentType="script[type='application/ld+json']" url="https://heidata.uni-heidelberg.de/dataset.xhtml?persistentId=doi:10.11588/data/HI9BJD"
level=info contentType="script[type='application/ld+json']" url="https://heidata.uni-heidelberg.de/dataset.xhtml?persistentId=doi:10.11588/data/PAMQ0B"
level=info contentType="script[type='application/ld+json']" url="https://heidata.uni-heidelberg.de/dataset.xhtml?persistentId=doi:10.11588/data/GPYRWB"
level=info contentType="script[type='application/ld+json']" url="https://heidata.uni-heidelberg.de/dataset.xhtml?persistentId=doi:10.11588/data/10031"
level=info contentType="script[type='application/ld+json']" url="https://heidata.uni-heidelberg.de/dataset.xhtml?persistentId=doi:10.11588/data/IE8CCN"
level=info contentType="script[type='application/ld+json']" url="https://heidata.uni-heidelberg.de/dataset.xhtml?persistentId=doi:10.11588/data/R1CRC4"
level=info contentType="script[type='application/ld+json']" url="https://heidata.uni-heidelberg.de/dataset.xhtml?persistentId=doi:10.11588/data/N1ETCN"
level=info contentType="script[type='application/ld+json']" url="https://heidata.uni-heidelberg.de/dataset.xhtml?persistentId=doi:10.11588/data/KZHLS8"
level=info contentType="script[type='application/ld+json']" url="https://heidata.uni-heidelberg.de/dataset.xhtml?persistentId=doi:10.11588/data/10045"
level=info contentType="script[type='application/ld+json']" url="https://heidata.uni-heidelberg.de/dataset.xhtml?persistentId=doi:10.11588/data/10064"
level=info contentType="script[type='application/ld+json']" url="https://heidata.uni-heidelberg.de/dataset.xhtml?persistentId=doi:10.11588/data/DVU14P"
level=info contentType="script[type='application/ld+json']" url="https://heidata.uni-heidelberg.de/dataset.xhtml?persistentId=doi:10.11588/data/10054"
level=info contentType="script[type='application/ld+json']" url="https://heidata.uni-heidelberg.de/dataset.xhtml?persistentId=doi:10.11588/data/10099"
level=info contentType="script[type='application/ld+json']" url="https://heidata.uni-heidelberg.de/dataset.xhtml?persistentId=doi:10.11588/data/EBY4AN"
level=info contentType="script[type='application/ld+json']" url="https://heidata.uni-heidelberg.de/dataset.xhtml?persistentId=doi:10.11588/data/B19Q25"
level=info contentType="script[type='application/ld+json']" url="https://heidata.uni-heidelberg.de/dataset.xhtml?persistentId=doi:10.11588/data/9PIW5I"
level=info contentType="script[type='application/ld+json']" url="https://heidata.uni-heidelberg.de/dataset.xhtml?persistentId=doi:10.11588/data/PSHEQP"
level=info contentType="script[type='application/ld+json']" url="https://heidata.uni-heidelberg.de/dataset.xhtml?persistentId=doi:10.11588/data/PEFKJM"
level=info contentType="script[type='application/ld+json']" url="https://heidata.uni-heidelberg.de/dataset.xhtml?persistentId=doi:10.11588/data/SS8CBF"
level=info contentType="script[type='application/ld+json']" url="https://heidata.uni-heidelberg.de/dataset.xhtml?persistentId=doi:10.11588/data/10076"
level=info contentType="script[type='application/ld+json']" url="https://heidata.uni-heidelberg.de/dataset.xhtml?persistentId=doi:10.11588/data/IX51KS"
level=info contentType="script[type='application/ld+json']" url="https://heidata.uni-heidelberg.de/dataset.xhtml?persistentId=doi:10.11588/data/10101"
level=info contentType="script[type='application/ld+json']" url="https://heidata.uni-heidelberg.de/dataset.xhtml?persistentId=doi:10.11588/data/64KP3N"
level=info contentType="script[type='application/ld+json']" url="https://heidata.uni-heidelberg.de/dataset.xhtml?persistentId=doi:10.11588/data/10067"
level=info contentType="script[type='application/ld+json']" url="https://heidata.uni-heidelberg.de/dataset.xhtml?persistentId=doi:10.11588/data/CLNRAU"
level=info contentType="script[type='application/ld+json']" url="https://heidata.uni-heidelberg.de/dataset.xhtml?persistentId=doi:10.11588/data/ZPEZPX"
level=info contentType="script[type='application/ld+json']" url="https://heidata.uni-heidelberg.de/dataset.xhtml?persistentId=doi:10.11588/data/SVIO0P"
level=info contentType="script[type='application/ld+json']" url="https://heidata.uni-heidelberg.de/dataset.xhtml?persistentId=doi:10.11588/data/10083"
level=info contentType="script[type='application/ld+json']" url="https://heidata.uni-heidelberg.de/dataset.xhtml?persistentId=doi:10.11588/data/46LINE"
level=info contentType="script[type='application/ld+json']" url="https://heidata.uni-heidelberg.de/dataset.xhtml?persistentId=doi:10.11588/data/6JTPWL"
level=info contentType="script[type='application/ld+json']" url="https://heidata.uni-heidelberg.de/dataset.xhtml?persistentId=doi:10.11588/data/KXTQTZ"
level=info contentType="script[type='application/ld+json']" url="https://heidata.uni-heidelberg.de/dataset.xhtml?persistentId=doi:10.11588/data/10013"
level=info contentType="script[type='application/ld+json']" url="https://heidata.uni-heidelberg.de/dataset.xhtml?persistentId=doi:10.11588/data/AOSUS8"
level=info contentType="script[type='application/ld+json']" url="https://heidata.uni-heidelberg.de/dataset.xhtml?persistentId=doi:10.11588/data/T5IK8Y"
level=info contentType="script[type='application/ld+json']" url="https://heidata.uni-heidelberg.de/dataset.xhtml?persistentId=doi:10.11588/data/ZMIHMY"
level=info contentType="script[type='application/ld+json']" url="https://heidata.uni-heidelberg.de/dataset.xhtml?persistentId=doi:10.11588/data/BU56YA"
level=info contentType="script[type='application/ld+json']" url="https://heidata.uni-heidelberg.de/dataset.xhtml?persistentId=doi:10.11588/data/10014"
level=info contentType="script[type='application/ld+json']" url="https://heidata.uni-heidelberg.de/dataset.xhtml?persistentId=doi:10.11588/data/10100"
level=info contentType="script[type='application/ld+json']" url="https://heidata.uni-heidelberg.de/dataset.xhtml?persistentId=doi:10.11588/data/LOR2JH"
level=info contentType="script[type='application/ld+json']" url="https://heidata.uni-heidelberg.de/dataset.xhtml?persistentId=doi:10.11588/data/10095"
level=info contentType="script[type='application/ld+json']" url="https://heidata.uni-heidelberg.de/dataset.xhtml?persistentId=doi:10.11588/data/RYUGT2"
level=info contentType="script[type='application/ld+json']" url="https://heidata.uni-heidelberg.de/dataset.xhtml?persistentId=doi:10.11588/data/EMUXDX"
level=info contentType="script[type='application/ld+json']" url="https://heidata.uni-heidelberg.de/dataset.xhtml?persistentId=doi:10.11588/data/JAHIMY"
level=info contentType="script[type='application/ld+json']" url="https://heidata.uni-heidelberg.de/dataset.xhtml?persistentId=doi:10.11588/data/RI2KLV"
level=info contentType="script[type='application/ld+json']" url="https://heidata.uni-heidelberg.de/dataset.xhtml?persistentId=doi:10.11588/data/CFRIYD"
level=info contentType="script[type='application/ld+json']" url="https://heidata.uni-heidelberg.de/dataset.xhtml?persistentId=doi:10.11588/data/10028"
level=info contentType="script[type='application/ld+json']" url="https://heidata.uni-heidelberg.de/dataset.xhtml?persistentId=doi:10.11588/data/WJQVY5"
level=info contentType="script[type='application/ld+json']" url="https://heidata.uni-heidelberg.de/dataset.xhtml?persistentId=doi:10.11588/data/Z4XZQ7"
level=info contentType="script[type='application/ld+json']" url="https://heidata.uni-heidelberg.de/dataset.xhtml?persistentId=doi:10.11588/data/8LKEZF"
level=info contentType="script[type='application/ld+json']" url="https://heidata.uni-heidelberg.de/dataset.xhtml?persistentId=doi:10.11588/data/QNA02B"
level=info contentType="script[type='application/ld+json']" url="https://heidata.uni-heidelberg.de/dataset.xhtml?persistentId=doi:10.11588/data/GLQG7Z"
level=info contentType="script[type='application/ld+json']" url="https://heidata.uni-heidelberg.de/dataset.xhtml?persistentId=doi:10.11588/data/0HJAJS"
level=info contentType="script[type='application/ld+json']" url="https://heidata.uni-heidelberg.de/dataset.xhtml?persistentId=doi:10.11588/data/CSYOYU"
level=info contentType="script[type='application/ld+json']" url="https://heidata.uni-heidelberg.de/dataset.xhtml?persistentId=doi:10.11588/data/XHYB10"
level=info contentType="script[type='application/ld+json']" url="https://heidata.uni-heidelberg.de/dataset.xhtml?persistentId=doi:10.11588/data/L5J7WO"
level=info contentType="script[type='application/ld+json']" url="https://heidata.uni-heidelberg.de/dataset.xhtml?persistentId=doi:10.11588/data/SXWI6S"
level=info contentType="script[type='application/ld+json']" url="https://heidata.uni-heidelberg.de/dataset.xhtml?persistentId=doi:10.11588/data/RTQIUG"
level=info contentType="script[type='application/ld+json']" url="https://heidata.uni-heidelberg.de/dataset.xhtml?persistentId=doi:10.11588/data/10092"
level=info contentType="script[type='application/ld+json']" url="https://heidata.uni-heidelberg.de/dataset.xhtml?persistentId=doi:10.11588/data/PFDJI1"
level=info contentType="script[type='application/ld+json']" url="https://heidata.uni-heidelberg.de/dataset.xhtml?persistentId=doi:10.11588/data/HRCX1P"
level=info contentType="script[type='application/ld+json']" url="https://heidata.uni-heidelberg.de/dataset.xhtml?persistentId=doi:10.11588/data/10090"
level=info contentType="script[type='application/ld+json']" url="https://heidata.uni-heidelberg.de/dataset.xhtml?persistentId=doi:10.11588/data/10044"
level=info contentType="script[type='application/ld+json']" url="https://heidata.uni-heidelberg.de/dataset.xhtml?persistentId=doi:10.11588/data/10098"
level=info contentType="script[type='application/ld+json']" url="https://heidata.uni-heidelberg.de/dataset.xhtml?persistentId=doi:10.11588/data/10022"
level=info contentType="script[type='application/ld+json']" url="https://heidata.uni-heidelberg.de/dataset.xhtml?persistentId=doi:10.11588/data/XTLTCA"
level=info contentType="script[type='application/ld+json']" url="https://heidata.uni-heidelberg.de/dataset.xhtml?persistentId=doi:10.11588/data/10048"
level=info contentType="script[type='application/ld+json']" url="https://heidata.uni-heidelberg.de/dataset.xhtml?persistentId=doi:10.11588/data/10026"
level=info contentType="script[type='application/ld+json']" url="https://heidata.uni-heidelberg.de/dataset.xhtml?persistentId=doi:10.11588/data/10002"
level=info contentType="script[type='application/ld+json']" url="https://heidata.uni-heidelberg.de/dataset.xhtml?persistentId=doi:10.11588/data/B1JIFI"
level=info contentType="script[type='application/ld+json']" url="https://heidata.uni-heidelberg.de/dataset.xhtml?persistentId=doi:10.11588/data/GYLDH5"
level=info contentType="script[type='application/ld+json']" url="https://heidata.uni-heidelberg.de/dataset.xhtml?persistentId=doi:10.11588/data/10091"
level=info contentType="script[type='application/ld+json']" url="https://heidata.uni-heidelberg.de/dataset.xhtml?persistentId=doi:10.11588/data/10073"
level=info contentType="script[type='application/ld+json']" url="https://heidata.uni-heidelberg.de/dataset.xhtml?persistentId=doi:10.11588/data/CSXYSS"
level=info contentType="script[type='application/ld+json']" url="https://heidata.uni-heidelberg.de/dataset.xhtml?persistentId=doi:10.11588/data/2TX0VD"
level=info contentType="script[type='application/ld+json']" url="https://heidata.uni-heidelberg.de/dataset.xhtml?persistentId=doi:10.11588/data/10089"
level=info contentType="script[type='application/ld+json']" url="https://heidata.uni-heidelberg.de/dataset.xhtml?persistentId=doi:10.11588/data/10072"
level=info contentType="script[type='application/ld+json']" url="https://heidata.uni-heidelberg.de/dataset.xhtml?persistentId=doi:10.11588/data/10001"
level=info contentType="script[type='application/ld+json']" url="https://heidata.uni-heidelberg.de/dataset.xhtml?persistentId=doi:10.11588/data/O9I5UP"
level=info contentType="script[type='application/ld+json']" url="https://heidata.uni-heidelberg.de/dataset.xhtml?persistentId=doi:10.11588/data/YYULL2"
level=info contentType="script[type='application/ld+json']" url="https://heidata.uni-heidelberg.de/dataset.xhtml?persistentId=doi:10.11588/data/10003"
level=info contentType="script[type='application/ld+json']" url="https://heidata.uni-heidelberg.de/dataset.xhtml?persistentId=doi:10.11588/data/4HJHAA"
level=info contentType="script[type='application/ld+json']" url="https://heidata.uni-heidelberg.de/dataset.xhtml?persistentId=doi:10.11588/data/10058"
level=info contentType="script[type='application/ld+json']" url="https://heidata.uni-heidelberg.de/dataset.xhtml?persistentId=doi:10.11588/data/OH6757"
level=info contentType="script[type='application/ld+json']" url="https://heidata.uni-heidelberg.de/dataset.xhtml?persistentId=doi:10.11588/data/HLGUFF"
level=info contentType="script[type='application/ld+json']" url="https://heidata.uni-heidelberg.de/dataset.xhtml?persistentId=doi:10.11588/data/3W7AQP"
level=info contentType="script[type='application/ld+json']" url="https://heidata.uni-heidelberg.de/dataset.xhtml?persistentId=doi:10.11588/data/UCRWJ4"
level=info contentType="script[type='application/ld+json']" url="https://heidata.uni-heidelberg.de/dataset.xhtml?persistentId=doi:10.11588/data/HQW24W"
level=info contentType="script[type='application/ld+json']" url="https://heidata.uni-heidelberg.de/dataset.xhtml?persistentId=doi:10.11588/data/VRJUNV"
level=info contentType="script[type='application/ld+json']" url="https://heidata.uni-heidelberg.de/dataset.xhtml?persistentId=doi:10.11588/data/FABJEI"
level=info contentType="script[type='application/ld+json']" url="https://heidata.uni-heidelberg.de/dataset.xhtml?persistentId=doi:10.11588/data/NULJJR"
level=info contentType="script[type='application/ld+json']" url="https://heidata.uni-heidelberg.de/dataset.xhtml?persistentId=doi:10.11588/data/UYSAA5"
level=info contentType="script[type='application/ld+json']" url="https://heidata.uni-heidelberg.de/dataset.xhtml?persistentId=doi:10.11588/data/QXMSS3"
level=info contentType="script[type='application/ld+json']" url="https://heidata.uni-heidelberg.de/dataset.xhtml?persistentId=doi:10.11588/data/WPWTWE"
level=info contentType="script[type='application/ld+json']" url="https://heidata.uni-heidelberg.de/dataset.xhtml?persistentId=doi:10.11588/data/UNWRFN"
level=info contentType="script[type='application/ld+json']" url="https://heidata.uni-heidelberg.de/dataset.xhtml?persistentId=doi:10.11588/data/10047"
level=info contentType="script[type='application/ld+json']" url="https://heidata.uni-heidelberg.de/dataset.xhtml?persistentId=doi:10.11588/data/6SO6TG"
level=info contentType="script[type='application/ld+json']" url="https://heidata.uni-heidelberg.de/dataset.xhtml?persistentId=doi:10.11588/data/KM65N4"
level=info contentType="script[type='application/ld+json']" url="https://heidata.uni-heidelberg.de/dataset.xhtml?persistentId=doi:10.11588/data/A9DCZA"
level=info contentType="script[type='application/ld+json']" url="https://heidata.uni-heidelberg.de/dataset.xhtml?persistentId=doi:10.11588/data/IZ6T02"
level=info contentType="script[type='application/ld+json']" url="https://heidata.uni-heidelberg.de/dataset.xhtml?persistentId=doi:10.11588/data/T3MIB0"
level=info contentType="script[type='application/ld+json']" url="https://heidata.uni-heidelberg.de/dataset.xhtml?persistentId=doi:10.11588/data/10039"
level=info contentType="script[type='application/ld+json']" url="https://heidata.uni-heidelberg.de/dataset.xhtml?persistentId=doi:10.11588/data/10000"
level=info contentType="script[type='application/ld+json']" url="https://heidata.uni-heidelberg.de/dataset.xhtml?persistentId=doi:10.11588/data/W60KUN"
level=info contentType="script[type='application/ld+json']" url="https://heidata.uni-heidelberg.de/dataset.xhtml?persistentId=doi:10.11588/data/ARWJHB"
level=info contentType="script[type='application/ld+json']" url="https://heidata.uni-heidelberg.de/dataset.xhtml?persistentId=doi:10.11588/data/CVD7WF"
level=info contentType="script[type='application/ld+json']" url="https://heidata.uni-heidelberg.de/dataset.xhtml?persistentId=doi:10.11588/data/MZBO7T"
level=info contentType="script[type='application/ld+json']" url="https://heidata.uni-heidelberg.de/dataset.xhtml?persistentId=doi:10.11588/data/GBKK4O"
level=info contentType="script[type='application/ld+json']" url="https://heidata.uni-heidelberg.de/dataset.xhtml?persistentId=doi:10.11588/data/G0RNAZ"
level=info contentType="script[type='application/ld+json']" url="https://heidata.uni-heidelberg.de/dataset.xhtml?persistentId=doi:10.11588/data/10029"
level=info contentType="script[type='application/ld+json']" url="https://heidata.uni-heidelberg.de/dataset.xhtml?persistentId=doi:10.11588/data/10046"
level=info contentType="script[type='application/ld+json']" url="https://heidata.uni-heidelberg.de/dataset.xhtml?persistentId=doi:10.11588/data/9ZQIKF"
level=info contentType="script[type='application/ld+json']" url="https://heidata.uni-heidelberg.de/dataset.xhtml?persistentId=doi:10.11588/data/IXPRVW"
level=info contentType="script[type='application/ld+json']" url="https://heidata.uni-heidelberg.de/dataset.xhtml?persistentId=doi:10.11588/data/H2ILIH"
level=info contentType="script[type='application/ld+json']" url="https://heidata.uni-heidelberg.de/dataset.xhtml?persistentId=doi:10.11588/data/6USPPW"
level=info contentType="script[type='application/ld+json']" url="https://heidata.uni-heidelberg.de/dataset.xhtml?persistentId=doi:10.11588/data/ECKCUY"
level=info contentType="script[type='application/ld+json']" url="https://heidata.uni-heidelberg.de/dataset.xhtml?persistentId=doi:10.11588/data/MHGXU6"
level=info contentType="script[type='application/ld+json']" url="https://heidata.uni-heidelberg.de/dataset.xhtml?persistentId=doi:10.11588/data/JM2H6I"
level=info contentType="script[type='application/ld+json']" url="https://heidata.uni-heidelberg.de/dataset.xhtml?persistentId=doi:10.11588/data/NWE2JJ"
level=info contentType="script[type='application/ld+json']" url="https://heidata.uni-heidelberg.de/dataset.xhtml?persistentId=doi:10.11588/data/MHUGKP"
level=info contentType="script[type='application/ld+json']" url="https://heidata.uni-heidelberg.de/dataset.xhtml?persistentId=doi:10.11588/data/HFTMST"
level=info contentType="script[type='application/ld+json']" url="https://heidata.uni-heidelberg.de/dataset.xhtml?persistentId=doi:10.11588/data/HNN1FW"
level=info contentType="script[type='application/ld+json']" url="https://heidata.uni-heidelberg.de/dataset.xhtml?persistentId=doi:10.11588/data/B70P7M"
level=info contentType="script[type='application/ld+json']" url="https://heidata.uni-heidelberg.de/dataset.xhtml?persistentId=doi:10.11588/data/FHOCRZ"
level=info contentType="script[type='application/ld+json']" url="https://heidata.uni-heidelberg.de/dataset.xhtml?persistentId=doi:10.11588/data/4X2FXC"
level=info contentType="script[type='application/ld+json']" url="https://heidata.uni-heidelberg.de/dataset.xhtml?persistentId=doi:10.11588/data/M824IQ"
level=info contentType="script[type='application/ld+json']" url="https://heidata.uni-heidelberg.de/dataset.xhtml?persistentId=doi:10.11588/data/10042"
level=info contentType="script[type='application/ld+json']" url="https://heidata.uni-heidelberg.de/dataset.xhtml?persistentId=doi:10.11588/data/RNHJTE"
level=info contentType="script[type='application/ld+json']" url="https://heidata.uni-heidelberg.de/dataset.xhtml?persistentId=doi:10.11588/data/PFZXUD"
level=info contentType="script[type='application/ld+json']" url="https://heidata.uni-heidelberg.de/dataset.xhtml?persistentId=doi:10.11588/data/R5RAXO"
level=info contentType="script[type='application/ld+json']" url="https://heidata.uni-heidelberg.de/dataset.xhtml?persistentId=doi:10.11588/data/JWZ2CK"
level=info contentType="script[type='application/ld+json']" url="https://heidata.uni-heidelberg.de/dataset.xhtml?persistentId=doi:10.11588/data/10061"
level=info contentType="script[type='application/ld+json']" url="https://heidata.uni-heidelberg.de/dataset.xhtml?persistentId=doi:10.11588/data/KGYOS6"
level=info contentType="script[type='application/ld+json']" url="https://heidata.uni-heidelberg.de/dataset.xhtml?persistentId=doi:10.11588/data/F68JZT"
level=info contentType="script[type='application/ld+json']" url="https://heidata.uni-heidelberg.de/dataset.xhtml?persistentId=doi:10.11588/data/GV8NBL"
level=info contentType="script[type='application/ld+json']" url="https://heidata.uni-heidelberg.de/dataset.xhtml?persistentId=doi:10.11588/data/JEESIQ"
level=info contentType="script[type='application/ld+json']" url="https://heidata.uni-heidelberg.de/dataset.xhtml?persistentId=doi:10.11588/data/VK99LU"
level=info contentType="script[type='application/ld+json']" url="https://heidata.uni-heidelberg.de/dataset.xhtml?persistentId=doi:10.11588/data/10063"
level=info contentType="script[type='application/ld+json']" url="https://heidata.uni-heidelberg.de/dataset.xhtml?persistentId=doi:10.11588/data/AVLFPZ"
level=info contentType="script[type='application/ld+json']" url="https://heidata.uni-heidelberg.de/dataset.xhtml?persistentId=doi:10.11588/data/STHBGW"
level=info contentType="script[type='application/ld+json']" url="https://heidata.uni-heidelberg.de/dataset.xhtml?persistentId=doi:10.11588/data/10016"
level=info contentType="script[type='application/ld+json']" url="https://heidata.uni-heidelberg.de/dataset.xhtml?persistentId=doi:10.11588/data/QHN1KT"
level=info contentType="script[type='application/ld+json']" url="https://heidata.uni-heidelberg.de/dataset.xhtml?persistentId=doi:10.11588/data/3GYJUG"
level=info contentType="script[type='application/ld+json']" url="https://heidata.uni-heidelberg.de/dataset.xhtml?persistentId=doi:10.11588/data/KIWEMF"
level=info contentType="script[type='application/ld+json']" url="https://heidata.uni-heidelberg.de/dataset.xhtml?persistentId=doi:10.11588/data/PJ8CJU"
level=info contentType="script[type='application/ld+json']" url="https://heidata.uni-heidelberg.de/dataset.xhtml?persistentId=doi:10.11588/data/OOC0ZI"
level=info contentType="script[type='application/ld+json']" url="https://heidata.uni-heidelberg.de/dataset.xhtml?persistentId=doi:10.11588/data/L45TRX"
level=info contentType="script[type='application/ld+json']" url="https://heidata.uni-heidelberg.de/dataset.xhtml?persistentId=doi:10.11588/data/ERDJDI"
level=info contentType="script[type='application/ld+json']" url="https://heidata.uni-heidelberg.de/dataset.xhtml?persistentId=doi:10.11588/data/GANTNY"
level=info contentType="script[type='application/ld+json']" url="https://heidata.uni-heidelberg.de/dataset.xhtml?persistentId=doi:10.11588/data/VYCCZI"
level=info contentType="script[type='application/ld+json']" url="https://heidata.uni-heidelberg.de/dataset.xhtml?persistentId=doi:10.11588/data/N8NHE2"
level=info contentType="script[type='application/ld+json']" url="https://heidata.uni-heidelberg.de/dataset.xhtml?persistentId=doi:10.11588/data/IQVLLB"
level=info contentType="script[type='application/ld+json']" url="https://heidata.uni-heidelberg.de/dataset.xhtml?persistentId=doi:10.11588/data/D0ACC0"
level=info contentType="script[type='application/ld+json']" url="https://heidata.uni-heidelberg.de/dataset.xhtml?persistentId=doi:10.11588/data/MKOC9S"
level=info contentType="script[type='application/ld+json']" url="https://heidata.uni-heidelberg.de/dataset.xhtml?persistentId=doi:10.11588/data/KRRSXS"
level=info contentType="script[type='application/ld+json']" url="https://heidata.uni-heidelberg.de/dataset.xhtml?persistentId=doi:10.11588/data/UWPXVH"
level=info contentType="script[type='application/ld+json']" url="https://heidata.uni-heidelberg.de/dataset.xhtml?persistentId=doi:10.11588/data/HWLKZT"
level=info contentType="script[type='application/ld+json']" url="https://heidata.uni-heidelberg.de/dataset.xhtml?persistentId=doi:10.11588/data/IOHXDF"
level=info contentType="script[type='application/ld+json']" url="https://heidata.uni-heidelberg.de/dataset.xhtml?persistentId=doi:10.11588/data/UYHOBR"
level=info contentType="script[type='application/ld+json']" url="https://heidata.uni-heidelberg.de/dataset.xhtml?persistentId=doi:10.11588/data/XXKWU0"
level=info contentType="script[type='application/ld+json']" url="https://heidata.uni-heidelberg.de/dataset.xhtml?persistentId=doi:10.11588/data/PRQILA"
level=info contentType="script[type='application/ld+json']" url="https://heidata.uni-heidelberg.de/dataset.xhtml?persistentId=doi:10.11588/data/WK9BJG"
level=info contentType="script[type='application/ld+json']" url="https://heidata.uni-heidelberg.de/dataset.xhtml?persistentId=doi:10.11588/data/Y4V85F"
level=info contentType="script[type='application/ld+json']" url="https://heidata.uni-heidelberg.de/dataset.xhtml?persistentId=doi:10.11588/data/30AOAT"
level=info contentType="script[type='application/ld+json']" url="https://heidata.uni-heidelberg.de/dataset.xhtml?persistentId=doi:10.11588/data/CMCIXT"
level=info contentType="script[type='application/ld+json']" url="https://heidata.uni-heidelberg.de/dataset.xhtml?persistentId=doi:10.11588/data/24JDZD"
level=info contentType="script[type='application/ld+json']" url="https://heidata.uni-heidelberg.de/dataset.xhtml?persistentId=doi:10.11588/data/PVQVWW"
level=info contentType="script[type='application/ld+json']" url="https://heidata.uni-heidelberg.de/dataset.xhtml?persistentId=doi:10.11588/data/HY4OBJ"
level=info contentType="script[type='application/ld+json']" url="https://heidata.uni-heidelberg.de/dataset.xhtml?persistentId=doi:10.11588/data/QRQSSZ"
level=info contentType="script[type='application/ld+json']" url="https://heidata.uni-heidelberg.de/dataset.xhtml?persistentId=doi:10.11588/data/6MEKHI"
level=info contentType="script[type='application/ld+json']" url="https://heidata.uni-heidelberg.de/dataset.xhtml?persistentId=doi:10.11588/data/3KTIBI"
level=info contentType="script[type='application/ld+json']" url="https://heidata.uni-heidelberg.de/dataset.xhtml?persistentId=doi:10.11588/data/5JCEVW"
level=info contentType="script[type='application/ld+json']" url="https://heidata.uni-heidelberg.de/dataset.xhtml?persistentId=doi:10.11588/data/8XF9OT"
level=info contentType="script[type='application/ld+json']" url="https://heidata.uni-heidelberg.de/dataset.xhtml?persistentId=doi:10.11588/data/CZZEKX"
level=info contentType="script[type='application/ld+json']" url="https://heidata.uni-heidelberg.de/dataset.xhtml?persistentId=doi:10.11588/data/PJCNTN"
level=info contentType="script[type='application/ld+json']" url="https://heidata.uni-heidelberg.de/dataset.xhtml?persistentId=doi:10.11588/data/XJAOC4"
level=info contentType="script[type='application/ld+json']" url="https://heidata.uni-heidelberg.de/dataset.xhtml?persistentId=doi:10.11588/data/MU3CON"
level=info contentType="script[type='application/ld+json']" url="https://heidata.uni-heidelberg.de/dataset.xhtml?persistentId=doi:10.11588/data/CHEPS6"
level=info contentType="script[type='application/ld+json']" url="https://heidata.uni-heidelberg.de/dataset.xhtml?persistentId=doi:10.11588/data/ZCXHOE"
level=info contentType="script[type='application/ld+json']" url="https://heidata.uni-heidelberg.de/dataset.xhtml?persistentId=doi:10.11588/data/K7GEM8"
level=info contentType="script[type='application/ld+json']" url="https://heidata.uni-heidelberg.de/dataset.xhtml?persistentId=doi:10.11588/data/QV5HAH"
level=info contentType="script[type='application/ld+json']" url="https://heidata.uni-heidelberg.de/dataset.xhtml?persistentId=doi:10.11588/data/Z1RKOI"
level=info contentType="script[type='application/ld+json']" url="https://heidata.uni-heidelberg.de/dataset.xhtml?persistentId=doi:10.11588/data/QAHWSF"
level=info contentType="script[type='application/ld+json']" url="https://heidata.uni-heidelberg.de/dataset.xhtml?persistentId=doi:10.11588/data/GVVWN4"
level=info contentType="script[type='application/ld+json']" url="https://heidata.uni-heidelberg.de/dataset.xhtml?persistentId=doi:10.11588/data/PSMYRY"
level=info contentType="script[type='application/ld+json']" url="https://heidata.uni-heidelberg.de/dataset.xhtml?persistentId=doi:10.11588/data/82ZUXN"
level=info contentType="script[type='application/ld+json']" url="https://heidata.uni-heidelberg.de/dataset.xhtml?persistentId=doi:10.11588/data/FIWOPW"
level=info contentType="script[type='application/ld+json']" url="https://heidata.uni-heidelberg.de/dataset.xhtml?persistentId=doi:10.11588/data/OHZU5L"
level=info contentType="script[type='application/ld+json']" url="https://heidata.uni-heidelberg.de/dataset.xhtml?persistentId=doi:10.11588/data/EGOKEI"
level=info contentType="script[type='application/ld+json']" url="https://heidata.uni-heidelberg.de/dataset.xhtml?persistentId=doi:10.11588/data/KLFDVF"
level=info contentType="script[type='application/ld+json']" url="https://heidata.uni-heidelberg.de/dataset.xhtml?persistentId=doi:10.11588/data/ZJAT9A"
level=info contentType="script[type='application/ld+json']" url="https://heidata.uni-heidelberg.de/dataset.xhtml?persistentId=doi:10.11588/data/S0KS2I"
level=info contentType="script[type='application/ld+json']" url="https://heidata.uni-heidelberg.de/dataset.xhtml?persistentId=doi:10.11588/data/XAHRIG"
level=info contentType="script[type='application/ld+json']" url="https://heidata.uni-heidelberg.de/dataset.xhtml?persistentId=doi:10.11588/data/645DDB"
level=info contentType="script[type='application/ld+json']" url="https://heidata.uni-heidelberg.de/dataset.xhtml?persistentId=doi:10.11588/data/L2KRZO"
level=info contentType="script[type='application/ld+json']" url="https://heidata.uni-heidelberg.de/dataset.xhtml?persistentId=doi:10.11588/data/WI9184"
level=info contentType="script[type='application/ld+json']" url="https://heidata.uni-heidelberg.de/dataset.xhtml?persistentId=doi:10.11588/data/BGUOKJ"
level=info contentType="script[type='application/ld+json']" url="https://heidata.uni-heidelberg.de/dataset.xhtml?persistentId=doi:10.11588/data/AYZTZF"
level=info contentType="script[type='application/ld+json']" url="https://heidata.uni-heidelberg.de/dataset.xhtml?persistentId=doi:10.11588/data/7NRFYC"
level=info contentType="script[type='application/ld+json']" url="https://heidata.uni-heidelberg.de/dataset.xhtml?persistentId=doi:10.11588/data/Y3VV9L"
level=info contentType="script[type='application/ld+json']" url="https://heidata.uni-heidelberg.de/dataset.xhtml?persistentId=doi:10.11588/data/SYVQMM"
level=info contentType="script[type='application/ld+json']" url="https://heidata.uni-heidelberg.de/dataset.xhtml?persistentId=doi:10.11588/data/SZSS58"
level=info contentType="script[type='application/ld+json']" url="https://heidata.uni-heidelberg.de/dataset.xhtml?persistentId=doi:10.11588/data/TJNQZG"
level=info contentType="script[type='application/ld+json']" url="https://heidata.uni-heidelberg.de/dataset.xhtml?persistentId=doi:10.11588/data/7LLXFP"
level=info contentType="script[type='application/ld+json']" url="https://heidata.uni-heidelberg.de/dataset.xhtml?persistentId=doi:10.11588/data/AUTKBW"
level=info contentType="script[type='application/ld+json']" url="https://heidata.uni-heidelberg.de/dataset.xhtml?persistentId=doi:10.11588/data/CSP7AW"
level=info contentType="script[type='application/ld+json']" url="https://heidata.uni-heidelberg.de/dataset.xhtml?persistentId=doi:10.11588/data/MR5H4A"
level=info contentType="script[type='application/ld+json']" url="https://heidata.uni-heidelberg.de/dataset.xhtml?persistentId=doi:10.11588/data/D7H3OL"
level=info contentType="script[type='application/ld+json']" url="https://heidata.uni-heidelberg.de/dataset.xhtml?persistentId=doi:10.11588/data/SHVINO"
level=info contentType="script[type='application/ld+json']" url="https://heidata.uni-heidelberg.de/dataset.xhtml?persistentId=doi:10.11588/data/AFYQDY"
level=info contentType="script[type='application/ld+json']" url="https://heidata.uni-heidelberg.de/dataset.xhtml?persistentId=doi:10.11588/data/CVMANS"
level=info contentType="script[type='application/ld+json']" url="https://heidata.uni-heidelberg.de/dataset.xhtml?persistentId=doi:10.11588/data/U1O0NB"
level=info contentType="script[type='application/ld+json']" url="https://heidata.uni-heidelberg.de/dataset.xhtml?persistentId=doi:10.11588/data/AIGXZZ"
level=info contentType="script[type='application/ld+json']" url="https://heidata.uni-heidelberg.de/dataset.xhtml?persistentId=doi:10.11588/data/GEEBLZ"
level=info contentType="script[type='application/ld+json']" url="https://heidata.uni-heidelberg.de/dataset.xhtml?persistentId=doi:10.11588/data/M2TSIT"
level=info contentType="script[type='application/ld+json']" url="https://heidata.uni-heidelberg.de/dataset.xhtml?persistentId=doi:10.11588/data/ICSFUS"
level=info contentType="script[type='application/ld+json']" url="https://heidata.uni-heidelberg.de/dataset.xhtml?persistentId=doi:10.11588/data/ZAMGCL"
level=info contentType="script[type='application/ld+json']" url="https://heidata.uni-heidelberg.de/dataset.xhtml?persistentId=doi:10.11588/data/TKCFEF"
level=info contentType="script[type='application/ld+json']" url="https://heidata.uni-heidelberg.de/dataset.xhtml?persistentId=doi:10.11588/data/MYFILV"
level=info contentType="script[type='application/ld+json']" url="https://heidata.uni-heidelberg.de/dataset.xhtml?persistentId=doi:10.11588/data/ET9G9X"
level=info contentType="script[type='application/ld+json']" url="https://heidata.uni-heidelberg.de/dataset.xhtml?persistentId=doi:10.11588/data/JCO0E4"
level=info contentType="script[type='application/ld+json']" url="https://heidata.uni-heidelberg.de/dataset.xhtml?persistentId=doi:10.11588/data/W3KWEJ"
level=info contentType="script[type='application/ld+json']" url="https://heidata.uni-heidelberg.de/dataset.xhtml?persistentId=doi:10.11588/data/OAGGYE"
level=info contentType="script[type='application/ld+json']" url="https://heidata.uni-heidelberg.de/dataset.xhtml?persistentId=doi:10.11588/data/UCPTP1"
level=info contentType="script[type='application/ld+json']" url="https://heidata.uni-heidelberg.de/dataset.xhtml?persistentId=doi:10.11588/data/SGN2CN"
level=info contentType="script[type='application/ld+json']" url="https://heidata.uni-heidelberg.de/dataset.xhtml?persistentId=doi:10.11588/data/RMTAYC"
level=info contentType="script[type='application/ld+json']" url="https://heidata.uni-heidelberg.de/dataset.xhtml?persistentId=doi:10.11588/data/ZAS2YZ"
level=info contentType="script[type='application/ld+json']" url="https://heidata.uni-heidelberg.de/dataset.xhtml?persistentId=doi:10.11588/data/QJEZHT"
level=info contentType="script[type='application/ld+json']" url="https://heidata.uni-heidelberg.de/dataset.xhtml?persistentId=doi:10.11588/data/M5ZUPP"
level=info contentType="script[type='application/ld+json']" url="https://heidata.uni-heidelberg.de/dataset.xhtml?persistentId=doi:10.11588/data/RG2NHY"
level=info contentType="script[type='application/ld+json']" url="https://heidata.uni-heidelberg.de/dataset.xhtml?persistentId=doi:10.11588/data/U2U1IB"
level=info contentType="script[type='application/ld+json']" url="https://heidata.uni-heidelberg.de/dataset.xhtml?persistentId=doi:10.11588/data/PLRQCZ"
level=info contentType="script[type='application/ld+json']" url="https://heidata.uni-heidelberg.de/dataset.xhtml?persistentId=doi:10.11588/data/DNOSZG"
level=info contentType="script[type='application/ld+json']" url="https://heidata.uni-heidelberg.de/dataset.xhtml?persistentId=doi:10.11588/data/ZPTF1X"
level=info contentType="script[type='application/ld+json']" url="https://heidata.uni-heidelberg.de/dataset.xhtml?persistentId=doi:10.11588/data/LDOGXV"
level=info contentType="script[type='application/ld+json']" url="https://heidata.uni-heidelberg.de/dataset.xhtml?persistentId=doi:10.11588/data/U9IRYY"
level=info contentType="script[type='application/ld+json']" url="https://heidata.uni-heidelberg.de/dataset.xhtml?persistentId=doi:10.11588/data/BQTQUN"
level=info contentType="script[type='application/ld+json']" url="https://heidata.uni-heidelberg.de/dataset.xhtml?persistentId=doi:10.11588/data/TGDD4Y"
level=info contentType="script[type='application/ld+json']" url="https://heidata.uni-heidelberg.de/dataset.xhtml?persistentId=doi:10.11588/data/LB6J0J"
level=info contentType="script[type='application/ld+json']" url="https://heidata.uni-heidelberg.de/dataset.xhtml?persistentId=doi:10.11588/data/KOAMK4"
level=info contentType="script[type='application/ld+json']" url="https://heidata.uni-heidelberg.de/dataset.xhtml?persistentId=doi:10.11588/data/D2O0JZ"
level=info contentType="script[type='application/ld+json']" url="https://heidata.uni-heidelberg.de/dataset.xhtml?persistentId=doi:10.11588/data/VEEIDP"
level=info contentType="script[type='application/ld+json']" url="https://heidata.uni-heidelberg.de/dataset.xhtml?persistentId=doi:10.11588/data/PWBT4U"
level=info contentType="script[type='application/ld+json']" url="https://heidata.uni-heidelberg.de/dataset.xhtml?persistentId=doi:10.11588/data/W63LJJ"
level=info contentType="script[type='application/ld+json']" url="https://heidata.uni-heidelberg.de/dataset.xhtml?persistentId=doi:10.11588/data/P9JEPG"
level=info contentType="script[type='application/ld+json']" url="https://heidata.uni-heidelberg.de/dataset.xhtml?persistentId=doi:10.11588/data/DKG1AI"
level=info contentType="script[type='application/ld+json']" url="https://heidata.uni-heidelberg.de/dataset.xhtml?persistentId=doi:10.11588/data/RYQ0HT"
level=info contentType="script[type='application/ld+json']" url="https://heidata.uni-heidelberg.de/dataset.xhtml?persistentId=doi:10.11588/data/AIQSXL"
level=info contentType="script[type='application/ld+json']" url="https://heidata.uni-heidelberg.de/dataset.xhtml?persistentId=doi:10.11588/data/7QCR8S"
level=info contentType="script[type='application/ld+json']" url="https://heidata.uni-heidelberg.de/dataset.xhtml?persistentId=doi:10.11588/data/KS5W0H"
level=info contentType="script[type='application/ld+json']" url="https://heidata.uni-heidelberg.de/dataset.xhtml?persistentId=doi:10.11588/data/HJ6SVM"
level=info contentType="script[type='application/ld+json']" url="https://heidata.uni-heidelberg.de/dataset.xhtml?persistentId=doi:10.11588/data/JWLFFZ"
level=info contentType="script[type='application/ld+json']" url="https://heidata.uni-heidelberg.de/dataset.xhtml?persistentId=doi:10.11588/data/AA3UAQ"
