level=error contentType="Direct access failed, trying headless']" url="https://dataverse.iit.it/dataverse/3d-chromatin-conformation-and-rna-genomics-public"
level=error contentType="Direct access failed, trying headless']" url="https://dataverse.iit.it/dataverse/soft-robotics-for-human-cooperation-and-rehabilita-public"
level=error contentType="Direct access failed, trying headless']" url="https://dataverse.iit.it/dataverse/advanced-materials-for-sustainable-future-technolo-public"
level=error contentType="Direct access failed, trying headless']" url="https://dataverse.iit.it/dataverse/advanced-materials-for-optoelectronics-public"
level=error contentType="Direct access failed, trying headless']" url="https://dataverse.iit.it/dataverse/2d-materials-engineering-public"
level=error msg="cdp.Runtime: Evaluate: rpc error: Inspected target navigated or closed (code = -32000)" issue="Headless Evaluate" url="https://dataverse.iit.it/dataverse/3d-chromatin-conformation-and-rna-genomics-public"
level=error msg="cdp.Runtime: Evaluate: rpc error: Inspected target navigated or closed (code = -32000)" issue="Headless Evaluate" url="https://dataverse.iit.it/dataverse/soft-robotics-for-human-cooperation-and-rehabilita-public"
level=error msg="cdp.Runtime: Evaluate: rpc error: Inspected target navigated or closed (code = -32000)" issue="converting json ld" url="https://dataverse.iit.it/dataverse/soft-robotics-for-human-cooperation-and-rehabilita-public"
level=error msg="cdp.Runtime: Evaluate: rpc error: Inspected target navigated or closed (code = -32000)" issue="Headless Evaluate" url="https://dataverse.iit.it/dataverse/advanced-materials-for-optoelectronics-public"
level=error msg="cdp.Runtime: Evaluate: rpc error: Inspected target navigated or closed (code = -32000)" issue="Headless Evaluate" url="https://dataverse.iit.it/dataverse/2d-materials-engineering-public"
level=error msg="cdp.Runtime: Evaluate: rpc error: Inspected target navigated or closed (code = -32000)" issue="converting json ld" url="https://dataverse.iit.it/dataverse/2d-materials-engineering-public"
level=error msg="cdp.Runtime: Evaluate: rpc error: Inspected target navigated or closed (code = -32000)" issue="converting json ld" url="https://dataverse.iit.it/dataverse/advanced-materials-for-optoelectronics-public"
level=error msg="cdp.Runtime: Evaluate: rpc error: Inspected target navigated or closed (code = -32000)" issue="converting json ld" url="https://dataverse.iit.it/dataverse/3d-chromatin-conformation-and-rna-genomics-public"
level=error msg="cdp.Runtime: Evaluate: rpc error: Inspected target navigated or closed (code = -32000)" issue="Headless Evaluate" url="https://dataverse.iit.it/dataverse/advanced-materials-for-sustainable-future-technolo-public"
level=error msg="cdp.Runtime: Evaluate: rpc error: Inspected target navigated or closed (code = -32000)" issue="converting json ld" url="https://dataverse.iit.it/dataverse/advanced-materials-for-sustainable-future-technolo-public"
level=error contentType="Direct access failed, trying headless']" url="https://dataverse.iit.it/dataverse/advanced-robotics-facility-public"
level=error contentType="Direct access failed, trying headless']" url="https://dataverse.iit.it/dataverse/advanced-robotics-public"
level=error contentType="Direct access failed, trying headless']" url="https://dataverse.iit.it/dataverse/analytical-chemistry-facility-public"
level=error contentType="Direct access failed, trying headless']" url="https://dataverse.iit.it/dataverse/animal-facility-public"
level=error contentType="Direct access failed, trying headless']" url="https://dataverse.iit.it/dataverse/analytical-chemistry-and-translational-pharmacology-public"
level=error msg="cdp.Runtime: Evaluate: rpc error: Inspected target navigated or closed (code = -32000)" issue="Headless Evaluate" url="https://dataverse.iit.it/dataverse/analytical-chemistry-facility-public"
level=error msg="cdp.Runtime: Evaluate: rpc error: Inspected target navigated or closed (code = -32000)" issue="converting json ld" url="https://dataverse.iit.it/dataverse/analytical-chemistry-facility-public"
level=error msg="cdp.Runtime: Evaluate: rpc error: Inspected target navigated or closed (code = -32000)" issue="Headless Evaluate" url="https://dataverse.iit.it/dataverse/analytical-chemistry-and-translational-pharmacology-public"
level=error msg="cdp.Runtime: Evaluate: rpc error: Inspected target navigated or closed (code = -32000)" issue="Headless Evaluate" url="https://dataverse.iit.it/dataverse/advanced-robotics-public"
level=error msg="cdp.Runtime: Evaluate: rpc error: Inspected target navigated or closed (code = -32000)" issue="Headless Evaluate" url="https://dataverse.iit.it/dataverse/advanced-robotics-facility-public"
level=error msg="cdp.Runtime: Evaluate: rpc error: Inspected target navigated or closed (code = -32000)" issue="converting json ld" url="https://dataverse.iit.it/dataverse/analytical-chemistry-and-translational-pharmacology-public"
level=error msg="cdp.Runtime: Evaluate: rpc error: Inspected target navigated or closed (code = -32000)" issue="Headless Evaluate" url="https://dataverse.iit.it/dataverse/animal-facility-public"
level=error msg="cdp.Runtime: Evaluate: rpc error: Inspected target navigated or closed (code = -32000)" issue="converting json ld" url="https://dataverse.iit.it/dataverse/advanced-robotics-public"
level=error msg="cdp.Runtime: Evaluate: rpc error: Inspected target navigated or closed (code = -32000)" issue="converting json ld" url="https://dataverse.iit.it/dataverse/advanced-robotics-facility-public"
level=error msg="cdp.Runtime: Evaluate: rpc error: Inspected target navigated or closed (code = -32000)" issue="converting json ld" url="https://dataverse.iit.it/dataverse/animal-facility-public"
level=error contentType="Direct access failed, trying headless']" url="https://dataverse.iit.it/dataverse/artificial-and-mechanical-intelligence-public"
level=error contentType="Direct access failed, trying headless']" url="https://dataverse.iit.it/dataverse/atomistic-simulations-public"
level=error contentType="Direct access failed, trying headless']" url="https://dataverse.iit.it/dataverse/brain-development-and-disease-public"
level=error contentType="Direct access failed, trying headless']" url="https://dataverse.iit.it/dataverse/bioinspired-soft-robotics-public"
level=error contentType="Direct access failed, trying headless']" url="https://dataverse.iit.it/dataverse/bio-logic-materials-public"
level=error msg="cdp.Runtime: Evaluate: rpc error: Inspected target navigated or closed (code = -32000)" issue="Headless Evaluate" url="https://dataverse.iit.it/dataverse/atomistic-simulations-public"
level=error msg="cdp.Runtime: Evaluate: rpc error: Inspected target navigated or closed (code = -32000)" issue="converting json ld" url="https://dataverse.iit.it/dataverse/atomistic-simulations-public"
level=error msg="cdp.Runtime: Evaluate: rpc error: Inspected target navigated or closed (code = -32000)" issue="Headless Evaluate" url="https://dataverse.iit.it/dataverse/brain-development-and-disease-public"
level=error msg="cdp.Runtime: Evaluate: rpc error: Inspected target navigated or closed (code = -32000)" issue="converting json ld" url="https://dataverse.iit.it/dataverse/brain-development-and-disease-public"
level=error msg="cdp.Runtime: Evaluate: rpc error: Inspected target navigated or closed (code = -32000)" issue="Headless Evaluate" url="https://dataverse.iit.it/dataverse/bio-logic-materials-public"
level=error msg="cdp.Runtime: Evaluate: rpc error: Inspected target navigated or closed (code = -32000)" issue="converting json ld" url="https://dataverse.iit.it/dataverse/bio-logic-materials-public"
level=error msg="cdp.Runtime: Evaluate: rpc error: Inspected target navigated or closed (code = -32000)" issue="Headless Evaluate" url="https://dataverse.iit.it/dataverse/artificial-and-mechanical-intelligence-public"
level=error msg="cdp.Runtime: Evaluate: rpc error: Inspected target navigated or closed (code = -32000)" issue="Headless Evaluate" url="https://dataverse.iit.it/dataverse/bioinspired-soft-robotics-public"
level=error msg="cdp.Runtime: Evaluate: rpc error: Inspected target navigated or closed (code = -32000)" issue="converting json ld" url="https://dataverse.iit.it/dataverse/bioinspired-soft-robotics-public"
level=error msg="cdp.Runtime: Evaluate: rpc error: Inspected target navigated or closed (code = -32000)" issue="converting json ld" url="https://dataverse.iit.it/dataverse/artificial-and-mechanical-intelligence-public"
level=error contentType="Direct access failed, trying headless']" url="https://dataverse.iit.it/dataverse/clean-room-public"
level=error contentType="Direct access failed, trying headless']" url="https://dataverse.iit.it/dataverse/chemistry-facility-public"
level=error contentType="Direct access failed, trying headless']" url="https://dataverse.iit.it/dataverse/cognition-motion-and-neuroscience-public"
level=error contentType="Direct access failed, trying headless']" url="https://dataverse.iit.it/dataverse/cognitive-architecture-for-collaborative-technolog-public"
level=error contentType="Direct access failed, trying headless']" url="https://dataverse.iit.it/dataverse/computational-and-chemical-biology-public"
level=error msg="cdp.Runtime: Evaluate: rpc error: Inspected target navigated or closed (code = -32000)" issue="Headless Evaluate" url="https://dataverse.iit.it/dataverse/clean-room-public"
level=error msg="cdp.Runtime: Evaluate: rpc error: Inspected target navigated or closed (code = -32000)" issue="Headless Evaluate" url="https://dataverse.iit.it/dataverse/chemistry-facility-public"
level=error msg="cdp.Runtime: Evaluate: rpc error: Inspected target navigated or closed (code = -32000)" issue="Headless Evaluate" url="https://dataverse.iit.it/dataverse/cognition-motion-and-neuroscience-public"
level=error msg="cdp.Runtime: Evaluate: rpc error: Inspected target navigated or closed (code = -32000)" issue="Headless Evaluate" url="https://dataverse.iit.it/dataverse/computational-and-chemical-biology-public"
level=error msg="cdp.Runtime: Evaluate: rpc error: Inspected target navigated or closed (code = -32000)" issue="converting json ld" url="https://dataverse.iit.it/dataverse/computational-and-chemical-biology-public"
level=error msg="cdp.Runtime: Evaluate: rpc error: Inspected target navigated or closed (code = -32000)" issue="Headless Evaluate" url="https://dataverse.iit.it/dataverse/cognitive-architecture-for-collaborative-technolog-public"
level=error msg="cdp.Runtime: Evaluate: rpc error: Inspected target navigated or closed (code = -32000)" issue="converting json ld" url="https://dataverse.iit.it/dataverse/cognitive-architecture-for-collaborative-technolog-public"
level=error msg="cdp.Runtime: Evaluate: rpc error: Inspected target navigated or closed (code = -32000)" issue="converting json ld" url="https://dataverse.iit.it/dataverse/clean-room-public"
level=error msg="cdp.Runtime: Evaluate: rpc error: Inspected target navigated or closed (code = -32000)" issue="converting json ld" url="https://dataverse.iit.it/dataverse/chemistry-facility-public"
level=error msg="cdp.Runtime: Evaluate: rpc error: Inspected target navigated or closed (code = -32000)" issue="converting json ld" url="https://dataverse.iit.it/dataverse/cognition-motion-and-neuroscience-public"
level=error contentType="Direct access failed, trying headless']" url="https://dataverse.iit.it/dataverse/computational-nanoplasmonics-public"
level=error contentType="Direct access failed, trying headless']" url="https://dataverse.iit.it/dataverse/computational-modelling-of-nanoscale-and-biophysic-public"
level=error contentType="Direct access failed, trying headless']" url="https://dataverse.iit.it/dataverse/cultural-heritage-technologies-public"
level=error contentType="Direct access failed, trying headless']" url="https://dataverse.iit.it/dataverse/d3-pharmachemistry-public"
level=error contentType="Direct access failed, trying headless']" url="https://dataverse.iit.it/dataverse/computational-statistics-and-machine-learning-public"
level=error msg="cdp.Runtime: Evaluate: rpc error: Inspected target navigated or closed (code = -32000)" issue="Headless Evaluate" url="https://dataverse.iit.it/dataverse/computational-nanoplasmonics-public"
level=error msg="cdp.Runtime: Evaluate: rpc error: Inspected target navigated or closed (code = -32000)" issue="Headless Evaluate" url="https://dataverse.iit.it/dataverse/cultural-heritage-technologies-public"
level=error msg="cdp.Runtime: Evaluate: rpc error: Inspected target navigated or closed (code = -32000)" issue="converting json ld" url="https://dataverse.iit.it/dataverse/cultural-heritage-technologies-public"
level=error msg="cdp.Runtime: Evaluate: rpc error: Inspected target navigated or closed (code = -32000)" issue="Headless Evaluate" url="https://dataverse.iit.it/dataverse/d3-pharmachemistry-public"
level=error msg="cdp.Runtime: Evaluate: rpc error: Inspected target navigated or closed (code = -32000)" issue="converting json ld" url="https://dataverse.iit.it/dataverse/d3-pharmachemistry-public"
level=error msg="cdp.Runtime: Evaluate: rpc error: Inspected target navigated or closed (code = -32000)" issue="Headless Evaluate" url="https://dataverse.iit.it/dataverse/computational-statistics-and-machine-learning-public"
level=error msg="cdp.Runtime: Evaluate: rpc error: Inspected target navigated or closed (code = -32000)" issue="converting json ld" url="https://dataverse.iit.it/dataverse/computational-statistics-and-machine-learning-public"
level=error msg="cdp.Runtime: Evaluate: rpc error: Inspected target navigated or closed (code = -32000)" issue="Headless Evaluate" url="https://dataverse.iit.it/dataverse/computational-modelling-of-nanoscale-and-biophysic-public"
level=error msg="cdp.Runtime: Evaluate: rpc error: Inspected target navigated or closed (code = -32000)" issue="converting json ld" url="https://dataverse.iit.it/dataverse/computational-nanoplasmonics-public"
level=error msg="cdp.Runtime: Evaluate: rpc error: Inspected target navigated or closed (code = -32000)" issue="converting json ld" url="https://dataverse.iit.it/dataverse/computational-modelling-of-nanoscale-and-biophysic-public"
level=error contentType="Direct access failed, trying headless']" url="https://dataverse.iit.it/dataverse/hpc-facility-public"
level=error contentType="Direct access failed, trying headless']" url="https://dataverse.iit.it/dataverse/d3-validation-public"
level=error contentType="Direct access failed, trying headless']" url="https://dataverse.iit.it/dataverse/electronics-design-laboratory-edl-public"
level=error contentType="Direct access failed, trying headless']" url="https://dataverse.iit.it/dataverse/dynamic-legged-systems-public"
level=error contentType="Direct access failed, trying headless']" url="https://dataverse.iit.it/dataverse/electron-crystallography-public"
level=error msg="cdp.Runtime: Evaluate: rpc error: Inspected target navigated or closed (code = -32000)" issue="Headless Evaluate" url="https://dataverse.iit.it/dataverse/d3-validation-public"
level=error msg="cdp.Runtime: Evaluate: rpc error: Inspected target navigated or closed (code = -32000)" issue="Headless Evaluate" url="https://dataverse.iit.it/dataverse/electronics-design-laboratory-edl-public"
level=error msg="cdp.Runtime: Evaluate: rpc error: Inspected target navigated or closed (code = -32000)" issue="converting json ld" url="https://dataverse.iit.it/dataverse/electronics-design-laboratory-edl-public"
level=error msg="cdp.Runtime: Evaluate: rpc error: Inspected target navigated or closed (code = -32000)" issue="Headless Evaluate" url="https://dataverse.iit.it/dataverse/electron-crystallography-public"
level=error msg="cdp.Runtime: Evaluate: rpc error: Inspected target navigated or closed (code = -32000)" issue="converting json ld" url="https://dataverse.iit.it/dataverse/d3-validation-public"
level=error msg="cdp.Runtime: Evaluate: rpc error: Inspected target navigated or closed (code = -32000)" issue="Headless Evaluate" url="https://dataverse.iit.it/dataverse/hpc-facility-public"
level=error msg="cdp.Runtime: Evaluate: rpc error: Inspected target navigated or closed (code = -32000)" issue="Headless Evaluate" url="https://dataverse.iit.it/dataverse/dynamic-legged-systems-public"
level=error msg="cdp.Runtime: Evaluate: rpc error: Inspected target navigated or closed (code = -32000)" issue="converting json ld" url="https://dataverse.iit.it/dataverse/electron-crystallography-public"
level=error msg="cdp.Runtime: Evaluate: rpc error: Inspected target navigated or closed (code = -32000)" issue="converting json ld" url="https://dataverse.iit.it/dataverse/hpc-facility-public"
level=error msg="cdp.Runtime: Evaluate: rpc error: Inspected target navigated or closed (code = -32000)" issue="converting json ld" url="https://dataverse.iit.it/dataverse/dynamic-legged-systems-public"
level=error contentType="Direct access failed, trying headless']" url="https://dataverse.iit.it/dataverse/electron-spectroscopy-and-nanoscopy-public"
level=error contentType="Direct access failed, trying headless']" url="https://dataverse.iit.it/dataverse/electron-microscopy-public"
level=error contentType="Direct access failed, trying headless']" url="https://dataverse.iit.it/dataverse/event-driven-perception-for-robotics-public"
level=error contentType="Direct access failed, trying headless']" url="https://dataverse.iit.it/dataverse/functional-nanosystems-public"
level=error contentType="Direct access failed, trying headless']" url="https://dataverse.iit.it/dataverse/enhanced-regenerative-medicine-public"
level=error msg="cdp.Runtime: Evaluate: rpc error: Inspected target navigated or closed (code = -32000)" issue="Headless Evaluate" url="https://dataverse.iit.it/dataverse/electron-spectroscopy-and-nanoscopy-public"
level=error msg="cdp.Runtime: Evaluate: rpc error: Inspected target navigated or closed (code = -32000)" issue="Headless Evaluate" url="https://dataverse.iit.it/dataverse/electron-microscopy-public"
level=error msg="cdp.Runtime: Evaluate: rpc error: Inspected target navigated or closed (code = -32000)" issue="converting json ld" url="https://dataverse.iit.it/dataverse/electron-microscopy-public"
level=error msg="cdp.Runtime: Evaluate: rpc error: Inspected target navigated or closed (code = -32000)" issue="Headless Evaluate" url="https://dataverse.iit.it/dataverse/event-driven-perception-for-robotics-public"
level=error msg="cdp.Runtime: Evaluate: rpc error: Inspected target navigated or closed (code = -32000)" issue="converting json ld" url="https://dataverse.iit.it/dataverse/event-driven-perception-for-robotics-public"
level=error msg="cdp.Runtime: Evaluate: rpc error: Inspected target navigated or closed (code = -32000)" issue="converting json ld" url="https://dataverse.iit.it/dataverse/electron-spectroscopy-and-nanoscopy-public"
level=error msg="cdp.Runtime: Evaluate: rpc error: Inspected target navigated or closed (code = -32000)" issue="Headless Evaluate" url="https://dataverse.iit.it/dataverse/enhanced-regenerative-medicine-public"
level=error msg="cdp.Runtime: Evaluate: rpc error: Inspected target navigated or closed (code = -32000)" issue="converting json ld" url="https://dataverse.iit.it/dataverse/enhanced-regenerative-medicine-public"
level=error msg="cdp.Runtime: Evaluate: rpc error: Inspected target navigated or closed (code = -32000)" issue="Headless Evaluate" url="https://dataverse.iit.it/dataverse/functional-nanosystems-public"
level=error msg="cdp.Runtime: Evaluate: rpc error: Inspected target navigated or closed (code = -32000)" issue="converting json ld" url="https://dataverse.iit.it/dataverse/functional-nanosystems-public"
level=error contentType="Direct access failed, trying headless']" url="https://dataverse.iit.it/dataverse/genetics-and-epigenetics-of-behavior-public"
level=error contentType="Direct access failed, trying headless']" url="https://dataverse.iit.it/dataverse/functional-neuroimaging-public"
level=error contentType="Direct access failed, trying headless']" url="https://dataverse.iit.it/dataverse/genetics-of-cognition-public"
level=error contentType="Direct access failed, trying headless']" url="https://dataverse.iit.it/dataverse/genomic-science-public"
level=error contentType="Direct access failed, trying headless']" url="https://dataverse.iit.it/dataverse/genomics-facility-public"
level=error msg="cdp.Runtime: Evaluate: rpc error: Inspected target navigated or closed (code = -32000)" issue="Headless Evaluate" url="https://dataverse.iit.it/dataverse/genetics-and-epigenetics-of-behavior-public"
level=error msg="cdp.Runtime: Evaluate: rpc error: Inspected target navigated or closed (code = -32000)" issue="converting json ld" url="https://dataverse.iit.it/dataverse/genetics-and-epigenetics-of-behavior-public"
level=error msg="cdp.Runtime: Evaluate: rpc error: Inspected target navigated or closed (code = -32000)" issue="Headless Evaluate" url="https://dataverse.iit.it/dataverse/genetics-of-cognition-public"
level=error msg="cdp.Runtime: Evaluate: rpc error: Inspected target navigated or closed (code = -32000)" issue="Headless Evaluate" url="https://dataverse.iit.it/dataverse/genomic-science-public"
level=error msg="cdp.Runtime: Evaluate: rpc error: Inspected target navigated or closed (code = -32000)" issue="Headless Evaluate" url="https://dataverse.iit.it/dataverse/genomics-facility-public"
level=error msg="cdp.Runtime: Evaluate: rpc error: Inspected target navigated or closed (code = -32000)" issue="converting json ld" url="https://dataverse.iit.it/dataverse/genetics-of-cognition-public"
level=error msg="cdp.Runtime: Evaluate: rpc error: Inspected target navigated or closed (code = -32000)" issue="converting json ld" url="https://dataverse.iit.it/dataverse/genomic-science-public"
level=error msg="cdp.Runtime: Evaluate: rpc error: Inspected target navigated or closed (code = -32000)" issue="converting json ld" url="https://dataverse.iit.it/dataverse/genomics-facility-public"
level=error msg="cdp.Runtime: Evaluate: rpc error: Inspected target navigated or closed (code = -32000)" issue="Headless Evaluate" url="https://dataverse.iit.it/dataverse/functional-neuroimaging-public"
level=error msg="cdp.Runtime: Evaluate: rpc error: Inspected target navigated or closed (code = -32000)" issue="converting json ld" url="https://dataverse.iit.it/dataverse/functional-neuroimaging-public"
level=error contentType="Direct access failed, trying headless']" url="https://dataverse.iit.it/dataverse/humanoids-human-centered-mechatronics-public"
level=error contentType="Direct access failed, trying headless']" url="https://dataverse.iit.it/dataverse/humanoid-sensing-and-perception-public"
level=error contentType="Direct access failed, trying headless']" url="https://dataverse.iit.it/dataverse/human-robot-interfaces-and-physical-interaction-public"
level=error contentType="Direct access failed, trying headless']" url="https://dataverse.iit.it/dataverse/icub-tech-public"
level=error contentType="Direct access failed, trying headless']" url="https://dataverse.iit.it/dataverse/root"
level=error msg="cdp.Runtime: Evaluate: rpc error: Execution context was destroyed. (code = -32000)" issue="Headless Evaluate" url="https://dataverse.iit.it/dataverse/human-robot-interfaces-and-physical-interaction-public"
level=error msg="cdp.Runtime: Evaluate: rpc error: Execution context was destroyed. (code = -32000)" issue="Headless Evaluate" url="https://dataverse.iit.it/dataverse/humanoid-sensing-and-perception-public"
level=error msg="cdp.Runtime: Evaluate: rpc error: Execution context was destroyed. (code = -32000)" issue="converting json ld" url="https://dataverse.iit.it/dataverse/human-robot-interfaces-and-physical-interaction-public"
level=error msg="cdp.Runtime: Evaluate: rpc error: Execution context was destroyed. (code = -32000)" issue="converting json ld" url="https://dataverse.iit.it/dataverse/humanoid-sensing-and-perception-public"
level=error msg="cdp.Runtime: Evaluate: rpc error: Execution context was destroyed. (code = -32000)" issue="Headless Evaluate" url="https://dataverse.iit.it/dataverse/icub-tech-public"
level=error msg="cdp.Runtime: Evaluate: rpc error: Execution context was destroyed. (code = -32000)" issue="Headless Evaluate" url="https://dataverse.iit.it/dataverse/humanoids-human-centered-mechatronics-public"
level=error msg="cdp.Runtime: Evaluate: rpc error: Execution context was destroyed. (code = -32000)" issue="Headless Evaluate" url="https://dataverse.iit.it/dataverse/root"
level=error msg="cdp.Runtime: Evaluate: rpc error: Execution context was destroyed. (code = -32000)" issue="converting json ld" url="https://dataverse.iit.it/dataverse/icub-tech-public"
level=error msg="cdp.Runtime: Evaluate: rpc error: Execution context was destroyed. (code = -32000)" issue="converting json ld" url="https://dataverse.iit.it/dataverse/humanoids-human-centered-mechatronics-public"
level=error msg="cdp.Runtime: Evaluate: rpc error: Execution context was destroyed. (code = -32000)" issue="converting json ld" url="https://dataverse.iit.it/dataverse/root"
level=error contentType="Direct access failed, trying headless']" url="https://dataverse.iit.it/dataverse/iit-mit-public"
level=error contentType="Direct access failed, trying headless']" url="https://dataverse.iit.it/dataverse/iit-harvard-public"
level=error contentType="Direct access failed, trying headless']" url="https://dataverse.iit.it/dataverse/integrative-nuclear-architecture-public"
level=error contentType="Direct access failed, trying headless']" url="https://dataverse.iit.it/dataverse/industrial-facility-public"
level=error contentType="Direct access failed, trying headless']" url="https://dataverse.iit.it/dataverse/materials-characterization-public"
level=error msg="cdp.Runtime: Evaluate: rpc error: Inspected target navigated or closed (code = -32000)" issue="Headless Evaluate" url="https://dataverse.iit.it/dataverse/iit-mit-public"
level=error msg="cdp.Runtime: Evaluate: rpc error: Inspected target navigated or closed (code = -32000)" issue="Headless Evaluate" url="https://dataverse.iit.it/dataverse/iit-harvard-public"
level=error msg="cdp.Runtime: Evaluate: rpc error: Inspected target navigated or closed (code = -32000)" issue="converting json ld" url="https://dataverse.iit.it/dataverse/iit-harvard-public"
level=error msg="cdp.Runtime: Evaluate: rpc error: Inspected target navigated or closed (code = -32000)" issue="converting json ld" url="https://dataverse.iit.it/dataverse/iit-mit-public"
level=error msg="cdp.Runtime: Evaluate: rpc error: Inspected target navigated or closed (code = -32000)" issue="Headless Evaluate" url="https://dataverse.iit.it/dataverse/industrial-facility-public"
level=error msg="cdp.Runtime: Evaluate: rpc error: Inspected target navigated or closed (code = -32000)" issue="converting json ld" url="https://dataverse.iit.it/dataverse/industrial-facility-public"
level=error msg="cdp.Runtime: Evaluate: rpc error: Inspected target navigated or closed (code = -32000)" issue="Headless Evaluate" url="https://dataverse.iit.it/dataverse/materials-characterization-public"
level=error msg="cdp.Runtime: Evaluate: rpc error: Inspected target navigated or closed (code = -32000)" issue="converting json ld" url="https://dataverse.iit.it/dataverse/materials-characterization-public"
level=error msg="cdp.Runtime: Evaluate: rpc error: Inspected target navigated or closed (code = -32000)" issue="Headless Evaluate" url="https://dataverse.iit.it/dataverse/integrative-nuclear-architecture-public"
level=error msg="cdp.Runtime: Evaluate: rpc error: Inspected target navigated or closed (code = -32000)" issue="converting json ld" url="https://dataverse.iit.it/dataverse/integrative-nuclear-architecture-public"
level=error contentType="Direct access failed, trying headless']" url="https://dataverse.iit.it/dataverse/medicinal-chemistry-facility-public"
level=error contentType="Direct access failed, trying headless']" url="https://dataverse.iit.it/dataverse/mechanical-workshop-public"
level=error contentType="Direct access failed, trying headless']" url="https://dataverse.iit.it/dataverse/microtechnology-for-neuroelectronics-public"
level=error contentType="Direct access failed, trying headless']" url="https://dataverse.iit.it/dataverse/mesoscale-simulations-public"
level=error contentType="Direct access failed, trying headless']" url="https://dataverse.iit.it/dataverse/molecular-medicine-public"
level=error msg="cdp.Runtime: Evaluate: rpc error: Inspected target navigated or closed (code = -32000)" issue="Headless Evaluate" url="https://dataverse.iit.it/dataverse/medicinal-chemistry-facility-public"
level=error msg="cdp.Runtime: Evaluate: rpc error: Inspected target navigated or closed (code = -32000)" issue="converting json ld" url="https://dataverse.iit.it/dataverse/medicinal-chemistry-facility-public"
level=error msg="cdp.Runtime: Evaluate: rpc error: Inspected target navigated or closed (code = -32000)" issue="Headless Evaluate" url="https://dataverse.iit.it/dataverse/mesoscale-simulations-public"
level=error msg="cdp.Runtime: Evaluate: rpc error: Inspected target navigated or closed (code = -32000)" issue="converting json ld" url="https://dataverse.iit.it/dataverse/mesoscale-simulations-public"
level=error msg="cdp.Runtime: Evaluate: rpc error: Inspected target navigated or closed (code = -32000)" issue="Headless Evaluate" url="https://dataverse.iit.it/dataverse/molecular-medicine-public"
level=error msg="cdp.Runtime: Evaluate: rpc error: Inspected target navigated or closed (code = -32000)" issue="converting json ld" url="https://dataverse.iit.it/dataverse/molecular-medicine-public"
level=error msg="cdp.Runtime: Evaluate: rpc error: Inspected target navigated or closed (code = -32000)" issue="Headless Evaluate" url="https://dataverse.iit.it/dataverse/mechanical-workshop-public"
level=error msg="cdp.Runtime: Evaluate: rpc error: Inspected target navigated or closed (code = -32000)" issue="Headless Evaluate" url="https://dataverse.iit.it/dataverse/microtechnology-for-neuroelectronics-public"
level=error msg="cdp.Runtime: Evaluate: rpc error: Inspected target navigated or closed (code = -32000)" issue="converting json ld" url="https://dataverse.iit.it/dataverse/microtechnology-for-neuroelectronics-public"
level=error msg="cdp.Runtime: Evaluate: rpc error: Inspected target navigated or closed (code = -32000)" issue="converting json ld" url="https://dataverse.iit.it/dataverse/mechanical-workshop-public"
level=error contentType="Direct access failed, trying headless']" url="https://dataverse.iit.it/dataverse/molecular-modeling-and-drug-discovery-public"
level=error contentType="Direct access failed, trying headless']" url="https://dataverse.iit.it/dataverse/molecular-microscopy-and-spectroscopy-public"
level=error contentType="Direct access failed, trying headless']" url="https://dataverse.iit.it/dataverse/multifunctional-neural-interfaces-with-deep-brain--public"
level=error contentType="Direct access failed, trying headless']" url="https://dataverse.iit.it/dataverse/multiscale-brain-communication-public"
level=error contentType="Direct access failed, trying headless']" url="https://dataverse.iit.it/dataverse/nanobiointeractions-nanodiagnostics-public"
level=error msg="cdp.Runtime: Evaluate: rpc error: Inspected target navigated or closed (code = -32000)" issue="Headless Evaluate" url="https://dataverse.iit.it/dataverse/multiscale-brain-communication-public"
level=error msg="cdp.Runtime: Evaluate: rpc error: Inspected target navigated or closed (code = -32000)" issue="Headless Evaluate" url="https://dataverse.iit.it/dataverse/nanobiointeractions-nanodiagnostics-public"
level=error msg="cdp.Runtime: Evaluate: rpc error: Inspected target navigated or closed (code = -32000)" issue="converting json ld" url="https://dataverse.iit.it/dataverse/multiscale-brain-communication-public"
level=error msg="cdp.Runtime: Evaluate: rpc error: Inspected target navigated or closed (code = -32000)" issue="Headless Evaluate" url="https://dataverse.iit.it/dataverse/molecular-modeling-and-drug-discovery-public"
level=error msg="cdp.Runtime: Evaluate: rpc error: Inspected target navigated or closed (code = -32000)" issue="converting json ld" url="https://dataverse.iit.it/dataverse/molecular-modeling-and-drug-discovery-public"
level=error msg="cdp.Runtime: Evaluate: rpc error: Inspected target navigated or closed (code = -32000)" issue="Headless Evaluate" url="https://dataverse.iit.it/dataverse/molecular-microscopy-and-spectroscopy-public"
level=error msg="cdp.Runtime: Evaluate: rpc error: Inspected target navigated or closed (code = -32000)" issue="converting json ld" url="https://dataverse.iit.it/dataverse/molecular-microscopy-and-spectroscopy-public"
level=error msg="cdp.Runtime: Evaluate: rpc error: Inspected target navigated or closed (code = -32000)" issue="Headless Evaluate" url="https://dataverse.iit.it/dataverse/multifunctional-neural-interfaces-with-deep-brain--public"
level=error msg="cdp.Runtime: Evaluate: rpc error: Inspected target navigated or closed (code = -32000)" issue="converting json ld" url="https://dataverse.iit.it/dataverse/nanobiointeractions-nanodiagnostics-public"
level=error msg="cdp.Runtime: Evaluate: rpc error: Inspected target navigated or closed (code = -32000)" issue="converting json ld" url="https://dataverse.iit.it/dataverse/multifunctional-neural-interfaces-with-deep-brain--public"
level=error contentType="Direct access failed, trying headless']" url="https://dataverse.iit.it/dataverse/nanomaterials-for-biomedical-applications-public"
level=error contentType="Direct access failed, trying headless']" url="https://dataverse.iit.it/dataverse/nanochemistry-public"
level=error contentType="Direct access failed, trying headless']" url="https://dataverse.iit.it/dataverse/nanophotonic-devices-public"
level=error contentType="Direct access failed, trying headless']" url="https://dataverse.iit.it/dataverse/nanomaterials-for-energy-and-lifescience-public"
level=error contentType="Direct access failed, trying headless']" url="https://dataverse.iit.it/dataverse/nanoscopy-nic-iit-public"
level=error msg="cdp.Runtime: Evaluate: rpc error: Inspected target navigated or closed (code = -32000)" issue="Headless Evaluate" url="https://dataverse.iit.it/dataverse/nanomaterials-for-biomedical-applications-public"
level=error msg="cdp.Runtime: Evaluate: rpc error: Inspected target navigated or closed (code = -32000)" issue="Headless Evaluate" url="https://dataverse.iit.it/dataverse/nanochemistry-public"
level=error msg="cdp.Runtime: Evaluate: rpc error: Inspected target navigated or closed (code = -32000)" issue="converting json ld" url="https://dataverse.iit.it/dataverse/nanochemistry-public"
level=error msg="cdp.Runtime: Evaluate: rpc error: Inspected target navigated or closed (code = -32000)" issue="Headless Evaluate" url="https://dataverse.iit.it/dataverse/nanoscopy-nic-iit-public"
level=error msg="cdp.Runtime: Evaluate: rpc error: Inspected target navigated or closed (code = -32000)" issue="converting json ld" url="https://dataverse.iit.it/dataverse/nanoscopy-nic-iit-public"
level=error msg="cdp.Runtime: Evaluate: rpc error: Inspected target navigated or closed (code = -32000)" issue="converting json ld" url="https://dataverse.iit.it/dataverse/nanomaterials-for-biomedical-applications-public"
level=error msg="cdp.Runtime: Evaluate: rpc error: Inspected target navigated or closed (code = -32000)" issue="Headless Evaluate" url="https://dataverse.iit.it/dataverse/nanomaterials-for-energy-and-lifescience-public"
level=error msg="cdp.Runtime: Evaluate: rpc error: Inspected target navigated or closed (code = -32000)" issue="Headless Evaluate" url="https://dataverse.iit.it/dataverse/nanophotonic-devices-public"
level=error msg="cdp.Runtime: Evaluate: rpc error: Inspected target navigated or closed (code = -32000)" issue="converting json ld" url="https://dataverse.iit.it/dataverse/nanophotonic-devices-public"
level=error msg="cdp.Runtime: Evaluate: rpc error: Inspected target navigated or closed (code = -32000)" issue="converting json ld" url="https://dataverse.iit.it/dataverse/nanomaterials-for-energy-and-lifescience-public"
level=error contentType="Direct access failed, trying headless']" url="https://dataverse.iit.it/dataverse/nanotechnologies-for-neurosciences-public"
level=error contentType="Direct access failed, trying headless']" url="https://dataverse.iit.it/dataverse/nanotechnologies-for-humans-and-biosystems-public"
level=error contentType="Direct access failed, trying headless']" url="https://dataverse.iit.it/dataverse/nanotechnology-for-precision-medicine-public"
level=error contentType="Direct access failed, trying headless']" url="https://dataverse.iit.it/dataverse/neurobiology-of-mirna-public"
level=error contentType="Direct access failed, trying headless']" url="https://dataverse.iit.it/dataverse/neural-computation-public"
level=error msg="cdp.Runtime: Evaluate: rpc error: Execution context was destroyed. (code = -32000)" issue="Headless Evaluate" url="https://dataverse.iit.it/dataverse/neural-computation-public"
level=error msg="cdp.Runtime: Evaluate: rpc error: Execution context was destroyed. (code = -32000)" issue="converting json ld" url="https://dataverse.iit.it/dataverse/neural-computation-public"
level=error msg="cdp.Runtime: Evaluate: rpc error: Execution context was destroyed. (code = -32000)" issue="Headless Evaluate" url="https://dataverse.iit.it/dataverse/nanotechnologies-for-neurosciences-public"
level=error msg="cdp.Runtime: Evaluate: rpc error: Execution context was destroyed. (code = -32000)" issue="converting json ld" url="https://dataverse.iit.it/dataverse/nanotechnologies-for-neurosciences-public"
level=error msg="cdp.Runtime: Evaluate: rpc error: Execution context was destroyed. (code = -32000)" issue="Headless Evaluate" url="https://dataverse.iit.it/dataverse/nanotechnology-for-precision-medicine-public"
level=error msg="cdp.Runtime: Evaluate: rpc error: Execution context was destroyed. (code = -32000)" issue="Headless Evaluate" url="https://dataverse.iit.it/dataverse/nanotechnologies-for-humans-and-biosystems-public"
level=error msg="cdp.Runtime: Evaluate: rpc error: Execution context was destroyed. (code = -32000)" issue="Headless Evaluate" url="https://dataverse.iit.it/dataverse/neurobiology-of-mirna-public"
level=error msg="cdp.Runtime: Evaluate: rpc error: Execution context was destroyed. (code = -32000)" issue="converting json ld" url="https://dataverse.iit.it/dataverse/neurobiology-of-mirna-public"
level=error msg="cdp.Runtime: Evaluate: rpc error: Execution context was destroyed. (code = -32000)" issue="converting json ld" url="https://dataverse.iit.it/dataverse/nanotechnology-for-precision-medicine-public"
level=error msg="cdp.Runtime: Evaluate: rpc error: Execution context was destroyed. (code = -32000)" issue="converting json ld" url="https://dataverse.iit.it/dataverse/nanotechnologies-for-humans-and-biosystems-public"
level=error contentType="Direct access failed, trying headless']" url="https://dataverse.iit.it/dataverse/neurofacility-public"
level=error contentType="Direct access failed, trying headless']" url="https://dataverse.iit.it/dataverse/neurodevelopmental-disorders-public"
level=error contentType="Direct access failed, trying headless']" url="https://dataverse.iit.it/dataverse/neuroscience-and-smart-materials-public"
level=error contentType="Direct access failed, trying headless']" url="https://dataverse.iit.it/dataverse/neuroscience-and-behaviour-public"
level=error contentType="Direct access failed, trying headless']" url="https://dataverse.iit.it/dataverse/neuromodulation-of-cortical-and-subcortical-circui-public"
level=error msg="cdp.Runtime: Evaluate: rpc error: Inspected target navigated or closed (code = -32000)" issue="Headless Evaluate" url="https://dataverse.iit.it/dataverse/neurodevelopmental-disorders-public"
level=error msg="cdp.Runtime: Evaluate: rpc error: Inspected target navigated or closed (code = -32000)" issue="converting json ld" url="https://dataverse.iit.it/dataverse/neurodevelopmental-disorders-public"
level=error msg="cdp.Runtime: Evaluate: rpc error: Inspected target navigated or closed (code = -32000)" issue="Headless Evaluate" url="https://dataverse.iit.it/dataverse/neuromodulation-of-cortical-and-subcortical-circui-public"
level=error msg="cdp.Runtime: Evaluate: rpc error: Inspected target navigated or closed (code = -32000)" issue="Headless Evaluate" url="https://dataverse.iit.it/dataverse/neurofacility-public"
level=error msg="cdp.Runtime: Evaluate: rpc error: Inspected target navigated or closed (code = -32000)" issue="converting json ld" url="https://dataverse.iit.it/dataverse/neuromodulation-of-cortical-and-subcortical-circui-public"
level=error msg="cdp.Runtime: Evaluate: rpc error: Inspected target navigated or closed (code = -32000)" issue="Headless Evaluate" url="https://dataverse.iit.it/dataverse/neuroscience-and-smart-materials-public"
level=error msg="cdp.Runtime: Evaluate: rpc error: Inspected target navigated or closed (code = -32000)" issue="converting json ld" url="https://dataverse.iit.it/dataverse/neuroscience-and-smart-materials-public"
level=error msg="cdp.Runtime: Evaluate: rpc error: Inspected target navigated or closed (code = -32000)" issue="converting json ld" url="https://dataverse.iit.it/dataverse/neurofacility-public"
level=error msg="cdp.Runtime: Evaluate: rpc error: Inspected target navigated or closed (code = -32000)" issue="Headless Evaluate" url="https://dataverse.iit.it/dataverse/neuroscience-and-behaviour-public"
level=error msg="cdp.Runtime: Evaluate: rpc error: Inspected target navigated or closed (code = -32000)" issue="converting json ld" url="https://dataverse.iit.it/dataverse/neuroscience-and-behaviour-public"
level=error contentType="Direct access failed, trying headless']" url="https://dataverse.iit.it/dataverse/neuroscience-and-society-public"
level=error contentType="Direct access failed, trying headless']" url="https://dataverse.iit.it/dataverse/neuroscience-of-perception-and-action-public"
level=error contentType="Direct access failed, trying headless']" url="https://dataverse.iit.it/dataverse/non-coding-rnas-in-physiology-and-pathology-public"
level=error contentType="Direct access failed, trying headless']" url="https://dataverse.iit.it/dataverse/non-coding-rnas-and-rna-based-therapeutics-public"
level=error contentType="Direct access failed, trying headless']" url="https://dataverse.iit.it/dataverse/optical-approaches-to-brain-function-public"
level=error msg="cdp.Runtime: Evaluate: rpc error: Execution context was destroyed. (code = -32000)" issue="Headless Evaluate" url="https://dataverse.iit.it/dataverse/non-coding-rnas-and-rna-based-therapeutics-public"
level=error msg="cdp.Runtime: Evaluate: rpc error: Execution context was destroyed. (code = -32000)" issue="Headless Evaluate" url="https://dataverse.iit.it/dataverse/non-coding-rnas-in-physiology-and-pathology-public"
level=error msg="cdp.Runtime: Evaluate: rpc error: Execution context was destroyed. (code = -32000)" issue="converting json ld" url="https://dataverse.iit.it/dataverse/non-coding-rnas-in-physiology-and-pathology-public"
level=error msg="cdp.Runtime: Evaluate: rpc error: Execution context was destroyed. (code = -32000)" issue="Headless Evaluate" url="https://dataverse.iit.it/dataverse/optical-approaches-to-brain-function-public"
level=error msg="cdp.Runtime: Evaluate: rpc error: Execution context was destroyed. (code = -32000)" issue="converting json ld" url="https://dataverse.iit.it/dataverse/optical-approaches-to-brain-function-public"
level=error msg="cdp.Runtime: Evaluate: rpc error: Execution context was destroyed. (code = -32000)" issue="Headless Evaluate" url="https://dataverse.iit.it/dataverse/neuroscience-and-society-public"
level=error msg="cdp.Runtime: Evaluate: rpc error: Execution context was destroyed. (code = -32000)" issue="converting json ld" url="https://dataverse.iit.it/dataverse/non-coding-rnas-and-rna-based-therapeutics-public"
level=error msg="cdp.Runtime: Evaluate: rpc error: Execution context was destroyed. (code = -32000)" issue="Headless Evaluate" url="https://dataverse.iit.it/dataverse/neuroscience-of-perception-and-action-public"
level=error msg="cdp.Runtime: Evaluate: rpc error: Execution context was destroyed. (code = -32000)" issue="converting json ld" url="https://dataverse.iit.it/dataverse/neuroscience-of-perception-and-action-public"
level=error msg="cdp.Runtime: Evaluate: rpc error: Execution context was destroyed. (code = -32000)" issue="converting json ld" url="https://dataverse.iit.it/dataverse/neuroscience-and-society-public"
level=error contentType="Direct access failed, trying headless']" url="https://dataverse.iit.it/dataverse/optoelectronics-public"
level=error contentType="Direct access failed, trying headless']" url="https://dataverse.iit.it/dataverse/organic-neuroelectronics-public"
level=error contentType="Direct access failed, trying headless']" url="https://dataverse.iit.it/dataverse/pattern-analysis-and-computer-vision-public"
level=error contentType="Direct access failed, trying headless']" url="https://dataverse.iit.it/dataverse/photonic-nanomaterials-public"
level=error contentType="Direct access failed, trying headless']" url="https://dataverse.iit.it/dataverse/plasmon-nanotechnologies-public"
level=error msg="cdp.Runtime: Evaluate: rpc error: Inspected target navigated or closed (code = -32000)" issue="Headless Evaluate" url="https://dataverse.iit.it/dataverse/organic-neuroelectronics-public"
level=error msg="cdp.Runtime: Evaluate: rpc error: Inspected target navigated or closed (code = -32000)" issue="Headless Evaluate" url="https://dataverse.iit.it/dataverse/pattern-analysis-and-computer-vision-public"
level=error msg="cdp.Runtime: Evaluate: rpc error: Inspected target navigated or closed (code = -32000)" issue="Headless Evaluate" url="https://dataverse.iit.it/dataverse/photonic-nanomaterials-public"
level=error msg="cdp.Runtime: Evaluate: rpc error: Inspected target navigated or closed (code = -32000)" issue="Headless Evaluate" url="https://dataverse.iit.it/dataverse/optoelectronics-public"
level=error msg="cdp.Runtime: Evaluate: rpc error: Inspected target navigated or closed (code = -32000)" issue="converting json ld" url="https://dataverse.iit.it/dataverse/pattern-analysis-and-computer-vision-public"
level=error msg="cdp.Runtime: Evaluate: rpc error: Inspected target navigated or closed (code = -32000)" issue="converting json ld" url="https://dataverse.iit.it/dataverse/optoelectronics-public"
level=error msg="cdp.Runtime: Evaluate: rpc error: Inspected target navigated or closed (code = -32000)" issue="converting json ld" url="https://dataverse.iit.it/dataverse/photonic-nanomaterials-public"
level=error msg="cdp.Runtime: Evaluate: rpc error: Inspected target navigated or closed (code = -32000)" issue="Headless Evaluate" url="https://dataverse.iit.it/dataverse/plasmon-nanotechnologies-public"
level=error msg="cdp.Runtime: Evaluate: rpc error: Inspected target navigated or closed (code = -32000)" issue="converting json ld" url="https://dataverse.iit.it/dataverse/plasmon-nanotechnologies-public"
level=error msg="cdp.Runtime: Evaluate: rpc error: Inspected target navigated or closed (code = -32000)" issue="converting json ld" url="https://dataverse.iit.it/dataverse/organic-neuroelectronics-public"
level=error contentType="Direct access failed, trying headless']" url="https://dataverse.iit.it/dataverse/printed-and-molecular-electronics-public"
level=error contentType="Direct access failed, trying headless']" url="https://dataverse.iit.it/dataverse/polymers-and-biomaterials-public"
level=error contentType="Direct access failed, trying headless']" url="https://dataverse.iit.it/dataverse/quantum-materials-theory-public"
level=error contentType="Direct access failed, trying headless']" url="https://dataverse.iit.it/dataverse/rehab-technologies-inail-iit-lab-public"
level=error contentType="Direct access failed, trying headless']" url="https://dataverse.iit.it/dataverse/rdm-public"
level=error msg="cdp.Runtime: Evaluate: rpc error: Inspected target navigated or closed (code = -32000)" issue="Headless Evaluate" url="https://dataverse.iit.it/dataverse/printed-and-molecular-electronics-public"
level=error msg="cdp.Runtime: Evaluate: rpc error: Inspected target navigated or closed (code = -32000)" issue="Headless Evaluate" url="https://dataverse.iit.it/dataverse/polymers-and-biomaterials-public"
level=error msg="cdp.Runtime: Evaluate: rpc error: Inspected target navigated or closed (code = -32000)" issue="converting json ld" url="https://dataverse.iit.it/dataverse/polymers-and-biomaterials-public"
level=error msg="cdp.Runtime: Evaluate: rpc error: Inspected target navigated or closed (code = -32000)" issue="converting json ld" url="https://dataverse.iit.it/dataverse/printed-and-molecular-electronics-public"
level=error msg="cdp.Runtime: Evaluate: rpc error: Inspected target navigated or closed (code = -32000)" issue="Headless Evaluate" url="https://dataverse.iit.it/dataverse/quantum-materials-theory-public"
level=error msg="cdp.Runtime: Evaluate: rpc error: Inspected target navigated or closed (code = -32000)" issue="converting json ld" url="https://dataverse.iit.it/dataverse/quantum-materials-theory-public"
level=error msg="cdp.Runtime: Evaluate: rpc error: Inspected target navigated or closed (code = -32000)" issue="Headless Evaluate" url="https://dataverse.iit.it/dataverse/rdm-public"
level=error msg="cdp.Runtime: Evaluate: rpc error: Inspected target navigated or closed (code = -32000)" issue="converting json ld" url="https://dataverse.iit.it/dataverse/rdm-public"
level=error msg="cdp.Runtime: Evaluate: rpc error: Inspected target navigated or closed (code = -32000)" issue="Headless Evaluate" url="https://dataverse.iit.it/dataverse/rehab-technologies-inail-iit-lab-public"
level=error msg="cdp.Runtime: Evaluate: rpc error: Inspected target navigated or closed (code = -32000)" issue="converting json ld" url="https://dataverse.iit.it/dataverse/rehab-technologies-inail-iit-lab-public"
level=error contentType="Direct access failed, trying headless']" url="https://dataverse.iit.it/dataverse/rna-systems-biology-public"
level=error contentType="Direct access failed, trying headless']" url="https://dataverse.iit.it/dataverse/rdm-test"
level=error contentType="Direct access failed, trying headless']" url="https://dataverse.iit.it/dataverse/smart-bio-interfaces-public"
level=error contentType="Direct access failed, trying headless']" url="https://dataverse.iit.it/dataverse/smart-materials-public"
level=error contentType="Direct access failed, trying headless']" url="https://dataverse.iit.it/dataverse/robotics-brain-and-cognitive-sciences-public"
level=error msg="cdp.Runtime: Evaluate: rpc error: Inspected target navigated or closed (code = -32000)" issue="Headless Evaluate" url="https://dataverse.iit.it/dataverse/rna-systems-biology-public"
level=error msg="cdp.Runtime: Evaluate: rpc error: Inspected target navigated or closed (code = -32000)" issue="converting json ld" url="https://dataverse.iit.it/dataverse/rna-systems-biology-public"
level=error msg="cdp.Runtime: Evaluate: rpc error: Inspected target navigated or closed (code = -32000)" issue="Headless Evaluate" url="https://dataverse.iit.it/dataverse/rdm-test"
level=error msg="cdp.Runtime: Evaluate: rpc error: Inspected target navigated or closed (code = -32000)" issue="Headless Evaluate" url="https://dataverse.iit.it/dataverse/smart-materials-public"
level=error msg="cdp.Runtime: Evaluate: rpc error: Inspected target navigated or closed (code = -32000)" issue="Headless Evaluate" url="https://dataverse.iit.it/dataverse/robotics-brain-and-cognitive-sciences-public"
level=error msg="cdp.Runtime: Evaluate: rpc error: Inspected target navigated or closed (code = -32000)" issue="converting json ld" url="https://dataverse.iit.it/dataverse/robotics-brain-and-cognitive-sciences-public"
level=error msg="cdp.Runtime: Evaluate: rpc error: Inspected target navigated or closed (code = -32000)" issue="Headless Evaluate" url="https://dataverse.iit.it/dataverse/smart-bio-interfaces-public"
level=error msg="cdp.Runtime: Evaluate: rpc error: Inspected target navigated or closed (code = -32000)" issue="converting json ld" url="https://dataverse.iit.it/dataverse/smart-materials-public"
level=error msg="cdp.Runtime: Evaluate: rpc error: Inspected target navigated or closed (code = -32000)" issue="converting json ld" url="https://dataverse.iit.it/dataverse/smart-bio-interfaces-public"
level=error msg="cdp.Runtime: Evaluate: rpc error: Inspected target navigated or closed (code = -32000)" issue="converting json ld" url="https://dataverse.iit.it/dataverse/rdm-test"
level=error contentType="Direct access failed, trying headless']" url="https://dataverse.iit.it/dataverse/synaptic-plasticity-of-inhibitory-networks-public"
level=error contentType="Direct access failed, trying headless']" url="https://dataverse.iit.it/dataverse/structural-biophysics-translational-pharmacology-f-public"
level=error contentType="Direct access failed, trying headless']" url="https://dataverse.iit.it/dataverse/soft-biorobotics-perception-public"
level=error contentType="Direct access failed, trying headless']" url="https://dataverse.iit.it/dataverse/social-cognition-in-human-robot-interaction-public"
level=error contentType="Direct access failed, trying headless']" url="https://dataverse.iit.it/dataverse/synthetic-and-systems-biology-for-biomedicine-public"
level=error msg="cdp.Runtime: Evaluate: rpc error: Inspected target navigated or closed (code = -32000)" issue="Headless Evaluate" url="https://dataverse.iit.it/dataverse/structural-biophysics-translational-pharmacology-f-public"
level=error msg="cdp.Runtime: Evaluate: rpc error: Inspected target navigated or closed (code = -32000)" issue="converting json ld" url="https://dataverse.iit.it/dataverse/structural-biophysics-translational-pharmacology-f-public"
level=error msg="cdp.Runtime: Evaluate: rpc error: Inspected target navigated or closed (code = -32000)" issue="Headless Evaluate" url="https://dataverse.iit.it/dataverse/synthetic-and-systems-biology-for-biomedicine-public"
level=error msg="cdp.Runtime: Evaluate: rpc error: Inspected target navigated or closed (code = -32000)" issue="converting json ld" url="https://dataverse.iit.it/dataverse/synthetic-and-systems-biology-for-biomedicine-public"
level=error msg="cdp.Runtime: Evaluate: rpc error: Inspected target navigated or closed (code = -32000)" issue="Headless Evaluate" url="https://dataverse.iit.it/dataverse/soft-biorobotics-perception-public"
level=error msg="cdp.Runtime: Evaluate: rpc error: Inspected target navigated or closed (code = -32000)" issue="Headless Evaluate" url="https://dataverse.iit.it/dataverse/social-cognition-in-human-robot-interaction-public"
level=error msg="cdp.Runtime: Evaluate: rpc error: Inspected target navigated or closed (code = -32000)" issue="converting json ld" url="https://dataverse.iit.it/dataverse/soft-biorobotics-perception-public"
level=error msg="cdp.Runtime: Evaluate: rpc error: Inspected target navigated or closed (code = -32000)" issue="Headless Evaluate" url="https://dataverse.iit.it/dataverse/synaptic-plasticity-of-inhibitory-networks-public"
level=error msg="cdp.Runtime: Evaluate: rpc error: Inspected target navigated or closed (code = -32000)" issue="converting json ld" url="https://dataverse.iit.it/dataverse/synaptic-plasticity-of-inhibitory-networks-public"
level=error msg="cdp.Runtime: Evaluate: rpc error: Inspected target navigated or closed (code = -32000)" issue="converting json ld" url="https://dataverse.iit.it/dataverse/social-cognition-in-human-robot-interaction-public"
level=error contentType="Direct access failed, trying headless']" url="https://dataverse.iit.it/dataverse/systems-and-synthetic-biology-public"
level=error contentType="Direct access failed, trying headless']" url="https://dataverse.iit.it/dataverse/systems-neurobiology-public"
level=error contentType="Direct access failed, trying headless']" url="https://dataverse.iit.it/dataverse/tissue-electronics-public"
level=error contentType="Direct access failed, trying headless']" url="https://dataverse.iit.it/dataverse/unit-for-visually-impaired-people-public"
level=error contentType="Direct access failed, trying headless']" url="https://dataverse.iit.it/dataverse/vectorial-nano-imaging-public"
level=error msg="cdp.Runtime: Evaluate: rpc error: Inspected target navigated or closed (code = -32000)" issue="Headless Evaluate" url="https://dataverse.iit.it/dataverse/systems-neurobiology-public"
level=error msg="cdp.Runtime: Evaluate: rpc error: Inspected target navigated or closed (code = -32000)" issue="converting json ld" url="https://dataverse.iit.it/dataverse/systems-neurobiology-public"
level=error msg="cdp.Runtime: Evaluate: rpc error: Inspected target navigated or closed (code = -32000)" issue="Headless Evaluate" url="https://dataverse.iit.it/dataverse/tissue-electronics-public"
level=error msg="cdp.Runtime: Evaluate: rpc error: Inspected target navigated or closed (code = -32000)" issue="converting json ld" url="https://dataverse.iit.it/dataverse/tissue-electronics-public"
level=error msg="cdp.Runtime: Evaluate: rpc error: Inspected target navigated or closed (code = -32000)" issue="Headless Evaluate" url="https://dataverse.iit.it/dataverse/unit-for-visually-impaired-people-public"
level=error msg="cdp.Runtime: Evaluate: rpc error: Inspected target navigated or closed (code = -32000)" issue="Headless Evaluate" url="https://dataverse.iit.it/dataverse/systems-and-synthetic-biology-public"
level=error msg="cdp.Runtime: Evaluate: rpc error: Inspected target navigated or closed (code = -32000)" issue="Headless Evaluate" url="https://dataverse.iit.it/dataverse/vectorial-nano-imaging-public"
level=error msg="cdp.Runtime: Evaluate: rpc error: Inspected target navigated or closed (code = -32000)" issue="converting json ld" url="https://dataverse.iit.it/dataverse/unit-for-visually-impaired-people-public"
level=error msg="cdp.Runtime: Evaluate: rpc error: Inspected target navigated or closed (code = -32000)" issue="converting json ld" url="https://dataverse.iit.it/dataverse/vectorial-nano-imaging-public"
level=error msg="cdp.Runtime: Evaluate: rpc error: Inspected target navigated or closed (code = -32000)" issue="converting json ld" url="https://dataverse.iit.it/dataverse/systems-and-synthetic-biology-public"
level=error contentType="Direct access failed, trying headless']" url="https://dataverse.iit.it/dataverse/visual-geometry-and-modelling-public"
level=error contentType="Direct access failed, trying headless']" url="https://dataverse.iit.it/dataverse/visual-and-multimodal-applied-learning-public"
level=error msg="cdp.Runtime: Evaluate: context deadline exceeded" issue="Headless Evaluate" url="https://dataverse.iit.it/dataverse/visual-and-multimodal-applied-learning-public"
level=error msg="cdp.Runtime: Evaluate: context deadline exceeded" issue="converting json ld" url="https://dataverse.iit.it/dataverse/visual-and-multimodal-applied-learning-public"
level=error msg="cdp.Runtime: Evaluate: context deadline exceeded" issue="Headless Evaluate" url="https://dataverse.iit.it/dataverse/visual-geometry-and-modelling-public"
level=error msg="cdp.Runtime: Evaluate: context deadline exceeded" issue="converting json ld" url="https://dataverse.iit.it/dataverse/visual-geometry-and-modelling-public"
