level=error contentType="Direct access failed, trying headless']" url="https://dataverse.unimi.it/dataverse/BNet_sangiovese"
level=error contentType="Direct access failed, trying headless']" url="https://dataverse.unimi.it/dataverse/BATA"
level=error contentType="Direct access failed, trying headless']" url="https://dataverse.unimi.it/dataverse/adani"
level=error contentType="Direct access failed, trying headless']" url="https://dataverse.unimi.it/dataverse/CIMB"
level=error contentType="Direct access failed, trying headless']" url="https://dataverse.unimi.it/dataverse/BEaMLab"
level=error msg="cdp.Runtime: Evaluate: rpc error: Inspected target navigated or closed (code = -32000)" issue="Headless Evaluate" url="https://dataverse.unimi.it/dataverse/BATA"
level=error msg="cdp.Runtime: Evaluate: rpc error: Inspected target navigated or closed (code = -32000)" issue="Headless Evaluate" url="https://dataverse.unimi.it/dataverse/adani"
level=error msg="cdp.Runtime: Evaluate: rpc error: Inspected target navigated or closed (code = -32000)" issue="converting json ld" url="https://dataverse.unimi.it/dataverse/adani"
level=error msg="cdp.Runtime: Evaluate: rpc error: Inspected target navigated or closed (code = -32000)" issue="Headless Evaluate" url="https://dataverse.unimi.it/dataverse/CIMB"
level=error msg="cdp.Runtime: Evaluate: rpc error: Inspected target navigated or closed (code = -32000)" issue="Headless Evaluate" url="https://dataverse.unimi.it/dataverse/BEaMLab"
level=error msg="cdp.Runtime: Evaluate: rpc error: Inspected target navigated or closed (code = -32000)" issue="Headless Evaluate" url="https://dataverse.unimi.it/dataverse/BNet_sangiovese"
level=error msg="cdp.Runtime: Evaluate: rpc error: Inspected target navigated or closed (code = -32000)" issue="converting json ld" url="https://dataverse.unimi.it/dataverse/BATA"
level=error msg="cdp.Runtime: Evaluate: rpc error: Inspected target navigated or closed (code = -32000)" issue="converting json ld" url="https://dataverse.unimi.it/dataverse/BEaMLab"
level=error msg="cdp.Runtime: Evaluate: rpc error: Inspected target navigated or closed (code = -32000)" issue="converting json ld" url="https://dataverse.unimi.it/dataverse/BNet_sangiovese"
level=error msg="cdp.Runtime: Evaluate: rpc error: Inspected target navigated or closed (code = -32000)" issue="converting json ld" url="https://dataverse.unimi.it/dataverse/CIMB"
level=error contentType="Direct access failed, trying headless']" url="https://dataverse.unimi.it/dataverse/BC"
level=error contentType="Direct access failed, trying headless']" url="https://dataverse.unimi.it/dataverse/Cbattaglia"
level=error contentType="Direct access failed, trying headless']" url="https://dataverse.unimi.it/dataverse/DEPT"
level=error contentType="Direct access failed, trying headless']" url="https://dataverse.unimi.it/dataverse/BIOMETRA"
level=error contentType="Direct access failed, trying headless']" url="https://dataverse.unimi.it/dataverse/bioscienze"
level=error msg="cdp.Runtime: Evaluate: rpc error: Inspected target navigated or closed (code = -32000)" issue="Headless Evaluate" url="https://dataverse.unimi.it/dataverse/BC"
level=error msg="cdp.Runtime: Evaluate: rpc error: Inspected target navigated or closed (code = -32000)" issue="converting json ld" url="https://dataverse.unimi.it/dataverse/BC"
level=error msg="cdp.Runtime: Evaluate: rpc error: Inspected target navigated or closed (code = -32000)" issue="Headless Evaluate" url="https://dataverse.unimi.it/dataverse/Cbattaglia"
level=error msg="cdp.Runtime: Evaluate: rpc error: Inspected target navigated or closed (code = -32000)" issue="converting json ld" url="https://dataverse.unimi.it/dataverse/Cbattaglia"
level=error msg="cdp.Runtime: Evaluate: rpc error: Inspected target navigated or closed (code = -32000)" issue="Headless Evaluate" url="https://dataverse.unimi.it/dataverse/DEPT"
level=error msg="cdp.Runtime: Evaluate: rpc error: Inspected target navigated or closed (code = -32000)" issue="converting json ld" url="https://dataverse.unimi.it/dataverse/DEPT"
level=error msg="cdp.Runtime: Evaluate: rpc error: Inspected target navigated or closed (code = -32000)" issue="Headless Evaluate" url="https://dataverse.unimi.it/dataverse/BIOMETRA"
level=error msg="cdp.Runtime: Evaluate: rpc error: Inspected target navigated or closed (code = -32000)" issue="converting json ld" url="https://dataverse.unimi.it/dataverse/BIOMETRA"
level=error msg="cdp.Runtime: Evaluate: rpc error: Inspected target navigated or closed (code = -32000)" issue="Headless Evaluate" url="https://dataverse.unimi.it/dataverse/bioscienze"
level=error msg="cdp.Runtime: Evaluate: rpc error: Inspected target navigated or closed (code = -32000)" issue="converting json ld" url="https://dataverse.unimi.it/dataverse/bioscienze"
level=error contentType="Direct access failed, trying headless']" url="https://dataverse.unimi.it/dataverse/SDT"
level=error contentType="Direct access failed, trying headless']" url="https://dataverse.unimi.it/dataverse/DISAA"
level=error contentType="Direct access failed, trying headless']" url="https://dataverse.unimi.it/dataverse/ESP"
level=error contentType="Direct access failed, trying headless']" url="https://dataverse.unimi.it/dataverse/dibic"
level=error contentType="Direct access failed, trying headless']" url="https://dataverse.unimi.it/dataverse/DI"
level=error msg="cdp.Runtime: Evaluate: rpc error: Inspected target navigated or closed (code = -32000)" issue="Headless Evaluate" url="https://dataverse.unimi.it/dataverse/SDT"
level=error msg="cdp.Runtime: Evaluate: rpc error: Inspected target navigated or closed (code = -32000)" issue="converting json ld" url="https://dataverse.unimi.it/dataverse/SDT"
level=error msg="cdp.Runtime: Evaluate: rpc error: Inspected target navigated or closed (code = -32000)" issue="Headless Evaluate" url="https://dataverse.unimi.it/dataverse/dibic"
level=error msg="cdp.Runtime: Evaluate: rpc error: Inspected target navigated or closed (code = -32000)" issue="Headless Evaluate" url="https://dataverse.unimi.it/dataverse/DI"
level=error msg="cdp.Runtime: Evaluate: rpc error: Inspected target navigated or closed (code = -32000)" issue="converting json ld" url="https://dataverse.unimi.it/dataverse/DI"
level=error msg="cdp.Runtime: Evaluate: rpc error: Inspected target navigated or closed (code = -32000)" issue="converting json ld" url="https://dataverse.unimi.it/dataverse/dibic"
level=error msg="cdp.Runtime: Evaluate: rpc error: Inspected target navigated or closed (code = -32000)" issue="Headless Evaluate" url="https://dataverse.unimi.it/dataverse/DISAA"
level=error msg="cdp.Runtime: Evaluate: rpc error: Inspected target navigated or closed (code = -32000)" issue="Headless Evaluate" url="https://dataverse.unimi.it/dataverse/ESP"
level=error msg="cdp.Runtime: Evaluate: rpc error: Inspected target navigated or closed (code = -32000)" issue="converting json ld" url="https://dataverse.unimi.it/dataverse/ESP"
level=error msg="cdp.Runtime: Evaluate: rpc error: Inspected target navigated or closed (code = -32000)" issue="converting json ld" url="https://dataverse.unimi.it/dataverse/DISAA"
level=error contentType="Direct access failed, trying headless']" url="https://dataverse.unimi.it/dataverse/ScientificReport"
level=error contentType="Direct access failed, trying headless']" url="https://dataverse.unimi.it/dataverse/erisimo"
level=error contentType="Direct access failed, trying headless']" url="https://dataverse.unimi.it/dataverse/EWL"
level=error contentType="Direct access failed, trying headless']" url="https://dataverse.unimi.it/dataverse/DNAemia-Zonulin"
level=error contentType="Direct access failed, trying headless']" url="https://dataverse.unimi.it/dataverse/Defens"
level=error msg="cdp.Runtime: Evaluate: rpc error: Inspected target navigated or closed (code = -32000)" issue="Headless Evaluate" url="https://dataverse.unimi.it/dataverse/erisimo"
level=error msg="cdp.Runtime: Evaluate: rpc error: Inspected target navigated or closed (code = -32000)" issue="Headless Evaluate" url="https://dataverse.unimi.it/dataverse/EWL"
level=error msg="cdp.Runtime: Evaluate: rpc error: Inspected target navigated or closed (code = -32000)" issue="converting json ld" url="https://dataverse.unimi.it/dataverse/EWL"
level=error msg="cdp.Runtime: Evaluate: rpc error: Inspected target navigated or closed (code = -32000)" issue="converting json ld" url="https://dataverse.unimi.it/dataverse/erisimo"
level=error msg="cdp.Runtime: Evaluate: rpc error: Inspected target navigated or closed (code = -32000)" issue="Headless Evaluate" url="https://dataverse.unimi.it/dataverse/DNAemia-Zonulin"
level=error msg="cdp.Runtime: Evaluate: rpc error: Inspected target navigated or closed (code = -32000)" issue="Headless Evaluate" url="https://dataverse.unimi.it/dataverse/Defens"
level=error msg="cdp.Runtime: Evaluate: rpc error: Inspected target navigated or closed (code = -32000)" issue="converting json ld" url="https://dataverse.unimi.it/dataverse/Defens"
level=error msg="cdp.Runtime: Evaluate: rpc error: Inspected target navigated or closed (code = -32000)" issue="converting json ld" url="https://dataverse.unimi.it/dataverse/DNAemia-Zonulin"
level=error msg="cdp.Runtime: Evaluate: rpc error: Inspected target navigated or closed (code = -32000)" issue="Headless Evaluate" url="https://dataverse.unimi.it/dataverse/ScientificReport"
level=error msg="cdp.Runtime: Evaluate: rpc error: Inspected target navigated or closed (code = -32000)" issue="converting json ld" url="https://dataverse.unimi.it/dataverse/ScientificReport"
level=error contentType="Direct access failed, trying headless']" url="https://dataverse.unimi.it/dataverse/FMStefanini"
level=error contentType="Direct access failed, trying headless']" url="https://dataverse.unimi.it/dataverse/fish-AI"
level=error contentType="Direct access failed, trying headless']" url="https://dataverse.unimi.it/dataverse/FET-NoPEST"
level=error contentType="Direct access failed, trying headless']" url="https://dataverse.unimi.it/dataverse/FISHAI_meetings"
level=error contentType="Direct access failed, trying headless']" url="https://dataverse.unimi.it/dataverse/farmbase"
level=error msg="cdp.Runtime: Evaluate: rpc error: Inspected target navigated or closed (code = -32000)" issue="Headless Evaluate" url="https://dataverse.unimi.it/dataverse/FMStefanini"
level=error msg="cdp.Runtime: Evaluate: rpc error: Inspected target navigated or closed (code = -32000)" issue="Headless Evaluate" url="https://dataverse.unimi.it/dataverse/FET-NoPEST"
level=error msg="cdp.Runtime: Evaluate: rpc error: Inspected target navigated or closed (code = -32000)" issue="converting json ld" url="https://dataverse.unimi.it/dataverse/FET-NoPEST"
level=error msg="cdp.Runtime: Evaluate: rpc error: Inspected target navigated or closed (code = -32000)" issue="Headless Evaluate" url="https://dataverse.unimi.it/dataverse/FISHAI_meetings"
level=error msg="cdp.Runtime: Evaluate: rpc error: Inspected target navigated or closed (code = -32000)" issue="Headless Evaluate" url="https://dataverse.unimi.it/dataverse/farmbase"
level=error msg="cdp.Runtime: Evaluate: rpc error: Inspected target navigated or closed (code = -32000)" issue="converting json ld" url="https://dataverse.unimi.it/dataverse/FISHAI_meetings"
level=error msg="cdp.Runtime: Evaluate: rpc error: Inspected target navigated or closed (code = -32000)" issue="converting json ld" url="https://dataverse.unimi.it/dataverse/FMStefanini"
level=error msg="cdp.Runtime: Evaluate: rpc error: Inspected target navigated or closed (code = -32000)" issue="converting json ld" url="https://dataverse.unimi.it/dataverse/farmbase"
level=error msg="cdp.Runtime: Evaluate: rpc error: Inspected target navigated or closed (code = -32000)" issue="Headless Evaluate" url="https://dataverse.unimi.it/dataverse/fish-AI"
level=error msg="cdp.Runtime: Evaluate: rpc error: Inspected target navigated or closed (code = -32000)" issue="converting json ld" url="https://dataverse.unimi.it/dataverse/fish-AI"
level=error contentType="Direct access failed, trying headless']" url="https://dataverse.unimi.it/dataverse/3DCVC"
level=error contentType="Direct access failed, trying headless']" url="https://dataverse.unimi.it/dataverse/materials"
level=error contentType="Direct access failed, trying headless']" url="https://dataverse.unimi.it/dataverse/Herbsforvoi"
level=error contentType="Direct access failed, trying headless']" url="https://dataverse.unimi.it/dataverse/GiovarelliPR2021"
level=error contentType="Direct access failed, trying headless']" url="https://dataverse.unimi.it/dataverse/GiovarelliCDDiff2020"
level=error msg="cdp.Runtime: Evaluate: rpc error: Inspected target navigated or closed (code = -32000)" issue="Headless Evaluate" url="https://dataverse.unimi.it/dataverse/3DCVC"
level=error msg="cdp.Runtime: Evaluate: rpc error: Inspected target navigated or closed (code = -32000)" issue="Headless Evaluate" url="https://dataverse.unimi.it/dataverse/Herbsforvoi"
level=error msg="cdp.Runtime: Evaluate: rpc error: Inspected target navigated or closed (code = -32000)" issue="converting json ld" url="https://dataverse.unimi.it/dataverse/Herbsforvoi"
level=error msg="cdp.Runtime: Evaluate: rpc error: Inspected target navigated or closed (code = -32000)" issue="Headless Evaluate" url="https://dataverse.unimi.it/dataverse/materials"
level=error msg="cdp.Runtime: Evaluate: rpc error: Inspected target navigated or closed (code = -32000)" issue="Headless Evaluate" url="https://dataverse.unimi.it/dataverse/GiovarelliPR2021"
level=error msg="cdp.Runtime: Evaluate: rpc error: Inspected target navigated or closed (code = -32000)" issue="converting json ld" url="https://dataverse.unimi.it/dataverse/GiovarelliPR2021"
level=error msg="cdp.Runtime: Evaluate: rpc error: Inspected target navigated or closed (code = -32000)" issue="Headless Evaluate" url="https://dataverse.unimi.it/dataverse/GiovarelliCDDiff2020"
level=error msg="cdp.Runtime: Evaluate: rpc error: Inspected target navigated or closed (code = -32000)" issue="converting json ld" url="https://dataverse.unimi.it/dataverse/GiovarelliCDDiff2020"
level=error msg="cdp.Runtime: Evaluate: rpc error: Inspected target navigated or closed (code = -32000)" issue="converting json ld" url="https://dataverse.unimi.it/dataverse/3DCVC"
level=error msg="cdp.Runtime: Evaluate: rpc error: Inspected target navigated or closed (code = -32000)" issue="converting json ld" url="https://dataverse.unimi.it/dataverse/materials"
level=error contentType="Direct access failed, trying headless']" url="https://dataverse.unimi.it/dataverse/morfmicr"
level=error contentType="Direct access failed, trying headless']" url="https://dataverse.unimi.it/dataverse/In_cucina_con_erisimo"
level=error contentType="Direct access failed, trying headless']" url="https://dataverse.unimi.it/dataverse/nanolab"
level=error contentType="Direct access failed, trying headless']" url="https://dataverse.unimi.it/dataverse/itaca"
level=error contentType="Direct access failed, trying headless']" url="https://dataverse.unimi.it/dataverse/JPI-MaPLE"
level=error msg="cdp.Runtime: Evaluate: rpc error: Inspected target navigated or closed (code = -32000)" issue="Headless Evaluate" url="https://dataverse.unimi.it/dataverse/itaca"
level=error msg="cdp.Runtime: Evaluate: rpc error: Inspected target navigated or closed (code = -32000)" issue="Headless Evaluate" url="https://dataverse.unimi.it/dataverse/In_cucina_con_erisimo"
level=error msg="cdp.Runtime: Evaluate: rpc error: Inspected target navigated or closed (code = -32000)" issue="converting json ld" url="https://dataverse.unimi.it/dataverse/In_cucina_con_erisimo"
level=error msg="cdp.Runtime: Evaluate: rpc error: Inspected target navigated or closed (code = -32000)" issue="Headless Evaluate" url="https://dataverse.unimi.it/dataverse/JPI-MaPLE"
level=error msg="cdp.Runtime: Evaluate: rpc error: Inspected target navigated or closed (code = -32000)" issue="converting json ld" url="https://dataverse.unimi.it/dataverse/itaca"
level=error msg="cdp.Runtime: Evaluate: rpc error: Inspected target navigated or closed (code = -32000)" issue="Headless Evaluate" url="https://dataverse.unimi.it/dataverse/morfmicr"
level=error msg="cdp.Runtime: Evaluate: rpc error: Inspected target navigated or closed (code = -32000)" issue="Headless Evaluate" url="https://dataverse.unimi.it/dataverse/nanolab"
level=error msg="cdp.Runtime: Evaluate: rpc error: Inspected target navigated or closed (code = -32000)" issue="converting json ld" url="https://dataverse.unimi.it/dataverse/morfmicr"
level=error msg="cdp.Runtime: Evaluate: rpc error: Inspected target navigated or closed (code = -32000)" issue="converting json ld" url="https://dataverse.unimi.it/dataverse/nanolab"
level=error msg="cdp.Runtime: Evaluate: rpc error: Inspected target navigated or closed (code = -32000)" issue="converting json ld" url="https://dataverse.unimi.it/dataverse/JPI-MaPLE"
level=error contentType="Direct access failed, trying headless']" url="https://dataverse.unimi.it/dataverse/madforwater-wp2"
level=error contentType="Direct access failed, trying headless']" url="https://dataverse.unimi.it/dataverse/madforwater-wp3"
level=error contentType="Direct access failed, trying headless']" url="https://dataverse.unimi.it/dataverse/IJMS2021"
level=error contentType="Direct access failed, trying headless']" url="https://dataverse.unimi.it/dataverse/IJMS-Muscle"
level=error contentType="Direct access failed, trying headless']" url="https://dataverse.unimi.it/dataverse/nutrients"
level=error msg="cdp.Runtime: Evaluate: rpc error: Inspected target navigated or closed (code = -32000)" issue="Headless Evaluate" url="https://dataverse.unimi.it/dataverse/madforwater-wp3"
level=error msg="cdp.Runtime: Evaluate: rpc error: Inspected target navigated or closed (code = -32000)" issue="Headless Evaluate" url="https://dataverse.unimi.it/dataverse/IJMS-Muscle"
level=error msg="cdp.Runtime: Evaluate: rpc error: Inspected target navigated or closed (code = -32000)" issue="Headless Evaluate" url="https://dataverse.unimi.it/dataverse/nutrients"
level=error msg="cdp.Runtime: Evaluate: rpc error: Inspected target navigated or closed (code = -32000)" issue="converting json ld" url="https://dataverse.unimi.it/dataverse/nutrients"
level=error msg="cdp.Runtime: Evaluate: rpc error: Inspected target navigated or closed (code = -32000)" issue="Headless Evaluate" url="https://dataverse.unimi.it/dataverse/madforwater-wp2"
level=error msg="cdp.Runtime: Evaluate: rpc error: Inspected target navigated or closed (code = -32000)" issue="converting json ld" url="https://dataverse.unimi.it/dataverse/madforwater-wp3"
level=error msg="cdp.Runtime: Evaluate: rpc error: Inspected target navigated or closed (code = -32000)" issue="converting json ld" url="https://dataverse.unimi.it/dataverse/IJMS-Muscle"
level=error msg="cdp.Runtime: Evaluate: rpc error: Inspected target navigated or closed (code = -32000)" issue="Headless Evaluate" url="https://dataverse.unimi.it/dataverse/IJMS2021"
level=error msg="cdp.Runtime: Evaluate: rpc error: Inspected target navigated or closed (code = -32000)" issue="converting json ld" url="https://dataverse.unimi.it/dataverse/madforwater-wp2"
level=error msg="cdp.Runtime: Evaluate: rpc error: Inspected target navigated or closed (code = -32000)" issue="converting json ld" url="https://dataverse.unimi.it/dataverse/IJMS2021"
level=error contentType="Direct access failed, trying headless']" url="https://dataverse.unimi.it/dataverse/mrav"
level=error contentType="Direct access failed, trying headless']" url="https://dataverse.unimi.it/dataverse/microwine"
level=error contentType="Direct access failed, trying headless']" url="https://dataverse.unimi.it/dataverse/ncRNAging"
level=error contentType="Direct access failed, trying headless']" url="https://dataverse.unimi.it/dataverse/lung_microbiota-metastases"
level=error contentType="Direct access failed, trying headless']" url="https://dataverse.unimi.it/dataverse/NATURE"
level=error msg="cdp.Runtime: Evaluate: rpc error: Execution context was destroyed. (code = -32000)" issue="Headless Evaluate" url="https://dataverse.unimi.it/dataverse/lung_microbiota-metastases"
level=error msg="cdp.Runtime: Evaluate: rpc error: Execution context was destroyed. (code = -32000)" issue="converting json ld" url="https://dataverse.unimi.it/dataverse/lung_microbiota-metastases"
level=error msg="cdp.Runtime: Evaluate: rpc error: Execution context was destroyed. (code = -32000)" issue="Headless Evaluate" url="https://dataverse.unimi.it/dataverse/ncRNAging"
level=error msg="cdp.Runtime: Evaluate: rpc error: Execution context was destroyed. (code = -32000)" issue="Headless Evaluate" url="https://dataverse.unimi.it/dataverse/mrav"
level=error msg="cdp.Runtime: Evaluate: rpc error: Execution context was destroyed. (code = -32000)" issue="converting json ld" url="https://dataverse.unimi.it/dataverse/mrav"
level=error msg="cdp.Runtime: Evaluate: rpc error: Execution context was destroyed. (code = -32000)" issue="Headless Evaluate" url="https://dataverse.unimi.it/dataverse/microwine"
level=error msg="cdp.Runtime: Evaluate: rpc error: Execution context was destroyed. (code = -32000)" issue="converting json ld" url="https://dataverse.unimi.it/dataverse/microwine"
level=error msg="cdp.Runtime: Evaluate: rpc error: Execution context was destroyed. (code = -32000)" issue="converting json ld" url="https://dataverse.unimi.it/dataverse/ncRNAging"
level=error msg="cdp.Runtime: Evaluate: rpc error: Execution context was destroyed. (code = -32000)" issue="Headless Evaluate" url="https://dataverse.unimi.it/dataverse/NATURE"
level=error msg="cdp.Runtime: Evaluate: rpc error: Execution context was destroyed. (code = -32000)" issue="converting json ld" url="https://dataverse.unimi.it/dataverse/NATURE"
level=error contentType="Direct access failed, trying headless']" url="https://dataverse.unimi.it/dataverse/PT"
level=error contentType="Direct access failed, trying headless']" url="https://dataverse.unimi.it/dataverse/SENSE"
level=error contentType="Direct access failed, trying headless']" url="https://dataverse.unimi.it/dataverse/SEED2020_IMPATTO"
level=error contentType="Direct access failed, trying headless']" url="https://dataverse.unimi.it/dataverse/patgen"
level=error contentType="Direct access failed, trying headless']" url="https://dataverse.unimi.it/dataverse/optlab"
level=error msg="cdp.Runtime: Evaluate: rpc error: Inspected target navigated or closed (code = -32000)" issue="Headless Evaluate" url="https://dataverse.unimi.it/dataverse/optlab"
level=error msg="cdp.Runtime: Evaluate: rpc error: Inspected target navigated or closed (code = -32000)" issue="converting json ld" url="https://dataverse.unimi.it/dataverse/optlab"
level=error msg="cdp.Runtime: Evaluate: rpc error: Inspected target navigated or closed (code = -32000)" issue="Headless Evaluate" url="https://dataverse.unimi.it/dataverse/SENSE"
level=error msg="cdp.Runtime: Evaluate: rpc error: Inspected target navigated or closed (code = -32000)" issue="converting json ld" url="https://dataverse.unimi.it/dataverse/SENSE"
level=error msg="cdp.Runtime: Evaluate: rpc error: Inspected target navigated or closed (code = -32000)" issue="Headless Evaluate" url="https://dataverse.unimi.it/dataverse/PT"
level=error msg="cdp.Runtime: Evaluate: rpc error: Inspected target navigated or closed (code = -32000)" issue="Headless Evaluate" url="https://dataverse.unimi.it/dataverse/SEED2020_IMPATTO"
level=error msg="cdp.Runtime: Evaluate: rpc error: Inspected target navigated or closed (code = -32000)" issue="converting json ld" url="https://dataverse.unimi.it/dataverse/SEED2020_IMPATTO"
level=error msg="cdp.Runtime: Evaluate: rpc error: Inspected target navigated or closed (code = -32000)" issue="Headless Evaluate" url="https://dataverse.unimi.it/dataverse/patgen"
level=error msg="cdp.Runtime: Evaluate: rpc error: Inspected target navigated or closed (code = -32000)" issue="converting json ld" url="https://dataverse.unimi.it/dataverse/PT"
level=error msg="cdp.Runtime: Evaluate: rpc error: Inspected target navigated or closed (code = -32000)" issue="converting json ld" url="https://dataverse.unimi.it/dataverse/patgen"
level=error contentType="Direct access failed, trying headless']" url="https://dataverse.unimi.it/dataverse/WP1_SENSE"
level=error contentType="Direct access failed, trying headless']" url="https://dataverse.unimi.it/dataverse/WP2_SENSE"
level=error contentType="Direct access failed, trying headless']" url="https://dataverse.unimi.it/dataverse/WP3_SENSE"
level=error contentType="Direct access failed, trying headless']" url="https://dataverse.unimi.it/dataverse/WP4_SENSE"
level=error contentType="Direct access failed, trying headless']" url="https://dataverse.unimi.it/dataverse/scientificreports_2020"
level=error msg="cdp.Runtime: Evaluate: rpc error: Inspected target navigated or closed (code = -32000)" issue="Headless Evaluate" url="https://dataverse.unimi.it/dataverse/WP1_SENSE"
level=error msg="cdp.Runtime: Evaluate: rpc error: Inspected target navigated or closed (code = -32000)" issue="converting json ld" url="https://dataverse.unimi.it/dataverse/WP1_SENSE"
level=error msg="cdp.Runtime: Evaluate: rpc error: Inspected target navigated or closed (code = -32000)" issue="Headless Evaluate" url="https://dataverse.unimi.it/dataverse/WP3_SENSE"
level=error msg="cdp.Runtime: Evaluate: rpc error: Inspected target navigated or closed (code = -32000)" issue="converting json ld" url="https://dataverse.unimi.it/dataverse/WP3_SENSE"
level=error msg="cdp.Runtime: Evaluate: rpc error: Inspected target navigated or closed (code = -32000)" issue="Headless Evaluate" url="https://dataverse.unimi.it/dataverse/WP4_SENSE"
level=error msg="cdp.Runtime: Evaluate: rpc error: Inspected target navigated or closed (code = -32000)" issue="Headless Evaluate" url="https://dataverse.unimi.it/dataverse/scientificreports_2020"
level=error msg="cdp.Runtime: Evaluate: rpc error: Inspected target navigated or closed (code = -32000)" issue="converting json ld" url="https://dataverse.unimi.it/dataverse/WP4_SENSE"
level=error msg="cdp.Runtime: Evaluate: rpc error: Inspected target navigated or closed (code = -32000)" issue="converting json ld" url="https://dataverse.unimi.it/dataverse/scientificreports_2020"
level=error msg="cdp.Runtime: Evaluate: rpc error: Inspected target navigated or closed (code = -32000)" issue="Headless Evaluate" url="https://dataverse.unimi.it/dataverse/WP2_SENSE"
level=error msg="cdp.Runtime: Evaluate: rpc error: Inspected target navigated or closed (code = -32000)" issue="converting json ld" url="https://dataverse.unimi.it/dataverse/WP2_SENSE"
level=error contentType="Direct access failed, trying headless']" url="https://dataverse.unimi.it/dataverse/root"
level=error contentType="Direct access failed, trying headless']" url="https://dataverse.unimi.it/dataverse/SMC"
level=error contentType="Direct access failed, trying headless']" url="https://dataverse.unimi.it/dataverse/FishAI_SOP"
level=error contentType="Direct access failed, trying headless']" url="https://dataverse.unimi.it/dataverse/UNGAHLM"
level=error contentType="Direct access failed, trying headless']" url="https://dataverse.unimi.it/dataverse/IFNg"
level=error msg="cdp.Runtime: Evaluate: rpc error: Inspected target navigated or closed (code = -32000)" issue="Headless Evaluate" url="https://dataverse.unimi.it/dataverse/root"
level=error msg="cdp.Runtime: Evaluate: rpc error: Inspected target navigated or closed (code = -32000)" issue="Headless Evaluate" url="https://dataverse.unimi.it/dataverse/SMC"
level=error msg="cdp.Runtime: Evaluate: rpc error: Inspected target navigated or closed (code = -32000)" issue="converting json ld" url="https://dataverse.unimi.it/dataverse/root"
level=error msg="cdp.Runtime: Evaluate: rpc error: Inspected target navigated or closed (code = -32000)" issue="converting json ld" url="https://dataverse.unimi.it/dataverse/SMC"
level=error msg="cdp.Runtime: Evaluate: rpc error: Inspected target navigated or closed (code = -32000)" issue="Headless Evaluate" url="https://dataverse.unimi.it/dataverse/UNGAHLM"
level=error msg="cdp.Runtime: Evaluate: rpc error: Inspected target navigated or closed (code = -32000)" issue="converting json ld" url="https://dataverse.unimi.it/dataverse/UNGAHLM"
level=error msg="cdp.Runtime: Evaluate: rpc error: Inspected target navigated or closed (code = -32000)" issue="Headless Evaluate" url="https://dataverse.unimi.it/dataverse/IFNg"
level=error msg="cdp.Runtime: Evaluate: rpc error: Inspected target navigated or closed (code = -32000)" issue="Headless Evaluate" url="https://dataverse.unimi.it/dataverse/FishAI_SOP"
level=error msg="cdp.Runtime: Evaluate: rpc error: Inspected target navigated or closed (code = -32000)" issue="converting json ld" url="https://dataverse.unimi.it/dataverse/IFNg"
level=error msg="cdp.Runtime: Evaluate: rpc error: Inspected target navigated or closed (code = -32000)" issue="converting json ld" url="https://dataverse.unimi.it/dataverse/FishAI_SOP"
level=error contentType="Direct access failed, trying headless']" url="https://dataverse.unimi.it/dataverse/WARFARE"
level=error contentType="Direct access failed, trying headless']" url="https://dataverse.unimi.it/dataverse/biomedicines"
level=error msg="cdp.Runtime: Evaluate: rpc error: Inspected target navigated or closed (code = -32000)" issue="Headless Evaluate" url="https://dataverse.unimi.it/dataverse/biomedicines"
level=error msg="cdp.Runtime: Evaluate: rpc error: Inspected target navigated or closed (code = -32000)" issue="converting json ld" url="https://dataverse.unimi.it/dataverse/biomedicines"
level=error msg="cdp.Runtime: Evaluate: rpc error: Inspected target navigated or closed (code = -32000)" issue="Headless Evaluate" url="https://dataverse.unimi.it/dataverse/WARFARE"
level=error msg="cdp.Runtime: Evaluate: rpc error: Inspected target navigated or closed (code = -32000)" issue="converting json ld" url="https://dataverse.unimi.it/dataverse/WARFARE"
