level=info msg="Queuing URLs for ifdc"
level=info msg="URL Count 404"
level=info contentType="script[type='application/ld+json']" url="https://dataverse.ifdc.org/dataset.xhtml?persistentId=hdl:20.500.13038/FK2/2HUS1V"
level=info contentType="script[type='application/ld+json']" url="https://dataverse.ifdc.org/dataset.xhtml?persistentId=hdl:20.500.13038/FK2/LEB016"
level=info contentType="script[type='application/ld+json']" url="https://dataverse.ifdc.org/dataset.xhtml?persistentId=hdl:20.500.13038/FK2/QYXYTY"
level=info contentType="script[type='application/ld+json']" url="https://dataverse.ifdc.org/dataset.xhtml?persistentId=hdl:20.500.13038/FK2/R5FHAO"
level=info contentType="script[type='application/ld+json']" url="https://dataverse.ifdc.org/dataset.xhtml?persistentId=hdl:20.500.13038/FK2/DDDQTS"
level=info contentType="script[type='application/ld+json']" url="https://dataverse.ifdc.org/dataset.xhtml?persistentId=hdl:20.500.13038/FK2/2GWORW"
level=info contentType="script[type='application/ld+json']" url="https://dataverse.ifdc.org/dataset.xhtml?persistentId=hdl:20.500.13038/FK2/HWGFIP"
level=info contentType="script[type='application/ld+json']" url="https://dataverse.ifdc.org/dataset.xhtml?persistentId=hdl:20.500.13038/FK2/P3TM1P"
level=info contentType="script[type='application/ld+json']" url="https://dataverse.ifdc.org/dataset.xhtml?persistentId=hdl:20.500.13038/FK2/ICF9WW"
level=info contentType="script[type='application/ld+json']" url="https://dataverse.ifdc.org/dataset.xhtml?persistentId=hdl:20.500.13038/FK2/JHVN6C"
level=info contentType="script[type='application/ld+json']" url="https://dataverse.ifdc.org/dataset.xhtml?persistentId=hdl:20.500.13038/FK2/LM6DLQ"
level=info contentType="script[type='application/ld+json']" url="https://dataverse.ifdc.org/dataset.xhtml?persistentId=hdl:20.500.13038/FK2/MSNIBW"
level=info contentType="script[type='application/ld+json']" url="https://dataverse.ifdc.org/dataset.xhtml?persistentId=hdl:20.500.13038/FK2/QIEWHD"
level=info contentType="script[type='application/ld+json']" url="https://dataverse.ifdc.org/dataset.xhtml?persistentId=hdl:20.500.13038/FK2/J0KUUB"
level=info contentType="script[type='application/ld+json']" url="https://dataverse.ifdc.org/dataset.xhtml?persistentId=hdl:20.500.13038/FK2/PMYQE3"
level=info contentType="script[type='application/ld+json']" url="https://dataverse.ifdc.org/dataset.xhtml?persistentId=hdl:20.500.13038/FK2/O7SH4B"
level=info contentType="script[type='application/ld+json']" url="https://dataverse.ifdc.org/dataset.xhtml?persistentId=hdl:20.500.13038/FK2/JEITIX"
level=info contentType="script[type='application/ld+json']" url="https://dataverse.ifdc.org/dataset.xhtml?persistentId=hdl:20.500.13038/FK2/HW6QVQ"
level=info contentType="script[type='application/ld+json']" url="https://dataverse.ifdc.org/dataset.xhtml?persistentId=hdl:20.500.13038/FK2/OWAM5D"
level=info contentType="script[type='application/ld+json']" url="https://dataverse.ifdc.org/dataset.xhtml?persistentId=hdl:20.500.13038/FK2/B2MZZI"
level=info contentType="script[type='application/ld+json']" url="https://dataverse.ifdc.org/dataset.xhtml?persistentId=hdl:20.500.13038/FK2/KAPBWG"
level=info contentType="script[type='application/ld+json']" url="https://dataverse.ifdc.org/dataset.xhtml?persistentId=hdl:20.500.13038/FK2/ZB0Z0K"
level=info contentType="script[type='application/ld+json']" url="https://dataverse.ifdc.org/dataset.xhtml?persistentId=hdl:20.500.13038/FK2/9E5OJV"
level=info contentType="script[type='application/ld+json']" url="https://dataverse.ifdc.org/dataset.xhtml?persistentId=hdl:20.500.13038/FK2/X2SYZ4"
level=info contentType="script[type='application/ld+json']" url="https://dataverse.ifdc.org/dataset.xhtml?persistentId=hdl:20.500.13038/FK2/0R39SA"
level=info contentType="script[type='application/ld+json']" url="https://dataverse.ifdc.org/dataset.xhtml?persistentId=hdl:20.500.13038/FK2/UOOPEV"
level=info contentType="script[type='application/ld+json']" url="https://dataverse.ifdc.org/dataset.xhtml?persistentId=hdl:20.500.13038/FK2/GBPJJV"
level=info contentType="script[type='application/ld+json']" url="https://dataverse.ifdc.org/dataset.xhtml?persistentId=hdl:20.500.13038/FK2/SN0M8Q"
level=info contentType="script[type='application/ld+json']" url="https://dataverse.ifdc.org/dataset.xhtml?persistentId=hdl:20.500.13038/FK2/HQIGUM"
level=info contentType="script[type='application/ld+json']" url="https://dataverse.ifdc.org/dataset.xhtml?persistentId=hdl:20.500.13038/FK2/YINXOZ"
level=info contentType="script[type='application/ld+json']" url="https://dataverse.ifdc.org/dataset.xhtml?persistentId=hdl:20.500.13038/FK2/SPFW9C"
level=info contentType="script[type='application/ld+json']" url="https://dataverse.ifdc.org/dataset.xhtml?persistentId=hdl:20.500.13038/FK2/UHU96D"
level=info contentType="script[type='application/ld+json']" url="https://dataverse.ifdc.org/dataset.xhtml?persistentId=hdl:20.500.13038/FK2/YQWSKM"
level=info contentType="script[type='application/ld+json']" url="https://dataverse.ifdc.org/dataset.xhtml?persistentId=hdl:20.500.13038/FK2/RAMUX0"
level=info contentType="script[type='application/ld+json']" url="https://dataverse.ifdc.org/dataset.xhtml?persistentId=hdl:20.500.13038/FK2/SMWHF1"
level=info contentType="script[type='application/ld+json']" url="https://dataverse.ifdc.org/dataset.xhtml?persistentId=hdl:20.500.13038/FK2/ONR1MU"
level=info contentType="script[type='application/ld+json']" url="https://dataverse.ifdc.org/dataset.xhtml?persistentId=hdl:20.500.13038/FK2/QQVYOZ"
level=info contentType="script[type='application/ld+json']" url="https://dataverse.ifdc.org/dataset.xhtml?persistentId=hdl:20.500.13038/FK2/S9XR2D"
level=info contentType="script[type='application/ld+json']" url="https://dataverse.ifdc.org/dataset.xhtml?persistentId=hdl:20.500.13038/FK2/VIOQGK"
level=info contentType="script[type='application/ld+json']" url="https://dataverse.ifdc.org/dataset.xhtml?persistentId=hdl:20.500.13038/FK2/RHA6XA"
level=info contentType="script[type='application/ld+json']" url="https://dataverse.ifdc.org/dataset.xhtml?persistentId=hdl:20.500.13038/FK2/Y31WZL"
level=info contentType="script[type='application/ld+json']" url="https://dataverse.ifdc.org/dataset.xhtml?persistentId=hdl:20.500.13038/FK2/4JASKT"
level=info contentType="script[type='application/ld+json']" url="https://dataverse.ifdc.org/dataset.xhtml?persistentId=hdl:20.500.13038/FK2/IQ4QME"
level=info contentType="script[type='application/ld+json']" url="https://dataverse.ifdc.org/dataset.xhtml?persistentId=hdl:20.500.13038/FK2/XXQOFN"
level=info contentType="script[type='application/ld+json']" url="https://dataverse.ifdc.org/dataset.xhtml?persistentId=hdl:20.500.13038/FK2/FTSL3A"
level=info contentType="script[type='application/ld+json']" url="https://dataverse.ifdc.org/dataset.xhtml?persistentId=hdl:20.500.13038/FK2/33IUNG"
level=info contentType="script[type='application/ld+json']" url="https://dataverse.ifdc.org/dataset.xhtml?persistentId=hdl:20.500.13038/FK2/PEEMEY"
level=info contentType="script[type='application/ld+json']" url="https://dataverse.ifdc.org/dataset.xhtml?persistentId=hdl:20.500.13038/FK2/LONQTW"
level=info contentType="script[type='application/ld+json']" url="https://dataverse.ifdc.org/dataset.xhtml?persistentId=hdl:20.500.13038/FK2/ZSCTYZ"
level=info contentType="script[type='application/ld+json']" url="https://dataverse.ifdc.org/dataset.xhtml?persistentId=hdl:20.500.13038/FK2/NTOARJ"
level=info contentType="script[type='application/ld+json']" url="https://dataverse.ifdc.org/dataset.xhtml?persistentId=hdl:20.500.13038/FK2/MT8OVM"
level=info contentType="script[type='application/ld+json']" url="https://dataverse.ifdc.org/dataset.xhtml?persistentId=hdl:20.500.13038/FK2/ZUCL0W"
level=info contentType="script[type='application/ld+json']" url="https://dataverse.ifdc.org/dataset.xhtml?persistentId=hdl:20.500.13038/FK2/WK4LFK"
level=info contentType="script[type='application/ld+json']" url="https://dataverse.ifdc.org/dataset.xhtml?persistentId=hdl:20.500.13038/FK2/6D2NUD"
level=info contentType="script[type='application/ld+json']" url="https://dataverse.ifdc.org/dataset.xhtml?persistentId=hdl:20.500.13038/FK2/PJR3HD"
level=info contentType="script[type='application/ld+json']" url="https://dataverse.ifdc.org/dataset.xhtml?persistentId=hdl:20.500.13038/FK2/FXNVMY"
level=info contentType="script[type='application/ld+json']" url="https://dataverse.ifdc.org/dataset.xhtml?persistentId=hdl:20.500.13038/FK2/OOF7JX"
level=info contentType="script[type='application/ld+json']" url="https://dataverse.ifdc.org/dataset.xhtml?persistentId=hdl:20.500.13038/FK2/4EQAT1"
level=info contentType="script[type='application/ld+json']" url="https://dataverse.ifdc.org/dataset.xhtml?persistentId=hdl:20.500.13038/FK2/KLVGX7"
level=info contentType="script[type='application/ld+json']" url="https://dataverse.ifdc.org/dataset.xhtml?persistentId=hdl:20.500.13038/FK2/Z1GTWD"
level=info contentType="script[type='application/ld+json']" url="https://dataverse.ifdc.org/dataset.xhtml?persistentId=hdl:20.500.13038/FK2/GDJYTB"
level=info contentType="script[type='application/ld+json']" url="https://dataverse.ifdc.org/dataset.xhtml?persistentId=hdl:20.500.13038/FK2/7UBUOI"
level=info contentType="script[type='application/ld+json']" url="https://dataverse.ifdc.org/dataset.xhtml?persistentId=hdl:20.500.13038/FK2/QZHP2N"
level=info contentType="script[type='application/ld+json']" url="https://dataverse.ifdc.org/dataset.xhtml?persistentId=hdl:20.500.13038/FK2/YE3QBF"
level=info contentType="script[type='application/ld+json']" url="https://dataverse.ifdc.org/dataset.xhtml?persistentId=hdl:20.500.13038/FK2/JZGATW"
level=info contentType="script[type='application/ld+json']" url="https://dataverse.ifdc.org/dataset.xhtml?persistentId=hdl:20.500.13038/FK2/Q8SQQY"
level=info contentType="script[type='application/ld+json']" url="https://dataverse.ifdc.org/dataset.xhtml?persistentId=hdl:20.500.13038/FK2/YBIKEM"
level=info contentType="script[type='application/ld+json']" url="https://dataverse.ifdc.org/dataset.xhtml?persistentId=hdl:20.500.13038/FK2/RDOOF1"
level=info contentType="script[type='application/ld+json']" url="https://dataverse.ifdc.org/dataset.xhtml?persistentId=hdl:20.500.13038/FK2/YRSKXW"
level=info contentType="script[type='application/ld+json']" url="https://dataverse.ifdc.org/dataset.xhtml?persistentId=hdl:20.500.13038/FK2/OLFVL9"
level=info contentType="script[type='application/ld+json']" url="https://dataverse.ifdc.org/dataset.xhtml?persistentId=hdl:20.500.13038/FK2/F2RA9J"
level=info contentType="script[type='application/ld+json']" url="https://dataverse.ifdc.org/dataset.xhtml?persistentId=hdl:20.500.13038/FK2/CGCYPS"
level=info contentType="script[type='application/ld+json']" url="https://dataverse.ifdc.org/dataset.xhtml?persistentId=hdl:20.500.13038/FK2/RIBFU9"
level=info contentType="script[type='application/ld+json']" url="https://dataverse.ifdc.org/dataset.xhtml?persistentId=hdl:20.500.13038/FK2/M1WIF4"
level=info contentType="script[type='application/ld+json']" url="https://dataverse.ifdc.org/dataset.xhtml?persistentId=hdl:20.500.13038/FK2/VW4O6O"
level=info contentType="script[type='application/ld+json']" url="https://dataverse.ifdc.org/dataset.xhtml?persistentId=hdl:20.500.13038/FK2/TBIDBP"
level=info contentType="script[type='application/ld+json']" url="https://dataverse.ifdc.org/dataset.xhtml?persistentId=hdl:20.500.13038/FK2/Y5OV4P"
level=info contentType="script[type='application/ld+json']" url="https://dataverse.ifdc.org/dataset.xhtml?persistentId=hdl:20.500.13038/FK2/GCLI7J"
level=info contentType="script[type='application/ld+json']" url="https://dataverse.ifdc.org/dataset.xhtml?persistentId=hdl:20.500.13038/FK2/YSICXO"
level=info contentType="script[type='application/ld+json']" url="https://dataverse.ifdc.org/dataset.xhtml?persistentId=hdl:20.500.13038/FK2/R2JQOL"
level=info contentType="script[type='application/ld+json']" url="https://dataverse.ifdc.org/dataset.xhtml?persistentId=hdl:20.500.13038/FK2/I690IW"
level=info contentType="script[type='application/ld+json']" url="https://dataverse.ifdc.org/dataset.xhtml?persistentId=hdl:20.500.13038/FK2/2UQUJ4"
level=info contentType="script[type='application/ld+json']" url="https://dataverse.ifdc.org/dataset.xhtml?persistentId=hdl:20.500.13038/FK2/ZCWLHB"
level=info contentType="script[type='application/ld+json']" url="https://dataverse.ifdc.org/dataset.xhtml?persistentId=hdl:20.500.13038/FK2/UDUSV7"
level=info contentType="script[type='application/ld+json']" url="https://dataverse.ifdc.org/dataset.xhtml?persistentId=hdl:20.500.13038/FK2/JCL4ZO"
level=info contentType="script[type='application/ld+json']" url="https://dataverse.ifdc.org/dataset.xhtml?persistentId=hdl:20.500.13038/FK2/DFUJOO"
level=info contentType="script[type='application/ld+json']" url="https://dataverse.ifdc.org/dataset.xhtml?persistentId=hdl:20.500.13038/FK2/EEYG2P"
level=info contentType="script[type='application/ld+json']" url="https://dataverse.ifdc.org/dataset.xhtml?persistentId=hdl:20.500.13038/FK2/NB3DJF"
level=info contentType="script[type='application/ld+json']" url="https://dataverse.ifdc.org/dataset.xhtml?persistentId=hdl:20.500.13038/FK2/MTAHGV"
level=info contentType="script[type='application/ld+json']" url="https://dataverse.ifdc.org/dataset.xhtml?persistentId=hdl:20.500.13038/FK2/T1CRGJ"
level=info contentType="script[type='application/ld+json']" url="https://dataverse.ifdc.org/dataset.xhtml?persistentId=hdl:20.500.13038/FK2/X6GJKR"
level=info contentType="script[type='application/ld+json']" url="https://dataverse.ifdc.org/dataset.xhtml?persistentId=hdl:20.500.13038/FK2/RBP0NY"
level=info contentType="script[type='application/ld+json']" url="https://dataverse.ifdc.org/dataset.xhtml?persistentId=hdl:20.500.13038/FK2/DWLFF8"
level=info contentType="script[type='application/ld+json']" url="https://dataverse.ifdc.org/dataset.xhtml?persistentId=hdl:20.500.13038/FK2/ICHACB"
level=info contentType="script[type='application/ld+json']" url="https://dataverse.ifdc.org/dataset.xhtml?persistentId=hdl:20.500.13038/FK2/IJU7LE"
level=info contentType="script[type='application/ld+json']" url="https://dataverse.ifdc.org/dataset.xhtml?persistentId=hdl:20.500.13038/FK2/QE9OES"
level=info contentType="script[type='application/ld+json']" url="https://dataverse.ifdc.org/dataset.xhtml?persistentId=hdl:20.500.13038/FK2/KORWZ1"
level=info contentType="script[type='application/ld+json']" url="https://dataverse.ifdc.org/dataset.xhtml?persistentId=hdl:20.500.13038/FK2/CGXVD0"
level=info contentType="script[type='application/ld+json']" url="https://dataverse.ifdc.org/dataset.xhtml?persistentId=hdl:20.500.13038/FK2/EWWZPD"
level=info contentType="script[type='application/ld+json']" url="https://dataverse.ifdc.org/dataset.xhtml?persistentId=hdl:20.500.13038/FK2/OGREM0"
level=info contentType="script[type='application/ld+json']" url="https://dataverse.ifdc.org/dataset.xhtml?persistentId=hdl:20.500.13038/FK2/6WUITK"
level=info contentType="script[type='application/ld+json']" url="https://dataverse.ifdc.org/dataset.xhtml?persistentId=hdl:20.500.13038/FK2/BFA2D1"
level=info contentType="script[type='application/ld+json']" url="https://dataverse.ifdc.org/dataset.xhtml?persistentId=hdl:20.500.13038/FK2/GLZ6PH"
level=info contentType="script[type='application/ld+json']" url="https://dataverse.ifdc.org/dataset.xhtml?persistentId=hdl:20.500.13038/FK2/JGYEGG"
level=info contentType="script[type='application/ld+json']" url="https://dataverse.ifdc.org/dataset.xhtml?persistentId=hdl:20.500.13038/FK2/00RVMP"
level=info contentType="script[type='application/ld+json']" url="https://dataverse.ifdc.org/dataset.xhtml?persistentId=hdl:20.500.13038/FK2/OMVCOE"
level=info contentType="script[type='application/ld+json']" url="https://dataverse.ifdc.org/dataset.xhtml?persistentId=hdl:20.500.13038/FK2/4KVROG"
level=info contentType="script[type='application/ld+json']" url="https://dataverse.ifdc.org/dataset.xhtml?persistentId=hdl:20.500.13038/FK2/MFPPPY"
level=info contentType="script[type='application/ld+json']" url="https://dataverse.ifdc.org/dataset.xhtml?persistentId=hdl:20.500.13038/FK2/VMW6KN"
level=info contentType="script[type='application/ld+json']" url="https://dataverse.ifdc.org/dataset.xhtml?persistentId=hdl:20.500.13038/FK2/JQCOXS"
level=info contentType="script[type='application/ld+json']" url="https://dataverse.ifdc.org/dataset.xhtml?persistentId=hdl:20.500.13038/FK2/4EJA1E"
level=info contentType="script[type='application/ld+json']" url="https://dataverse.ifdc.org/dataset.xhtml?persistentId=hdl:20.500.13038/FK2/9SGVJA"
level=info contentType="script[type='application/ld+json']" url="https://dataverse.ifdc.org/dataset.xhtml?persistentId=hdl:20.500.13038/FK2/HQKNMV"
level=info contentType="script[type='application/ld+json']" url="https://dataverse.ifdc.org/dataset.xhtml?persistentId=hdl:20.500.13038/FK2/VCXMLM"
level=info contentType="script[type='application/ld+json']" url="https://dataverse.ifdc.org/dataset.xhtml?persistentId=hdl:20.500.13038/FK2/GOCWFJ"
level=info contentType="script[type='application/ld+json']" url="https://dataverse.ifdc.org/dataset.xhtml?persistentId=hdl:20.500.13038/FK2/JGYXKS"
level=info contentType="script[type='application/ld+json']" url="https://dataverse.ifdc.org/dataset.xhtml?persistentId=hdl:20.500.13038/FK2/AP5PGK"
level=info contentType="script[type='application/ld+json']" url="https://dataverse.ifdc.org/dataset.xhtml?persistentId=hdl:20.500.13038/FK2/ESGJYC"
level=info contentType="script[type='application/ld+json']" url="https://dataverse.ifdc.org/dataset.xhtml?persistentId=hdl:20.500.13038/FK2/AN4JRB"
level=info contentType="script[type='application/ld+json']" url="https://dataverse.ifdc.org/dataset.xhtml?persistentId=hdl:20.500.13038/FK2/ECZTAL"
level=info contentType="script[type='application/ld+json']" url="https://dataverse.ifdc.org/dataset.xhtml?persistentId=hdl:20.500.13038/FK2/2ZQSPN"
level=info contentType="script[type='application/ld+json']" url="https://dataverse.ifdc.org/dataset.xhtml?persistentId=hdl:20.500.13038/FK2/AVC8EC"
level=info contentType="script[type='application/ld+json']" url="https://dataverse.ifdc.org/dataset.xhtml?persistentId=hdl:20.500.13038/FK2/LSNNGD"
level=info contentType="script[type='application/ld+json']" url="https://dataverse.ifdc.org/dataset.xhtml?persistentId=hdl:20.500.13038/FK2/23EBMR"
level=info contentType="script[type='application/ld+json']" url="https://dataverse.ifdc.org/dataset.xhtml?persistentId=hdl:20.500.13038/FK2/QCVCRY"
level=info contentType="script[type='application/ld+json']" url="https://dataverse.ifdc.org/dataset.xhtml?persistentId=hdl:20.500.13038/FK2/OMBKGH"
level=info contentType="script[type='application/ld+json']" url="https://dataverse.ifdc.org/dataset.xhtml?persistentId=hdl:20.500.13038/FK2/T6PHJY"
level=info contentType="script[type='application/ld+json']" url="https://dataverse.ifdc.org/dataset.xhtml?persistentId=hdl:20.500.13038/FK2/0NVGFU"
level=info contentType="script[type='application/ld+json']" url="https://dataverse.ifdc.org/dataset.xhtml?persistentId=hdl:20.500.13038/FK2/QZLVPE"
level=info contentType="script[type='application/ld+json']" url="https://dataverse.ifdc.org/dataset.xhtml?persistentId=hdl:20.500.13038/FK2/NKPSJB"
level=info contentType="script[type='application/ld+json']" url="https://dataverse.ifdc.org/dataset.xhtml?persistentId=hdl:20.500.13038/FK2/L7VHSB"
level=info contentType="script[type='application/ld+json']" url="https://dataverse.ifdc.org/dataset.xhtml?persistentId=hdl:20.500.13038/FK2/IM53HS"
level=info contentType="script[type='application/ld+json']" url="https://dataverse.ifdc.org/dataset.xhtml?persistentId=hdl:20.500.13038/FK2/9NQHKK"
level=info contentType="script[type='application/ld+json']" url="https://dataverse.ifdc.org/dataset.xhtml?persistentId=hdl:20.500.13038/FK2/9MQUCB"
level=info contentType="script[type='application/ld+json']" url="https://dataverse.ifdc.org/dataset.xhtml?persistentId=hdl:20.500.13038/FK2/LMWDIU"
level=info contentType="script[type='application/ld+json']" url="https://dataverse.ifdc.org/dataset.xhtml?persistentId=hdl:20.500.13038/FK2/VOCGAE"
level=info contentType="script[type='application/ld+json']" url="https://dataverse.ifdc.org/dataset.xhtml?persistentId=hdl:20.500.13038/FK2/SHSOJO"
level=info contentType="script[type='application/ld+json']" url="https://dataverse.ifdc.org/dataset.xhtml?persistentId=hdl:20.500.13038/FK2/37HTXO"
level=info contentType="script[type='application/ld+json']" url="https://dataverse.ifdc.org/dataset.xhtml?persistentId=hdl:20.500.13038/FK2/FBQKR5"
level=info contentType="script[type='application/ld+json']" url="https://dataverse.ifdc.org/dataset.xhtml?persistentId=hdl:20.500.13038/FK2/JHEX7B"
level=info contentType="script[type='application/ld+json']" url="https://dataverse.ifdc.org/dataset.xhtml?persistentId=hdl:20.500.13038/FK2/HNSMA9"
level=info contentType="script[type='application/ld+json']" url="https://dataverse.ifdc.org/dataset.xhtml?persistentId=hdl:20.500.13038/FK2/RRQSYW"
level=info contentType="script[type='application/ld+json']" url="https://dataverse.ifdc.org/dataset.xhtml?persistentId=hdl:20.500.13038/FK2/O5ZC6Y"
level=info contentType="script[type='application/ld+json']" url="https://dataverse.ifdc.org/dataset.xhtml?persistentId=hdl:20.500.13038/FK2/B1PHOH"
level=info contentType="script[type='application/ld+json']" url="https://dataverse.ifdc.org/dataset.xhtml?persistentId=hdl:20.500.13038/FK2/ZQXWSO"
level=info contentType="script[type='application/ld+json']" url="https://dataverse.ifdc.org/dataset.xhtml?persistentId=hdl:20.500.13038/FK2/BQKZK6"
level=info contentType="script[type='application/ld+json']" url="https://dataverse.ifdc.org/dataset.xhtml?persistentId=hdl:20.500.13038/FK2/KMWABB"
level=info contentType="script[type='application/ld+json']" url="https://dataverse.ifdc.org/dataset.xhtml?persistentId=hdl:20.500.13038/FK2/LT7YLW"
level=info contentType="script[type='application/ld+json']" url="https://dataverse.ifdc.org/dataset.xhtml?persistentId=hdl:20.500.13038/FK2/J1GGGI"
level=info contentType="script[type='application/ld+json']" url="https://dataverse.ifdc.org/dataset.xhtml?persistentId=hdl:20.500.13038/FK2/IK4FHM"
level=info contentType="script[type='application/ld+json']" url="https://dataverse.ifdc.org/dataset.xhtml?persistentId=hdl:20.500.13038/FK2/HPFZJA"
level=info contentType="script[type='application/ld+json']" url="https://dataverse.ifdc.org/dataset.xhtml?persistentId=hdl:20.500.13038/FK2/8ADLCV"
level=info contentType="script[type='application/ld+json']" url="https://dataverse.ifdc.org/dataset.xhtml?persistentId=hdl:20.500.13038/FK2/CYELVH"
level=info contentType="script[type='application/ld+json']" url="https://dataverse.ifdc.org/dataset.xhtml?persistentId=hdl:20.500.13038/FK2/TVBUO6"
level=info contentType="script[type='application/ld+json']" url="https://dataverse.ifdc.org/dataset.xhtml?persistentId=hdl:20.500.13038/FK2/MZPXIA"
level=info contentType="script[type='application/ld+json']" url="https://dataverse.ifdc.org/dataset.xhtml?persistentId=hdl:20.500.13038/FK2/CVAB6A"
level=info contentType="script[type='application/ld+json']" url="https://dataverse.ifdc.org/dataset.xhtml?persistentId=hdl:20.500.13038/FK2/VAQFSZ"
level=info contentType="script[type='application/ld+json']" url="https://dataverse.ifdc.org/dataset.xhtml?persistentId=hdl:20.500.13038/FK2/JBGIFW"
level=info contentType="script[type='application/ld+json']" url="https://dataverse.ifdc.org/dataset.xhtml?persistentId=hdl:20.500.13038/FK2/YNUOZ8"
level=info contentType="script[type='application/ld+json']" url="https://dataverse.ifdc.org/dataset.xhtml?persistentId=hdl:20.500.13038/FK2/NYODS5"
level=info contentType="script[type='application/ld+json']" url="https://dataverse.ifdc.org/dataset.xhtml?persistentId=hdl:20.500.13038/FK2/8S8VFK"
level=info contentType="script[type='application/ld+json']" url="https://dataverse.ifdc.org/dataset.xhtml?persistentId=hdl:20.500.13038/FK2/ZATENF"
level=info contentType="script[type='application/ld+json']" url="https://dataverse.ifdc.org/dataset.xhtml?persistentId=hdl:20.500.13038/FK2/S0EVGM"
level=info contentType="script[type='application/ld+json']" url="https://dataverse.ifdc.org/dataset.xhtml?persistentId=hdl:20.500.13038/FK2/RWSVLX"
level=info contentType="script[type='application/ld+json']" url="https://dataverse.ifdc.org/dataset.xhtml?persistentId=hdl:20.500.13038/FK2/ZNEKL6"
level=info contentType="script[type='application/ld+json']" url="https://dataverse.ifdc.org/dataset.xhtml?persistentId=hdl:20.500.13038/FK2/MX4MAP"
level=info contentType="script[type='application/ld+json']" url="https://dataverse.ifdc.org/dataset.xhtml?persistentId=hdl:20.500.13038/FK2/EQTQF1"
level=info contentType="script[type='application/ld+json']" url="https://dataverse.ifdc.org/dataset.xhtml?persistentId=hdl:20.500.13038/FK2/TMINYJ"
level=info contentType="script[type='application/ld+json']" url="https://dataverse.ifdc.org/dataset.xhtml?persistentId=hdl:20.500.13038/FK2/DGHLKX"
level=info contentType="script[type='application/ld+json']" url="https://dataverse.ifdc.org/dataset.xhtml?persistentId=hdl:20.500.13038/FK2/CIZAGT"
level=info contentType="script[type='application/ld+json']" url="https://dataverse.ifdc.org/dataset.xhtml?persistentId=hdl:20.500.13038/FK2/CAJKJR"
level=info contentType="script[type='application/ld+json']" url="https://dataverse.ifdc.org/dataset.xhtml?persistentId=hdl:20.500.13038/FK2/PUJS4O"
level=info contentType="script[type='application/ld+json']" url="https://dataverse.ifdc.org/dataset.xhtml?persistentId=hdl:20.500.13038/FK2/M1G1NH"
level=info contentType="script[type='application/ld+json']" url="https://dataverse.ifdc.org/dataset.xhtml?persistentId=hdl:20.500.13038/FK2/9OY26A"
level=info contentType="script[type='application/ld+json']" url="https://dataverse.ifdc.org/dataset.xhtml?persistentId=hdl:20.500.13038/FK2/MYAFDE"
level=info contentType="script[type='application/ld+json']" url="https://dataverse.ifdc.org/dataset.xhtml?persistentId=hdl:20.500.13038/FK2/85XOKH"
level=info contentType="script[type='application/ld+json']" url="https://dataverse.ifdc.org/dataset.xhtml?persistentId=hdl:20.500.13038/FK2/QLZUMG"
level=info contentType="script[type='application/ld+json']" url="https://dataverse.ifdc.org/dataset.xhtml?persistentId=hdl:20.500.13038/FK2/UU6WA1"
level=info contentType="script[type='application/ld+json']" url="https://dataverse.ifdc.org/dataset.xhtml?persistentId=hdl:20.500.13038/FK2/EBFIPB"
level=info contentType="script[type='application/ld+json']" url="https://dataverse.ifdc.org/dataset.xhtml?persistentId=hdl:20.500.13038/FK2/CDOHPC"
level=info contentType="script[type='application/ld+json']" url="https://dataverse.ifdc.org/dataset.xhtml?persistentId=hdl:20.500.13038/FK2/MT5RTR"
level=info contentType="script[type='application/ld+json']" url="https://dataverse.ifdc.org/dataset.xhtml?persistentId=hdl:20.500.13038/FK2/90OWGV"
level=info contentType="script[type='application/ld+json']" url="https://dataverse.ifdc.org/dataset.xhtml?persistentId=hdl:20.500.13038/FK2/SHUXNW"
level=info contentType="script[type='application/ld+json']" url="https://dataverse.ifdc.org/dataset.xhtml?persistentId=hdl:20.500.13038/FK2/A4ZINS"
level=info contentType="script[type='application/ld+json']" url="https://dataverse.ifdc.org/dataset.xhtml?persistentId=hdl:20.500.13038/FK2/DMB3B2"
level=info contentType="script[type='application/ld+json']" url="https://dataverse.ifdc.org/dataset.xhtml?persistentId=hdl:20.500.13038/FK2/OALBJA"
level=info contentType="script[type='application/ld+json']" url="https://dataverse.ifdc.org/dataset.xhtml?persistentId=hdl:20.500.13038/FK2/GPHKEC"
level=info contentType="script[type='application/ld+json']" url="https://dataverse.ifdc.org/dataset.xhtml?persistentId=hdl:20.500.13038/FK2/OMAYRP"
level=info contentType="script[type='application/ld+json']" url="https://dataverse.ifdc.org/dataset.xhtml?persistentId=hdl:20.500.13038/FK2/QPCBCS"
level=info contentType="script[type='application/ld+json']" url="https://dataverse.ifdc.org/dataset.xhtml?persistentId=hdl:20.500.13038/FK2/MR63ZU"
level=info contentType="script[type='application/ld+json']" url="https://dataverse.ifdc.org/dataset.xhtml?persistentId=hdl:20.500.13038/FK2/SATQMR"
level=info contentType="script[type='application/ld+json']" url="https://dataverse.ifdc.org/dataset.xhtml?persistentId=hdl:20.500.13038/FK2/5EZELI"
level=info contentType="script[type='application/ld+json']" url="https://dataverse.ifdc.org/dataset.xhtml?persistentId=hdl:20.500.13038/FK2/3GIALD"
level=info contentType="script[type='application/ld+json']" url="https://dataverse.ifdc.org/dataset.xhtml?persistentId=hdl:20.500.13038/FK2/VJS3ST"
level=info contentType="script[type='application/ld+json']" url="https://dataverse.ifdc.org/dataset.xhtml?persistentId=hdl:20.500.13038/FK2/LI34MM"
level=info contentType="script[type='application/ld+json']" url="https://dataverse.ifdc.org/dataset.xhtml?persistentId=hdl:20.500.13038/FK2/LXZVPR"
level=info contentType="script[type='application/ld+json']" url="https://dataverse.ifdc.org/dataset.xhtml?persistentId=hdl:20.500.13038/FK2/H4HRY3"
level=info contentType="script[type='application/ld+json']" url="https://dataverse.ifdc.org/dataset.xhtml?persistentId=hdl:20.500.13038/FK2/NLNEJZ"
level=info contentType="script[type='application/ld+json']" url="https://dataverse.ifdc.org/dataset.xhtml?persistentId=hdl:20.500.13038/FK2/QMRJSV"
level=info contentType="script[type='application/ld+json']" url="https://dataverse.ifdc.org/dataset.xhtml?persistentId=hdl:20.500.13038/FK2/A7ZZGS"
level=info contentType="script[type='application/ld+json']" url="https://dataverse.ifdc.org/dataset.xhtml?persistentId=hdl:20.500.13038/FK2/A6WEP1"
level=info contentType="script[type='application/ld+json']" url="https://dataverse.ifdc.org/dataset.xhtml?persistentId=hdl:20.500.13038/FK2/AKBG6F"
level=info contentType="script[type='application/ld+json']" url="https://dataverse.ifdc.org/dataset.xhtml?persistentId=hdl:20.500.13038/FK2/GHZMY7"
level=info contentType="script[type='application/ld+json']" url="https://dataverse.ifdc.org/dataset.xhtml?persistentId=hdl:20.500.13038/FK2/U9B6G2"
level=info contentType="script[type='application/ld+json']" url="https://dataverse.ifdc.org/dataset.xhtml?persistentId=hdl:20.500.13038/FK2/XPGZWY"
level=info contentType="script[type='application/ld+json']" url="https://dataverse.ifdc.org/dataset.xhtml?persistentId=hdl:20.500.13038/FK2/YCOBLZ"
level=info contentType="script[type='application/ld+json']" url="https://dataverse.ifdc.org/dataset.xhtml?persistentId=hdl:20.500.13038/FK2/CW7UIM"
level=info contentType="script[type='application/ld+json']" url="https://dataverse.ifdc.org/dataset.xhtml?persistentId=hdl:20.500.13038/FK2/VAPBA6"
level=info contentType="script[type='application/ld+json']" url="https://dataverse.ifdc.org/dataset.xhtml?persistentId=hdl:20.500.13038/FK2/7YWQEM"
level=info contentType="script[type='application/ld+json']" url="https://dataverse.ifdc.org/dataset.xhtml?persistentId=hdl:20.500.13038/FK2/C9QQMJ"
level=info contentType="script[type='application/ld+json']" url="https://dataverse.ifdc.org/dataset.xhtml?persistentId=hdl:20.500.13038/FK2/HWEASE"
level=info contentType="script[type='application/ld+json']" url="https://dataverse.ifdc.org/dataset.xhtml?persistentId=hdl:20.500.13038/FK2/DSEXVT"
level=info contentType="script[type='application/ld+json']" url="https://dataverse.ifdc.org/dataset.xhtml?persistentId=hdl:20.500.13038/FK2/VO9WM0"
level=info contentType="script[type='application/ld+json']" url="https://dataverse.ifdc.org/dataset.xhtml?persistentId=hdl:20.500.13038/FK2/UADZXH"
level=info contentType="script[type='application/ld+json']" url="https://dataverse.ifdc.org/dataset.xhtml?persistentId=hdl:20.500.13038/FK2/IIEALF"
level=info contentType="script[type='application/ld+json']" url="https://dataverse.ifdc.org/dataset.xhtml?persistentId=hdl:20.500.13038/FK2/BWBD9O"
level=info contentType="script[type='application/ld+json']" url="https://dataverse.ifdc.org/dataset.xhtml?persistentId=hdl:20.500.13038/FK2/GDJUMN"
level=info contentType="script[type='application/ld+json']" url="https://dataverse.ifdc.org/dataset.xhtml?persistentId=hdl:20.500.13038/FK2/VBXPIB"
level=info contentType="script[type='application/ld+json']" url="https://dataverse.ifdc.org/dataset.xhtml?persistentId=hdl:20.500.13038/FK2/E25SYZ"
level=info contentType="script[type='application/ld+json']" url="https://dataverse.ifdc.org/dataset.xhtml?persistentId=hdl:20.500.13038/FK2/TWPQCD"
level=info contentType="script[type='application/ld+json']" url="https://dataverse.ifdc.org/dataset.xhtml?persistentId=hdl:20.500.13038/FK2/FGUQI9"
level=info contentType="script[type='application/ld+json']" url="https://dataverse.ifdc.org/dataset.xhtml?persistentId=hdl:20.500.13038/FK2/PM9JIK"
level=info contentType="script[type='application/ld+json']" url="https://dataverse.ifdc.org/dataset.xhtml?persistentId=hdl:20.500.13038/FK2/CYJCE5"
level=info contentType="script[type='application/ld+json']" url="https://dataverse.ifdc.org/dataset.xhtml?persistentId=hdl:20.500.13038/FK2/V8OHLC"
level=info contentType="script[type='application/ld+json']" url="https://dataverse.ifdc.org/dataset.xhtml?persistentId=hdl:20.500.13038/FK2/IJ5DR6"
level=info contentType="script[type='application/ld+json']" url="https://dataverse.ifdc.org/dataset.xhtml?persistentId=hdl:20.500.13038/FK2/OCOI7E"
level=info contentType="script[type='application/ld+json']" url="https://dataverse.ifdc.org/dataset.xhtml?persistentId=hdl:20.500.13038/FK2/DIGL8U"
level=info contentType="script[type='application/ld+json']" url="https://dataverse.ifdc.org/dataset.xhtml?persistentId=hdl:20.500.13038/FK2/XTONV3"
level=info contentType="script[type='application/ld+json']" url="https://dataverse.ifdc.org/dataset.xhtml?persistentId=hdl:20.500.13038/FK2/336ELK"
level=info contentType="script[type='application/ld+json']" url="https://dataverse.ifdc.org/dataset.xhtml?persistentId=hdl:20.500.13038/FK2/GGQ7ZC"
level=info contentType="script[type='application/ld+json']" url="https://dataverse.ifdc.org/dataset.xhtml?persistentId=hdl:20.500.13038/FK2/H1Y6NN"
level=info contentType="script[type='application/ld+json']" url="https://dataverse.ifdc.org/dataset.xhtml?persistentId=hdl:20.500.13038/FK2/OIDH9X"
level=info contentType="script[type='application/ld+json']" url="https://dataverse.ifdc.org/dataset.xhtml?persistentId=hdl:20.500.13038/FK2/J7A772"
level=info contentType="script[type='application/ld+json']" url="https://dataverse.ifdc.org/dataset.xhtml?persistentId=hdl:20.500.13038/FK2/RDHFBR"
level=info contentType="script[type='application/ld+json']" url="https://dataverse.ifdc.org/dataset.xhtml?persistentId=hdl:20.500.13038/FK2/FNQHFA"
level=info contentType="script[type='application/ld+json']" url="https://dataverse.ifdc.org/dataset.xhtml?persistentId=hdl:20.500.13038/FK2/TIFBIY"
level=info contentType="script[type='application/ld+json']" url="https://dataverse.ifdc.org/dataset.xhtml?persistentId=hdl:20.500.13038/FK2/ICNRHE"
level=info contentType="script[type='application/ld+json']" url="https://dataverse.ifdc.org/dataset.xhtml?persistentId=hdl:20.500.13038/FK2/MWNLJ9"
level=info contentType="script[type='application/ld+json']" url="https://dataverse.ifdc.org/dataset.xhtml?persistentId=hdl:20.500.13038/FK2/1IEZEP"
level=info contentType="script[type='application/ld+json']" url="https://dataverse.ifdc.org/dataset.xhtml?persistentId=hdl:20.500.13038/FK2/LXA6SJ"
level=info contentType="script[type='application/ld+json']" url="https://dataverse.ifdc.org/dataset.xhtml?persistentId=hdl:20.500.13038/FK2/S8BQBY"
level=info contentType="script[type='application/ld+json']" url="https://dataverse.ifdc.org/dataset.xhtml?persistentId=hdl:20.500.13038/FK2/KID3DH"
level=info contentType="script[type='application/ld+json']" url="https://dataverse.ifdc.org/dataset.xhtml?persistentId=hdl:20.500.13038/FK2/GH9AZ0"
level=info contentType="script[type='application/ld+json']" url="https://dataverse.ifdc.org/dataset.xhtml?persistentId=hdl:20.500.13038/FK2/HCPJYE"
level=info contentType="script[type='application/ld+json']" url="https://dataverse.ifdc.org/dataset.xhtml?persistentId=hdl:20.500.13038/FK2/PLRRL1"
level=info contentType="script[type='application/ld+json']" url="https://dataverse.ifdc.org/dataset.xhtml?persistentId=hdl:20.500.13038/FK2/HZ2LDK"
level=info contentType="script[type='application/ld+json']" url="https://dataverse.ifdc.org/dataset.xhtml?persistentId=hdl:20.500.13038/FK2/YW8MK3"
level=info contentType="script[type='application/ld+json']" url="https://dataverse.ifdc.org/dataset.xhtml?persistentId=hdl:20.500.13038/FK2/ZD2FTZ"
level=info contentType="script[type='application/ld+json']" url="https://dataverse.ifdc.org/dataset.xhtml?persistentId=hdl:20.500.13038/FK2/1AE8TQ"
level=info contentType="script[type='application/ld+json']" url="https://dataverse.ifdc.org/dataset.xhtml?persistentId=hdl:20.500.13038/FK2/WLHG9Y"
level=info contentType="script[type='application/ld+json']" url="https://dataverse.ifdc.org/dataset.xhtml?persistentId=hdl:20.500.13038/FK2/NPEL4X"
level=info contentType="script[type='application/ld+json']" url="https://dataverse.ifdc.org/dataset.xhtml?persistentId=hdl:20.500.13038/FK2/T3ZOU8"
level=info contentType="script[type='application/ld+json']" url="https://dataverse.ifdc.org/dataset.xhtml?persistentId=hdl:20.500.13038/FK2/YXIXPD"
level=info contentType="script[type='application/ld+json']" url="https://dataverse.ifdc.org/dataset.xhtml?persistentId=hdl:20.500.13038/FK2/LVIG2P"
level=info contentType="script[type='application/ld+json']" url="https://dataverse.ifdc.org/dataset.xhtml?persistentId=hdl:20.500.13038/FK2/TCBMRH"
level=info contentType="script[type='application/ld+json']" url="https://dataverse.ifdc.org/dataset.xhtml?persistentId=hdl:20.500.13038/FK2/UQO34P"
level=info contentType="script[type='application/ld+json']" url="https://dataverse.ifdc.org/dataset.xhtml?persistentId=hdl:20.500.13038/FK2/OTWPOK"
level=info contentType="script[type='application/ld+json']" url="https://dataverse.ifdc.org/dataset.xhtml?persistentId=hdl:20.500.13038/FK2/VUBHZG"
level=info contentType="script[type='application/ld+json']" url="https://dataverse.ifdc.org/dataset.xhtml?persistentId=hdl:20.500.13038/FK2/W35RPV"
level=info contentType="script[type='application/ld+json']" url="https://dataverse.ifdc.org/dataset.xhtml?persistentId=hdl:20.500.13038/FK2/SZJDUN"
level=info contentType="script[type='application/ld+json']" url="https://dataverse.ifdc.org/dataset.xhtml?persistentId=hdl:20.500.13038/FK2/RVRWEN"
level=info contentType="script[type='application/ld+json']" url="https://dataverse.ifdc.org/dataset.xhtml?persistentId=hdl:20.500.13038/FK2/AJM85M"
level=info contentType="script[type='application/ld+json']" url="https://dataverse.ifdc.org/dataset.xhtml?persistentId=hdl:20.500.13038/FK2/YKQNCL"
level=info contentType="script[type='application/ld+json']" url="https://dataverse.ifdc.org/dataset.xhtml?persistentId=hdl:20.500.13038/FK2/NGN8CB"
level=info contentType="script[type='application/ld+json']" url="https://dataverse.ifdc.org/dataset.xhtml?persistentId=hdl:20.500.13038/FK2/DQXN23"
level=info contentType="script[type='application/ld+json']" url="https://dataverse.ifdc.org/dataset.xhtml?persistentId=hdl:20.500.13038/FK2/VXLZTN"
level=info contentType="script[type='application/ld+json']" url="https://dataverse.ifdc.org/dataset.xhtml?persistentId=hdl:20.500.13038/FK2/I0BDPK"
level=info contentType="script[type='application/ld+json']" url="https://dataverse.ifdc.org/dataset.xhtml?persistentId=hdl:20.500.13038/FK2/BBN5FL"
level=info contentType="script[type='application/ld+json']" url="https://dataverse.ifdc.org/dataset.xhtml?persistentId=hdl:20.500.13038/FK2/FKOJZC"
level=info contentType="script[type='application/ld+json']" url="https://dataverse.ifdc.org/dataset.xhtml?persistentId=hdl:20.500.13038/FK2/SGMB94"
level=info contentType="script[type='application/ld+json']" url="https://dataverse.ifdc.org/dataset.xhtml?persistentId=hdl:20.500.13038/FK2/T0PCX9"
level=info contentType="script[type='application/ld+json']" url="https://dataverse.ifdc.org/dataset.xhtml?persistentId=hdl:20.500.13038/FK2/IHWIOS"
level=info contentType="script[type='application/ld+json']" url="https://dataverse.ifdc.org/dataset.xhtml?persistentId=hdl:20.500.13038/FK2/EUS3QM"
level=info contentType="script[type='application/ld+json']" url="https://dataverse.ifdc.org/dataset.xhtml?persistentId=hdl:20.500.13038/FK2/DBQFGC"
level=info contentType="script[type='application/ld+json']" url="https://dataverse.ifdc.org/dataset.xhtml?persistentId=hdl:20.500.13038/FK2/30IYE3"
level=info contentType="script[type='application/ld+json']" url="https://dataverse.ifdc.org/dataset.xhtml?persistentId=hdl:20.500.13038/FK2/XONP32"
level=info contentType="script[type='application/ld+json']" url="https://dataverse.ifdc.org/dataset.xhtml?persistentId=hdl:20.500.13038/FK2/3YTYHZ"
level=info contentType="script[type='application/ld+json']" url="https://dataverse.ifdc.org/dataset.xhtml?persistentId=hdl:20.500.13038/FK2/UVAB75"
level=info contentType="script[type='application/ld+json']" url="https://dataverse.ifdc.org/dataset.xhtml?persistentId=hdl:20.500.13038/FK2/SBZDAR"
level=info contentType="script[type='application/ld+json']" url="https://dataverse.ifdc.org/dataset.xhtml?persistentId=hdl:20.500.13038/FK2/VOTHBN"
level=info contentType="script[type='application/ld+json']" url="https://dataverse.ifdc.org/dataset.xhtml?persistentId=hdl:20.500.13038/FK2/VZZRPQ"
level=info contentType="script[type='application/ld+json']" url="https://dataverse.ifdc.org/dataset.xhtml?persistentId=hdl:20.500.13038/FK2/PPDCQX"
level=info contentType="script[type='application/ld+json']" url="https://dataverse.ifdc.org/dataset.xhtml?persistentId=hdl:20.500.13038/FK2/0VO1NK"
level=info contentType="script[type='application/ld+json']" url="https://dataverse.ifdc.org/dataset.xhtml?persistentId=hdl:20.500.13038/FK2/MZYLBG"
level=info contentType="script[type='application/ld+json']" url="https://dataverse.ifdc.org/dataset.xhtml?persistentId=hdl:20.500.13038/FK2/QKNJPF"
level=info contentType="script[type='application/ld+json']" url="https://dataverse.ifdc.org/dataset.xhtml?persistentId=hdl:20.500.13038/FK2/HTQHQ2"
level=info contentType="script[type='application/ld+json']" url="https://dataverse.ifdc.org/dataset.xhtml?persistentId=hdl:20.500.13038/FK2/WBLZZP"
level=info contentType="script[type='application/ld+json']" url="https://dataverse.ifdc.org/dataset.xhtml?persistentId=hdl:20.500.13038/FK2/RWC4O6"
level=info contentType="script[type='application/ld+json']" url="https://dataverse.ifdc.org/dataset.xhtml?persistentId=hdl:20.500.13038/FK2/1IIFAF"
level=info contentType="script[type='application/ld+json']" url="https://dataverse.ifdc.org/dataset.xhtml?persistentId=hdl:20.500.13038/FK2/LXMKWB"
level=info contentType="script[type='application/ld+json']" url="https://dataverse.ifdc.org/dataset.xhtml?persistentId=hdl:20.500.13038/FK2/UL6T5R"
level=info contentType="script[type='application/ld+json']" url="https://dataverse.ifdc.org/dataset.xhtml?persistentId=hdl:20.500.13038/FK2/DQKJIB"
level=info contentType="script[type='application/ld+json']" url="https://dataverse.ifdc.org/dataset.xhtml?persistentId=hdl:20.500.13038/FK2/IGOBVV"
level=info contentType="script[type='application/ld+json']" url="https://dataverse.ifdc.org/dataset.xhtml?persistentId=hdl:20.500.13038/FK2/FG1LMM"
level=info contentType="script[type='application/ld+json']" url="https://dataverse.ifdc.org/dataset.xhtml?persistentId=hdl:20.500.13038/FK2/LFTU23"
level=info contentType="script[type='application/ld+json']" url="https://dataverse.ifdc.org/dataset.xhtml?persistentId=hdl:20.500.13038/FK2/5AEUMS"
level=info contentType="script[type='application/ld+json']" url="https://dataverse.ifdc.org/dataset.xhtml?persistentId=hdl:20.500.13038/FK2/HFXAMJ"
level=info contentType="script[type='application/ld+json']" url="https://dataverse.ifdc.org/dataset.xhtml?persistentId=hdl:20.500.13038/FK2/DSDZXQ"
level=info contentType="script[type='application/ld+json']" url="https://dataverse.ifdc.org/dataset.xhtml?persistentId=hdl:20.500.13038/FK2/3HNCTC"
level=info contentType="script[type='application/ld+json']" url="https://dataverse.ifdc.org/dataset.xhtml?persistentId=hdl:20.500.13038/FK2/92QMQD"
level=info contentType="script[type='application/ld+json']" url="https://dataverse.ifdc.org/dataset.xhtml?persistentId=hdl:20.500.13038/FK2/4V9CEH"
level=info contentType="script[type='application/ld+json']" url="https://dataverse.ifdc.org/dataset.xhtml?persistentId=hdl:20.500.13038/FK2/SEHAFY"
level=info contentType="script[type='application/ld+json']" url="https://dataverse.ifdc.org/dataset.xhtml?persistentId=hdl:20.500.13038/FK2/ODX7RP"
level=info contentType="script[type='application/ld+json']" url="https://dataverse.ifdc.org/dataset.xhtml?persistentId=hdl:20.500.13038/FK2/LPXD6G"
level=info contentType="script[type='application/ld+json']" url="https://dataverse.ifdc.org/dataset.xhtml?persistentId=hdl:20.500.13038/FK2/BNXI03"
level=info contentType="script[type='application/ld+json']" url="https://dataverse.ifdc.org/dataset.xhtml?persistentId=hdl:20.500.13038/FK2/E3S2GG"
level=info contentType="script[type='application/ld+json']" url="https://dataverse.ifdc.org/dataset.xhtml?persistentId=hdl:20.500.13038/FK2/7WCNKH"
level=info contentType="script[type='application/ld+json']" url="https://dataverse.ifdc.org/dataset.xhtml?persistentId=hdl:20.500.13038/FK2/ZH5PUZ"
level=info contentType="script[type='application/ld+json']" url="https://dataverse.ifdc.org/dataset.xhtml?persistentId=hdl:20.500.13038/FK2/13RQAO"
level=info contentType="script[type='application/ld+json']" url="https://dataverse.ifdc.org/dataset.xhtml?persistentId=hdl:20.500.13038/FK2/L0CSLS"
level=info contentType="script[type='application/ld+json']" url="https://dataverse.ifdc.org/dataset.xhtml?persistentId=hdl:20.500.13038/FK2/ZC04ZN"
level=info contentType="script[type='application/ld+json']" url="https://dataverse.ifdc.org/dataset.xhtml?persistentId=hdl:20.500.13038/FK2/QT1MAD"
level=info contentType="script[type='application/ld+json']" url="https://dataverse.ifdc.org/dataset.xhtml?persistentId=hdl:20.500.13038/FK2/NIBQAV"
level=info contentType="script[type='application/ld+json']" url="https://dataverse.ifdc.org/dataset.xhtml?persistentId=hdl:20.500.13038/FK2/MUB88X"
level=info contentType="script[type='application/ld+json']" url="https://dataverse.ifdc.org/dataset.xhtml?persistentId=hdl:20.500.13038/FK2/YXLFKH"
level=info contentType="script[type='application/ld+json']" url="https://dataverse.ifdc.org/dataset.xhtml?persistentId=hdl:20.500.13038/FK2/XV1FYE"
level=info contentType="script[type='application/ld+json']" url="https://dataverse.ifdc.org/dataset.xhtml?persistentId=hdl:20.500.13038/FK2/3EMPHW"
level=info contentType="script[type='application/ld+json']" url="https://dataverse.ifdc.org/dataset.xhtml?persistentId=hdl:20.500.13038/FK2/WKUTND"
level=info contentType="script[type='application/ld+json']" url="https://dataverse.ifdc.org/dataset.xhtml?persistentId=hdl:20.500.13038/FK2/F4DDEQ"
level=info contentType="script[type='application/ld+json']" url="https://dataverse.ifdc.org/dataset.xhtml?persistentId=hdl:20.500.13038/FK2/KYHN5H"
level=info contentType="script[type='application/ld+json']" url="https://dataverse.ifdc.org/dataset.xhtml?persistentId=hdl:20.500.13038/FK2/USD4RW"
level=info contentType="script[type='application/ld+json']" url="https://dataverse.ifdc.org/dataset.xhtml?persistentId=hdl:20.500.13038/FK2/0WUK9G"
level=info contentType="script[type='application/ld+json']" url="https://dataverse.ifdc.org/dataset.xhtml?persistentId=hdl:20.500.13038/FK2/AVCCFI"
level=info contentType="script[type='application/ld+json']" url="https://dataverse.ifdc.org/dataset.xhtml?persistentId=hdl:20.500.13038/FK2/USLBFO"
level=info contentType="script[type='application/ld+json']" url="https://dataverse.ifdc.org/dataset.xhtml?persistentId=hdl:20.500.13038/FK2/AM0BXR"
level=info contentType="script[type='application/ld+json']" url="https://dataverse.ifdc.org/dataset.xhtml?persistentId=hdl:20.500.13038/FK2/ZXK2C4"
level=info contentType="script[type='application/ld+json']" url="https://dataverse.ifdc.org/dataset.xhtml?persistentId=hdl:20.500.13038/FK2/EAVX5K"
level=info contentType="script[type='application/ld+json']" url="https://dataverse.ifdc.org/dataset.xhtml?persistentId=hdl:20.500.13038/FK2/NPSMNI"
level=info contentType="script[type='application/ld+json']" url="https://dataverse.ifdc.org/dataset.xhtml?persistentId=hdl:20.500.13038/FK2/YTAMHH"
level=info contentType="script[type='application/ld+json']" url="https://dataverse.ifdc.org/dataset.xhtml?persistentId=hdl:20.500.13038/FK2/3PCGYR"
level=info contentType="script[type='application/ld+json']" url="https://dataverse.ifdc.org/dataset.xhtml?persistentId=hdl:20.500.13038/FK2/I4XJWT"
level=info contentType="script[type='application/ld+json']" url="https://dataverse.ifdc.org/dataset.xhtml?persistentId=hdl:20.500.13038/FK2/YWXBB7"
level=info contentType="script[type='application/ld+json']" url="https://dataverse.ifdc.org/dataset.xhtml?persistentId=hdl:20.500.13038/FK2/YLNE77"
level=info contentType="script[type='application/ld+json']" url="https://dataverse.ifdc.org/dataset.xhtml?persistentId=hdl:20.500.13038/FK2/PSEDZN"
level=info contentType="script[type='application/ld+json']" url="https://dataverse.ifdc.org/dataset.xhtml?persistentId=hdl:20.500.13038/FK2/QT5OT3"
level=info contentType="script[type='application/ld+json']" url="https://dataverse.ifdc.org/dataset.xhtml?persistentId=hdl:20.500.13038/FK2/RZYC0Y"
level=info contentType="script[type='application/ld+json']" url="https://dataverse.ifdc.org/dataset.xhtml?persistentId=hdl:20.500.13038/FK2/BEZM9F"
level=info contentType="script[type='application/ld+json']" url="https://dataverse.ifdc.org/dataset.xhtml?persistentId=hdl:20.500.13038/FK2/VPTCAL"
level=info contentType="script[type='application/ld+json']" url="https://dataverse.ifdc.org/dataset.xhtml?persistentId=hdl:20.500.13038/FK2/LDTILC"
level=info contentType="script[type='application/ld+json']" url="https://dataverse.ifdc.org/dataset.xhtml?persistentId=hdl:20.500.13038/FK2/2R8XNF"
level=info contentType="script[type='application/ld+json']" url="https://dataverse.ifdc.org/dataset.xhtml?persistentId=hdl:20.500.13038/FK2/QQDMG8"
level=info contentType="script[type='application/ld+json']" url="https://dataverse.ifdc.org/dataset.xhtml?persistentId=hdl:20.500.13038/FK2/6O4P2Y"
level=info contentType="script[type='application/ld+json']" url="https://dataverse.ifdc.org/dataset.xhtml?persistentId=hdl:20.500.13038/FK2/BRDU8Z"
level=info contentType="script[type='application/ld+json']" url="https://dataverse.ifdc.org/dataset.xhtml?persistentId=hdl:20.500.13038/FK2/BKZYUI"
level=info contentType="script[type='application/ld+json']" url="https://dataverse.ifdc.org/dataset.xhtml?persistentId=hdl:20.500.13038/FK2/B72DNW"
level=info contentType="script[type='application/ld+json']" url="https://dataverse.ifdc.org/dataset.xhtml?persistentId=hdl:20.500.13038/FK2/MOECEQ"
level=info contentType="script[type='application/ld+json']" url="https://dataverse.ifdc.org/dataset.xhtml?persistentId=hdl:20.500.13038/FK2/VZBCFO"
level=info contentType="script[type='application/ld+json']" url="https://dataverse.ifdc.org/dataset.xhtml?persistentId=hdl:20.500.13038/FK2/GUDCON"
level=info contentType="script[type='application/ld+json']" url="https://dataverse.ifdc.org/dataset.xhtml?persistentId=hdl:20.500.13038/FK2/VOKLDO"
level=info contentType="script[type='application/ld+json']" url="https://dataverse.ifdc.org/dataset.xhtml?persistentId=hdl:20.500.13038/FK2/Z8PXBW"
level=info contentType="script[type='application/ld+json']" url="https://dataverse.ifdc.org/dataset.xhtml?persistentId=hdl:20.500.13038/FK2/2LZA3U"
level=info contentType="script[type='application/ld+json']" url="https://dataverse.ifdc.org/dataset.xhtml?persistentId=hdl:20.500.13038/FK2/XJDVV8"
level=info contentType="script[type='application/ld+json']" url="https://dataverse.ifdc.org/dataset.xhtml?persistentId=hdl:20.500.13038/FK2/K28XHR"
level=info contentType="script[type='application/ld+json']" url="https://dataverse.ifdc.org/dataset.xhtml?persistentId=hdl:20.500.13038/FK2/LRYCAB"
level=info contentType="script[type='application/ld+json']" url="https://dataverse.ifdc.org/dataset.xhtml?persistentId=hdl:20.500.13038/FK2/XBWOA7"
level=info contentType="script[type='application/ld+json']" url="https://dataverse.ifdc.org/dataset.xhtml?persistentId=hdl:20.500.13038/FK2/FIGFZU"
level=info contentType="script[type='application/ld+json']" url="https://dataverse.ifdc.org/dataset.xhtml?persistentId=hdl:20.500.13038/FK2/7JZJVR"
level=info contentType="script[type='application/ld+json']" url="https://dataverse.ifdc.org/dataset.xhtml?persistentId=hdl:20.500.13038/FK2/LCT6V0"
level=info contentType="script[type='application/ld+json']" url="https://dataverse.ifdc.org/dataset.xhtml?persistentId=hdl:20.500.13038/FK2/HGWJF8"
level=info contentType="script[type='application/ld+json']" url="https://dataverse.ifdc.org/dataset.xhtml?persistentId=hdl:20.500.13038/FK2/IQFVAK"
level=info contentType="script[type='application/ld+json']" url="https://dataverse.ifdc.org/dataset.xhtml?persistentId=hdl:20.500.13038/FK2/5EFO0V"
level=info contentType="script[type='application/ld+json']" url="https://dataverse.ifdc.org/dataset.xhtml?persistentId=hdl:20.500.13038/FK2/L9VDCM"
level=info contentType="script[type='application/ld+json']" url="https://dataverse.ifdc.org/dataset.xhtml?persistentId=hdl:20.500.13038/FK2/PGHMVQ"
level=info contentType="script[type='application/ld+json']" url="https://dataverse.ifdc.org/dataset.xhtml?persistentId=hdl:20.500.13038/FK2/RJFMQ2"
level=info contentType="script[type='application/ld+json']" url="https://dataverse.ifdc.org/dataset.xhtml?persistentId=hdl:20.500.13038/FK2/DW4960"
level=info contentType="script[type='application/ld+json']" url="https://dataverse.ifdc.org/dataset.xhtml?persistentId=hdl:20.500.13038/FK2/IZKYW4"
level=info contentType="script[type='application/ld+json']" url="https://dataverse.ifdc.org/dataset.xhtml?persistentId=hdl:20.500.13038/FK2/TAXENH"
level=info contentType="script[type='application/ld+json']" url="https://dataverse.ifdc.org/dataset.xhtml?persistentId=hdl:20.500.13038/FK2/Z4Y6UU"
level=info contentType="script[type='application/ld+json']" url="https://dataverse.ifdc.org/dataset.xhtml?persistentId=hdl:20.500.13038/FK2/XU0PG5"
level=info contentType="script[type='application/ld+json']" url="https://dataverse.ifdc.org/dataset.xhtml?persistentId=hdl:20.500.13038/FK2/LLPAEF"
level=info contentType="script[type='application/ld+json']" url="https://dataverse.ifdc.org/dataset.xhtml?persistentId=hdl:20.500.13038/FK2/VSIE40"
level=info contentType="script[type='application/ld+json']" url="https://dataverse.ifdc.org/dataset.xhtml?persistentId=hdl:20.500.13038/FK2/MM5CZI"
level=info contentType="script[type='application/ld+json']" url="https://dataverse.ifdc.org/dataset.xhtml?persistentId=hdl:20.500.13038/FK2/WVRLFN"
level=info contentType="script[type='application/ld+json']" url="https://dataverse.ifdc.org/dataset.xhtml?persistentId=hdl:20.500.13038/FK2/WEAQMG"
level=info contentType="script[type='application/ld+json']" url="https://dataverse.ifdc.org/dataset.xhtml?persistentId=hdl:20.500.13038/FK2/GJKHZJ"
level=info contentType="script[type='application/ld+json']" url="https://dataverse.ifdc.org/dataset.xhtml?persistentId=hdl:20.500.13038/FK2/OJOVQH"
level=info contentType="script[type='application/ld+json']" url="https://dataverse.ifdc.org/dataset.xhtml?persistentId=hdl:20.500.13038/FK2/PIHQ4Y"
level=info contentType="script[type='application/ld+json']" url="https://dataverse.ifdc.org/dataset.xhtml?persistentId=hdl:20.500.13038/FK2/N9V27E"
level=info contentType="script[type='application/ld+json']" url="https://dataverse.ifdc.org/dataset.xhtml?persistentId=hdl:20.500.13038/FK2/I8DEX9"
level=info contentType="script[type='application/ld+json']" url="https://dataverse.ifdc.org/dataset.xhtml?persistentId=hdl:20.500.13038/FK2/SLYHNU"
level=info contentType="script[type='application/ld+json']" url="https://dataverse.ifdc.org/dataset.xhtml?persistentId=hdl:20.500.13038/FK2/QSDVTF"
level=info contentType="script[type='application/ld+json']" url="https://dataverse.ifdc.org/dataset.xhtml?persistentId=hdl:20.500.13038/FK2/JALD8Z"
level=info contentType="script[type='application/ld+json']" url="https://dataverse.ifdc.org/dataset.xhtml?persistentId=hdl:20.500.13038/FK2/GQNRKZ"
level=info contentType="script[type='application/ld+json']" url="https://dataverse.ifdc.org/dataset.xhtml?persistentId=hdl:20.500.13038/FK2/XJWAYU"
level=info contentType="script[type='application/ld+json']" url="https://dataverse.ifdc.org/dataset.xhtml?persistentId=hdl:20.500.13038/FK2/ZRCOXN"
level=info contentType="script[type='application/ld+json']" url="https://dataverse.ifdc.org/dataset.xhtml?persistentId=hdl:20.500.13038/FK2/H0JHFU"
level=info contentType="script[type='application/ld+json']" url="https://dataverse.ifdc.org/dataset.xhtml?persistentId=hdl:20.500.13038/FK2/YAO5K5"
level=info contentType="script[type='application/ld+json']" url="https://dataverse.ifdc.org/dataset.xhtml?persistentId=hdl:20.500.13038/FK2/HGUIKK"
