level=error contentType="Direct access failed, trying headless']" url="https://data.fz-juelich.de/dataverse/inm-1"
level=error contentType="Direct access failed, trying headless']" url="https://data.fz-juelich.de/dataverse/campus"
level=error contentType="Direct access failed, trying headless']" url="https://data.fz-juelich.de/dataverse/zb"
level=error contentType="Direct access failed, trying headless']" url="https://data.fz-juelich.de/dataverse/clams"
level=error contentType="Direct access failed, trying headless']" url="https://data.fz-juelich.de/dataverse/computational-neurology"
level=error msg="cdp.Runtime: Evaluate: rpc error: Inspected target navigated or closed (code = -32000)" issue="Headless Evaluate" url="https://data.fz-juelich.de/dataverse/campus"
level=error msg="cdp.Runtime: Evaluate: rpc error: Inspected target navigated or closed (code = -32000)" issue="Headless Evaluate" url="https://data.fz-juelich.de/dataverse/zb"
level=error msg="cdp.Runtime: Evaluate: rpc error: Inspected target navigated or closed (code = -32000)" issue="converting json ld" url="https://data.fz-juelich.de/dataverse/zb"
level=error msg="cdp.Runtime: Evaluate: rpc error: Inspected target navigated or closed (code = -32000)" issue="Headless Evaluate" url="https://data.fz-juelich.de/dataverse/clams"
level=error msg="cdp.Runtime: Evaluate: rpc error: Inspected target navigated or closed (code = -32000)" issue="converting json ld" url="https://data.fz-juelich.de/dataverse/clams"
level=error msg="cdp.Runtime: Evaluate: rpc error: Inspected target navigated or closed (code = -32000)" issue="Headless Evaluate" url="https://data.fz-juelich.de/dataverse/inm-1"
level=error msg="cdp.Runtime: Evaluate: rpc error: Inspected target navigated or closed (code = -32000)" issue="converting json ld" url="https://data.fz-juelich.de/dataverse/campus"
level=error msg="cdp.Runtime: Evaluate: rpc error: Inspected target navigated or closed (code = -32000)" issue="converting json ld" url="https://data.fz-juelich.de/dataverse/inm-1"
level=error contentType="Direct access failed, trying headless']" url="https://data.fz-juelich.de/dataverse/compflu"
level=error contentType="Direct access failed, trying headless']" url="https://data.fz-juelich.de/dataverse/ess"
level=error contentType="Direct access failed, trying headless']" url="https://data.fz-juelich.de/dataverse/jcns"
level=error contentType="Direct access failed, trying headless']" url="https://data.fz-juelich.de/dataverse/fzj"
level=error msg="cdp.Runtime: Evaluate: rpc error: Inspected target navigated or closed (code = -32000)" issue="Headless Evaluate" url="https://data.fz-juelich.de/dataverse/computational-neurology"
level=error msg="cdp.Runtime: Evaluate: rpc error: Inspected target navigated or closed (code = -32000)" issue="Headless Evaluate" url="https://data.fz-juelich.de/dataverse/compflu"
level=error msg="cdp.Runtime: Evaluate: rpc error: Inspected target navigated or closed (code = -32000)" issue="Headless Evaluate" url="https://data.fz-juelich.de/dataverse/ess"
level=error msg="cdp.Runtime: Evaluate: rpc error: Inspected target navigated or closed (code = -32000)" issue="converting json ld" url="https://data.fz-juelich.de/dataverse/compflu"
level=error msg="cdp.Runtime: Evaluate: rpc error: Inspected target navigated or closed (code = -32000)" issue="converting json ld" url="https://data.fz-juelich.de/dataverse/ess"
level=error msg="cdp.Runtime: Evaluate: rpc error: Inspected target navigated or closed (code = -32000)" issue="Headless Evaluate" url="https://data.fz-juelich.de/dataverse/fzj"
level=error msg="cdp.Runtime: Evaluate: rpc error: Inspected target navigated or closed (code = -32000)" issue="Headless Evaluate" url="https://data.fz-juelich.de/dataverse/jcns"
level=error msg="cdp.Runtime: Evaluate: rpc error: Inspected target navigated or closed (code = -32000)" issue="converting json ld" url="https://data.fz-juelich.de/dataverse/jcns"
level=error msg="cdp.Runtime: Evaluate: rpc error: Inspected target navigated or closed (code = -32000)" issue="converting json ld" url="https://data.fz-juelich.de/dataverse/computational-neurology"
level=error msg="cdp.Runtime: Evaluate: rpc error: Inspected target navigated or closed (code = -32000)" issue="converting json ld" url="https://data.fz-juelich.de/dataverse/fzj"
level=error contentType="Direct access failed, trying headless']" url="https://data.fz-juelich.de/dataverse/jedi"
level=error contentType="Direct access failed, trying headless']" url="https://data.fz-juelich.de/dataverse/metabolic_networks"
level=error contentType="Direct access failed, trying headless']" url="https://data.fz-juelich.de/dataverse/hiern_elimages"
level=error msg="cdp.Runtime: Evaluate: rpc error: Inspected target navigated or closed (code = -32000)" issue="Headless Evaluate" url="https://data.fz-juelich.de/dataverse/metabolic_networks"
level=error msg="cdp.Runtime: Evaluate: rpc error: Inspected target navigated or closed (code = -32000)" issue="Headless Evaluate" url="https://data.fz-juelich.de/dataverse/jedi"
level=error msg="cdp.Runtime: Evaluate: rpc error: Inspected target navigated or closed (code = -32000)" issue="converting json ld" url="https://data.fz-juelich.de/dataverse/jedi"
level=error msg="cdp.Runtime: Evaluate: rpc error: Inspected target navigated or closed (code = -32000)" issue="converting json ld" url="https://data.fz-juelich.de/dataverse/metabolic_networks"
level=error contentType="Direct access failed, trying headless']" url="https://data.fz-juelich.de/dataverse/mlz"
level=error contentType="Direct access failed, trying headless']" url="https://data.fz-juelich.de/dataverse/jsc"
level=error contentType="Direct access failed, trying headless']" url="https://data.fz-juelich.de/dataverse/ibg-1"
level=error contentType="Direct access failed, trying headless']" url="https://data.fz-juelich.de/dataverse/iek-11"
level=error msg="cdp.Runtime: Evaluate: rpc error: Inspected target navigated or closed (code = -32000)" issue="Headless Evaluate" url="https://data.fz-juelich.de/dataverse/mlz"
level=error msg="cdp.Runtime: Evaluate: rpc error: Inspected target navigated or closed (code = -32000)" issue="Headless Evaluate" url="https://data.fz-juelich.de/dataverse/jsc"
level=error msg="cdp.Runtime: Evaluate: rpc error: Inspected target navigated or closed (code = -32000)" issue="converting json ld" url="https://data.fz-juelich.de/dataverse/jsc"
level=error msg="cdp.Runtime: Evaluate: rpc error: Inspected target navigated or closed (code = -32000)" issue="Headless Evaluate" url="https://data.fz-juelich.de/dataverse/iek-11"
level=error msg="cdp.Runtime: Evaluate: rpc error: Inspected target navigated or closed (code = -32000)" issue="converting json ld" url="https://data.fz-juelich.de/dataverse/iek-11"
level=error msg="cdp.Runtime: Evaluate: rpc error: Inspected target navigated or closed (code = -32000)" issue="Headless Evaluate" url="https://data.fz-juelich.de/dataverse/ibg-1"
level=error msg="cdp.Runtime: Evaluate: rpc error: Inspected target navigated or closed (code = -32000)" issue="converting json ld" url="https://data.fz-juelich.de/dataverse/mlz"
level=error msg="cdp.Runtime: Evaluate: rpc error: Inspected target navigated or closed (code = -32000)" issue="Headless Evaluate" url="https://data.fz-juelich.de/dataverse/hiern_elimages"
level=error msg="cdp.Runtime: Evaluate: rpc error: Inspected target navigated or closed (code = -32000)" issue="converting json ld" url="https://data.fz-juelich.de/dataverse/hiern_elimages"
level=error msg="cdp.Runtime: Evaluate: rpc error: Inspected target navigated or closed (code = -32000)" issue="converting json ld" url="https://data.fz-juelich.de/dataverse/ibg-1"
level=error contentType="Direct access failed, trying headless']" url="https://data.fz-juelich.de/dataverse/pgi-7"
level=error contentType="Direct access failed, trying headless']" url="https://data.fz-juelich.de/dataverse/iek-6"
level=error contentType="Direct access failed, trying headless']" url="https://data.fz-juelich.de/dataverse/ikp"
level=error contentType="Direct access failed, trying headless']" url="https://data.fz-juelich.de/dataverse/iek-4"
level=error msg="cdp.Runtime: Evaluate: rpc error: Inspected target navigated or closed (code = -32000)" issue="Headless Evaluate" url="https://data.fz-juelich.de/dataverse/pgi-7"
level=error msg="cdp.Runtime: Evaluate: rpc error: Inspected target navigated or closed (code = -32000)" issue="converting json ld" url="https://data.fz-juelich.de/dataverse/pgi-7"
level=error msg="cdp.Runtime: Evaluate: rpc error: Inspected target navigated or closed (code = -32000)" issue="Headless Evaluate" url="https://data.fz-juelich.de/dataverse/iek-6"
level=error msg="cdp.Runtime: Evaluate: rpc error: Inspected target navigated or closed (code = -32000)" issue="Headless Evaluate" url="https://data.fz-juelich.de/dataverse/ikp"
level=error msg="cdp.Runtime: Evaluate: rpc error: Inspected target navigated or closed (code = -32000)" issue="converting json ld" url="https://data.fz-juelich.de/dataverse/ikp"
level=error msg="cdp.Runtime: Evaluate: rpc error: Inspected target navigated or closed (code = -32000)" issue="converting json ld" url="https://data.fz-juelich.de/dataverse/iek-6"
level=error contentType="Direct access failed, trying headless']" url="https://data.fz-juelich.de/dataverse/iek-7"
level=error contentType="Direct access failed, trying headless']" url="https://data.fz-juelich.de/dataverse/iek-ste"
level=error msg="cdp.Runtime: Evaluate: rpc error: Inspected target navigated or closed (code = -32000)" issue="Headless Evaluate" url="https://data.fz-juelich.de/dataverse/iek-4"
level=error msg="cdp.Runtime: Evaluate: rpc error: Inspected target navigated or closed (code = -32000)" issue="Headless Evaluate" url="https://data.fz-juelich.de/dataverse/iek-7"
level=error msg="cdp.Runtime: Evaluate: rpc error: Inspected target navigated or closed (code = -32000)" issue="Headless Evaluate" url="https://data.fz-juelich.de/dataverse/iek-ste"
level=error msg="cdp.Runtime: Evaluate: rpc error: Inspected target navigated or closed (code = -32000)" issue="converting json ld" url="https://data.fz-juelich.de/dataverse/iek-7"
level=error msg="cdp.Runtime: Evaluate: rpc error: Inspected target navigated or closed (code = -32000)" issue="converting json ld" url="https://data.fz-juelich.de/dataverse/iek-ste"
level=error msg="cdp.Runtime: Evaluate: rpc error: Inspected target navigated or closed (code = -32000)" issue="converting json ld" url="https://data.fz-juelich.de/dataverse/iek-4"
level=error contentType="Direct access failed, trying headless']" url="https://data.fz-juelich.de/dataverse/pgi-9"
level=error contentType="Direct access failed, trying headless']" url="https://data.fz-juelich.de/dataverse/iek-8"
level=error contentType="Direct access failed, trying headless']" url="https://data.fz-juelich.de/dataverse/pgi-3"
level=error msg="cdp.Runtime: Evaluate: rpc error: Inspected target navigated or closed (code = -32000)" issue="Headless Evaluate" url="https://data.fz-juelich.de/dataverse/pgi-9"
level=error msg="cdp.Runtime: Evaluate: rpc error: Inspected target navigated or closed (code = -32000)" issue="converting json ld" url="https://data.fz-juelich.de/dataverse/pgi-9"
level=error msg="cdp.Runtime: Evaluate: rpc error: Inspected target navigated or closed (code = -32000)" issue="Headless Evaluate" url="https://data.fz-juelich.de/dataverse/iek-8"
level=error msg="cdp.Runtime: Evaluate: rpc error: Inspected target navigated or closed (code = -32000)" issue="Headless Evaluate" url="https://data.fz-juelich.de/dataverse/pgi-3"
level=error msg="cdp.Runtime: Evaluate: rpc error: Inspected target navigated or closed (code = -32000)" issue="converting json ld" url="https://data.fz-juelich.de/dataverse/pgi-3"
level=error msg="cdp.Runtime: Evaluate: rpc error: Inspected target navigated or closed (code = -32000)" issue="converting json ld" url="https://data.fz-juelich.de/dataverse/iek-8"
level=error contentType="Direct access failed, trying headless']" url="https://data.fz-juelich.de/dataverse/qm-matrix"
level=error contentType="Direct access failed, trying headless']" url="https://data.fz-juelich.de/dataverse/quantum_mechanics"
level=error msg="cdp.Runtime: Evaluate: rpc error: Inspected target navigated or closed (code = -32000)" issue="Headless Evaluate" url="https://data.fz-juelich.de/dataverse/qm-matrix"
level=error msg="cdp.Runtime: Evaluate: rpc error: Inspected target navigated or closed (code = -32000)" issue="Headless Evaluate" url="https://data.fz-juelich.de/dataverse/quantum_mechanics"
level=error msg="cdp.Runtime: Evaluate: rpc error: Inspected target navigated or closed (code = -32000)" issue="converting json ld" url="https://data.fz-juelich.de/dataverse/quantum_mechanics"
level=error msg="cdp.Runtime: Evaluate: rpc error: Inspected target navigated or closed (code = -32000)" issue="converting json ld" url="https://data.fz-juelich.de/dataverse/qm-matrix"
level=error contentType="Direct access failed, trying headless']" url="https://data.fz-juelich.de/dataverse/inm-3"
level=error msg="cdp.Runtime: Evaluate: rpc error: Execution context was destroyed. (code = -32000)" issue="Headless Evaluate" url="https://data.fz-juelich.de/dataverse/inm-3"
level=error msg="cdp.Runtime: Evaluate: rpc error: Execution context was destroyed. (code = -32000)" issue="converting json ld" url="https://data.fz-juelich.de/dataverse/inm-3"
level=error contentType="Direct access failed, trying headless']" url="https://data.fz-juelich.de/dataverse/inm-4"
level=error contentType="Direct access failed, trying headless']" url="https://data.fz-juelich.de/dataverse/inm-5"
level=error msg="cdp.Runtime: Evaluate: rpc error: Inspected target navigated or closed (code = -32000)" issue="Headless Evaluate" url="https://data.fz-juelich.de/dataverse/inm-4"
level=error msg="cdp.Runtime: Evaluate: rpc error: Inspected target navigated or closed (code = -32000)" issue="converting json ld" url="https://data.fz-juelich.de/dataverse/inm-4"
level=error msg="cdp.Runtime: Evaluate: rpc error: Inspected target navigated or closed (code = -32000)" issue="Headless Evaluate" url="https://data.fz-juelich.de/dataverse/inm-5"
level=error msg="cdp.Runtime: Evaluate: rpc error: Inspected target navigated or closed (code = -32000)" issue="converting json ld" url="https://data.fz-juelich.de/dataverse/inm-5"
level=error contentType="Direct access failed, trying headless']" url="https://data.fz-juelich.de/dataverse/microemulsion_sans_nse"
level=error contentType="Direct access failed, trying headless']" url="https://data.fz-juelich.de/dataverse/waves"
level=error msg="cdp.Runtime: Evaluate: rpc error: Inspected target navigated or closed (code = -32000)" issue="Headless Evaluate" url="https://data.fz-juelich.de/dataverse/waves"
level=error msg="cdp.Runtime: Evaluate: rpc error: Inspected target navigated or closed (code = -32000)" issue="converting json ld" url="https://data.fz-juelich.de/dataverse/waves"
level=error msg="cdp.Runtime: Evaluate: rpc error: Inspected target navigated or closed (code = -32000)" issue="Headless Evaluate" url="https://data.fz-juelich.de/dataverse/microemulsion_sans_nse"
level=error msg="cdp.Runtime: Evaluate: rpc error: Inspected target navigated or closed (code = -32000)" issue="converting json ld" url="https://data.fz-juelich.de/dataverse/microemulsion_sans_nse"
