level=error contentType="Direct access failed, trying headless']" url="https://dataverse.ifdc.org/dataverse/field-training"
level=error contentType="Direct access failed, trying headless']" url="https://dataverse.ifdc.org/dataverse/misc"
level=error contentType="Direct access failed, trying headless']" url="https://dataverse.ifdc.org/dataverse/staff-publications"
level=error contentType="Direct access failed, trying headless']" url="https://dataverse.ifdc.org/dataverse/field-project-reports"
level=error contentType="Direct access failed, trying headless']" url="https://dataverse.ifdc.org/dataverse/monographs"
level=error msg="cdp.Runtime: Evaluate: rpc error: Inspected target navigated or closed (code = -32000)" issue="Headless Evaluate" url="https://dataverse.ifdc.org/dataverse/misc"
level=error msg="cdp.Runtime: Evaluate: rpc error: Inspected target navigated or closed (code = -32000)" issue="Headless Evaluate" url="https://dataverse.ifdc.org/dataverse/staff-publications"
level=error msg="cdp.Runtime: Evaluate: rpc error: Inspected target navigated or closed (code = -32000)" issue="converting json ld" url="https://dataverse.ifdc.org/dataverse/staff-publications"
level=error msg="cdp.Runtime: Evaluate: rpc error: Inspected target navigated or closed (code = -32000)" issue="Headless Evaluate" url="https://dataverse.ifdc.org/dataverse/field-project-reports"
level=error msg="cdp.Runtime: Evaluate: rpc error: Inspected target navigated or closed (code = -32000)" issue="converting json ld" url="https://dataverse.ifdc.org/dataverse/field-project-reports"
level=error msg="cdp.Runtime: Evaluate: rpc error: Inspected target navigated or closed (code = -32000)" issue="Headless Evaluate" url="https://dataverse.ifdc.org/dataverse/field-training"
level=error msg="cdp.Runtime: Evaluate: rpc error: Inspected target navigated or closed (code = -32000)" issue="converting json ld" url="https://dataverse.ifdc.org/dataverse/misc"
level=error msg="cdp.Runtime: Evaluate: rpc error: Inspected target navigated or closed (code = -32000)" issue="Headless Evaluate" url="https://dataverse.ifdc.org/dataverse/monographs"
level=error msg="cdp.Runtime: Evaluate: rpc error: Inspected target navigated or closed (code = -32000)" issue="converting json ld" url="https://dataverse.ifdc.org/dataverse/field-training"
level=error msg="cdp.Runtime: Evaluate: rpc error: Inspected target navigated or closed (code = -32000)" issue="converting json ld" url="https://dataverse.ifdc.org/dataverse/monographs"
level=error contentType="Direct access failed, trying headless']" url="https://dataverse.ifdc.org/dataverse/n-allyzer"
level=error contentType="Direct access failed, trying headless']" url="https://dataverse.ifdc.org/dataverse/pdf"
level=error contentType="Direct access failed, trying headless']" url="https://dataverse.ifdc.org/dataverse/presentations"
level=error contentType="Direct access failed, trying headless']" url="https://dataverse.ifdc.org/dataverse/publications"
level=error contentType="Direct access failed, trying headless']" url="https://dataverse.ifdc.org/dataverse/fertilizer-research"
level=error msg="cdp.Runtime: Evaluate: rpc error: Inspected target navigated or closed (code = -32000)" issue="Headless Evaluate" url="https://dataverse.ifdc.org/dataverse/n-allyzer"
level=error msg="cdp.Runtime: Evaluate: rpc error: Inspected target navigated or closed (code = -32000)" issue="Headless Evaluate" url="https://dataverse.ifdc.org/dataverse/pdf"
level=error msg="cdp.Runtime: Evaluate: rpc error: Inspected target navigated or closed (code = -32000)" issue="converting json ld" url="https://dataverse.ifdc.org/dataverse/pdf"
level=error msg="cdp.Runtime: Evaluate: rpc error: Inspected target navigated or closed (code = -32000)" issue="Headless Evaluate" url="https://dataverse.ifdc.org/dataverse/presentations"
level=error msg="cdp.Runtime: Evaluate: rpc error: Inspected target navigated or closed (code = -32000)" issue="Headless Evaluate" url="https://dataverse.ifdc.org/dataverse/fertilizer-research"
level=error msg="cdp.Runtime: Evaluate: rpc error: Inspected target navigated or closed (code = -32000)" issue="converting json ld" url="https://dataverse.ifdc.org/dataverse/fertilizer-research"
level=error msg="cdp.Runtime: Evaluate: rpc error: Inspected target navigated or closed (code = -32000)" issue="converting json ld" url="https://dataverse.ifdc.org/dataverse/presentations"
level=error msg="cdp.Runtime: Evaluate: rpc error: Inspected target navigated or closed (code = -32000)" issue="Headless Evaluate" url="https://dataverse.ifdc.org/dataverse/publications"
level=error msg="cdp.Runtime: Evaluate: rpc error: Inspected target navigated or closed (code = -32000)" issue="converting json ld" url="https://dataverse.ifdc.org/dataverse/n-allyzer"
level=error msg="cdp.Runtime: Evaluate: rpc error: Inspected target navigated or closed (code = -32000)" issue="converting json ld" url="https://dataverse.ifdc.org/dataverse/publications"
level=error contentType="Direct access failed, trying headless']" url="https://dataverse.ifdc.org/dataverse/annual-reports"
level=error contentType="Direct access failed, trying headless']" url="https://dataverse.ifdc.org/dataverse/bfs-soils"
level=error contentType="Direct access failed, trying headless']" url="https://dataverse.ifdc.org/dataverse/conference-proceedings"
level=error contentType="Direct access failed, trying headless']" url="https://dataverse.ifdc.org/dataverse/digital-archive"
level=error contentType="Direct access failed, trying headless']" url="https://dataverse.ifdc.org/dataverse/root"
level=error msg="cdp.Runtime: Evaluate: rpc error: Inspected target navigated or closed (code = -32000)" issue="Headless Evaluate" url="https://dataverse.ifdc.org/dataverse/annual-reports"
level=error msg="cdp.Runtime: Evaluate: rpc error: Inspected target navigated or closed (code = -32000)" issue="Headless Evaluate" url="https://dataverse.ifdc.org/dataverse/bfs-soils"
level=error msg="cdp.Runtime: Evaluate: rpc error: Inspected target navigated or closed (code = -32000)" issue="converting json ld" url="https://dataverse.ifdc.org/dataverse/annual-reports"
level=error msg="cdp.Runtime: Evaluate: rpc error: Inspected target navigated or closed (code = -32000)" issue="Headless Evaluate" url="https://dataverse.ifdc.org/dataverse/conference-proceedings"
level=error msg="cdp.Runtime: Evaluate: rpc error: Inspected target navigated or closed (code = -32000)" issue="converting json ld" url="https://dataverse.ifdc.org/dataverse/conference-proceedings"
level=error msg="cdp.Runtime: Evaluate: rpc error: Inspected target navigated or closed (code = -32000)" issue="converting json ld" url="https://dataverse.ifdc.org/dataverse/bfs-soils"
level=error contentType="Direct access failed, trying headless']" url="https://dataverse.ifdc.org/dataverse/fertilizer-reports"
level=error msg="cdp.Runtime: Evaluate: rpc error: Inspected target navigated or closed (code = -32000)" issue="Headless Evaluate" url="https://dataverse.ifdc.org/dataverse/root"
level=error msg="cdp.Runtime: Evaluate: rpc error: Inspected target navigated or closed (code = -32000)" issue="Headless Evaluate" url="https://dataverse.ifdc.org/dataverse/digital-archive"
level=error msg="cdp.Runtime: Evaluate: rpc error: Inspected target navigated or closed (code = -32000)" issue="converting json ld" url="https://dataverse.ifdc.org/dataverse/digital-archive"
level=error msg="cdp.Runtime: Evaluate: rpc error: Inspected target navigated or closed (code = -32000)" issue="Headless Evaluate" url="https://dataverse.ifdc.org/dataverse/fertilizer-reports"
level=error msg="cdp.Runtime: Evaluate: rpc error: Inspected target navigated or closed (code = -32000)" issue="converting json ld" url="https://dataverse.ifdc.org/dataverse/fertilizer-reports"
level=error msg="cdp.Runtime: Evaluate: rpc error: Inspected target navigated or closed (code = -32000)" issue="converting json ld" url="https://dataverse.ifdc.org/dataverse/root"
