level=info msg="Queuing URLs for qdr"
level=info msg="URL Count 140"
level=info contentType="script[type='application/ld+json']" url="https://data.qdr.syr.edu/dataset.xhtml?persistentId=doi:10.5064/F6FLYLN6"
level=info contentType="script[type='application/ld+json']" url="https://data.qdr.syr.edu/dataset.xhtml?persistentId=doi:10.5064/F6WKR6ED"
level=info contentType="script[type='application/ld+json']" url="https://data.qdr.syr.edu/dataset.xhtml?persistentId=doi:10.5064/F6NJU10I"
level=info contentType="script[type='application/ld+json']" url="https://data.qdr.syr.edu/dataset.xhtml?persistentId=doi:10.5064/F6R3772G"
level=info contentType="script[type='application/ld+json']" url="https://data.qdr.syr.edu/dataset.xhtml?persistentId=doi:10.5064/F6BCQ6DM"
level=info contentType="script[type='application/ld+json']" url="https://data.qdr.syr.edu/dataset.xhtml?persistentId=doi:10.5064/F6QPV2QK"
level=info contentType="script[type='application/ld+json']" url="https://data.qdr.syr.edu/dataset.xhtml?persistentId=doi:10.5064/F6ETSBWQ"
level=info contentType="script[type='application/ld+json']" url="https://data.qdr.syr.edu/dataset.xhtml?persistentId=doi:10.5064/F6P3QF2Y"
level=info contentType="script[type='application/ld+json']" url="https://data.qdr.syr.edu/dataset.xhtml?persistentId=doi:10.5064/F6MBCJ8M"
level=info contentType="script[type='application/ld+json']" url="https://data.qdr.syr.edu/dataset.xhtml?persistentId=doi:10.5064/F6D0YBEA"
level=info contentType="script[type='application/ld+json']" url="https://data.qdr.syr.edu/dataset.xhtml?persistentId=doi:10.5064/F6JKV8QZ"
level=info contentType="script[type='application/ld+json']" url="https://data.qdr.syr.edu/dataset.xhtml?persistentId=doi:10.5064/F6LBYMQO"
level=info contentType="script[type='application/ld+json']" url="https://data.qdr.syr.edu/dataset.xhtml?persistentId=doi:10.5064/F6WYIXV3"
level=info contentType="script[type='application/ld+json']" url="https://data.qdr.syr.edu/dataset.xhtml?persistentId=doi:10.5064/F6GXXBVD"
level=info contentType="script[type='application/ld+json']" url="https://data.qdr.syr.edu/dataset.xhtml?persistentId=doi:10.5064/F6YYA3O3"
level=info contentType="script[type='application/ld+json']" url="https://data.qdr.syr.edu/dataset.xhtml?persistentId=doi:10.5064/F6ZQWQJS"
level=info contentType="script[type='application/ld+json']" url="https://data.qdr.syr.edu/dataset.xhtml?persistentId=doi:10.5064/F6WMOBYB"
level=info contentType="script[type='application/ld+json']" url="https://data.qdr.syr.edu/dataset.xhtml?persistentId=doi:10.5064/F6TSKFFN"
level=info contentType="script[type='application/ld+json']" url="https://data.qdr.syr.edu/dataset.xhtml?persistentId=doi:10.5064/F6TZKMDU"
level=info contentType="script[type='application/ld+json']" url="https://data.qdr.syr.edu/dataset.xhtml?persistentId=doi:10.5064/F6XAGL0F"
level=info contentType="script[type='application/ld+json']" url="https://data.qdr.syr.edu/dataset.xhtml?persistentId=doi:10.5064/F6CBM0MJ"
level=info contentType="script[type='application/ld+json']" url="https://data.qdr.syr.edu/dataset.xhtml?persistentId=doi:10.5064/F6YMWPUX"
level=info contentType="script[type='application/ld+json']" url="https://data.qdr.syr.edu/dataset.xhtml?persistentId=doi:10.5064/F617CWDH"
level=info contentType="script[type='application/ld+json']" url="https://data.qdr.syr.edu/dataset.xhtml?persistentId=doi:10.5064/F6IJOKZD"
level=info contentType="script[type='application/ld+json']" url="https://data.qdr.syr.edu/dataset.xhtml?persistentId=doi:10.5064/F6OJNVF1"
level=info contentType="script[type='application/ld+json']" url="https://data.qdr.syr.edu/dataset.xhtml?persistentId=doi:10.5064/F6V5VGX3"
level=info contentType="script[type='application/ld+json']" url="https://data.qdr.syr.edu/dataset.xhtml?persistentId=doi:10.5064/F6Z5A2A7"
level=info contentType="script[type='application/ld+json']" url="https://data.qdr.syr.edu/dataset.xhtml?persistentId=doi:10.5064/F630E3UT"
level=info contentType="script[type='application/ld+json']" url="https://data.qdr.syr.edu/dataset.xhtml?persistentId=doi:10.5064/F6OYTNPQ"
level=info contentType="script[type='application/ld+json']" url="https://data.qdr.syr.edu/dataset.xhtml?persistentId=doi:10.5064/F6B7AR4J"
level=info contentType="script[type='application/ld+json']" url="https://data.qdr.syr.edu/dataset.xhtml?persistentId=doi:10.5064/F6RL3PS2"
level=info contentType="script[type='application/ld+json']" url="https://data.qdr.syr.edu/dataset.xhtml?persistentId=doi:10.5064/F6MFN8D4"
level=info contentType="script[type='application/ld+json']" url="https://data.qdr.syr.edu/dataset.xhtml?persistentId=doi:10.5064/F6W7QRSX"
level=info contentType="script[type='application/ld+json']" url="https://data.qdr.syr.edu/dataset.xhtml?persistentId=doi:10.5064/F626JGPB"
level=info contentType="script[type='application/ld+json']" url="https://data.qdr.syr.edu/dataset.xhtml?persistentId=doi:10.5064/F6PHDAOA"
level=info contentType="script[type='application/ld+json']" url="https://data.qdr.syr.edu/dataset.xhtml?persistentId=doi:10.5064/F6RKKLAD"
level=info contentType="script[type='application/ld+json']" url="https://data.qdr.syr.edu/dataset.xhtml?persistentId=doi:10.5064/F6C8VUHP"
level=info contentType="script[type='application/ld+json']" url="https://data.qdr.syr.edu/dataset.xhtml?persistentId=doi:10.5064/F6NUVQRR"
level=info contentType="script[type='application/ld+json']" url="https://data.qdr.syr.edu/dataset.xhtml?persistentId=doi:10.5064/F6NKFLPN"
level=info contentType="script[type='application/ld+json']" url="https://data.qdr.syr.edu/dataset.xhtml?persistentId=doi:10.5064/F6UHXBNH"
level=info contentType="script[type='application/ld+json']" url="https://data.qdr.syr.edu/dataset.xhtml?persistentId=doi:10.5064/F61MNQL0"
level=info contentType="script[type='application/ld+json']" url="https://data.qdr.syr.edu/dataset.xhtml?persistentId=doi:10.5064/F6BGVREB"
level=info contentType="script[type='application/ld+json']" url="https://data.qdr.syr.edu/dataset.xhtml?persistentId=doi:10.5064/F6HTXF0H"
level=info contentType="script[type='application/ld+json']" url="https://data.qdr.syr.edu/dataset.xhtml?persistentId=doi:10.5064/F62T7NYQ"
level=info contentType="script[type='application/ld+json']" url="https://data.qdr.syr.edu/dataset.xhtml?persistentId=doi:10.5064/F6GEGCRX"
level=info contentType="script[type='application/ld+json']" url="https://data.qdr.syr.edu/dataset.xhtml?persistentId=doi:10.5064/F6IQTIML"
level=info contentType="script[type='application/ld+json']" url="https://data.qdr.syr.edu/dataset.xhtml?persistentId=doi:10.5064/F6UURYON"
level=info contentType="script[type='application/ld+json']" url="https://data.qdr.syr.edu/dataset.xhtml?persistentId=doi:10.5064/F6URYY1I"
level=info contentType="script[type='application/ld+json']" url="https://data.qdr.syr.edu/dataset.xhtml?persistentId=doi:10.5064/F6B9CGIV"
level=info contentType="script[type='application/ld+json']" url="https://data.qdr.syr.edu/dataset.xhtml?persistentId=doi:10.5064/F6RQA7AQ"
level=info contentType="script[type='application/ld+json']" url="https://data.qdr.syr.edu/dataset.xhtml?persistentId=doi:10.5064/F6HY9R1Z"
level=info contentType="script[type='application/ld+json']" url="https://data.qdr.syr.edu/dataset.xhtml?persistentId=doi:10.5064/F6JTB799"
level=info contentType="script[type='application/ld+json']" url="https://data.qdr.syr.edu/dataset.xhtml?persistentId=doi:10.5064/F6FHSZGO"
level=info contentType="script[type='application/ld+json']" url="https://data.qdr.syr.edu/dataset.xhtml?persistentId=doi:10.5064/F6TLRTD9"
level=info contentType="script[type='application/ld+json']" url="https://data.qdr.syr.edu/dataset.xhtml?persistentId=doi:10.5064/F6DJRPLK"
level=info contentType="script[type='application/ld+json']" url="https://data.qdr.syr.edu/dataset.xhtml?persistentId=doi:10.5064/F68PQFS8"
level=info contentType="script[type='application/ld+json']" url="https://data.qdr.syr.edu/dataset.xhtml?persistentId=doi:10.5064/F6EOZGLB"
level=info contentType="script[type='application/ld+json']" url="https://data.qdr.syr.edu/dataset.xhtml?persistentId=doi:10.5064/F6AHDRFQ"
level=info contentType="script[type='application/ld+json']" url="https://data.qdr.syr.edu/dataset.xhtml?persistentId=doi:10.5064/F6K4IVEP"
level=info contentType="script[type='application/ld+json']" url="https://data.qdr.syr.edu/dataset.xhtml?persistentId=doi:10.5064/F6VOIB8H"
level=info contentType="script[type='application/ld+json']" url="https://data.qdr.syr.edu/dataset.xhtml?persistentId=doi:10.5064/F6VAZJ2M"
level=info contentType="script[type='application/ld+json']" url="https://data.qdr.syr.edu/dataset.xhtml?persistentId=doi:10.5064/F6NON328"
level=info contentType="script[type='application/ld+json']" url="https://data.qdr.syr.edu/dataset.xhtml?persistentId=doi:10.5064/F6SHNJUG"
level=info contentType="script[type='application/ld+json']" url="https://data.qdr.syr.edu/dataset.xhtml?persistentId=doi:10.5064/F69JKYSS"
level=info contentType="script[type='application/ld+json']" url="https://data.qdr.syr.edu/dataset.xhtml?persistentId=doi:10.5064/F6AGWUJG"
level=info contentType="script[type='application/ld+json']" url="https://data.qdr.syr.edu/dataset.xhtml?persistentId=doi:10.5064/F6GZGCJB"
level=info contentType="script[type='application/ld+json']" url="https://data.qdr.syr.edu/dataset.xhtml?persistentId=doi:10.5064/F6WBLX4I"
level=info contentType="script[type='application/ld+json']" url="https://data.qdr.syr.edu/dataset.xhtml?persistentId=doi:10.5064/F6AC1QAF"
level=info contentType="script[type='application/ld+json']" url="https://data.qdr.syr.edu/dataset.xhtml?persistentId=doi:10.5064/F6W3BY0S"
level=info contentType="script[type='application/ld+json']" url="https://data.qdr.syr.edu/dataset.xhtml?persistentId=doi:10.5064/F6Z5ZNWH"
level=info contentType="script[type='application/ld+json']" url="https://data.qdr.syr.edu/dataset.xhtml?persistentId=doi:10.5064/F6P55KNC"
level=info contentType="script[type='application/ld+json']" url="https://data.qdr.syr.edu/dataset.xhtml?persistentId=doi:10.5064/F6TB14TP"
level=info contentType="script[type='application/ld+json']" url="https://data.qdr.syr.edu/dataset.xhtml?persistentId=doi:10.5064/F6H12ZXF"
level=info contentType="script[type='application/ld+json']" url="https://data.qdr.syr.edu/dataset.xhtml?persistentId=doi:10.5064/F6QN64NH"
level=info contentType="script[type='application/ld+json']" url="https://data.qdr.syr.edu/dataset.xhtml?persistentId=doi:10.5064/F6KW5CXS"
level=info contentType="script[type='application/ld+json']" url="https://data.qdr.syr.edu/dataset.xhtml?persistentId=doi:10.5064/F68G8HMM"
level=info contentType="script[type='application/ld+json']" url="https://data.qdr.syr.edu/dataset.xhtml?persistentId=doi:10.5064/F6G44N6S"
level=info contentType="script[type='application/ld+json']" url="https://data.qdr.syr.edu/dataset.xhtml?persistentId=doi:10.5064/F6F769GQ"
level=info contentType="script[type='application/ld+json']" url="https://data.qdr.syr.edu/dataset.xhtml?persistentId=doi:10.5064/F6833Q5K"
level=info contentType="script[type='application/ld+json']" url="https://data.qdr.syr.edu/dataset.xhtml?persistentId=doi:10.5064/F6MS3QNV"
level=info contentType="script[type='application/ld+json']" url="https://data.qdr.syr.edu/dataset.xhtml?persistentId=doi:10.5064/F60Z715Z"
level=info contentType="script[type='application/ld+json']" url="https://data.qdr.syr.edu/dataset.xhtml?persistentId=doi:10.5064/F6ZP448B"
level=info contentType="script[type='application/ld+json']" url="https://data.qdr.syr.edu/dataset.xhtml?persistentId=doi:10.5064/F67H1GGS"
level=info contentType="script[type='application/ld+json']" url="https://data.qdr.syr.edu/dataset.xhtml?persistentId=doi:10.5064/F63776W4"
level=info contentType="script[type='application/ld+json']" url="https://data.qdr.syr.edu/dataset.xhtml?persistentId=doi:10.5064/F6W66HPK"
level=info contentType="script[type='application/ld+json']" url="https://data.qdr.syr.edu/dataset.xhtml?persistentId=doi:10.5064/F62Z13FQ"
level=info contentType="script[type='application/ld+json']" url="https://data.qdr.syr.edu/dataset.xhtml?persistentId=doi:10.5064/F65Q4T1P"
level=info contentType="script[type='application/ld+json']" url="https://data.qdr.syr.edu/dataset.xhtml?persistentId=doi:10.5064/F6JW8BSD"
level=info contentType="script[type='application/ld+json']" url="https://data.qdr.syr.edu/dataset.xhtml?persistentId=doi:10.5064/F6C8276H"
level=info contentType="script[type='application/ld+json']" url="https://data.qdr.syr.edu/dataset.xhtml?persistentId=doi:10.5064/F6TD9V7G"
level=info contentType="script[type='application/ld+json']" url="https://data.qdr.syr.edu/dataset.xhtml?persistentId=doi:10.5064/F6NP22C9"
level=info contentType="script[type='application/ld+json']" url="https://data.qdr.syr.edu/dataset.xhtml?persistentId=doi:10.5064/F66Q1V52"
level=info contentType="script[type='application/ld+json']" url="https://data.qdr.syr.edu/dataset.xhtml?persistentId=doi:10.5064/F6PN93H4"
level=info contentType="script[type='application/ld+json']" url="https://data.qdr.syr.edu/dataset.xhtml?persistentId=doi:10.5064/F6SF2T3N"
level=info contentType="script[type='application/ld+json']" url="https://data.qdr.syr.edu/dataset.xhtml?persistentId=doi:10.5064/F6BG2KWC"
level=info contentType="script[type='application/ld+json']" url="https://data.qdr.syr.edu/dataset.xhtml?persistentId=doi:10.5064/F6D798BB"
level=info contentType="script[type='application/ld+json']" url="https://data.qdr.syr.edu/dataset.xhtml?persistentId=doi:10.5064/F6MW2F2K"
level=info contentType="script[type='application/ld+json']" url="https://data.qdr.syr.edu/dataset.xhtml?persistentId=doi:10.5064/F6RF5RZV"
level=info contentType="script[type='application/ld+json']" url="https://data.qdr.syr.edu/dataset.xhtml?persistentId=doi:10.5064/F6CN723S"
level=info contentType="script[type='application/ld+json']" url="https://data.qdr.syr.edu/dataset.xhtml?persistentId=doi:10.5064/F6M2H9VQ"
level=info contentType="script[type='application/ld+json']" url="https://data.qdr.syr.edu/dataset.xhtml?persistentId=doi:10.5064/F6Z60KZB"
level=info contentType="script[type='application/ld+json']" url="https://data.qdr.syr.edu/dataset.xhtml?persistentId=doi:10.5064/F6WACFVR"
level=info contentType="script[type='application/ld+json']" url="https://data.qdr.syr.edu/dataset.xhtml?persistentId=doi:10.5064/F6IOMX5S"
level=info contentType="script[type='application/ld+json']" url="https://data.qdr.syr.edu/dataset.xhtml?persistentId=doi:10.5064/F6TZYR0Y"
level=info contentType="script[type='application/ld+json']" url="https://data.qdr.syr.edu/dataset.xhtml?persistentId=doi:10.5064/F6OPE7MJ"
level=info contentType="script[type='application/ld+json']" url="https://data.qdr.syr.edu/dataset.xhtml?persistentId=doi:10.5064/F6IOUEY2"
level=info contentType="script[type='application/ld+json']" url="https://data.qdr.syr.edu/dataset.xhtml?persistentId=doi:10.5064/F6NNOI5C"
level=info contentType="script[type='application/ld+json']" url="https://data.qdr.syr.edu/dataset.xhtml?persistentId=doi:10.5064/F6CNZC8J"
level=info contentType="script[type='application/ld+json']" url="https://data.qdr.syr.edu/dataset.xhtml?persistentId=doi:10.5064/F6AISJL0"
level=info contentType="script[type='application/ld+json']" url="https://data.qdr.syr.edu/dataset.xhtml?persistentId=doi:10.5064/F643DB5O"
level=info contentType="script[type='application/ld+json']" url="https://data.qdr.syr.edu/dataset.xhtml?persistentId=doi:10.5064/F6AGINR7"
level=info contentType="script[type='application/ld+json']" url="https://data.qdr.syr.edu/dataset.xhtml?persistentId=doi:10.5064/F6K6DMCK"
level=info contentType="script[type='application/ld+json']" url="https://data.qdr.syr.edu/dataset.xhtml?persistentId=doi:10.5064/F6SGXPOS"
level=info contentType="script[type='application/ld+json']" url="https://data.qdr.syr.edu/dataset.xhtml?persistentId=doi:10.5064/F6ICDLGP"
level=info contentType="script[type='application/ld+json']" url="https://data.qdr.syr.edu/dataset.xhtml?persistentId=doi:10.5064/F66QRSDR"
level=info contentType="script[type='application/ld+json']" url="https://data.qdr.syr.edu/dataset.xhtml?persistentId=doi:10.5064/F6SUMYSH"
level=info contentType="script[type='application/ld+json']" url="https://data.qdr.syr.edu/dataset.xhtml?persistentId=doi:10.5064/F6OAEIDA"
level=info contentType="script[type='application/ld+json']" url="https://data.qdr.syr.edu/dataset.xhtml?persistentId=doi:10.5064/F6AKTDBI"
level=info contentType="script[type='application/ld+json']" url="https://data.qdr.syr.edu/dataset.xhtml?persistentId=doi:10.5064/F6CE5MRF"
level=info contentType="script[type='application/ld+json']" url="https://data.qdr.syr.edu/dataset.xhtml?persistentId=doi:10.5064/F6BUAX58"
level=info contentType="script[type='application/ld+json']" url="https://data.qdr.syr.edu/dataset.xhtml?persistentId=doi:10.5064/F6CSTPY3"
level=info contentType="script[type='application/ld+json']" url="https://data.qdr.syr.edu/dataset.xhtml?persistentId=doi:10.5064/F6UMRNAC"
level=info contentType="script[type='application/ld+json']" url="https://data.qdr.syr.edu/dataset.xhtml?persistentId=doi:10.5064/F64NRC1B"
level=info contentType="script[type='application/ld+json']" url="https://data.qdr.syr.edu/dataset.xhtml?persistentId=doi:10.5064/F6KMEDVB"
level=info contentType="script[type='application/ld+json']" url="https://data.qdr.syr.edu/dataset.xhtml?persistentId=doi:10.5064/F6FBRTRW"
level=info contentType="script[type='application/ld+json']" url="https://data.qdr.syr.edu/dataset.xhtml?persistentId=doi:10.5064/F6AJE0NP"
level=info contentType="script[type='application/ld+json']" url="https://data.qdr.syr.edu/dataset.xhtml?persistentId=doi:10.5064/F6T3PFTW"
level=info contentType="script[type='application/ld+json']" url="https://data.qdr.syr.edu/dataset.xhtml?persistentId=doi:10.5064/F6GYLSON"
level=info contentType="script[type='application/ld+json']" url="https://data.qdr.syr.edu/dataset.xhtml?persistentId=doi:10.5064/F6JOQXNF"
level=info contentType="script[type='application/ld+json']" url="https://data.qdr.syr.edu/dataset.xhtml?persistentId=doi:10.5064/F6LXO8PS"
level=info contentType="script[type='application/ld+json']" url="https://data.qdr.syr.edu/dataset.xhtml?persistentId=doi:10.5064/F6LHMHJR"
level=info contentType="script[type='application/ld+json']" url="https://data.qdr.syr.edu/dataset.xhtml?persistentId=doi:10.5064/F65BVECY"
