level=info msg="Queuing URLs for rosario"
level=info msg="URL Count 73"
level=info contentType="script[type='application/ld+json']" url="http://research-data.urosario.edu.co/dataverse/InformalityEconomic"
level=info contentType="script[type='application/ld+json']" url="http://research-data.urosario.edu.co/dataverse/business-media_colombia"
level=info contentType="script[type='application/ld+json']" url="http://research-data.urosario.edu.co/dataverse/atlas_administracion_latam"
level=info contentType="script[type='application/ld+json']" url="http://research-data.urosario.edu.co/dataverse/alianzaEFI"
level=info contentType="script[type='application/ld+json']" url="http://research-data.urosario.edu.co/dataverse/contentanalysismanagementjournals"
level=info contentType="script[type='application/ld+json']" url="http://research-data.urosario.edu.co/dataverse/Trypanosoma_cruzi"
level=info contentType="script[type='application/ld+json']" url="http://research-data.urosario.edu.co/dataset.xhtml?persistentId=doi:10.34848/DV5CDG"
level=info contentType="script[type='application/ld+json']" url="http://research-data.urosario.edu.co/dataset.xhtml?persistentId=doi:10.34848/DV5CDG"
level=info contentType="script[type='application/ld+json']" url="http://research-data.urosario.edu.co/dataverse/droguerias"
level=info contentType="script[type='application/ld+json']" url="http://research-data.urosario.edu.co/dataverse/endlessconflictscolombia"
level=info contentType="script[type='application/ld+json']" url="http://research-data.urosario.edu.co/dataverse/tenderos"
level=info contentType="script[type='application/ld+json']" url="http://research-data.urosario.edu.co/dataverse/escuelaymigracion"
level=info contentType="script[type='application/ld+json']" url="http://research-data.urosario.edu.co/dataverse/exploraciondelaadherencia"
level=info contentType="script[type='application/ld+json']" url="http://research-data.urosario.edu.co/dataverse/Exploring_association"
level=info contentType="script[type='application/ld+json']" url="http://research-data.urosario.edu.co/dataverse/informalidadencovid19"
level=info contentType="script[type='application/ld+json']" url="http://research-data.urosario.edu.co/dataverse/cuidadores"
level=info contentType="script[type='application/ld+json']" url="http://research-data.urosario.edu.co/dataverse/reciclaje"
level=info contentType="script[type='application/ld+json']" url="http://research-data.urosario.edu.co/dataverse/alianzaEFI_Proyectoemprendimiento"
level=info contentType="script[type='application/ld+json']" url="http://research-data.urosario.edu.co/dataset.xhtml?persistentId=doi:10.34848/QSNIKJ"
level=info contentType="script[type='application/ld+json']" url="http://research-data.urosario.edu.co/dataset.xhtml?persistentId=doi:10.34848/QSNIKJ"
level=info contentType="script[type='application/ld+json']" url="http://research-data.urosario.edu.co/dataset.xhtml?persistentId=doi:10.34848/FK2/EYOTAM"
level=info contentType="script[type='application/ld+json']" url="http://research-data.urosario.edu.co/dataset.xhtml?persistentId=doi:10.34848/FK2/EYOTAM"
level=info contentType="script[type='application/ld+json']" url="http://research-data.urosario.edu.co/dataset.xhtml?persistentId=doi:10.34848/FK2/W03XWG"
level=info contentType="script[type='application/ld+json']" url="http://research-data.urosario.edu.co/dataset.xhtml?persistentId=doi:10.34848/FK2/XHKWLL"
level=info contentType="script[type='application/ld+json']" url="http://research-data.urosario.edu.co/dataset.xhtml?persistentId=doi:10.34848/FK2/W03XWG"
level=info contentType="script[type='application/ld+json']" url="http://research-data.urosario.edu.co/dataset.xhtml?persistentId=doi:10.34848/FK2/8TMRLC"
level=info contentType="script[type='application/ld+json']" url="http://research-data.urosario.edu.co/dataset.xhtml?persistentId=doi:10.34848/FK2/XHKWLL"
level=info contentType="script[type='application/ld+json']" url="http://research-data.urosario.edu.co/dataset.xhtml?persistentId=doi:10.34848/FK2/8TMRLC"
level=info contentType="script[type='application/ld+json']" url="http://research-data.urosario.edu.co/dataset.xhtml?persistentId=doi:10.34848/ZNTJUS"
level=info contentType="script[type='application/ld+json']" url="http://research-data.urosario.edu.co/dataset.xhtml?persistentId=doi:10.34848/ZNTJUS"
level=info contentType="script[type='application/ld+json']" url="http://research-data.urosario.edu.co/dataset.xhtml?persistentId=doi:10.34848/DLTIAB"
level=info contentType="script[type='application/ld+json']" url="http://research-data.urosario.edu.co/dataset.xhtml?persistentId=doi:10.34848/DLTIAB"
level=info contentType="script[type='application/ld+json']" url="http://research-data.urosario.edu.co/dataset.xhtml?persistentId=doi:10.34848/3FRSIC"
level=info contentType="script[type='application/ld+json']" url="http://research-data.urosario.edu.co/dataset.xhtml?persistentId=doi:10.34848/FK2/0OEPJH"
level=info contentType="script[type='application/ld+json']" url="http://research-data.urosario.edu.co/dataset.xhtml?persistentId=doi:10.34848/3FRSIC"
level=info contentType="script[type='application/ld+json']" url="http://research-data.urosario.edu.co/dataset.xhtml?persistentId=doi:10.34848/FK2/0OEPJH"
level=info contentType="script[type='application/ld+json']" url="http://research-data.urosario.edu.co/dataset.xhtml?persistentId=doi:10.34848/FK2/METYTH"
level=info contentType="script[type='application/ld+json']" url="http://research-data.urosario.edu.co/dataset.xhtml?persistentId=doi:10.34848/FK2/METYTH"
level=info contentType="script[type='application/ld+json']" url="http://research-data.urosario.edu.co/dataset.xhtml?persistentId=doi:10.34848/FK2/RD5NIK"
level=info contentType="script[type='application/ld+json']" url="http://research-data.urosario.edu.co/dataset.xhtml?persistentId=doi:10.34848/FK2/RD5NIK"
level=info contentType="script[type='application/ld+json']" url="http://research-data.urosario.edu.co/dataset.xhtml?persistentId=doi:10.34848/FK2/8PKTDI"
level=info contentType="script[type='application/ld+json']" url="http://research-data.urosario.edu.co/dataset.xhtml?persistentId=doi:10.34848/FK2/8PKTDI"
level=info contentType="script[type='application/ld+json']" url="http://research-data.urosario.edu.co/dataset.xhtml?persistentId=doi:10.34848/FK2/N80QW0"
level=info contentType="script[type='application/ld+json']" url="http://research-data.urosario.edu.co/dataset.xhtml?persistentId=doi:10.34848/FK2/N80QW0"
level=info contentType="script[type='application/ld+json']" url="http://research-data.urosario.edu.co/dataset.xhtml?persistentId=doi:10.34848/FK2/OPWV7Z"
level=info contentType="script[type='application/ld+json']" url="http://research-data.urosario.edu.co/dataset.xhtml?persistentId=doi:10.34848/FK2/OPWV7Z"
level=info contentType="script[type='application/ld+json']" url="http://research-data.urosario.edu.co/dataset.xhtml?persistentId=doi:10.34848/FK2/XCREFL"
level=info contentType="script[type='application/ld+json']" url="http://research-data.urosario.edu.co/dataset.xhtml?persistentId=doi:10.34848/FK2/WLB6EH"
level=info contentType="script[type='application/ld+json']" url="http://research-data.urosario.edu.co/dataset.xhtml?persistentId=doi:10.34848/FK2/XCREFL"
level=info contentType="script[type='application/ld+json']" url="http://research-data.urosario.edu.co/dataset.xhtml?persistentId=doi:10.34848/FK2/WLB6EH"
level=info contentType="script[type='application/ld+json']" url="http://research-data.urosario.edu.co/dataset.xhtml?persistentId=doi:10.34848/FK2/6QGLCT"
level=info contentType="script[type='application/ld+json']" url="http://research-data.urosario.edu.co/dataset.xhtml?persistentId=doi:10.34848/FK2/6QGLCT"
level=info contentType="script[type='application/ld+json']" url="http://research-data.urosario.edu.co/dataset.xhtml?persistentId=doi:10.34848/FK2/E3ALSQ"
level=info contentType="script[type='application/ld+json']" url="http://research-data.urosario.edu.co/dataset.xhtml?persistentId=doi:10.34848/AEVYSB"
level=info contentType="script[type='application/ld+json']" url="http://research-data.urosario.edu.co/dataset.xhtml?persistentId=doi:10.34848/FK2/E3ALSQ"
level=info contentType="script[type='application/ld+json']" url="http://research-data.urosario.edu.co/dataset.xhtml?persistentId=doi:10.34848/AEVYSB"
level=info contentType="script[type='application/ld+json']" url="http://research-data.urosario.edu.co/dataset.xhtml?persistentId=doi:10.34848/FK2/XVRMA2"
level=info contentType="script[type='application/ld+json']" url="http://research-data.urosario.edu.co/dataset.xhtml?persistentId=doi:10.34848/ZTL686"
level=info contentType="script[type='application/ld+json']" url="http://research-data.urosario.edu.co/dataset.xhtml?persistentId=doi:10.34848/FK2/XVRMA2"
level=info contentType="script[type='application/ld+json']" url="http://research-data.urosario.edu.co/dataset.xhtml?persistentId=doi:10.34848/ZTL686"
level=info contentType="script[type='application/ld+json']" url="http://research-data.urosario.edu.co/dataset.xhtml?persistentId=doi:10.34848/C5BVHJ"
level=info contentType="script[type='application/ld+json']" url="http://research-data.urosario.edu.co/dataset.xhtml?persistentId=doi:10.34848/EELSGG"
level=info contentType="script[type='application/ld+json']" url="http://research-data.urosario.edu.co/dataset.xhtml?persistentId=doi:10.34848/C5BVHJ"
level=info contentType="script[type='application/ld+json']" url="http://research-data.urosario.edu.co/dataset.xhtml?persistentId=doi:10.34848/EELSGG"
level=info contentType="script[type='application/ld+json']" url="http://research-data.urosario.edu.co/dataverse/LeishmaniaintheAmericasDB"
level=info contentType="script[type='application/ld+json']" url="http://research-data.urosario.edu.co/dataset.xhtml?persistentId=doi:10.34848/GJO6SY"
level=info contentType="script[type='application/ld+json']" url="http://research-data.urosario.edu.co/dataverse/ms_inn_finn"
level=info contentType="script[type='application/ld+json']" url="http://research-data.urosario.edu.co/dataset.xhtml?persistentId=doi:10.34848/GJO6SY"
level=info contentType="script[type='application/ld+json']" url="http://research-data.urosario.edu.co/dataverse/Rendimientoescalas"
level=info contentType="script[type='application/ld+json']" url="http://research-data.urosario.edu.co/dataverse/esmeraldascolombianas"
level=info contentType="script[type='application/ld+json']" url="http://research-data.urosario.edu.co/dataverse/inn_china_latam"
level=info contentType="script[type='application/ld+json']" url="http://research-data.urosario.edu.co/dataverse/ur"
level=info contentType="script[type='application/ld+json']" url="http://research-data.urosario.edu.co/dataset.xhtml?persistentId=doi:10.34848/FK2/2KVDA7"
level=info contentType="script[type='application/ld+json']" url="http://research-data.urosario.edu.co/dataset.xhtml?persistentId=doi:10.34848/FK2/9TARP2"
level=info contentType="script[type='application/ld+json']" url="http://research-data.urosario.edu.co/dataset.xhtml?persistentId=doi:10.34848/FK2/2KVDA7"
level=info contentType="script[type='application/ld+json']" url="http://research-data.urosario.edu.co/dataset.xhtml?persistentId=doi:10.34848/FK2/9TARP2"
level=info contentType="script[type='application/ld+json']" url="http://research-data.urosario.edu.co/dataset.xhtml?persistentId=doi:10.34848/FK2/X7TTUO"
level=info contentType="script[type='application/ld+json']" url="http://research-data.urosario.edu.co/dataset.xhtml?persistentId=doi:10.34848/FK2/X7TTUO"
level=info contentType="script[type='application/ld+json']" url="http://research-data.urosario.edu.co/dataset.xhtml?persistentId=doi:10.34848/FK2/9KOME5"
level=info contentType="script[type='application/ld+json']" url="http://research-data.urosario.edu.co/dataset.xhtml?persistentId=doi:10.34848/FK2/CLNLMG"
level=info contentType="script[type='application/ld+json']" url="http://research-data.urosario.edu.co/dataset.xhtml?persistentId=doi:10.34848/FK2/9KOME5"
level=info contentType="script[type='application/ld+json']" url="http://research-data.urosario.edu.co/dataset.xhtml?persistentId=doi:10.34848/FK2/CLNLMG"
level=info contentType="script[type='application/ld+json']" url="http://research-data.urosario.edu.co/dataset.xhtml?persistentId=doi:10.34848/QTKZF1"
level=info contentType="script[type='application/ld+json']" url="http://research-data.urosario.edu.co/dataset.xhtml?persistentId=doi:10.34848/QTKZF1"
level=info contentType="script[type='application/ld+json']" url="http://research-data.urosario.edu.co/dataset.xhtml?persistentId=doi:10.34848/LJWZCK"
level=info contentType="script[type='application/ld+json']" url="http://research-data.urosario.edu.co/dataset.xhtml?persistentId=doi:10.34848/FK2/CJIIUP"
level=info contentType="script[type='application/ld+json']" url="http://research-data.urosario.edu.co/dataset.xhtml?persistentId=doi:10.34848/LJWZCK"
level=info contentType="script[type='application/ld+json']" url="http://research-data.urosario.edu.co/dataset.xhtml?persistentId=doi:10.34848/FK2/CJIIUP"
level=info contentType="script[type='application/ld+json']" url="http://research-data.urosario.edu.co/dataset.xhtml?persistentId=doi:10.34848/FK2_leshmania_ds"
level=info contentType="script[type='application/ld+json']" url="http://research-data.urosario.edu.co/dataset.xhtml?persistentId=doi:10.34848/FK2/YG6DAS"
level=info contentType="script[type='application/ld+json']" url="http://research-data.urosario.edu.co/dataset.xhtml?persistentId=doi:10.34848/FK2_leshmania_ds"
level=info contentType="script[type='application/ld+json']" url="http://research-data.urosario.edu.co/dataset.xhtml?persistentId=doi:10.34848/FK2/YG6DAS"
level=info contentType="script[type='application/ld+json']" url="http://research-data.urosario.edu.co/dataset.xhtml?persistentId=doi:10.34848/FK2/8IPIG6"
level=info contentType="script[type='application/ld+json']" url="http://research-data.urosario.edu.co/dataset.xhtml?persistentId=doi:10.34848/FK2/8IPIG6"
level=info contentType="script[type='application/ld+json']" url="http://research-data.urosario.edu.co/dataset.xhtml?persistentId=doi:10.34848/US2DJG"
level=info contentType="script[type='application/ld+json']" url="http://research-data.urosario.edu.co/dataset.xhtml?persistentId=doi:10.34848/OT5AAD"
level=info contentType="script[type='application/ld+json']" url="http://research-data.urosario.edu.co/dataset.xhtml?persistentId=doi:10.34848/ZM4ZA2"
level=info contentType="script[type='application/ld+json']" url="http://research-data.urosario.edu.co/dataset.xhtml?persistentId=doi:10.34848/US2DJG"
level=info contentType="script[type='application/ld+json']" url="http://research-data.urosario.edu.co/dataset.xhtml?persistentId=doi:10.34848/OT5AAD"
level=info contentType="script[type='application/ld+json']" url="http://research-data.urosario.edu.co/dataset.xhtml?persistentId=doi:10.34848/ZM4ZA2"
level=info contentType="script[type='application/ld+json']" url="http://research-data.urosario.edu.co/dataset.xhtml?persistentId=doi:10.34848/FK2/3ALHLF"
level=info contentType="script[type='application/ld+json']" url="http://research-data.urosario.edu.co/dataset.xhtml?persistentId=doi:10.34848/CZCKI6"
level=info contentType="script[type='application/ld+json']" url="http://research-data.urosario.edu.co/dataset.xhtml?persistentId=doi:10.34848/FK2/3ALHLF"
level=info contentType="script[type='application/ld+json']" url="http://research-data.urosario.edu.co/dataset.xhtml?persistentId=doi:10.34848/CZCKI6"
level=info contentType="script[type='application/ld+json']" url="http://research-data.urosario.edu.co/dataset.xhtml?persistentId=doi:10.34848/XBGBHB"
level=info contentType="script[type='application/ld+json']" url="http://research-data.urosario.edu.co/dataset.xhtml?persistentId=doi:10.34848/XBGBHB"
level=info contentType="script[type='application/ld+json']" url="http://research-data.urosario.edu.co/dataset.xhtml?persistentId=doi:10.34848/PKGRWH"
level=info contentType="script[type='application/ld+json']" url="http://research-data.urosario.edu.co/dataset.xhtml?persistentId=doi:10.34848/HCM89P"
level=info contentType="script[type='application/ld+json']" url="http://research-data.urosario.edu.co/dataset.xhtml?persistentId=doi:10.34848/PKGRWH"
level=info contentType="script[type='application/ld+json']" url="http://research-data.urosario.edu.co/dataset.xhtml?persistentId=doi:10.34848/HCM89P"
level=info contentType="script[type='application/ld+json']" url="http://research-data.urosario.edu.co/dataset.xhtml?persistentId=doi:10.34848/LPFAYY"
level=info contentType="script[type='application/ld+json']" url="http://research-data.urosario.edu.co/dataset.xhtml?persistentId=doi:10.34848/1HLELQ"
level=info contentType="script[type='application/ld+json']" url="http://research-data.urosario.edu.co/dataset.xhtml?persistentId=doi:10.34848/LPFAYY"
level=info contentType="script[type='application/ld+json']" url="http://research-data.urosario.edu.co/dataset.xhtml?persistentId=doi:10.34848/1HLELQ"
level=info contentType="script[type='application/ld+json']" url="http://research-data.urosario.edu.co/dataset.xhtml?persistentId=doi:10.34848/NPPX51"
level=info contentType="script[type='application/ld+json']" url="http://research-data.urosario.edu.co/dataset.xhtml?persistentId=doi:10.34848/NPPX51"
level=info contentType="script[type='application/ld+json']" url="http://research-data.urosario.edu.co/dataset.xhtml?persistentId=doi:10.34848/CLZFOA"
level=info contentType="script[type='application/ld+json']" url="http://research-data.urosario.edu.co/dataset.xhtml?persistentId=doi:10.34848/CLZFOA"
level=info contentType="script[type='application/ld+json']" url="http://research-data.urosario.edu.co/dataset.xhtml?persistentId=doi:10.34848/Y4YV9Y"
level=info contentType="script[type='application/ld+json']" url="http://research-data.urosario.edu.co/dataset.xhtml?persistentId=doi:10.34848/Y4YV9Y"
level=info contentType="script[type='application/ld+json']" url="http://research-data.urosario.edu.co/dataset.xhtml?persistentId=doi:10.34848/U13ZND"
level=info contentType="script[type='application/ld+json']" url="http://research-data.urosario.edu.co/dataset.xhtml?persistentId=doi:10.34848/U13ZND"
level=info contentType="script[type='application/ld+json']" url="http://research-data.urosario.edu.co/dataset.xhtml?persistentId=doi:10.34848/UCNLLM"
level=info contentType="script[type='application/ld+json']" url="http://research-data.urosario.edu.co/dataset.xhtml?persistentId=doi:10.34848/UCNLLM"
