level=error contentType="Direct access failed, trying headless']" url="https://datasets.iisg.amsterdam/dataverse/labourrelations-doc"
level=error contentType="Direct access failed, trying headless']" url="https://datasets.iisg.amsterdam/dataverse/Aggregate"
level=error contentType="Direct access failed, trying headless']" url="https://datasets.iisg.amsterdam/dataverse/sdb"
level=error contentType="Direct access failed, trying headless']" url="https://datasets.iisg.amsterdam/dataverse/CEDAR"
level=error contentType="Direct access failed, trying headless']" url="https://datasets.iisg.amsterdam/dataverse/andb"
level=error msg="cdp.Runtime: Evaluate: rpc error: Inspected target navigated or closed (code = -32000)" issue="Headless Evaluate" url="https://datasets.iisg.amsterdam/dataverse/labourrelations-doc"
level=error msg="cdp.Runtime: Evaluate: rpc error: Inspected target navigated or closed (code = -32000)" issue="converting json ld" url="https://datasets.iisg.amsterdam/dataverse/labourrelations-doc"
level=error msg="cdp.Runtime: Evaluate: rpc error: Inspected target navigated or closed (code = -32000)" issue="Headless Evaluate" url="https://datasets.iisg.amsterdam/dataverse/Aggregate"
level=error msg="cdp.Runtime: Evaluate: rpc error: Inspected target navigated or closed (code = -32000)" issue="converting json ld" url="https://datasets.iisg.amsterdam/dataverse/Aggregate"
level=error msg="cdp.Runtime: Evaluate: rpc error: Inspected target navigated or closed (code = -32000)" issue="Headless Evaluate" url="https://datasets.iisg.amsterdam/dataverse/CEDAR"
level=error msg="cdp.Runtime: Evaluate: rpc error: Inspected target navigated or closed (code = -32000)" issue="converting json ld" url="https://datasets.iisg.amsterdam/dataverse/CEDAR"
level=error msg="cdp.Runtime: Evaluate: rpc error: Inspected target navigated or closed (code = -32000)" issue="Headless Evaluate" url="https://datasets.iisg.amsterdam/dataverse/sdb"
level=error msg="cdp.Runtime: Evaluate: rpc error: Inspected target navigated or closed (code = -32000)" issue="Headless Evaluate" url="https://datasets.iisg.amsterdam/dataverse/andb"
level=error msg="cdp.Runtime: Evaluate: rpc error: Inspected target navigated or closed (code = -32000)" issue="converting json ld" url="https://datasets.iisg.amsterdam/dataverse/sdb"
level=error msg="cdp.Runtime: Evaluate: rpc error: Inspected target navigated or closed (code = -32000)" issue="converting json ld" url="https://datasets.iisg.amsterdam/dataverse/andb"
level=error contentType="Direct access failed, trying headless']" url="https://datasets.iisg.amsterdam/dataverse/civil"
level=error contentType="Direct access failed, trying headless']" url="https://datasets.iisg.amsterdam/dataverse/gildepenning"
level=error contentType="Direct access failed, trying headless']" url="https://datasets.iisg.amsterdam/dataverse/RISTAT"
level=error contentType="Direct access failed, trying headless']" url="https://datasets.iisg.amsterdam/dataverse/coinproduction"
level=error contentType="Direct access failed, trying headless']" url="https://datasets.iisg.amsterdam/dataverse/clioinfra"
level=error msg="cdp.Runtime: Evaluate: rpc error: Inspected target navigated or closed (code = -32000)" issue="Headless Evaluate" url="https://datasets.iisg.amsterdam/dataverse/civil"
level=error msg="cdp.Runtime: Evaluate: rpc error: Inspected target navigated or closed (code = -32000)" issue="converting json ld" url="https://datasets.iisg.amsterdam/dataverse/civil"
level=error msg="cdp.Runtime: Evaluate: rpc error: Inspected target navigated or closed (code = -32000)" issue="Headless Evaluate" url="https://datasets.iisg.amsterdam/dataverse/gildepenning"
level=error msg="cdp.Runtime: Evaluate: rpc error: Inspected target navigated or closed (code = -32000)" issue="Headless Evaluate" url="https://datasets.iisg.amsterdam/dataverse/RISTAT"
level=error msg="cdp.Runtime: Evaluate: rpc error: Inspected target navigated or closed (code = -32000)" issue="converting json ld" url="https://datasets.iisg.amsterdam/dataverse/RISTAT"
level=error msg="cdp.Runtime: Evaluate: rpc error: Inspected target navigated or closed (code = -32000)" issue="converting json ld" url="https://datasets.iisg.amsterdam/dataverse/gildepenning"
level=error msg="cdp.Runtime: Evaluate: rpc error: Inspected target navigated or closed (code = -32000)" issue="Headless Evaluate" url="https://datasets.iisg.amsterdam/dataverse/clioinfra"
level=error msg="cdp.Runtime: Evaluate: rpc error: Inspected target navigated or closed (code = -32000)" issue="converting json ld" url="https://datasets.iisg.amsterdam/dataverse/clioinfra"
level=error msg="cdp.Runtime: Evaluate: rpc error: Inspected target navigated or closed (code = -32000)" issue="Headless Evaluate" url="https://datasets.iisg.amsterdam/dataverse/coinproduction"
level=error msg="cdp.Runtime: Evaluate: rpc error: Inspected target navigated or closed (code = -32000)" issue="converting json ld" url="https://datasets.iisg.amsterdam/dataverse/coinproduction"
level=error contentType="Direct access failed, trying headless']" url="https://datasets.iisg.amsterdam/dataverse/DiamondWorkers"
level=error contentType="Direct access failed, trying headless']" url="https://datasets.iisg.amsterdam/dataverse/dbccc"
level=error contentType="Direct access failed, trying headless']" url="https://datasets.iisg.amsterdam/dataverse/globalise"
level=error contentType="Direct access failed, trying headless']" url="https://datasets.iisg.amsterdam/dataverse/lowcountries_GIS"
level=error contentType="Direct access failed, trying headless']" url="https://datasets.iisg.amsterdam/dataverse/Global"
level=error msg="cdp.Runtime: Evaluate: rpc error: Inspected target navigated or closed (code = -32000)" issue="Headless Evaluate" url="https://datasets.iisg.amsterdam/dataverse/DiamondWorkers"
level=error msg="cdp.Runtime: Evaluate: rpc error: Inspected target navigated or closed (code = -32000)" issue="Headless Evaluate" url="https://datasets.iisg.amsterdam/dataverse/lowcountries_GIS"
level=error msg="cdp.Runtime: Evaluate: rpc error: Inspected target navigated or closed (code = -32000)" issue="Headless Evaluate" url="https://datasets.iisg.amsterdam/dataverse/Global"
level=error msg="cdp.Runtime: Evaluate: rpc error: Inspected target navigated or closed (code = -32000)" issue="converting json ld" url="https://datasets.iisg.amsterdam/dataverse/Global"
level=error msg="cdp.Runtime: Evaluate: rpc error: Inspected target navigated or closed (code = -32000)" issue="Headless Evaluate" url="https://datasets.iisg.amsterdam/dataverse/dbccc"
level=error msg="cdp.Runtime: Evaluate: rpc error: Inspected target navigated or closed (code = -32000)" issue="converting json ld" url="https://datasets.iisg.amsterdam/dataverse/dbccc"
level=error msg="cdp.Runtime: Evaluate: rpc error: Inspected target navigated or closed (code = -32000)" issue="converting json ld" url="https://datasets.iisg.amsterdam/dataverse/lowcountries_GIS"
level=error msg="cdp.Runtime: Evaluate: rpc error: Inspected target navigated or closed (code = -32000)" issue="Headless Evaluate" url="https://datasets.iisg.amsterdam/dataverse/globalise"
level=error msg="cdp.Runtime: Evaluate: rpc error: Inspected target navigated or closed (code = -32000)" issue="converting json ld" url="https://datasets.iisg.amsterdam/dataverse/DiamondWorkers"
level=error msg="cdp.Runtime: Evaluate: rpc error: Inspected target navigated or closed (code = -32000)" issue="converting json ld" url="https://datasets.iisg.amsterdam/dataverse/globalise"
level=error contentType="Direct access failed, trying headless']" url="https://datasets.iisg.amsterdam/dataverse/HISCO"
level=error contentType="Direct access failed, trying headless']" url="https://datasets.iisg.amsterdam/dataverse/hisgis"
level=error contentType="Direct access failed, trying headless']" url="https://datasets.iisg.amsterdam/dataverse/HDNG"
level=error contentType="Direct access failed, trying headless']" url="https://datasets.iisg.amsterdam/dataverse/hpw"
level=error contentType="Direct access failed, trying headless']" url="https://datasets.iisg.amsterdam/dataverse/hsn"
level=error msg="cdp.Runtime: Evaluate: rpc error: Inspected target navigated or closed (code = -32000)" issue="Headless Evaluate" url="https://datasets.iisg.amsterdam/dataverse/hisgis"
level=error msg="cdp.Runtime: Evaluate: rpc error: Inspected target navigated or closed (code = -32000)" issue="converting json ld" url="https://datasets.iisg.amsterdam/dataverse/hisgis"
level=error msg="cdp.Runtime: Evaluate: rpc error: Inspected target navigated or closed (code = -32000)" issue="Headless Evaluate" url="https://datasets.iisg.amsterdam/dataverse/HDNG"
level=error msg="cdp.Runtime: Evaluate: rpc error: Inspected target navigated or closed (code = -32000)" issue="Headless Evaluate" url="https://datasets.iisg.amsterdam/dataverse/hpw"
level=error msg="cdp.Runtime: Evaluate: rpc error: Inspected target navigated or closed (code = -32000)" issue="converting json ld" url="https://datasets.iisg.amsterdam/dataverse/HDNG"
level=error msg="cdp.Runtime: Evaluate: rpc error: Inspected target navigated or closed (code = -32000)" issue="Headless Evaluate" url="https://datasets.iisg.amsterdam/dataverse/HISCO"
level=error msg="cdp.Runtime: Evaluate: rpc error: Inspected target navigated or closed (code = -32000)" issue="converting json ld" url="https://datasets.iisg.amsterdam/dataverse/hpw"
level=error msg="cdp.Runtime: Evaluate: rpc error: Inspected target navigated or closed (code = -32000)" issue="Headless Evaluate" url="https://datasets.iisg.amsterdam/dataverse/hsn"
level=error msg="cdp.Runtime: Evaluate: rpc error: Inspected target navigated or closed (code = -32000)" issue="converting json ld" url="https://datasets.iisg.amsterdam/dataverse/HISCO"
level=error msg="cdp.Runtime: Evaluate: rpc error: Inspected target navigated or closed (code = -32000)" issue="converting json ld" url="https://datasets.iisg.amsterdam/dataverse/hsn"
level=error contentType="Direct access failed, trying headless']" url="https://datasets.iisg.amsterdam/dataverse/historyofwork"
level=error contentType="Direct access failed, trying headless']" url="https://datasets.iisg.amsterdam/dataverse/labourrelations"
level=error contentType="Direct access failed, trying headless']" url="https://datasets.iisg.amsterdam/dataverse/hsndb"
level=error contentType="Direct access failed, trying headless']" url="https://datasets.iisg.amsterdam/dataverse/hsndb-auxiliary"
level=error contentType="Direct access failed, trying headless']" url="https://datasets.iisg.amsterdam/dataverse/HSNDB-HSN"
level=error msg="cdp.Runtime: Evaluate: rpc error: Inspected target navigated or closed (code = -32000)" issue="Headless Evaluate" url="https://datasets.iisg.amsterdam/dataverse/hsndb"
level=error msg="cdp.Runtime: Evaluate: rpc error: Inspected target navigated or closed (code = -32000)" issue="converting json ld" url="https://datasets.iisg.amsterdam/dataverse/hsndb"
level=error msg="cdp.Runtime: Evaluate: rpc error: Inspected target navigated or closed (code = -32000)" issue="Headless Evaluate" url="https://datasets.iisg.amsterdam/dataverse/hsndb-auxiliary"
level=error msg="cdp.Runtime: Evaluate: rpc error: Inspected target navigated or closed (code = -32000)" issue="converting json ld" url="https://datasets.iisg.amsterdam/dataverse/hsndb-auxiliary"
level=error msg="cdp.Runtime: Evaluate: rpc error: Inspected target navigated or closed (code = -32000)" issue="Headless Evaluate" url="https://datasets.iisg.amsterdam/dataverse/HSNDB-HSN"
level=error msg="cdp.Runtime: Evaluate: rpc error: Inspected target navigated or closed (code = -32000)" issue="converting json ld" url="https://datasets.iisg.amsterdam/dataverse/HSNDB-HSN"
level=error msg="cdp.Runtime: Evaluate: rpc error: Inspected target navigated or closed (code = -32000)" issue="Headless Evaluate" url="https://datasets.iisg.amsterdam/dataverse/labourrelations"
level=error msg="cdp.Runtime: Evaluate: rpc error: Inspected target navigated or closed (code = -32000)" issue="converting json ld" url="https://datasets.iisg.amsterdam/dataverse/labourrelations"
level=error msg="cdp.Runtime: Evaluate: rpc error: Inspected target navigated or closed (code = -32000)" issue="Headless Evaluate" url="https://datasets.iisg.amsterdam/dataverse/historyofwork"
level=error msg="cdp.Runtime: Evaluate: rpc error: Inspected target navigated or closed (code = -32000)" issue="converting json ld" url="https://datasets.iisg.amsterdam/dataverse/historyofwork"
level=error contentType="Direct access failed, trying headless']" url="https://datasets.iisg.amsterdam/dataverse/hsndb-links"
level=error contentType="Direct access failed, trying headless']" url="https://datasets.iisg.amsterdam/dataverse/hsndb-occupations"
level=error contentType="Direct access failed, trying headless']" url="https://datasets.iisg.amsterdam/dataverse/hsndb-subsamples"
level=error msg="cdp.Runtime: Evaluate: rpc error: Inspected target navigated or closed (code = -32000)" issue="Headless Evaluate" url="https://datasets.iisg.amsterdam/dataverse/hsndb-occupations"
level=error msg="cdp.Runtime: Evaluate: rpc error: Inspected target navigated or closed (code = -32000)" issue="converting json ld" url="https://datasets.iisg.amsterdam/dataverse/hsndb-occupations"
level=error msg="cdp.Runtime: Evaluate: rpc error: Inspected target navigated or closed (code = -32000)" issue="Headless Evaluate" url="https://datasets.iisg.amsterdam/dataverse/hsndb-subsamples"
level=error msg="cdp.Runtime: Evaluate: rpc error: Inspected target navigated or closed (code = -32000)" issue="converting json ld" url="https://datasets.iisg.amsterdam/dataverse/hsndb-subsamples"
level=error msg="cdp.Runtime: Evaluate: rpc error: Inspected target navigated or closed (code = -32000)" issue="Headless Evaluate" url="https://datasets.iisg.amsterdam/dataverse/hsndb-links"
level=error msg="cdp.Runtime: Evaluate: rpc error: Inspected target navigated or closed (code = -32000)" issue="converting json ld" url="https://datasets.iisg.amsterdam/dataverse/hsndb-links"
level=error contentType="Direct access failed, trying headless']" url="https://datasets.iisg.amsterdam/dataverse/huygensing"
level=error contentType="Direct access failed, trying headless']" url="https://datasets.iisg.amsterdam/dataverse/IDS-MESO"
level=error contentType="Direct access failed, trying headless']" url="https://datasets.iisg.amsterdam/dataverse/IISH"
level=error contentType="Direct access failed, trying headless']" url="https://datasets.iisg.amsterdam/dataverse/IISH-I"
level=error msg="cdp.Runtime: Evaluate: rpc error: Inspected target navigated or closed (code = -32000)" issue="Headless Evaluate" url="https://datasets.iisg.amsterdam/dataverse/IDS-MESO"
level=error msg="cdp.Runtime: Evaluate: rpc error: Inspected target navigated or closed (code = -32000)" issue="Headless Evaluate" url="https://datasets.iisg.amsterdam/dataverse/IISH-I"
level=error msg="cdp.Runtime: Evaluate: rpc error: Inspected target navigated or closed (code = -32000)" issue="converting json ld" url="https://datasets.iisg.amsterdam/dataverse/IISH-I"
level=error msg="cdp.Runtime: Evaluate: rpc error: Inspected target navigated or closed (code = -32000)" issue="Headless Evaluate" url="https://datasets.iisg.amsterdam/dataverse/IISH"
level=error msg="cdp.Runtime: Evaluate: rpc error: Inspected target navigated or closed (code = -32000)" issue="converting json ld" url="https://datasets.iisg.amsterdam/dataverse/IISH"
level=error msg="cdp.Runtime: Evaluate: rpc error: Inspected target navigated or closed (code = -32000)" issue="converting json ld" url="https://datasets.iisg.amsterdam/dataverse/IDS-MESO"
level=error msg="cdp.Runtime: Evaluate: rpc error: Inspected target navigated or closed (code = -32000)" issue="Headless Evaluate" url="https://datasets.iisg.amsterdam/dataverse/huygensing"
level=error msg="cdp.Runtime: Evaluate: rpc error: Inspected target navigated or closed (code = -32000)" issue="converting json ld" url="https://datasets.iisg.amsterdam/dataverse/huygensing"
level=error contentType="Direct access failed, trying headless']" url="https://datasets.iisg.amsterdam/dataverse/worldeconomichistory"
level=error contentType="Direct access failed, trying headless']" url="https://datasets.iisg.amsterdam/dataverse/IOMASTD"
level=error msg="cdp.Runtime: Evaluate: rpc error: Inspected target navigated or closed (code = -32000)" issue="Headless Evaluate" url="https://datasets.iisg.amsterdam/dataverse/IOMASTD"
level=error msg="cdp.Runtime: Evaluate: rpc error: Inspected target navigated or closed (code = -32000)" issue="converting json ld" url="https://datasets.iisg.amsterdam/dataverse/IOMASTD"
level=error msg="cdp.Runtime: Evaluate: rpc error: Inspected target navigated or closed (code = -32000)" issue="Headless Evaluate" url="https://datasets.iisg.amsterdam/dataverse/worldeconomichistory"
level=error msg="cdp.Runtime: Evaluate: rpc error: Inspected target navigated or closed (code = -32000)" issue="converting json ld" url="https://datasets.iisg.amsterdam/dataverse/worldeconomichistory"
level=error contentType="Direct access failed, trying headless']" url="https://datasets.iisg.amsterdam/dataverse/labourconflicts"
level=error contentType="Direct access failed, trying headless']" url="https://datasets.iisg.amsterdam/dataverse/spanjestrijders"
level=error contentType="Direct access failed, trying headless']" url="https://datasets.iisg.amsterdam/dataverse/nlgis"
level=error msg="cdp.Runtime: Evaluate: rpc error: Execution context was destroyed. (code = -32000)" issue="Headless Evaluate" url="https://datasets.iisg.amsterdam/dataverse/labourconflicts"
level=error msg="cdp.Runtime: Evaluate: rpc error: Execution context was destroyed. (code = -32000)" issue="converting json ld" url="https://datasets.iisg.amsterdam/dataverse/labourconflicts"
level=error msg="cdp.Runtime: Evaluate: rpc error: Execution context was destroyed. (code = -32000)" issue="Headless Evaluate" url="https://datasets.iisg.amsterdam/dataverse/spanjestrijders"
level=error msg="cdp.Runtime: Evaluate: rpc error: Execution context was destroyed. (code = -32000)" issue="converting json ld" url="https://datasets.iisg.amsterdam/dataverse/spanjestrijders"
level=error msg="error checking for valid json: Error in unmarshaling json: unexpected end of JSON input" contentType="script[type='application/ld+json']" url="https://datasets.iisg.amsterdam/dataset.xhtml?persistentId=hdl:10622/HPPCVK"
level=error contentType="Direct access failed, trying headless']" url="https://datasets.iisg.amsterdam/dataset.xhtml?persistentId=hdl:10622/HPPCVK"
level=error contentType="Direct access failed, trying headless']" url="https://datasets.iisg.amsterdam/dataverse/labourrelations2"
level=error contentType="Direct access failed, trying headless']" url="https://datasets.iisg.amsterdam/dataverse/opengazam"
level=error msg="cdp.Runtime: Evaluate: rpc error: Inspected target navigated or closed (code = -32000)" issue="Headless Evaluate" url="https://datasets.iisg.amsterdam/dataverse/nlgis"
level=error msg="cdp.Runtime: Evaluate: rpc error: Inspected target navigated or closed (code = -32000)" issue="converting json ld" url="https://datasets.iisg.amsterdam/dataverse/nlgis"
level=error contentType="Direct access failed, trying headless']" url="https://datasets.iisg.amsterdam/dataverse/RemarkableStrikes"
level=error msg="cdp.Runtime: Evaluate: rpc error: Inspected target navigated or closed (code = -32000)" issue="Headless Evaluate" url="https://datasets.iisg.amsterdam/dataset.xhtml?persistentId=hdl:10622/HPPCVK"
level=error msg="cdp.Runtime: Evaluate: rpc error: Inspected target navigated or closed (code = -32000)" issue="converting json ld" url="https://datasets.iisg.amsterdam/dataset.xhtml?persistentId=hdl:10622/HPPCVK"
level=error msg="cdp.Runtime: Evaluate: rpc error: Inspected target navigated or closed (code = -32000)" issue="Headless Evaluate" url="https://datasets.iisg.amsterdam/dataverse/labourrelations2"
level=error msg="cdp.Runtime: Evaluate: rpc error: Inspected target navigated or closed (code = -32000)" issue="Headless Evaluate" url="https://datasets.iisg.amsterdam/dataverse/opengazam"
level=error msg="cdp.Runtime: Evaluate: rpc error: Inspected target navigated or closed (code = -32000)" issue="converting json ld" url="https://datasets.iisg.amsterdam/dataverse/opengazam"
level=error msg="cdp.Runtime: Evaluate: rpc error: Inspected target navigated or closed (code = -32000)" issue="converting json ld" url="https://datasets.iisg.amsterdam/dataverse/labourrelations2"
level=error contentType="Direct access failed, trying headless']" url="https://datasets.iisg.amsterdam/dataverse/LICR"
level=error contentType="Direct access failed, trying headless']" url="https://datasets.iisg.amsterdam/dataverse/resilient-diversity"
level=error contentType="Direct access failed, trying headless']" url="https://datasets.iisg.amsterdam/dataverse/transform_seasia"
level=error msg="cdp.Runtime: Evaluate: rpc error: Inspected target navigated or closed (code = -32000)" issue="Headless Evaluate" url="https://datasets.iisg.amsterdam/dataverse/RemarkableStrikes"
level=error msg="cdp.Runtime: Evaluate: rpc error: Inspected target navigated or closed (code = -32000)" issue="converting json ld" url="https://datasets.iisg.amsterdam/dataverse/RemarkableStrikes"
level=error msg="cdp.Runtime: Evaluate: rpc error: Inspected target navigated or closed (code = -32000)" issue="Headless Evaluate" url="https://datasets.iisg.amsterdam/dataverse/LICR"
level=error msg="cdp.Runtime: Evaluate: rpc error: Inspected target navigated or closed (code = -32000)" issue="converting json ld" url="https://datasets.iisg.amsterdam/dataverse/LICR"
level=error msg="cdp.Runtime: Evaluate: rpc error: Inspected target navigated or closed (code = -32000)" issue="Headless Evaluate" url="https://datasets.iisg.amsterdam/dataverse/resilient-diversity"
level=error msg="cdp.Runtime: Evaluate: rpc error: Inspected target navigated or closed (code = -32000)" issue="converting json ld" url="https://datasets.iisg.amsterdam/dataverse/resilient-diversity"
level=error contentType="Direct access failed, trying headless']" url="https://datasets.iisg.amsterdam/dataverse/LZ"
level=error contentType="Direct access failed, trying headless']" url="https://datasets.iisg.amsterdam/dataverse/brickmakers"
level=error contentType="Direct access failed, trying headless']" url="https://datasets.iisg.amsterdam/dataverse/labourrelations-templates"
level=error msg="cdp.Runtime: Evaluate: rpc error: Inspected target navigated or closed (code = -32000)" issue="Headless Evaluate" url="https://datasets.iisg.amsterdam/dataverse/labourrelations-templates"
level=error msg="cdp.Runtime: Evaluate: rpc error: Inspected target navigated or closed (code = -32000)" issue="converting json ld" url="https://datasets.iisg.amsterdam/dataverse/labourrelations-templates"
level=error msg="cdp.Runtime: Evaluate: rpc error: Inspected target navigated or closed (code = -32000)" issue="Headless Evaluate" url="https://datasets.iisg.amsterdam/dataverse/brickmakers"
level=error msg="cdp.Runtime: Evaluate: rpc error: Inspected target navigated or closed (code = -32000)" issue="converting json ld" url="https://datasets.iisg.amsterdam/dataverse/brickmakers"
level=error msg="cdp.Runtime: Evaluate: rpc error: Inspected target navigated or closed (code = -32000)" issue="Headless Evaluate" url="https://datasets.iisg.amsterdam/dataverse/transform_seasia"
level=error msg="cdp.Runtime: Evaluate: rpc error: Inspected target navigated or closed (code = -32000)" issue="Headless Evaluate" url="https://datasets.iisg.amsterdam/dataverse/LZ"
level=error msg="cdp.Runtime: Evaluate: rpc error: Inspected target navigated or closed (code = -32000)" issue="converting json ld" url="https://datasets.iisg.amsterdam/dataverse/transform_seasia"
level=error msg="cdp.Runtime: Evaluate: rpc error: Inspected target navigated or closed (code = -32000)" issue="converting json ld" url="https://datasets.iisg.amsterdam/dataverse/LZ"
level=error contentType="Direct access failed, trying headless']" url="https://datasets.iisg.amsterdam/dataverse/tic"
level=error contentType="Direct access failed, trying headless']" url="https://datasets.iisg.amsterdam/dataverse/lowcountries"
level=error contentType="Direct access failed, trying headless']" url="https://datasets.iisg.amsterdam/dataverse/hearthcensuses"
level=error contentType="Direct access failed, trying headless']" url="https://datasets.iisg.amsterdam/dataverse/gelre"
level=error msg="cdp.Runtime: Evaluate: rpc error: Inspected target navigated or closed (code = -32000)" issue="Headless Evaluate" url="https://datasets.iisg.amsterdam/dataverse/lowcountries"
level=error msg="cdp.Runtime: Evaluate: rpc error: Inspected target navigated or closed (code = -32000)" issue="converting json ld" url="https://datasets.iisg.amsterdam/dataverse/lowcountries"
level=error msg="cdp.Runtime: Evaluate: rpc error: Inspected target navigated or closed (code = -32000)" issue="Headless Evaluate" url="https://datasets.iisg.amsterdam/dataverse/hearthcensuses"
level=error msg="cdp.Runtime: Evaluate: rpc error: Inspected target navigated or closed (code = -32000)" issue="Headless Evaluate" url="https://datasets.iisg.amsterdam/dataverse/gelre"
level=error msg="cdp.Runtime: Evaluate: rpc error: Inspected target navigated or closed (code = -32000)" issue="converting json ld" url="https://datasets.iisg.amsterdam/dataverse/gelre"
level=error msg="cdp.Runtime: Evaluate: rpc error: Inspected target navigated or closed (code = -32000)" issue="converting json ld" url="https://datasets.iisg.amsterdam/dataverse/hearthcensuses"
level=error msg="cdp.Runtime: Evaluate: rpc error: Inspected target navigated or closed (code = -32000)" issue="Headless Evaluate" url="https://datasets.iisg.amsterdam/dataverse/tic"
level=error msg="cdp.Runtime: Evaluate: rpc error: Inspected target navigated or closed (code = -32000)" issue="converting json ld" url="https://datasets.iisg.amsterdam/dataverse/tic"
level=error contentType="Direct access failed, trying headless']" url="https://datasets.iisg.amsterdam/dataverse/mint_GIS"
level=error contentType="Direct access failed, trying headless']" url="https://datasets.iisg.amsterdam/dataverse/migration"
level=error contentType="Direct access failed, trying headless']" url="https://datasets.iisg.amsterdam/dataverse/nlc"
level=error msg="cdp.Runtime: Evaluate: rpc error: Inspected target navigated or closed (code = -32000)" issue="Headless Evaluate" url="https://datasets.iisg.amsterdam/dataverse/nlc"
level=error msg="cdp.Runtime: Evaluate: rpc error: Inspected target navigated or closed (code = -32000)" issue="converting json ld" url="https://datasets.iisg.amsterdam/dataverse/nlc"
level=error msg="cdp.Runtime: Evaluate: rpc error: Inspected target navigated or closed (code = -32000)" issue="Headless Evaluate" url="https://datasets.iisg.amsterdam/dataverse/migration"
level=error msg="cdp.Runtime: Evaluate: rpc error: Inspected target navigated or closed (code = -32000)" issue="converting json ld" url="https://datasets.iisg.amsterdam/dataverse/migration"
level=error msg="cdp.Runtime: Evaluate: rpc error: Inspected target navigated or closed (code = -32000)" issue="Headless Evaluate" url="https://datasets.iisg.amsterdam/dataverse/mint_GIS"
level=error msg="cdp.Runtime: Evaluate: rpc error: Inspected target navigated or closed (code = -32000)" issue="converting json ld" url="https://datasets.iisg.amsterdam/dataverse/mint_GIS"
level=error contentType="Direct access failed, trying headless']" url="https://datasets.iisg.amsterdam/dataverse/Micro"
level=error msg="cdp.Runtime: Evaluate: rpc error: Execution context was destroyed. (code = -32000)" issue="Headless Evaluate" url="https://datasets.iisg.amsterdam/dataverse/Micro"
level=error msg="cdp.Runtime: Evaluate: rpc error: Execution context was destroyed. (code = -32000)" issue="converting json ld" url="https://datasets.iisg.amsterdam/dataverse/Micro"
