level=info msg="Queuing URLs for tdi"
level=info msg="URL Count 41"
level=info contentType="script[type='application/ld+json']" url="https://dataverse.dartmouth.edu/dataset.xhtml?persistentId=doi:10.21989/D9/I8ZHKR"
level=info contentType="script[type='application/ld+json']" url="https://dataverse.dartmouth.edu/dataset.xhtml?persistentId=doi:10.21989/D9/RZXYON"
level=info contentType="script[type='application/ld+json']" url="https://dataverse.dartmouth.edu/dataset.xhtml?persistentId=doi:10.21989/D9/WFPCJF"
level=info contentType="script[type='application/ld+json']" url="https://dataverse.dartmouth.edu/dataset.xhtml?persistentId=doi:10.21989/D9/H3PU4N"
level=info contentType="script[type='application/ld+json']" url="https://dataverse.dartmouth.edu/dataset.xhtml?persistentId=doi:10.21989/D9/HVVUNB"
level=info contentType="script[type='application/ld+json']" url="https://dataverse.dartmouth.edu/dataset.xhtml?persistentId=doi:10.21989/D9/NNZOM4"
level=info contentType="script[type='application/ld+json']" url="https://dataverse.dartmouth.edu/dataset.xhtml?persistentId=doi:10.21989/D9/0BGZHD"
level=info contentType="script[type='application/ld+json']" url="https://dataverse.dartmouth.edu/dataset.xhtml?persistentId=doi:10.21989/D9/CLATYK"
level=info contentType="script[type='application/ld+json']" url="https://dataverse.dartmouth.edu/dataset.xhtml?persistentId=doi:10.21989/D9/SGPHOG"
level=info contentType="script[type='application/ld+json']" url="https://dataverse.dartmouth.edu/dataset.xhtml?persistentId=doi:10.21989/D9/CGG10O"
level=info contentType="script[type='application/ld+json']" url="https://dataverse.dartmouth.edu/dataset.xhtml?persistentId=doi:10.21989/D9/RCCNVG"
level=info contentType="script[type='application/ld+json']" url="https://dataverse.dartmouth.edu/dataset.xhtml?persistentId=doi:10.21989/D9/FPXY3C"
level=info contentType="script[type='application/ld+json']" url="https://dataverse.dartmouth.edu/dataset.xhtml?persistentId=doi:10.21989/D9/MUSWMO"
level=info contentType="script[type='application/ld+json']" url="https://dataverse.dartmouth.edu/dataset.xhtml?persistentId=doi:10.21989/D9/AME6YX"
level=info contentType="script[type='application/ld+json']" url="https://dataverse.dartmouth.edu/dataset.xhtml?persistentId=doi:10.21989/D9/CNBOFO"
level=info contentType="script[type='application/ld+json']" url="https://dataverse.dartmouth.edu/dataset.xhtml?persistentId=doi:10.21989/D9/E6LW9H"
level=info contentType="script[type='application/ld+json']" url="https://dataverse.dartmouth.edu/dataset.xhtml?persistentId=doi:10.21989/D9/BLQWJ3"
level=info contentType="script[type='application/ld+json']" url="https://dataverse.dartmouth.edu/dataset.xhtml?persistentId=doi:10.21989/D9/YBKLRR"
level=info contentType="script[type='application/ld+json']" url="https://dataverse.dartmouth.edu/dataset.xhtml?persistentId=doi:10.21989/D9/21ZHRN"
level=info contentType="script[type='application/ld+json']" url="https://dataverse.dartmouth.edu/dataset.xhtml?persistentId=doi:10.21989/D9/FYZZAM"
level=info contentType="script[type='application/ld+json']" url="https://dataverse.dartmouth.edu/dataset.xhtml?persistentId=doi:10.21989/D9/6SEVDX"
level=info contentType="script[type='application/ld+json']" url="https://dataverse.dartmouth.edu/dataset.xhtml?persistentId=doi:10.21989/D9/BBGEGI"
level=info contentType="script[type='application/ld+json']" url="https://dataverse.dartmouth.edu/dataset.xhtml?persistentId=doi:10.21989/D9/7XVOTP"
level=info contentType="script[type='application/ld+json']" url="https://dataverse.dartmouth.edu/dataset.xhtml?persistentId=doi:10.21989/D9/RJBNPS"
level=info contentType="script[type='application/ld+json']" url="https://dataverse.dartmouth.edu/dataset.xhtml?persistentId=doi:10.21989/D9/BWKLG5"
level=info contentType="script[type='application/ld+json']" url="https://dataverse.dartmouth.edu/dataset.xhtml?persistentId=doi:10.21989/D9/DLXGCW"
level=info contentType="script[type='application/ld+json']" url="https://dataverse.dartmouth.edu/dataset.xhtml?persistentId=doi:10.21989/D9/PGFF7Q"
level=info contentType="script[type='application/ld+json']" url="https://dataverse.dartmouth.edu/dataset.xhtml?persistentId=doi:10.21989/D9/EZWZZE"
level=info contentType="script[type='application/ld+json']" url="https://dataverse.dartmouth.edu/dataset.xhtml?persistentId=doi:10.21989/D9/BRNOHI"
level=info contentType="script[type='application/ld+json']" url="https://dataverse.dartmouth.edu/dataset.xhtml?persistentId=doi:10.21989/D9/1WKQSF"
level=info contentType="script[type='application/ld+json']" url="https://dataverse.dartmouth.edu/dataset.xhtml?persistentId=doi:10.21989/D9/NRUWQG"
level=info contentType="script[type='application/ld+json']" url="https://dataverse.dartmouth.edu/dataset.xhtml?persistentId=doi:10.21989/D9/6NFCPB"
level=info contentType="script[type='application/ld+json']" url="https://dataverse.dartmouth.edu/dataset.xhtml?persistentId=doi:10.21989/D9/ZBJ3TF"
level=info contentType="script[type='application/ld+json']" url="https://dataverse.dartmouth.edu/dataset.xhtml?persistentId=doi:10.21989/D9/U2YLZY"
level=info contentType="script[type='application/ld+json']" url="https://dataverse.dartmouth.edu/dataset.xhtml?persistentId=doi:10.21989/D9/HHDERP"
level=info contentType="script[type='application/ld+json']" url="https://dataverse.dartmouth.edu/dataset.xhtml?persistentId=doi:10.21989/D9/FLD4Y3"
level=info contentType="script[type='application/ld+json']" url="https://dataverse.dartmouth.edu/dataset.xhtml?persistentId=doi:10.21989/D9/LAJ6QZ"
