level=error contentType="Direct access failed, trying headless']" url="https://data.cimmyt.org/dataverse/cimmytdatadvn"
level=error contentType="Direct access failed, trying headless']" url="https://data.cimmyt.org/dataverse/root"
level=error contentType="Direct access failed, trying headless']" url="https://data.cimmyt.org/dataverse/csisadvn"
level=error contentType="Direct access failed, trying headless']" url="https://data.cimmyt.org/dataverse/cimmytswdvn"
level=error contentType="Direct access failed, trying headless']" url="https://data.cimmyt.org/dataverse/seedsofdiscoverydvn"
level=error msg="cdp.Runtime: Evaluate: rpc error: Inspected target navigated or closed (code = -32000)" issue="Headless Evaluate" url="https://data.cimmyt.org/dataverse/root"
level=error msg="cdp.Runtime: Evaluate: rpc error: Inspected target navigated or closed (code = -32000)" issue="Headless Evaluate" url="https://data.cimmyt.org/dataverse/seedsofdiscoverydvn"
level=error msg="cdp.Runtime: Evaluate: rpc error: Inspected target navigated or closed (code = -32000)" issue="Headless Evaluate" url="https://data.cimmyt.org/dataverse/csisadvn"
level=error msg="cdp.Runtime: Evaluate: rpc error: Inspected target navigated or closed (code = -32000)" issue="converting json ld" url="https://data.cimmyt.org/dataverse/csisadvn"
level=error msg="cdp.Runtime: Evaluate: rpc error: Inspected target navigated or closed (code = -32000)" issue="Headless Evaluate" url="https://data.cimmyt.org/dataverse/cimmytdatadvn"
level=error msg="cdp.Runtime: Evaluate: rpc error: Inspected target navigated or closed (code = -32000)" issue="converting json ld" url="https://data.cimmyt.org/dataverse/root"
level=error msg="cdp.Runtime: Evaluate: rpc error: Inspected target navigated or closed (code = -32000)" issue="Headless Evaluate" url="https://data.cimmyt.org/dataverse/cimmytswdvn"
level=error msg="cdp.Runtime: Evaluate: rpc error: Inspected target navigated or closed (code = -32000)" issue="converting json ld" url="https://data.cimmyt.org/dataverse/cimmytdatadvn"
level=error msg="cdp.Runtime: Evaluate: rpc error: Inspected target navigated or closed (code = -32000)" issue="converting json ld" url="https://data.cimmyt.org/dataverse/seedsofdiscoverydvn"
level=error msg="cdp.Runtime: Evaluate: rpc error: Inspected target navigated or closed (code = -32000)" issue="converting json ld" url="https://data.cimmyt.org/dataverse/cimmytswdvn"
level=error contentType="Direct access failed, trying headless']" url="https://data.cimmyt.org/dataverse/Zimbabwe_long_term_Conservation_Agriculture_Data"
level=error contentType="Direct access failed, trying headless']" url="https://data.cimmyt.org/dataverse/iwypdvn"
level=error contentType="Direct access failed, trying headless']" url="https://data.cimmyt.org/dataverse/ctehdvn"
level=error contentType="Direct access failed, trying headless']" url="https://data.cimmyt.org/dataverse/srfsidvn"
level=error msg="cdp.Runtime: Evaluate: rpc error: Inspected target navigated or closed (code = -32000)" issue="Headless Evaluate" url="https://data.cimmyt.org/dataverse/Zimbabwe_long_term_Conservation_Agriculture_Data"
level=error msg="cdp.Runtime: Evaluate: rpc error: Inspected target navigated or closed (code = -32000)" issue="converting json ld" url="https://data.cimmyt.org/dataverse/Zimbabwe_long_term_Conservation_Agriculture_Data"
level=error msg="cdp.Runtime: Evaluate: rpc error: Inspected target navigated or closed (code = -32000)" issue="Headless Evaluate" url="https://data.cimmyt.org/dataverse/iwypdvn"
level=error msg="cdp.Runtime: Evaluate: rpc error: Inspected target navigated or closed (code = -32000)" issue="converting json ld" url="https://data.cimmyt.org/dataverse/iwypdvn"
level=error msg="cdp.Runtime: Evaluate: rpc error: Inspected target navigated or closed (code = -32000)" issue="Headless Evaluate" url="https://data.cimmyt.org/dataverse/ctehdvn"
level=error msg="cdp.Runtime: Evaluate: rpc error: Inspected target navigated or closed (code = -32000)" issue="converting json ld" url="https://data.cimmyt.org/dataverse/ctehdvn"
level=error msg="cdp.Runtime: Evaluate: context deadline exceeded" issue="Headless Evaluate" url="https://data.cimmyt.org/dataverse/srfsidvn"
level=error msg="cdp.Runtime: Evaluate: context deadline exceeded" issue="converting json ld" url="https://data.cimmyt.org/dataverse/srfsidvn"
level=error msg="error checking for valid json: Error in unmarshaling json: unexpected end of JSON input" contentType="script[type='application/ld+json']" url="https://data.cimmyt.org/dataset.xhtml?persistentId=hdl:11529/10763"
level=error contentType="Direct access failed, trying headless']" url="https://data.cimmyt.org/dataset.xhtml?persistentId=hdl:11529/10763"
level=error msg="cdp.Runtime: Evaluate: rpc error: Execution context was destroyed. (code = -32000)" issue="Headless Evaluate" url="https://data.cimmyt.org/dataset.xhtml?persistentId=hdl:11529/10763"
level=error msg="cdp.Runtime: Evaluate: rpc error: Execution context was destroyed. (code = -32000)" issue="converting json ld" url="https://data.cimmyt.org/dataset.xhtml?persistentId=hdl:11529/10763"
level=error msg="error checking for valid json: Error in unmarshaling json: unexpected end of JSON input" contentType="script[type='application/ld+json']" url="https://data.cimmyt.org/dataset.xhtml?persistentId=hdl:11529/10548026"
level=error contentType="Direct access failed, trying headless']" url="https://data.cimmyt.org/dataset.xhtml?persistentId=hdl:11529/10548026"
level=error msg="cdp.Runtime: Evaluate: rpc error: Execution context was destroyed. (code = -32000)" issue="Headless Evaluate" url="https://data.cimmyt.org/dataset.xhtml?persistentId=hdl:11529/10548026"
level=error msg="cdp.Runtime: Evaluate: rpc error: Execution context was destroyed. (code = -32000)" issue="converting json ld" url="https://data.cimmyt.org/dataset.xhtml?persistentId=hdl:11529/10548026"
level=error msg="error checking for valid json: Error in unmarshaling json: unexpected end of JSON input" contentType="script[type='application/ld+json']" url="https://data.cimmyt.org/dataset.xhtml?persistentId=hdl:11529/10008"
level=error contentType="Direct access failed, trying headless']" url="https://data.cimmyt.org/dataset.xhtml?persistentId=hdl:11529/10008"
level=error msg="Error in unmarshaling json: unexpected end of JSON input" issue="invalid JSON" url="https://data.cimmyt.org/dataset.xhtml?persistentId=hdl:11529/10008"
level=error msg="error checking for valid json: Error in unmarshaling json: unexpected end of JSON input" contentType="script[type='application/ld+json']" url="https://data.cimmyt.org/dataset.xhtml?persistentId=hdl:11529/10000"
level=error contentType="Direct access failed, trying headless']" url="https://data.cimmyt.org/dataset.xhtml?persistentId=hdl:11529/10000"
level=error msg="Error in unmarshaling json: unexpected end of JSON input" issue="invalid JSON" url="https://data.cimmyt.org/dataset.xhtml?persistentId=hdl:11529/10000"
level=error contentType="Direct access failed, trying headless']" url="https://data.cimmyt.org/dataset.xhtml?persistentId=hdl:11529/10929"
level=error msg="cdp.Runtime: Evaluate: rpc error: Inspected target navigated or closed (code = -32000)" issue="Headless Evaluate" url="https://data.cimmyt.org/dataset.xhtml?persistentId=hdl:11529/10929"
level=error msg="cdp.Runtime: Evaluate: rpc error: Inspected target navigated or closed (code = -32000)" issue="converting json ld" url="https://data.cimmyt.org/dataset.xhtml?persistentId=hdl:11529/10929"
