level=error contentType="Direct access failed, trying headless']" url="https://researchdata.cuhk.edu.hk/dataverse/AISCL"
level=error contentType="Direct access failed, trying headless']" url="https://researchdata.cuhk.edu.hk/dataverse/annalee"
level=error contentType="Direct access failed, trying headless']" url="https://researchdata.cuhk.edu.hk/dataverse/anthonyybteoh"
level=error contentType="Direct access failed, trying headless']" url="https://researchdata.cuhk.edu.hk/dataverse/aemau"
level=error contentType="Direct access failed, trying headless']" url="https://researchdata.cuhk.edu.hk/dataverse/benjaminhkyip"
level=error msg="cdp.Runtime: Evaluate: rpc error: Inspected target navigated or closed (code = -32000)" issue="Headless Evaluate" url="https://researchdata.cuhk.edu.hk/dataverse/AISCL"
level=error msg="cdp.Runtime: Evaluate: rpc error: Inspected target navigated or closed (code = -32000)" issue="Headless Evaluate" url="https://researchdata.cuhk.edu.hk/dataverse/annalee"
level=error msg="cdp.Runtime: Evaluate: rpc error: Inspected target navigated or closed (code = -32000)" issue="converting json ld" url="https://researchdata.cuhk.edu.hk/dataverse/annalee"
level=error msg="cdp.Runtime: Evaluate: rpc error: Inspected target navigated or closed (code = -32000)" issue="converting json ld" url="https://researchdata.cuhk.edu.hk/dataverse/AISCL"
level=error msg="cdp.Runtime: Evaluate: rpc error: Inspected target navigated or closed (code = -32000)" issue="Headless Evaluate" url="https://researchdata.cuhk.edu.hk/dataverse/anthonyybteoh"
level=error msg="cdp.Runtime: Evaluate: rpc error: Inspected target navigated or closed (code = -32000)" issue="converting json ld" url="https://researchdata.cuhk.edu.hk/dataverse/anthonyybteoh"
level=error msg="cdp.Runtime: Evaluate: rpc error: Inspected target navigated or closed (code = -32000)" issue="Headless Evaluate" url="https://researchdata.cuhk.edu.hk/dataverse/aemau"
level=error msg="cdp.Runtime: Evaluate: rpc error: Inspected target navigated or closed (code = -32000)" issue="converting json ld" url="https://researchdata.cuhk.edu.hk/dataverse/aemau"
level=error contentType="Direct access failed, trying headless']" url="https://researchdata.cuhk.edu.hk/dataverse/BMI"
level=error contentType="Direct access failed, trying headless']" url="https://researchdata.cuhk.edu.hk/dataverse/bzee"
level=error contentType="Direct access failed, trying headless']" url="https://researchdata.cuhk.edu.hk/dataverse/BenoitThibodeau"
level=error contentType="Direct access failed, trying headless']" url="https://researchdata.cuhk.edu.hk/dataverse/charingcnchong"
level=error msg="cdp.Runtime: Evaluate: rpc error: Inspected target navigated or closed (code = -32000)" issue="Headless Evaluate" url="https://researchdata.cuhk.edu.hk/dataverse/benjaminhkyip"
level=error msg="cdp.Runtime: Evaluate: rpc error: Inspected target navigated or closed (code = -32000)" issue="converting json ld" url="https://researchdata.cuhk.edu.hk/dataverse/benjaminhkyip"
level=error msg="cdp.Runtime: Evaluate: rpc error: Inspected target navigated or closed (code = -32000)" issue="Headless Evaluate" url="https://researchdata.cuhk.edu.hk/dataverse/bzee"
level=error msg="cdp.Runtime: Evaluate: rpc error: Inspected target navigated or closed (code = -32000)" issue="Headless Evaluate" url="https://researchdata.cuhk.edu.hk/dataverse/BenoitThibodeau"
level=error msg="cdp.Runtime: Evaluate: rpc error: Inspected target navigated or closed (code = -32000)" issue="converting json ld" url="https://researchdata.cuhk.edu.hk/dataverse/bzee"
level=error msg="cdp.Runtime: Evaluate: rpc error: Inspected target navigated or closed (code = -32000)" issue="Headless Evaluate" url="https://researchdata.cuhk.edu.hk/dataverse/charingcnchong"
level=error msg="cdp.Runtime: Evaluate: rpc error: Inspected target navigated or closed (code = -32000)" issue="converting json ld" url="https://researchdata.cuhk.edu.hk/dataverse/charingcnchong"
level=error msg="cdp.Runtime: Evaluate: rpc error: Inspected target navigated or closed (code = -32000)" issue="Headless Evaluate" url="https://researchdata.cuhk.edu.hk/dataverse/BMI"
level=error msg="cdp.Runtime: Evaluate: rpc error: Inspected target navigated or closed (code = -32000)" issue="converting json ld" url="https://researchdata.cuhk.edu.hk/dataverse/BMI"
level=error msg="cdp.Runtime: Evaluate: rpc error: Inspected target navigated or closed (code = -32000)" issue="converting json ld" url="https://researchdata.cuhk.edu.hk/dataverse/BenoitThibodeau"
level=error contentType="Direct access failed, trying headless']" url="https://researchdata.cuhk.edu.hk/dataverse/IHE"
level=error contentType="Direct access failed, trying headless']" url="https://researchdata.cuhk.edu.hk/dataverse/christopherkclai"
level=error contentType="Direct access failed, trying headless']" url="https://researchdata.cuhk.edu.hk/dataverse/IOA"
level=error contentType="Direct access failed, trying headless']" url="https://researchdata.cuhk.edu.hk/dataverse/czheng"
level=error contentType="Direct access failed, trying headless']" url="https://researchdata.cuhk.edu.hk/dataverse/cpyu"
level=error msg="cdp.Runtime: Evaluate: rpc error: Inspected target navigated or closed (code = -32000)" issue="Headless Evaluate" url="https://researchdata.cuhk.edu.hk/dataverse/IHE"
level=error msg="cdp.Runtime: Evaluate: rpc error: Inspected target navigated or closed (code = -32000)" issue="Headless Evaluate" url="https://researchdata.cuhk.edu.hk/dataverse/christopherkclai"
level=error msg="cdp.Runtime: Evaluate: rpc error: Inspected target navigated or closed (code = -32000)" issue="converting json ld" url="https://researchdata.cuhk.edu.hk/dataverse/christopherkclai"
level=error msg="cdp.Runtime: Evaluate: rpc error: Inspected target navigated or closed (code = -32000)" issue="Headless Evaluate" url="https://researchdata.cuhk.edu.hk/dataverse/cpyu"
level=error msg="cdp.Runtime: Evaluate: rpc error: Inspected target navigated or closed (code = -32000)" issue="Headless Evaluate" url="https://researchdata.cuhk.edu.hk/dataverse/IOA"
level=error msg="cdp.Runtime: Evaluate: rpc error: Inspected target navigated or closed (code = -32000)" issue="Headless Evaluate" url="https://researchdata.cuhk.edu.hk/dataverse/czheng"
level=error msg="cdp.Runtime: Evaluate: rpc error: Inspected target navigated or closed (code = -32000)" issue="converting json ld" url="https://researchdata.cuhk.edu.hk/dataverse/cpyu"
level=error msg="cdp.Runtime: Evaluate: rpc error: Inspected target navigated or closed (code = -32000)" issue="converting json ld" url="https://researchdata.cuhk.edu.hk/dataverse/IHE"
level=error msg="cdp.Runtime: Evaluate: rpc error: Inspected target navigated or closed (code = -32000)" issue="converting json ld" url="https://researchdata.cuhk.edu.hk/dataverse/czheng"
level=error msg="cdp.Runtime: Evaluate: rpc error: Inspected target navigated or closed (code = -32000)" issue="converting json ld" url="https://researchdata.cuhk.edu.hk/dataverse/IOA"
level=error contentType="Direct access failed, trying headless']" url="https://researchdata.cuhk.edu.hk/dataverse/CURI"
level=error contentType="Direct access failed, trying headless']" url="https://researchdata.cuhk.edu.hk/dataverse/cguo"
level=error contentType="Direct access failed, trying headless']" url="https://researchdata.cuhk.edu.hk/dataverse/zhangdxdaisy"
level=error contentType="Direct access failed, trying headless']" url="https://researchdata.cuhk.edu.hk/dataverse/ANS"
level=error contentType="Direct access failed, trying headless']" url="https://researchdata.cuhk.edu.hk/dataverse/root"
level=error msg="cdp.Runtime: Evaluate: rpc error: Inspected target navigated or closed (code = -32000)" issue="Headless Evaluate" url="https://researchdata.cuhk.edu.hk/dataverse/cguo"
level=error msg="cdp.Runtime: Evaluate: rpc error: Inspected target navigated or closed (code = -32000)" issue="converting json ld" url="https://researchdata.cuhk.edu.hk/dataverse/cguo"
level=error msg="cdp.Runtime: Evaluate: rpc error: Inspected target navigated or closed (code = -32000)" issue="Headless Evaluate" url="https://researchdata.cuhk.edu.hk/dataverse/root"
level=error msg="cdp.Runtime: Evaluate: rpc error: Inspected target navigated or closed (code = -32000)" issue="converting json ld" url="https://researchdata.cuhk.edu.hk/dataverse/root"
level=error msg="cdp.Runtime: Evaluate: rpc error: Inspected target navigated or closed (code = -32000)" issue="Headless Evaluate" url="https://researchdata.cuhk.edu.hk/dataverse/ANS"
level=error msg="cdp.Runtime: Evaluate: rpc error: Inspected target navigated or closed (code = -32000)" issue="converting json ld" url="https://researchdata.cuhk.edu.hk/dataverse/ANS"
level=error msg="cdp.Runtime: Evaluate: rpc error: Inspected target navigated or closed (code = -32000)" issue="Headless Evaluate" url="https://researchdata.cuhk.edu.hk/dataverse/CURI"
level=error msg="cdp.Runtime: Evaluate: rpc error: Inspected target navigated or closed (code = -32000)" issue="converting json ld" url="https://researchdata.cuhk.edu.hk/dataverse/CURI"
level=error msg="cdp.Runtime: Evaluate: rpc error: Inspected target navigated or closed (code = -32000)" issue="Headless Evaluate" url="https://researchdata.cuhk.edu.hk/dataverse/zhangdxdaisy"
level=error msg="cdp.Runtime: Evaluate: rpc error: Inspected target navigated or closed (code = -32000)" issue="converting json ld" url="https://researchdata.cuhk.edu.hk/dataverse/zhangdxdaisy"
level=error contentType="Direct access failed, trying headless']" url="https://researchdata.cuhk.edu.hk/dataverse/ANT"
level=error contentType="Direct access failed, trying headless']" url="https://researchdata.cuhk.edu.hk/dataverse/CPY"
level=error contentType="Direct access failed, trying headless']" url="https://researchdata.cuhk.edu.hk/dataverse/ACP"
level=error contentType="Direct access failed, trying headless']" url="https://researchdata.cuhk.edu.hk/dataverse/BME"
level=error contentType="Direct access failed, trying headless']" url="https://researchdata.cuhk.edu.hk/dataverse/CHEM"
level=error msg="cdp.Runtime: Evaluate: rpc error: Inspected target navigated or closed (code = -32000)" issue="Headless Evaluate" url="https://researchdata.cuhk.edu.hk/dataverse/ANT"
level=error msg="cdp.Runtime: Evaluate: rpc error: Inspected target navigated or closed (code = -32000)" issue="Headless Evaluate" url="https://researchdata.cuhk.edu.hk/dataverse/CPY"
level=error msg="cdp.Runtime: Evaluate: rpc error: Inspected target navigated or closed (code = -32000)" issue="converting json ld" url="https://researchdata.cuhk.edu.hk/dataverse/CPY"
level=error msg="cdp.Runtime: Evaluate: rpc error: Inspected target navigated or closed (code = -32000)" issue="Headless Evaluate" url="https://researchdata.cuhk.edu.hk/dataverse/BME"
level=error msg="cdp.Runtime: Evaluate: rpc error: Inspected target navigated or closed (code = -32000)" issue="Headless Evaluate" url="https://researchdata.cuhk.edu.hk/dataverse/CHEM"
level=error msg="cdp.Runtime: Evaluate: rpc error: Inspected target navigated or closed (code = -32000)" issue="converting json ld" url="https://researchdata.cuhk.edu.hk/dataverse/BME"
level=error msg="cdp.Runtime: Evaluate: rpc error: Inspected target navigated or closed (code = -32000)" issue="converting json ld" url="https://researchdata.cuhk.edu.hk/dataverse/CHEM"
level=error msg="cdp.Runtime: Evaluate: rpc error: Inspected target navigated or closed (code = -32000)" issue="converting json ld" url="https://researchdata.cuhk.edu.hk/dataverse/ANT"
level=error msg="cdp.Runtime: Evaluate: rpc error: Inspected target navigated or closed (code = -32000)" issue="Headless Evaluate" url="https://researchdata.cuhk.edu.hk/dataverse/ACP"
level=error msg="cdp.Runtime: Evaluate: rpc error: Inspected target navigated or closed (code = -32000)" issue="converting json ld" url="https://researchdata.cuhk.edu.hk/dataverse/ACP"
level=error contentType="Direct access failed, trying headless']" url="https://researchdata.cuhk.edu.hk/dataverse/CSE"
level=error contentType="Direct access failed, trying headless']" url="https://researchdata.cuhk.edu.hk/dataverse/CLO"
level=error contentType="Direct access failed, trying headless']" url="https://researchdata.cuhk.edu.hk/dataverse/CHI"
level=error contentType="Direct access failed, trying headless']" url="https://researchdata.cuhk.edu.hk/dataverse/CRI"
level=error contentType="Direct access failed, trying headless']" url="https://researchdata.cuhk.edu.hk/dataverse/CRS"
level=error msg="cdp.Runtime: Evaluate: rpc error: Inspected target navigated or closed (code = -32000)" issue="Headless Evaluate" url="https://researchdata.cuhk.edu.hk/dataverse/CHI"
level=error msg="cdp.Runtime: Evaluate: rpc error: Inspected target navigated or closed (code = -32000)" issue="Headless Evaluate" url="https://researchdata.cuhk.edu.hk/dataverse/CRI"
level=error msg="cdp.Runtime: Evaluate: rpc error: Inspected target navigated or closed (code = -32000)" issue="Headless Evaluate" url="https://researchdata.cuhk.edu.hk/dataverse/CLO"
level=error msg="cdp.Runtime: Evaluate: rpc error: Inspected target navigated or closed (code = -32000)" issue="Headless Evaluate" url="https://researchdata.cuhk.edu.hk/dataverse/CRS"
level=error msg="cdp.Runtime: Evaluate: rpc error: Inspected target navigated or closed (code = -32000)" issue="converting json ld" url="https://researchdata.cuhk.edu.hk/dataverse/CLO"
level=error msg="cdp.Runtime: Evaluate: rpc error: Inspected target navigated or closed (code = -32000)" issue="converting json ld" url="https://researchdata.cuhk.edu.hk/dataverse/CHI"
level=error msg="cdp.Runtime: Evaluate: rpc error: Inspected target navigated or closed (code = -32000)" issue="converting json ld" url="https://researchdata.cuhk.edu.hk/dataverse/CRS"
level=error msg="cdp.Runtime: Evaluate: rpc error: Inspected target navigated or closed (code = -32000)" issue="converting json ld" url="https://researchdata.cuhk.edu.hk/dataverse/CRI"
level=error msg="cdp.Runtime: Evaluate: rpc error: Inspected target navigated or closed (code = -32000)" issue="Headless Evaluate" url="https://researchdata.cuhk.edu.hk/dataverse/CSE"
level=error msg="cdp.Runtime: Evaluate: rpc error: Inspected target navigated or closed (code = -32000)" issue="converting json ld" url="https://researchdata.cuhk.edu.hk/dataverse/CSE"
level=error contentType="Direct access failed, trying headless']" url="https://researchdata.cuhk.edu.hk/dataverse/ECON"
level=error contentType="Direct access failed, trying headless']" url="https://researchdata.cuhk.edu.hk/dataverse/DSE"
level=error contentType="Direct access failed, trying headless']" url="https://researchdata.cuhk.edu.hk/dataverse/EAP"
level=error contentType="Direct access failed, trying headless']" url="https://researchdata.cuhk.edu.hk/dataverse/EE"
level=error contentType="Direct access failed, trying headless']" url="https://researchdata.cuhk.edu.hk/dataverse/EPS"
level=error msg="cdp.Runtime: Evaluate: rpc error: Inspected target navigated or closed (code = -32000)" issue="Headless Evaluate" url="https://researchdata.cuhk.edu.hk/dataverse/ECON"
level=error msg="cdp.Runtime: Evaluate: rpc error: Inspected target navigated or closed (code = -32000)" issue="Headless Evaluate" url="https://researchdata.cuhk.edu.hk/dataverse/EAP"
level=error msg="cdp.Runtime: Evaluate: rpc error: Inspected target navigated or closed (code = -32000)" issue="Headless Evaluate" url="https://researchdata.cuhk.edu.hk/dataverse/EE"
level=error msg="cdp.Runtime: Evaluate: rpc error: Inspected target navigated or closed (code = -32000)" issue="Headless Evaluate" url="https://researchdata.cuhk.edu.hk/dataverse/EPS"
level=error msg="cdp.Runtime: Evaluate: rpc error: Inspected target navigated or closed (code = -32000)" issue="converting json ld" url="https://researchdata.cuhk.edu.hk/dataverse/EE"
level=error msg="cdp.Runtime: Evaluate: rpc error: Inspected target navigated or closed (code = -32000)" issue="converting json ld" url="https://researchdata.cuhk.edu.hk/dataverse/EAP"
level=error msg="cdp.Runtime: Evaluate: rpc error: Inspected target navigated or closed (code = -32000)" issue="Headless Evaluate" url="https://researchdata.cuhk.edu.hk/dataverse/DSE"
level=error msg="cdp.Runtime: Evaluate: rpc error: Inspected target navigated or closed (code = -32000)" issue="converting json ld" url="https://researchdata.cuhk.edu.hk/dataverse/DSE"
level=error msg="cdp.Runtime: Evaluate: rpc error: Inspected target navigated or closed (code = -32000)" issue="converting json ld" url="https://researchdata.cuhk.edu.hk/dataverse/ECON"
level=error msg="cdp.Runtime: Evaluate: rpc error: Inspected target navigated or closed (code = -32000)" issue="converting json ld" url="https://researchdata.cuhk.edu.hk/dataverse/EPS"
level=error contentType="Direct access failed, trying headless']" url="https://researchdata.cuhk.edu.hk/dataverse/GPA"
level=error contentType="Direct access failed, trying headless']" url="https://researchdata.cuhk.edu.hk/dataverse/ENG"
level=error contentType="Direct access failed, trying headless']" url="https://researchdata.cuhk.edu.hk/dataverse/FAA"
level=error contentType="Direct access failed, trying headless']" url="https://researchdata.cuhk.edu.hk/dataverse/FIN"
level=error contentType="Direct access failed, trying headless']" url="https://researchdata.cuhk.edu.hk/dataverse/GRM"
level=error msg="cdp.Runtime: Evaluate: rpc error: Inspected target navigated or closed (code = -32000)" issue="Headless Evaluate" url="https://researchdata.cuhk.edu.hk/dataverse/FAA"
level=error msg="cdp.Runtime: Evaluate: rpc error: Inspected target navigated or closed (code = -32000)" issue="Headless Evaluate" url="https://researchdata.cuhk.edu.hk/dataverse/FIN"
level=error msg="cdp.Runtime: Evaluate: rpc error: Inspected target navigated or closed (code = -32000)" issue="Headless Evaluate" url="https://researchdata.cuhk.edu.hk/dataverse/GRM"
level=error msg="cdp.Runtime: Evaluate: rpc error: Inspected target navigated or closed (code = -32000)" issue="converting json ld" url="https://researchdata.cuhk.edu.hk/dataverse/FIN"
level=error msg="cdp.Runtime: Evaluate: rpc error: Inspected target navigated or closed (code = -32000)" issue="converting json ld" url="https://researchdata.cuhk.edu.hk/dataverse/GRM"
level=error msg="cdp.Runtime: Evaluate: rpc error: Inspected target navigated or closed (code = -32000)" issue="Headless Evaluate" url="https://researchdata.cuhk.edu.hk/dataverse/GPA"
level=error msg="cdp.Runtime: Evaluate: rpc error: Inspected target navigated or closed (code = -32000)" issue="converting json ld" url="https://researchdata.cuhk.edu.hk/dataverse/GPA"
level=error msg="cdp.Runtime: Evaluate: rpc error: Inspected target navigated or closed (code = -32000)" issue="converting json ld" url="https://researchdata.cuhk.edu.hk/dataverse/FAA"
level=error msg="cdp.Runtime: Evaluate: rpc error: Inspected target navigated or closed (code = -32000)" issue="Headless Evaluate" url="https://researchdata.cuhk.edu.hk/dataverse/ENG"
level=error msg="cdp.Runtime: Evaluate: rpc error: Inspected target navigated or closed (code = -32000)" issue="converting json ld" url="https://researchdata.cuhk.edu.hk/dataverse/ENG"
level=error contentType="Direct access failed, trying headless']" url="https://researchdata.cuhk.edu.hk/dataverse/IE"
level=error contentType="Direct access failed, trying headless']" url="https://researchdata.cuhk.edu.hk/dataverse/LING"
level=error contentType="Direct access failed, trying headless']" url="https://researchdata.cuhk.edu.hk/dataverse/HIS"
level=error contentType="Direct access failed, trying headless']" url="https://researchdata.cuhk.edu.hk/dataverse/DIIR"
level=error contentType="Direct access failed, trying headless']" url="https://researchdata.cuhk.edu.hk/dataverse/JAS"
level=error msg="cdp.Runtime: Evaluate: rpc error: Execution context was destroyed. (code = -32000)" issue="Headless Evaluate" url="https://researchdata.cuhk.edu.hk/dataverse/JAS"
level=error msg="cdp.Runtime: Evaluate: rpc error: Execution context was destroyed. (code = -32000)" issue="Headless Evaluate" url="https://researchdata.cuhk.edu.hk/dataverse/LING"
level=error msg="cdp.Runtime: Evaluate: rpc error: Execution context was destroyed. (code = -32000)" issue="converting json ld" url="https://researchdata.cuhk.edu.hk/dataverse/LING"
level=error msg="cdp.Runtime: Evaluate: rpc error: Execution context was destroyed. (code = -32000)" issue="Headless Evaluate" url="https://researchdata.cuhk.edu.hk/dataverse/IE"
level=error msg="cdp.Runtime: Evaluate: rpc error: Execution context was destroyed. (code = -32000)" issue="converting json ld" url="https://researchdata.cuhk.edu.hk/dataverse/IE"
level=error msg="cdp.Runtime: Evaluate: rpc error: Execution context was destroyed. (code = -32000)" issue="converting json ld" url="https://researchdata.cuhk.edu.hk/dataverse/JAS"
level=error msg="cdp.Runtime: Evaluate: rpc error: Execution context was destroyed. (code = -32000)" issue="Headless Evaluate" url="https://researchdata.cuhk.edu.hk/dataverse/HIS"
level=error msg="cdp.Runtime: Evaluate: rpc error: Execution context was destroyed. (code = -32000)" issue="converting json ld" url="https://researchdata.cuhk.edu.hk/dataverse/HIS"
level=error msg="cdp.Runtime: Evaluate: rpc error: Execution context was destroyed. (code = -32000)" issue="Headless Evaluate" url="https://researchdata.cuhk.edu.hk/dataverse/DIIR"
level=error msg="cdp.Runtime: Evaluate: rpc error: Execution context was destroyed. (code = -32000)" issue="converting json ld" url="https://researchdata.cuhk.edu.hk/dataverse/DIIR"
level=error contentType="Direct access failed, trying headless']" url="https://researchdata.cuhk.edu.hk/dataverse/MAE"
level=error contentType="Direct access failed, trying headless']" url="https://researchdata.cuhk.edu.hk/dataverse/MGT"
level=error contentType="Direct access failed, trying headless']" url="https://researchdata.cuhk.edu.hk/dataverse/MKT"
level=error contentType="Direct access failed, trying headless']" url="https://researchdata.cuhk.edu.hk/dataverse/MATH"
level=error contentType="Direct access failed, trying headless']" url="https://researchdata.cuhk.edu.hk/dataverse/MECT"
level=error msg="cdp.Runtime: Evaluate: rpc error: Inspected target navigated or closed (code = -32000)" issue="Headless Evaluate" url="https://researchdata.cuhk.edu.hk/dataverse/MAE"
level=error msg="cdp.Runtime: Evaluate: rpc error: Inspected target navigated or closed (code = -32000)" issue="Headless Evaluate" url="https://researchdata.cuhk.edu.hk/dataverse/MGT"
level=error msg="cdp.Runtime: Evaluate: rpc error: Inspected target navigated or closed (code = -32000)" issue="Headless Evaluate" url="https://researchdata.cuhk.edu.hk/dataverse/MKT"
level=error msg="cdp.Runtime: Evaluate: rpc error: Inspected target navigated or closed (code = -32000)" issue="Headless Evaluate" url="https://researchdata.cuhk.edu.hk/dataverse/MATH"
level=error msg="cdp.Runtime: Evaluate: rpc error: Inspected target navigated or closed (code = -32000)" issue="converting json ld" url="https://researchdata.cuhk.edu.hk/dataverse/MKT"
level=error msg="cdp.Runtime: Evaluate: rpc error: Inspected target navigated or closed (code = -32000)" issue="converting json ld" url="https://researchdata.cuhk.edu.hk/dataverse/MATH"
level=error msg="cdp.Runtime: Evaluate: rpc error: Inspected target navigated or closed (code = -32000)" issue="converting json ld" url="https://researchdata.cuhk.edu.hk/dataverse/MGT"
level=error msg="cdp.Runtime: Evaluate: rpc error: Inspected target navigated or closed (code = -32000)" issue="converting json ld" url="https://researchdata.cuhk.edu.hk/dataverse/MAE"
level=error msg="cdp.Runtime: Evaluate: rpc error: Inspected target navigated or closed (code = -32000)" issue="Headless Evaluate" url="https://researchdata.cuhk.edu.hk/dataverse/MECT"
level=error msg="cdp.Runtime: Evaluate: rpc error: Inspected target navigated or closed (code = -32000)" issue="converting json ld" url="https://researchdata.cuhk.edu.hk/dataverse/MECT"
level=error contentType="Direct access failed, trying headless']" url="https://researchdata.cuhk.edu.hk/dataverse/OVS"
level=error contentType="Direct access failed, trying headless']" url="https://researchdata.cuhk.edu.hk/dataverse/ORT"
level=error contentType="Direct access failed, trying headless']" url="https://researchdata.cuhk.edu.hk/dataverse/OBG"
level=error contentType="Direct access failed, trying headless']" url="https://researchdata.cuhk.edu.hk/dataverse/MUS"
level=error contentType="Direct access failed, trying headless']" url="https://researchdata.cuhk.edu.hk/dataverse/MIC"
level=error msg="cdp.Runtime: Evaluate: rpc error: Inspected target navigated or closed (code = -32000)" issue="Headless Evaluate" url="https://researchdata.cuhk.edu.hk/dataverse/ORT"
level=error msg="cdp.Runtime: Evaluate: rpc error: Inspected target navigated or closed (code = -32000)" issue="Headless Evaluate" url="https://researchdata.cuhk.edu.hk/dataverse/OBG"
level=error msg="cdp.Runtime: Evaluate: rpc error: Inspected target navigated or closed (code = -32000)" issue="converting json ld" url="https://researchdata.cuhk.edu.hk/dataverse/ORT"
level=error msg="cdp.Runtime: Evaluate: rpc error: Inspected target navigated or closed (code = -32000)" issue="converting json ld" url="https://researchdata.cuhk.edu.hk/dataverse/OBG"
level=error msg="cdp.Runtime: Evaluate: rpc error: Inspected target navigated or closed (code = -32000)" issue="Headless Evaluate" url="https://researchdata.cuhk.edu.hk/dataverse/MIC"
level=error msg="cdp.Runtime: Evaluate: rpc error: Inspected target navigated or closed (code = -32000)" issue="Headless Evaluate" url="https://researchdata.cuhk.edu.hk/dataverse/OVS"
level=error msg="cdp.Runtime: Evaluate: rpc error: Inspected target navigated or closed (code = -32000)" issue="Headless Evaluate" url="https://researchdata.cuhk.edu.hk/dataverse/MUS"
level=error msg="cdp.Runtime: Evaluate: rpc error: Inspected target navigated or closed (code = -32000)" issue="converting json ld" url="https://researchdata.cuhk.edu.hk/dataverse/MUS"
level=error msg="cdp.Runtime: Evaluate: rpc error: Inspected target navigated or closed (code = -32000)" issue="converting json ld" url="https://researchdata.cuhk.edu.hk/dataverse/MIC"
level=error msg="cdp.Runtime: Evaluate: rpc error: Inspected target navigated or closed (code = -32000)" issue="converting json ld" url="https://researchdata.cuhk.edu.hk/dataverse/OVS"
level=error contentType="Direct access failed, trying headless']" url="https://researchdata.cuhk.edu.hk/dataverse/PCI"
level=error contentType="Direct access failed, trying headless']" url="https://researchdata.cuhk.edu.hk/dataverse/PHIL"
level=error contentType="Direct access failed, trying headless']" url="https://researchdata.cuhk.edu.hk/dataverse/ENT"
level=error contentType="Direct access failed, trying headless']" url="https://researchdata.cuhk.edu.hk/dataverse/PHY"
level=error contentType="Direct access failed, trying headless']" url="https://researchdata.cuhk.edu.hk/dataverse/PAE"
level=error msg="cdp.Runtime: Evaluate: rpc error: Inspected target navigated or closed (code = -32000)" issue="Headless Evaluate" url="https://researchdata.cuhk.edu.hk/dataverse/PCI"
level=error msg="cdp.Runtime: Evaluate: rpc error: Inspected target navigated or closed (code = -32000)" issue="converting json ld" url="https://researchdata.cuhk.edu.hk/dataverse/PCI"
level=error msg="cdp.Runtime: Evaluate: rpc error: Inspected target navigated or closed (code = -32000)" issue="Headless Evaluate" url="https://researchdata.cuhk.edu.hk/dataverse/ENT"
level=error msg="cdp.Runtime: Evaluate: rpc error: Inspected target navigated or closed (code = -32000)" issue="Headless Evaluate" url="https://researchdata.cuhk.edu.hk/dataverse/PHY"
level=error msg="cdp.Runtime: Evaluate: rpc error: Inspected target navigated or closed (code = -32000)" issue="converting json ld" url="https://researchdata.cuhk.edu.hk/dataverse/ENT"
level=error msg="cdp.Runtime: Evaluate: rpc error: Inspected target navigated or closed (code = -32000)" issue="converting json ld" url="https://researchdata.cuhk.edu.hk/dataverse/PHY"
level=error msg="cdp.Runtime: Evaluate: rpc error: Inspected target navigated or closed (code = -32000)" issue="Headless Evaluate" url="https://researchdata.cuhk.edu.hk/dataverse/PAE"
level=error msg="cdp.Runtime: Evaluate: rpc error: Inspected target navigated or closed (code = -32000)" issue="converting json ld" url="https://researchdata.cuhk.edu.hk/dataverse/PAE"
level=error msg="cdp.Runtime: Evaluate: rpc error: Inspected target navigated or closed (code = -32000)" issue="Headless Evaluate" url="https://researchdata.cuhk.edu.hk/dataverse/PHIL"
level=error msg="cdp.Runtime: Evaluate: rpc error: Inspected target navigated or closed (code = -32000)" issue="converting json ld" url="https://researchdata.cuhk.edu.hk/dataverse/PHIL"
level=error contentType="Direct access failed, trying headless']" url="https://researchdata.cuhk.edu.hk/dataverse/SWK"
level=error contentType="Direct access failed, trying headless']" url="https://researchdata.cuhk.edu.hk/dataverse/PSY"
level=error contentType="Direct access failed, trying headless']" url="https://researchdata.cuhk.edu.hk/dataverse/SOC"
level=error contentType="Direct access failed, trying headless']" url="https://researchdata.cuhk.edu.hk/dataverse/SPE"
level=error contentType="Direct access failed, trying headless']" url="https://researchdata.cuhk.edu.hk/dataverse/STA"
level=error msg="cdp.Runtime: Evaluate: rpc error: Inspected target navigated or closed (code = -32000)" issue="Headless Evaluate" url="https://researchdata.cuhk.edu.hk/dataverse/SPE"
level=error msg="cdp.Runtime: Evaluate: rpc error: Inspected target navigated or closed (code = -32000)" issue="Headless Evaluate" url="https://researchdata.cuhk.edu.hk/dataverse/PSY"
level=error msg="cdp.Runtime: Evaluate: rpc error: Inspected target navigated or closed (code = -32000)" issue="converting json ld" url="https://researchdata.cuhk.edu.hk/dataverse/PSY"
level=error msg="cdp.Runtime: Evaluate: rpc error: Inspected target navigated or closed (code = -32000)" issue="Headless Evaluate" url="https://researchdata.cuhk.edu.hk/dataverse/STA"
level=error msg="cdp.Runtime: Evaluate: rpc error: Inspected target navigated or closed (code = -32000)" issue="converting json ld" url="https://researchdata.cuhk.edu.hk/dataverse/SPE"
level=error msg="cdp.Runtime: Evaluate: rpc error: Inspected target navigated or closed (code = -32000)" issue="converting json ld" url="https://researchdata.cuhk.edu.hk/dataverse/STA"
level=error msg="cdp.Runtime: Evaluate: rpc error: Inspected target navigated or closed (code = -32000)" issue="Headless Evaluate" url="https://researchdata.cuhk.edu.hk/dataverse/SWK"
level=error msg="cdp.Runtime: Evaluate: rpc error: Inspected target navigated or closed (code = -32000)" issue="converting json ld" url="https://researchdata.cuhk.edu.hk/dataverse/SWK"
level=error msg="cdp.Runtime: Evaluate: rpc error: Inspected target navigated or closed (code = -32000)" issue="Headless Evaluate" url="https://researchdata.cuhk.edu.hk/dataverse/SOC"
level=error msg="cdp.Runtime: Evaluate: rpc error: Inspected target navigated or closed (code = -32000)" issue="converting json ld" url="https://researchdata.cuhk.edu.hk/dataverse/SOC"
level=error contentType="Direct access failed, trying headless']" url="https://researchdata.cuhk.edu.hk/dataverse/SEEM"
level=error contentType="Direct access failed, trying headless']" url="https://researchdata.cuhk.edu.hk/dataverse/derekyau"
level=error contentType="Direct access failed, trying headless']" url="https://researchdata.cuhk.edu.hk/dataverse/TRA"
level=error contentType="Direct access failed, trying headless']" url="https://researchdata.cuhk.edu.hk/dataverse/SUR"
level=error contentType="Direct access failed, trying headless']" url="https://researchdata.cuhk.edu.hk/dataverse/dickenccchan"
level=error msg="cdp.Runtime: Evaluate: rpc error: Execution context was destroyed. (code = -32000)" issue="Headless Evaluate" url="https://researchdata.cuhk.edu.hk/dataverse/SUR"
level=error msg="cdp.Runtime: Evaluate: rpc error: Execution context was destroyed. (code = -32000)" issue="Headless Evaluate" url="https://researchdata.cuhk.edu.hk/dataverse/derekyau"
level=error msg="cdp.Runtime: Evaluate: rpc error: Execution context was destroyed. (code = -32000)" issue="converting json ld" url="https://researchdata.cuhk.edu.hk/dataverse/derekyau"
level=error msg="cdp.Runtime: Evaluate: rpc error: Execution context was destroyed. (code = -32000)" issue="Headless Evaluate" url="https://researchdata.cuhk.edu.hk/dataverse/TRA"
level=error msg="cdp.Runtime: Evaluate: rpc error: Execution context was destroyed. (code = -32000)" issue="Headless Evaluate" url="https://researchdata.cuhk.edu.hk/dataverse/SEEM"
level=error msg="cdp.Runtime: Evaluate: rpc error: Execution context was destroyed. (code = -32000)" issue="Headless Evaluate" url="https://researchdata.cuhk.edu.hk/dataverse/dickenccchan"
level=error msg="cdp.Runtime: Evaluate: rpc error: Execution context was destroyed. (code = -32000)" issue="converting json ld" url="https://researchdata.cuhk.edu.hk/dataverse/SEEM"
level=error msg="cdp.Runtime: Evaluate: rpc error: Execution context was destroyed. (code = -32000)" issue="converting json ld" url="https://researchdata.cuhk.edu.hk/dataverse/TRA"
level=error msg="cdp.Runtime: Evaluate: rpc error: Execution context was destroyed. (code = -32000)" issue="converting json ld" url="https://researchdata.cuhk.edu.hk/dataverse/SUR"
level=error msg="cdp.Runtime: Evaluate: rpc error: Execution context was destroyed. (code = -32000)" issue="converting json ld" url="https://researchdata.cuhk.edu.hk/dataverse/dickenccchan"
level=error contentType="Direct access failed, trying headless']" url="https://researchdata.cuhk.edu.hk/dataverse/dongshu"
level=error contentType="Direct access failed, trying headless']" url="https://researchdata.cuhk.edu.hk/dataverse/DSCCC"
level=error contentType="Direct access failed, trying headless']" url="https://researchdata.cuhk.edu.hk/dataverse/elizalywong"
level=error contentType="Direct access failed, trying headless']" url="https://researchdata.cuhk.edu.hk/dataverse/di"
level=error contentType="Direct access failed, trying headless']" url="https://researchdata.cuhk.edu.hk/dataverse/ESSC"
level=error msg="cdp.Runtime: Evaluate: rpc error: Inspected target navigated or closed (code = -32000)" issue="Headless Evaluate" url="https://researchdata.cuhk.edu.hk/dataverse/dongshu"
level=error msg="cdp.Runtime: Evaluate: rpc error: Inspected target navigated or closed (code = -32000)" issue="Headless Evaluate" url="https://researchdata.cuhk.edu.hk/dataverse/DSCCC"
level=error msg="cdp.Runtime: Evaluate: rpc error: Inspected target navigated or closed (code = -32000)" issue="Headless Evaluate" url="https://researchdata.cuhk.edu.hk/dataverse/di"
level=error msg="cdp.Runtime: Evaluate: rpc error: Inspected target navigated or closed (code = -32000)" issue="converting json ld" url="https://researchdata.cuhk.edu.hk/dataverse/di"
level=error msg="cdp.Runtime: Evaluate: rpc error: Inspected target navigated or closed (code = -32000)" issue="Headless Evaluate" url="https://researchdata.cuhk.edu.hk/dataverse/elizalywong"
level=error msg="cdp.Runtime: Evaluate: rpc error: Inspected target navigated or closed (code = -32000)" issue="converting json ld" url="https://researchdata.cuhk.edu.hk/dataverse/elizalywong"
level=error msg="cdp.Runtime: Evaluate: rpc error: Inspected target navigated or closed (code = -32000)" issue="converting json ld" url="https://researchdata.cuhk.edu.hk/dataverse/dongshu"
level=error msg="cdp.Runtime: Evaluate: rpc error: Inspected target navigated or closed (code = -32000)" issue="Headless Evaluate" url="https://researchdata.cuhk.edu.hk/dataverse/ESSC"
level=error msg="cdp.Runtime: Evaluate: rpc error: Inspected target navigated or closed (code = -32000)" issue="converting json ld" url="https://researchdata.cuhk.edu.hk/dataverse/DSCCC"
level=error msg="cdp.Runtime: Evaluate: rpc error: Inspected target navigated or closed (code = -32000)" issue="converting json ld" url="https://researchdata.cuhk.edu.hk/dataverse/ESSC"
level=error contentType="Direct access failed, trying headless']" url="https://researchdata.cuhk.edu.hk/dataverse/BusinessAdministration"
level=error contentType="Direct access failed, trying headless']" url="https://researchdata.cuhk.edu.hk/dataverse/erickplee"
level=error contentType="Direct access failed, trying headless']" url="https://researchdata.cuhk.edu.hk/dataverse/erictschung"
level=error contentType="Direct access failed, trying headless']" url="https://researchdata.cuhk.edu.hk/dataverse/Education"
level=error contentType="Direct access failed, trying headless']" url="https://researchdata.cuhk.edu.hk/dataverse/Arts"
level=error msg="cdp.Runtime: Evaluate: rpc error: Execution context was destroyed. (code = -32000)" issue="Headless Evaluate" url="https://researchdata.cuhk.edu.hk/dataverse/Education"
level=error msg="cdp.Runtime: Evaluate: rpc error: Execution context was destroyed. (code = -32000)" issue="Headless Evaluate" url="https://researchdata.cuhk.edu.hk/dataverse/BusinessAdministration"
level=error msg="cdp.Runtime: Evaluate: rpc error: Execution context was destroyed. (code = -32000)" issue="Headless Evaluate" url="https://researchdata.cuhk.edu.hk/dataverse/erictschung"
level=error msg="cdp.Runtime: Evaluate: rpc error: Execution context was destroyed. (code = -32000)" issue="converting json ld" url="https://researchdata.cuhk.edu.hk/dataverse/BusinessAdministration"
level=error msg="cdp.Runtime: Evaluate: rpc error: Execution context was destroyed. (code = -32000)" issue="converting json ld" url="https://researchdata.cuhk.edu.hk/dataverse/Education"
level=error msg="cdp.Runtime: Evaluate: rpc error: Execution context was destroyed. (code = -32000)" issue="Headless Evaluate" url="https://researchdata.cuhk.edu.hk/dataverse/erickplee"
level=error msg="cdp.Runtime: Evaluate: rpc error: Execution context was destroyed. (code = -32000)" issue="Headless Evaluate" url="https://researchdata.cuhk.edu.hk/dataverse/Arts"
level=error msg="cdp.Runtime: Evaluate: rpc error: Execution context was destroyed. (code = -32000)" issue="converting json ld" url="https://researchdata.cuhk.edu.hk/dataverse/erictschung"
level=error msg="cdp.Runtime: Evaluate: rpc error: Execution context was destroyed. (code = -32000)" issue="converting json ld" url="https://researchdata.cuhk.edu.hk/dataverse/erickplee"
level=error msg="cdp.Runtime: Evaluate: rpc error: Execution context was destroyed. (code = -32000)" issue="converting json ld" url="https://researchdata.cuhk.edu.hk/dataverse/Arts"
level=error contentType="Direct access failed, trying headless']" url="https://researchdata.cuhk.edu.hk/dataverse/Law"
level=error contentType="Direct access failed, trying headless']" url="https://researchdata.cuhk.edu.hk/dataverse/Engineering"
level=error contentType="Direct access failed, trying headless']" url="https://researchdata.cuhk.edu.hk/dataverse/SocialScience"
level=error contentType="Direct access failed, trying headless']" url="https://researchdata.cuhk.edu.hk/dataverse/Science"
level=error contentType="Direct access failed, trying headless']" url="https://researchdata.cuhk.edu.hk/dataverse/Medicine"
level=error msg="cdp.Runtime: Evaluate: rpc error: Inspected target navigated or closed (code = -32000)" issue="Headless Evaluate" url="https://researchdata.cuhk.edu.hk/dataverse/Law"
level=error msg="cdp.Runtime: Evaluate: rpc error: Inspected target navigated or closed (code = -32000)" issue="converting json ld" url="https://researchdata.cuhk.edu.hk/dataverse/Law"
level=error msg="cdp.Runtime: Evaluate: rpc error: Inspected target navigated or closed (code = -32000)" issue="Headless Evaluate" url="https://researchdata.cuhk.edu.hk/dataverse/SocialScience"
level=error msg="cdp.Runtime: Evaluate: rpc error: Inspected target navigated or closed (code = -32000)" issue="Headless Evaluate" url="https://researchdata.cuhk.edu.hk/dataverse/Science"
level=error msg="cdp.Runtime: Evaluate: rpc error: Inspected target navigated or closed (code = -32000)" issue="Headless Evaluate" url="https://researchdata.cuhk.edu.hk/dataverse/Medicine"
level=error msg="cdp.Runtime: Evaluate: rpc error: Inspected target navigated or closed (code = -32000)" issue="converting json ld" url="https://researchdata.cuhk.edu.hk/dataverse/Medicine"
level=error msg="cdp.Runtime: Evaluate: rpc error: Inspected target navigated or closed (code = -32000)" issue="converting json ld" url="https://researchdata.cuhk.edu.hk/dataverse/Science"
level=error msg="cdp.Runtime: Evaluate: rpc error: Inspected target navigated or closed (code = -32000)" issue="Headless Evaluate" url="https://researchdata.cuhk.edu.hk/dataverse/Engineering"
level=error msg="cdp.Runtime: Evaluate: rpc error: Inspected target navigated or closed (code = -32000)" issue="converting json ld" url="https://researchdata.cuhk.edu.hk/dataverse/Engineering"
level=error msg="cdp.Runtime: Evaluate: rpc error: Inspected target navigated or closed (code = -32000)" issue="converting json ld" url="https://researchdata.cuhk.edu.hk/dataverse/SocialScience"
level=error contentType="Direct access failed, trying headless']" url="https://researchdata.cuhk.edu.hk/dataverse/HKCI"
level=error contentType="Direct access failed, trying headless']" url="https://researchdata.cuhk.edu.hk/dataverse/florriefyng"
level=error contentType="Direct access failed, trying headless']" url="https://researchdata.cuhk.edu.hk/dataverse/hliang"
level=error contentType="Direct access failed, trying headless']" url="https://researchdata.cuhk.edu.hk/dataverse/fklchan"
level=error contentType="Direct access failed, trying headless']" url="https://researchdata.cuhk.edu.hk/dataverse/IVM"
level=error msg="cdp.Runtime: Evaluate: rpc error: Inspected target navigated or closed (code = -32000)" issue="Headless Evaluate" url="https://researchdata.cuhk.edu.hk/dataverse/HKCI"
level=error msg="cdp.Runtime: Evaluate: rpc error: Inspected target navigated or closed (code = -32000)" issue="Headless Evaluate" url="https://researchdata.cuhk.edu.hk/dataverse/florriefyng"
level=error msg="cdp.Runtime: Evaluate: rpc error: Inspected target navigated or closed (code = -32000)" issue="converting json ld" url="https://researchdata.cuhk.edu.hk/dataverse/florriefyng"
level=error msg="cdp.Runtime: Evaluate: rpc error: Inspected target navigated or closed (code = -32000)" issue="Headless Evaluate" url="https://researchdata.cuhk.edu.hk/dataverse/hliang"
level=error msg="cdp.Runtime: Evaluate: rpc error: Inspected target navigated or closed (code = -32000)" issue="Headless Evaluate" url="https://researchdata.cuhk.edu.hk/dataverse/IVM"
level=error msg="cdp.Runtime: Evaluate: rpc error: Inspected target navigated or closed (code = -32000)" issue="converting json ld" url="https://researchdata.cuhk.edu.hk/dataverse/IVM"
level=error msg="cdp.Runtime: Evaluate: rpc error: Inspected target navigated or closed (code = -32000)" issue="converting json ld" url="https://researchdata.cuhk.edu.hk/dataverse/HKCI"
level=error msg="cdp.Runtime: Evaluate: rpc error: Inspected target navigated or closed (code = -32000)" issue="converting json ld" url="https://researchdata.cuhk.edu.hk/dataverse/hliang"
level=error msg="cdp.Runtime: Evaluate: rpc error: Inspected target navigated or closed (code = -32000)" issue="Headless Evaluate" url="https://researchdata.cuhk.edu.hk/dataverse/fklchan"
level=error msg="cdp.Runtime: Evaluate: rpc error: Inspected target navigated or closed (code = -32000)" issue="converting json ld" url="https://researchdata.cuhk.edu.hk/dataverse/fklchan"
level=error contentType="Direct access failed, trying headless']" url="https://researchdata.cuhk.edu.hk/dataverse/HKHOPE"
level=error contentType="Direct access failed, trying headless']" url="https://researchdata.cuhk.edu.hk/dataverse/HKIQIST"
level=error contentType="Direct access failed, trying headless']" url="https://researchdata.cuhk.edu.hk/dataverse/HKIAPS"
level=error contentType="Direct access failed, trying headless']" url="https://researchdata.cuhk.edu.hk/dataverse/HKIDO"
level=error contentType="Direct access failed, trying headless']" url="https://researchdata.cuhk.edu.hk/dataverse/HKIER"
level=error msg="cdp.Runtime: Evaluate: rpc error: Inspected target navigated or closed (code = -32000)" issue="Headless Evaluate" url="https://researchdata.cuhk.edu.hk/dataverse/HKHOPE"
level=error msg="cdp.Runtime: Evaluate: rpc error: Inspected target navigated or closed (code = -32000)" issue="Headless Evaluate" url="https://researchdata.cuhk.edu.hk/dataverse/HKIQIST"
level=error msg="cdp.Runtime: Evaluate: rpc error: Inspected target navigated or closed (code = -32000)" issue="Headless Evaluate" url="https://researchdata.cuhk.edu.hk/dataverse/HKIDO"
level=error msg="cdp.Runtime: Evaluate: rpc error: Inspected target navigated or closed (code = -32000)" issue="converting json ld" url="https://researchdata.cuhk.edu.hk/dataverse/HKIQIST"
level=error msg="cdp.Runtime: Evaluate: rpc error: Inspected target navigated or closed (code = -32000)" issue="Headless Evaluate" url="https://researchdata.cuhk.edu.hk/dataverse/HKIER"
level=error msg="cdp.Runtime: Evaluate: rpc error: Inspected target navigated or closed (code = -32000)" issue="converting json ld" url="https://researchdata.cuhk.edu.hk/dataverse/HKIER"
level=error msg="cdp.Runtime: Evaluate: rpc error: Inspected target navigated or closed (code = -32000)" issue="converting json ld" url="https://researchdata.cuhk.edu.hk/dataverse/HKIDO"
level=error msg="cdp.Runtime: Evaluate: rpc error: Inspected target navigated or closed (code = -32000)" issue="Headless Evaluate" url="https://researchdata.cuhk.edu.hk/dataverse/HKIAPS"
level=error msg="cdp.Runtime: Evaluate: rpc error: Inspected target navigated or closed (code = -32000)" issue="converting json ld" url="https://researchdata.cuhk.edu.hk/dataverse/HKIAPS"
level=error msg="cdp.Runtime: Evaluate: rpc error: Inspected target navigated or closed (code = -32000)" issue="converting json ld" url="https://researchdata.cuhk.edu.hk/dataverse/HKHOPE"
level=error contentType="Direct access failed, trying headless']" url="https://researchdata.cuhk.edu.hk/dataverse/ICS"
level=error contentType="Direct access failed, trying headless']" url="https://researchdata.cuhk.edu.hk/dataverse/CUIB"
level=error contentType="Direct access failed, trying headless']" url="https://researchdata.cuhk.edu.hk/dataverse/ICM"
level=error contentType="Direct access failed, trying headless']" url="https://researchdata.cuhk.edu.hk/dataverse/IDD"
level=error contentType="Direct access failed, trying headless']" url="https://researchdata.cuhk.edu.hk/dataverse/iTERM"
level=error msg="cdp.Runtime: Evaluate: rpc error: Inspected target navigated or closed (code = -32000)" issue="Headless Evaluate" url="https://researchdata.cuhk.edu.hk/dataverse/ICS"
level=error msg="cdp.Runtime: Evaluate: rpc error: Inspected target navigated or closed (code = -32000)" issue="Headless Evaluate" url="https://researchdata.cuhk.edu.hk/dataverse/ICM"
level=error msg="cdp.Runtime: Evaluate: rpc error: Inspected target navigated or closed (code = -32000)" issue="Headless Evaluate" url="https://researchdata.cuhk.edu.hk/dataverse/IDD"
level=error msg="cdp.Runtime: Evaluate: rpc error: Inspected target navigated or closed (code = -32000)" issue="converting json ld" url="https://researchdata.cuhk.edu.hk/dataverse/ICM"
level=error msg="cdp.Runtime: Evaluate: rpc error: Inspected target navigated or closed (code = -32000)" issue="converting json ld" url="https://researchdata.cuhk.edu.hk/dataverse/IDD"
level=error msg="cdp.Runtime: Evaluate: rpc error: Inspected target navigated or closed (code = -32000)" issue="Headless Evaluate" url="https://researchdata.cuhk.edu.hk/dataverse/iTERM"
level=error msg="cdp.Runtime: Evaluate: rpc error: Inspected target navigated or closed (code = -32000)" issue="Headless Evaluate" url="https://researchdata.cuhk.edu.hk/dataverse/CUIB"
level=error msg="cdp.Runtime: Evaluate: rpc error: Inspected target navigated or closed (code = -32000)" issue="converting json ld" url="https://researchdata.cuhk.edu.hk/dataverse/iTERM"
level=error msg="cdp.Runtime: Evaluate: rpc error: Inspected target navigated or closed (code = -32000)" issue="converting json ld" url="https://researchdata.cuhk.edu.hk/dataverse/CUIB"
level=error msg="cdp.Runtime: Evaluate: rpc error: Inspected target navigated or closed (code = -32000)" issue="converting json ld" url="https://researchdata.cuhk.edu.hk/dataverse/ICS"
level=error contentType="Direct access failed, trying headless']" url="https://researchdata.cuhk.edu.hk/dataverse/INC"
level=error contentType="Direct access failed, trying headless']" url="https://researchdata.cuhk.edu.hk/dataverse/IHCR"
level=error contentType="Direct access failed, trying headless']" url="https://researchdata.cuhk.edu.hk/dataverse/IEES"
level=error contentType="Direct access failed, trying headless']" url="https://researchdata.cuhk.edu.hk/dataverse/IPE"
level=error contentType="Direct access failed, trying headless']" url="https://researchdata.cuhk.edu.hk/dataverse/IOFC"
level=error msg="cdp.Runtime: Evaluate: rpc error: Inspected target navigated or closed (code = -32000)" issue="Headless Evaluate" url="https://researchdata.cuhk.edu.hk/dataverse/INC"
level=error msg="cdp.Runtime: Evaluate: rpc error: Inspected target navigated or closed (code = -32000)" issue="Headless Evaluate" url="https://researchdata.cuhk.edu.hk/dataverse/IHCR"
level=error msg="cdp.Runtime: Evaluate: rpc error: Inspected target navigated or closed (code = -32000)" issue="Headless Evaluate" url="https://researchdata.cuhk.edu.hk/dataverse/IPE"
level=error msg="cdp.Runtime: Evaluate: rpc error: Inspected target navigated or closed (code = -32000)" issue="converting json ld" url="https://researchdata.cuhk.edu.hk/dataverse/IPE"
level=error msg="cdp.Runtime: Evaluate: rpc error: Inspected target navigated or closed (code = -32000)" issue="converting json ld" url="https://researchdata.cuhk.edu.hk/dataverse/INC"
level=error msg="cdp.Runtime: Evaluate: rpc error: Inspected target navigated or closed (code = -32000)" issue="converting json ld" url="https://researchdata.cuhk.edu.hk/dataverse/IHCR"
level=error msg="cdp.Runtime: Evaluate: rpc error: Inspected target navigated or closed (code = -32000)" issue="Headless Evaluate" url="https://researchdata.cuhk.edu.hk/dataverse/IEES"
level=error msg="cdp.Runtime: Evaluate: rpc error: Inspected target navigated or closed (code = -32000)" issue="converting json ld" url="https://researchdata.cuhk.edu.hk/dataverse/IEES"
level=error msg="cdp.Runtime: Evaluate: rpc error: Inspected target navigated or closed (code = -32000)" issue="Headless Evaluate" url="https://researchdata.cuhk.edu.hk/dataverse/IOFC"
level=error msg="cdp.Runtime: Evaluate: rpc error: Inspected target navigated or closed (code = -32000)" issue="converting json ld" url="https://researchdata.cuhk.edu.hk/dataverse/IOFC"
level=error contentType="Direct access failed, trying headless']" url="https://researchdata.cuhk.edu.hk/dataverse/IOSAT"
level=error contentType="Direct access failed, trying headless']" url="https://researchdata.cuhk.edu.hk/dataverse/IPMBAB"
level=error contentType="Direct access failed, trying headless']" url="https://researchdata.cuhk.edu.hk/dataverse/ITCSC"
level=error contentType="Direct access failed, trying headless']" url="https://researchdata.cuhk.edu.hk/dataverse/ISEIS"
level=error contentType="Direct access failed, trying headless']" url="https://researchdata.cuhk.edu.hk/dataverse/ITP"
level=error msg="cdp.Runtime: Evaluate: context deadline exceeded" issue="Headless Evaluate" url="https://researchdata.cuhk.edu.hk/dataverse/IOSAT"
level=error msg="cdp.Runtime: Evaluate: context deadline exceeded" issue="converting json ld" url="https://researchdata.cuhk.edu.hk/dataverse/IOSAT"
level=error msg="cdp.Runtime: Evaluate: context deadline exceeded" issue="Headless Evaluate" url="https://researchdata.cuhk.edu.hk/dataverse/IPMBAB"
level=error msg="cdp.Runtime: Evaluate: context deadline exceeded" issue="converting json ld" url="https://researchdata.cuhk.edu.hk/dataverse/IPMBAB"
level=error msg="cdp.Runtime: Evaluate: context deadline exceeded" issue="Headless Evaluate" url="https://researchdata.cuhk.edu.hk/dataverse/ITCSC"
level=error msg="cdp.Runtime: Evaluate: context deadline exceeded" issue="converting json ld" url="https://researchdata.cuhk.edu.hk/dataverse/ITCSC"
level=error msg="cdp.Runtime: Evaluate: context deadline exceeded" issue="Headless Evaluate" url="https://researchdata.cuhk.edu.hk/dataverse/ISEIS"
level=error msg="cdp.Runtime: Evaluate: context deadline exceeded" issue="Headless Evaluate" url="https://researchdata.cuhk.edu.hk/dataverse/ITP"
level=error msg="cdp.Runtime: Evaluate: context deadline exceeded" issue="converting json ld" url="https://researchdata.cuhk.edu.hk/dataverse/ISEIS"
level=error msg="cdp.Runtime: Evaluate: context deadline exceeded" issue="converting json ld" url="https://researchdata.cuhk.edu.hk/dataverse/ITP"
level=error contentType="Direct access failed, trying headless']" url="https://researchdata.cuhk.edu.hk/dataverse/jeremyteoh"
level=error contentType="Direct access failed, trying headless']" url="https://researchdata.cuhk.edu.hk/dataverse/jbxu"
level=error contentType="Direct access failed, trying headless']" url="https://researchdata.cuhk.edu.hk/dataverse/jeromehlhui"
level=error contentType="Direct access failed, trying headless']" url="https://researchdata.cuhk.edu.hk/dataverse/kelvinkcng"
level=error contentType="Direct access failed, trying headless']" url="https://researchdata.cuhk.edu.hk/dataverse/chankaiyoung"
level=error msg="cdp.Runtime: Evaluate: rpc error: Inspected target navigated or closed (code = -32000)" issue="Headless Evaluate" url="https://researchdata.cuhk.edu.hk/dataverse/jbxu"
level=error msg="cdp.Runtime: Evaluate: rpc error: Inspected target navigated or closed (code = -32000)" issue="converting json ld" url="https://researchdata.cuhk.edu.hk/dataverse/jbxu"
level=error msg="cdp.Runtime: Evaluate: rpc error: Inspected target navigated or closed (code = -32000)" issue="Headless Evaluate" url="https://researchdata.cuhk.edu.hk/dataverse/jeremyteoh"
level=error msg="cdp.Runtime: Evaluate: rpc error: Inspected target navigated or closed (code = -32000)" issue="converting json ld" url="https://researchdata.cuhk.edu.hk/dataverse/jeremyteoh"
level=error msg="cdp.Runtime: Evaluate: rpc error: Inspected target navigated or closed (code = -32000)" issue="Headless Evaluate" url="https://researchdata.cuhk.edu.hk/dataverse/kelvinkcng"
level=error msg="cdp.Runtime: Evaluate: rpc error: Inspected target navigated or closed (code = -32000)" issue="converting json ld" url="https://researchdata.cuhk.edu.hk/dataverse/kelvinkcng"
level=error msg="cdp.Runtime: Evaluate: rpc error: Inspected target navigated or closed (code = -32000)" issue="Headless Evaluate" url="https://researchdata.cuhk.edu.hk/dataverse/chankaiyoung"
level=error msg="cdp.Runtime: Evaluate: rpc error: Inspected target navigated or closed (code = -32000)" issue="converting json ld" url="https://researchdata.cuhk.edu.hk/dataverse/chankaiyoung"
level=error msg="cdp.Runtime: Evaluate: rpc error: Inspected target navigated or closed (code = -32000)" issue="Headless Evaluate" url="https://researchdata.cuhk.edu.hk/dataverse/jeromehlhui"
level=error msg="cdp.Runtime: Evaluate: rpc error: Inspected target navigated or closed (code = -32000)" issue="converting json ld" url="https://researchdata.cuhk.edu.hk/dataverse/jeromehlhui"
level=error contentType="Direct access failed, trying headless']" url="https://researchdata.cuhk.edu.hk/dataverse/IGEF"
level=error contentType="Direct access failed, trying headless']" url="https://researchdata.cuhk.edu.hk/dataverse/LIHS"
level=error contentType="Direct access failed, trying headless']" url="https://researchdata.cuhk.edu.hk/dataverse/LCWIM"
level=error contentType="Direct access failed, trying headless']" url="https://researchdata.cuhk.edu.hk/dataverse/marquessnng"
level=error contentType="Direct access failed, trying headless']" url="https://researchdata.cuhk.edu.hk/dataverse/martincswong"
level=error msg="cdp.Runtime: Evaluate: rpc error: Inspected target navigated or closed (code = -32000)" issue="Headless Evaluate" url="https://researchdata.cuhk.edu.hk/dataverse/LIHS"
level=error msg="cdp.Runtime: Evaluate: rpc error: Inspected target navigated or closed (code = -32000)" issue="Headless Evaluate" url="https://researchdata.cuhk.edu.hk/dataverse/marquessnng"
level=error msg="cdp.Runtime: Evaluate: rpc error: Inspected target navigated or closed (code = -32000)" issue="Headless Evaluate" url="https://researchdata.cuhk.edu.hk/dataverse/martincswong"
level=error msg="cdp.Runtime: Evaluate: rpc error: Inspected target navigated or closed (code = -32000)" issue="Headless Evaluate" url="https://researchdata.cuhk.edu.hk/dataverse/LCWIM"
level=error msg="cdp.Runtime: Evaluate: rpc error: Inspected target navigated or closed (code = -32000)" issue="converting json ld" url="https://researchdata.cuhk.edu.hk/dataverse/LCWIM"
level=error msg="cdp.Runtime: Evaluate: rpc error: Inspected target navigated or closed (code = -32000)" issue="Headless Evaluate" url="https://researchdata.cuhk.edu.hk/dataverse/IGEF"
level=error msg="cdp.Runtime: Evaluate: rpc error: Inspected target navigated or closed (code = -32000)" issue="converting json ld" url="https://researchdata.cuhk.edu.hk/dataverse/IGEF"
level=error msg="cdp.Runtime: Evaluate: rpc error: Inspected target navigated or closed (code = -32000)" issue="converting json ld" url="https://researchdata.cuhk.edu.hk/dataverse/LIHS"
level=error msg="cdp.Runtime: Evaluate: rpc error: Inspected target navigated or closed (code = -32000)" issue="converting json ld" url="https://researchdata.cuhk.edu.hk/dataverse/marquessnng"
level=error msg="cdp.Runtime: Evaluate: rpc error: Inspected target navigated or closed (code = -32000)" issue="converting json ld" url="https://researchdata.cuhk.edu.hk/dataverse/martincswong"
level=error contentType="Direct access failed, trying headless']" url="https://researchdata.cuhk.edu.hk/dataverse/HIV_CAD_ARIA"
level=error contentType="Direct access failed, trying headless']" url="https://researchdata.cuhk.edu.hk/dataverse/PHPRI"
level=error contentType="Direct access failed, trying headless']" url="https://researchdata.cuhk.edu.hk/dataverse/qcheng"
level=error contentType="Direct access failed, trying headless']" url="https://researchdata.cuhk.edu.hk/dataverse/paulkschan"
level=error contentType="Direct access failed, trying headless']" url="https://researchdata.cuhk.edu.hk/dataverse/OtherUnits"
level=error msg="cdp.Runtime: Evaluate: rpc error: Execution context was destroyed. (code = -32000)" issue="Headless Evaluate" url="https://researchdata.cuhk.edu.hk/dataverse/paulkschan"
level=error msg="cdp.Runtime: Evaluate: rpc error: Execution context was destroyed. (code = -32000)" issue="converting json ld" url="https://researchdata.cuhk.edu.hk/dataverse/paulkschan"
level=error msg="cdp.Runtime: Evaluate: rpc error: Execution context was destroyed. (code = -32000)" issue="Headless Evaluate" url="https://researchdata.cuhk.edu.hk/dataverse/HIV_CAD_ARIA"
level=error msg="cdp.Runtime: Evaluate: rpc error: Execution context was destroyed. (code = -32000)" issue="Headless Evaluate" url="https://researchdata.cuhk.edu.hk/dataverse/OtherUnits"
level=error msg="cdp.Runtime: Evaluate: rpc error: Execution context was destroyed. (code = -32000)" issue="converting json ld" url="https://researchdata.cuhk.edu.hk/dataverse/OtherUnits"
level=error msg="cdp.Runtime: Evaluate: rpc error: Execution context was destroyed. (code = -32000)" issue="Headless Evaluate" url="https://researchdata.cuhk.edu.hk/dataverse/qcheng"
level=error msg="cdp.Runtime: Evaluate: rpc error: Execution context was destroyed. (code = -32000)" issue="converting json ld" url="https://researchdata.cuhk.edu.hk/dataverse/qcheng"
level=error msg="cdp.Runtime: Evaluate: rpc error: Execution context was destroyed. (code = -32000)" issue="Headless Evaluate" url="https://researchdata.cuhk.edu.hk/dataverse/PHPRI"
level=error msg="cdp.Runtime: Evaluate: rpc error: Execution context was destroyed. (code = -32000)" issue="converting json ld" url="https://researchdata.cuhk.edu.hk/dataverse/PHPRI"
level=error msg="cdp.Runtime: Evaluate: rpc error: Execution context was destroyed. (code = -32000)" issue="converting json ld" url="https://researchdata.cuhk.edu.hk/dataverse/HIV_CAD_ARIA"
level=error contentType="Direct access failed, trying headless']" url="https://researchdata.cuhk.edu.hk/dataverse/gba_consortium"
level=error contentType="Direct access failed, trying headless']" url="https://researchdata.cuhk.edu.hk/dataverse/SACY"
level=error contentType="Direct access failed, trying headless']" url="https://researchdata.cuhk.edu.hk/dataverse/ResearchUnits"
level=error contentType="Direct access failed, trying headless']" url="https://researchdata.cuhk.edu.hk/dataverse/RFMUS"
level=error contentType="Direct access failed, trying headless']" url="https://researchdata.cuhk.edu.hk/dataverse/samuelyswong"
level=error msg="cdp.Runtime: Evaluate: rpc error: Inspected target navigated or closed (code = -32000)" issue="Headless Evaluate" url="https://researchdata.cuhk.edu.hk/dataverse/gba_consortium"
level=error msg="cdp.Runtime: Evaluate: rpc error: Inspected target navigated or closed (code = -32000)" issue="converting json ld" url="https://researchdata.cuhk.edu.hk/dataverse/gba_consortium"
level=error msg="cdp.Runtime: Evaluate: rpc error: Inspected target navigated or closed (code = -32000)" issue="Headless Evaluate" url="https://researchdata.cuhk.edu.hk/dataverse/samuelyswong"
level=error msg="cdp.Runtime: Evaluate: rpc error: Inspected target navigated or closed (code = -32000)" issue="converting json ld" url="https://researchdata.cuhk.edu.hk/dataverse/samuelyswong"
level=error msg="cdp.Runtime: Evaluate: rpc error: Inspected target navigated or closed (code = -32000)" issue="Headless Evaluate" url="https://researchdata.cuhk.edu.hk/dataverse/SACY"
level=error msg="cdp.Runtime: Evaluate: rpc error: Inspected target navigated or closed (code = -32000)" issue="converting json ld" url="https://researchdata.cuhk.edu.hk/dataverse/SACY"
level=error msg="cdp.Runtime: Evaluate: rpc error: Inspected target navigated or closed (code = -32000)" issue="Headless Evaluate" url="https://researchdata.cuhk.edu.hk/dataverse/RFMUS"
level=error msg="cdp.Runtime: Evaluate: rpc error: Inspected target navigated or closed (code = -32000)" issue="Headless Evaluate" url="https://researchdata.cuhk.edu.hk/dataverse/ResearchUnits"
level=error msg="cdp.Runtime: Evaluate: rpc error: Inspected target navigated or closed (code = -32000)" issue="converting json ld" url="https://researchdata.cuhk.edu.hk/dataverse/ResearchUnits"
level=error msg="cdp.Runtime: Evaluate: rpc error: Inspected target navigated or closed (code = -32000)" issue="converting json ld" url="https://researchdata.cuhk.edu.hk/dataverse/RFMUS"
level=error contentType="Direct access failed, trying headless']" url="https://researchdata.cuhk.edu.hk/dataverse/ARCH"
level=error contentType="Direct access failed, trying headless']" url="https://researchdata.cuhk.edu.hk/dataverse/SCM"
level=error contentType="Direct access failed, trying headless']" url="https://researchdata.cuhk.edu.hk/dataverse/SBS"
level=error contentType="Direct access failed, trying headless']" url="https://researchdata.cuhk.edu.hk/dataverse/COM"
level=error contentType="Direct access failed, trying headless']" url="https://researchdata.cuhk.edu.hk/dataverse/HTM"
level=error msg="cdp.Runtime: Evaluate: rpc error: Inspected target navigated or closed (code = -32000)" issue="Headless Evaluate" url="https://researchdata.cuhk.edu.hk/dataverse/SBS"
level=error msg="cdp.Runtime: Evaluate: rpc error: Inspected target navigated or closed (code = -32000)" issue="Headless Evaluate" url="https://researchdata.cuhk.edu.hk/dataverse/COM"
level=error msg="cdp.Runtime: Evaluate: rpc error: Inspected target navigated or closed (code = -32000)" issue="converting json ld" url="https://researchdata.cuhk.edu.hk/dataverse/SBS"
level=error msg="cdp.Runtime: Evaluate: rpc error: Inspected target navigated or closed (code = -32000)" issue="converting json ld" url="https://researchdata.cuhk.edu.hk/dataverse/COM"
level=error msg="cdp.Runtime: Evaluate: rpc error: Inspected target navigated or closed (code = -32000)" issue="Headless Evaluate" url="https://researchdata.cuhk.edu.hk/dataverse/HTM"
level=error msg="cdp.Runtime: Evaluate: rpc error: Inspected target navigated or closed (code = -32000)" issue="Headless Evaluate" url="https://researchdata.cuhk.edu.hk/dataverse/SCM"
level=error msg="cdp.Runtime: Evaluate: rpc error: Inspected target navigated or closed (code = -32000)" issue="converting json ld" url="https://researchdata.cuhk.edu.hk/dataverse/HTM"
level=error msg="cdp.Runtime: Evaluate: rpc error: Inspected target navigated or closed (code = -32000)" issue="converting json ld" url="https://researchdata.cuhk.edu.hk/dataverse/SCM"
level=error msg="cdp.Runtime: Evaluate: rpc error: Inspected target navigated or closed (code = -32000)" issue="Headless Evaluate" url="https://researchdata.cuhk.edu.hk/dataverse/ARCH"
level=error msg="cdp.Runtime: Evaluate: rpc error: Inspected target navigated or closed (code = -32000)" issue="converting json ld" url="https://researchdata.cuhk.edu.hk/dataverse/ARCH"
level=error contentType="Direct access failed, trying headless']" url="https://researchdata.cuhk.edu.hk/dataverse/SHIAE"
level=error contentType="Direct access failed, trying headless']" url="https://researchdata.cuhk.edu.hk/dataverse/PHMCY"
level=error contentType="Direct access failed, trying headless']" url="https://researchdata.cuhk.edu.hk/dataverse/ssboon"
level=error contentType="Direct access failed, trying headless']" url="https://researchdata.cuhk.edu.hk/dataverse/SLS"
level=error contentType="Direct access failed, trying headless']" url="https://researchdata.cuhk.edu.hk/dataverse/shellylatse"
level=error msg="cdp.Runtime: Evaluate: rpc error: Execution context was destroyed. (code = -32000)" issue="Headless Evaluate" url="https://researchdata.cuhk.edu.hk/dataverse/SLS"
level=error msg="cdp.Runtime: Evaluate: rpc error: Execution context was destroyed. (code = -32000)" issue="converting json ld" url="https://researchdata.cuhk.edu.hk/dataverse/SLS"
level=error msg="cdp.Runtime: Evaluate: rpc error: Execution context was destroyed. (code = -32000)" issue="Headless Evaluate" url="https://researchdata.cuhk.edu.hk/dataverse/ssboon"
level=error msg="cdp.Runtime: Evaluate: rpc error: Execution context was destroyed. (code = -32000)" issue="Headless Evaluate" url="https://researchdata.cuhk.edu.hk/dataverse/SHIAE"
level=error msg="cdp.Runtime: Evaluate: rpc error: Execution context was destroyed. (code = -32000)" issue="converting json ld" url="https://researchdata.cuhk.edu.hk/dataverse/ssboon"
level=error msg="cdp.Runtime: Evaluate: rpc error: Execution context was destroyed. (code = -32000)" issue="converting json ld" url="https://researchdata.cuhk.edu.hk/dataverse/SHIAE"
level=error msg="cdp.Runtime: Evaluate: rpc error: Execution context was destroyed. (code = -32000)" issue="Headless Evaluate" url="https://researchdata.cuhk.edu.hk/dataverse/shellylatse"
level=error msg="cdp.Runtime: Evaluate: rpc error: Execution context was destroyed. (code = -32000)" issue="Headless Evaluate" url="https://researchdata.cuhk.edu.hk/dataverse/PHMCY"
level=error msg="cdp.Runtime: Evaluate: rpc error: Execution context was destroyed. (code = -32000)" issue="converting json ld" url="https://researchdata.cuhk.edu.hk/dataverse/PHMCY"
level=error msg="cdp.Runtime: Evaluate: rpc error: Execution context was destroyed. (code = -32000)" issue="converting json ld" url="https://researchdata.cuhk.edu.hk/dataverse/shellylatse"
level=error contentType="Direct access failed, trying headless']" url="https://researchdata.cuhk.edu.hk/dataverse/BDDA"
level=error contentType="Direct access failed, trying headless']" url="https://researchdata.cuhk.edu.hk/dataverse/APIB"
level=error contentType="Direct access failed, trying headless']" url="https://researchdata.cuhk.edu.hk/dataverse/surabhic"
level=error contentType="Direct access failed, trying headless']" url="https://researchdata.cuhk.edu.hk/dataverse/steveyltse"
level=error contentType="Direct access failed, trying headless']" url="https://researchdata.cuhk.edu.hk/dataverse/tabloidnewspaper"
level=error msg="cdp.Runtime: Evaluate: rpc error: Inspected target navigated or closed (code = -32000)" issue="Headless Evaluate" url="https://researchdata.cuhk.edu.hk/dataverse/BDDA"
level=error msg="cdp.Runtime: Evaluate: rpc error: Inspected target navigated or closed (code = -32000)" issue="Headless Evaluate" url="https://researchdata.cuhk.edu.hk/dataverse/APIB"
level=error msg="cdp.Runtime: Evaluate: rpc error: Inspected target navigated or closed (code = -32000)" issue="converting json ld" url="https://researchdata.cuhk.edu.hk/dataverse/BDDA"
level=error msg="cdp.Runtime: Evaluate: rpc error: Inspected target navigated or closed (code = -32000)" issue="converting json ld" url="https://researchdata.cuhk.edu.hk/dataverse/APIB"
level=error msg="cdp.Runtime: Evaluate: rpc error: Inspected target navigated or closed (code = -32000)" issue="Headless Evaluate" url="https://researchdata.cuhk.edu.hk/dataverse/steveyltse"
level=error msg="cdp.Runtime: Evaluate: rpc error: Inspected target navigated or closed (code = -32000)" issue="Headless Evaluate" url="https://researchdata.cuhk.edu.hk/dataverse/tabloidnewspaper"
level=error msg="cdp.Runtime: Evaluate: rpc error: Inspected target navigated or closed (code = -32000)" issue="converting json ld" url="https://researchdata.cuhk.edu.hk/dataverse/tabloidnewspaper"
level=error msg="cdp.Runtime: Evaluate: rpc error: Inspected target navigated or closed (code = -32000)" issue="Headless Evaluate" url="https://researchdata.cuhk.edu.hk/dataverse/surabhic"
level=error msg="cdp.Runtime: Evaluate: rpc error: Inspected target navigated or closed (code = -32000)" issue="converting json ld" url="https://researchdata.cuhk.edu.hk/dataverse/steveyltse"
level=error msg="cdp.Runtime: Evaluate: rpc error: Inspected target navigated or closed (code = -32000)" issue="converting json ld" url="https://researchdata.cuhk.edu.hk/dataverse/surabhic"
level=error contentType="Direct access failed, trying headless']" url="https://researchdata.cuhk.edu.hk/dataverse/IMS"
level=error contentType="Direct access failed, trying headless']" url="https://researchdata.cuhk.edu.hk/dataverse/IAIRI"
level=error contentType="Direct access failed, trying headless']" url="https://researchdata.cuhk.edu.hk/dataverse/NUR"
level=error contentType="Direct access failed, trying headless']" url="https://researchdata.cuhk.edu.hk/dataverse/SPHPC"
level=error contentType="Direct access failed, trying headless']" url="https://researchdata.cuhk.edu.hk/dataverse/LIB"
level=error msg="cdp.Runtime: Evaluate: rpc error: Execution context was destroyed. (code = -32000)" issue="Headless Evaluate" url="https://researchdata.cuhk.edu.hk/dataverse/IAIRI"
level=error msg="cdp.Runtime: Evaluate: rpc error: Execution context was destroyed. (code = -32000)" issue="converting json ld" url="https://researchdata.cuhk.edu.hk/dataverse/IAIRI"
level=error msg="cdp.Runtime: Evaluate: rpc error: Execution context was destroyed. (code = -32000)" issue="Headless Evaluate" url="https://researchdata.cuhk.edu.hk/dataverse/IMS"
level=error msg="cdp.Runtime: Evaluate: rpc error: Execution context was destroyed. (code = -32000)" issue="Headless Evaluate" url="https://researchdata.cuhk.edu.hk/dataverse/SPHPC"
level=error msg="cdp.Runtime: Evaluate: rpc error: Execution context was destroyed. (code = -32000)" issue="Headless Evaluate" url="https://researchdata.cuhk.edu.hk/dataverse/NUR"
level=error msg="cdp.Runtime: Evaluate: rpc error: Execution context was destroyed. (code = -32000)" issue="Headless Evaluate" url="https://researchdata.cuhk.edu.hk/dataverse/LIB"
level=error msg="cdp.Runtime: Evaluate: rpc error: Execution context was destroyed. (code = -32000)" issue="converting json ld" url="https://researchdata.cuhk.edu.hk/dataverse/NUR"
level=error msg="cdp.Runtime: Evaluate: rpc error: Execution context was destroyed. (code = -32000)" issue="converting json ld" url="https://researchdata.cuhk.edu.hk/dataverse/SPHPC"
level=error msg="cdp.Runtime: Evaluate: rpc error: Execution context was destroyed. (code = -32000)" issue="converting json ld" url="https://researchdata.cuhk.edu.hk/dataverse/IMS"
level=error msg="cdp.Runtime: Evaluate: rpc error: Execution context was destroyed. (code = -32000)" issue="converting json ld" url="https://researchdata.cuhk.edu.hk/dataverse/LIB"
level=error contentType="Direct access failed, trying headless']" url="https://researchdata.cuhk.edu.hk/dataverse/winnieso"
level=error contentType="Direct access failed, trying headless']" url="https://researchdata.cuhk.edu.hk/dataverse/weihuang"
level=error contentType="Direct access failed, trying headless']" url="https://researchdata.cuhk.edu.hk/dataverse/whtam"
level=error contentType="Direct access failed, trying headless']" url="https://researchdata.cuhk.edu.hk/dataverse/tfchan"
level=error contentType="Direct access failed, trying headless']" url="https://researchdata.cuhk.edu.hk/dataverse/timothycykwok"
level=error msg="Not REPO FAULT. Devtools... Is Headless Container running?" url="https://researchdata.cuhk.edu.hk/dataverse/winnieso"
level=error msg="cdp.Page: Enable: context deadline exceeded" issue="converting json ld" url="https://researchdata.cuhk.edu.hk/dataverse/winnieso"
level=error msg="Not REPO FAULT. Devtools... Is Headless Container running?" url="https://researchdata.cuhk.edu.hk/dataverse/weihuang"
level=error msg="cdp.Page: Enable: context deadline exceeded" issue="converting json ld" url="https://researchdata.cuhk.edu.hk/dataverse/weihuang"
level=error msg="Not REPO FAULT. Devtools... Is Headless Container running?" url="https://researchdata.cuhk.edu.hk/dataverse/whtam"
level=error msg="cdp.Page: Enable: context deadline exceeded" issue="converting json ld" url="https://researchdata.cuhk.edu.hk/dataverse/whtam"
level=error msg="Not REPO FAULT. Devtools... Is Headless Container running?" url="https://researchdata.cuhk.edu.hk/dataverse/tfchan"
level=error msg="cdp.Page: Enable: context deadline exceeded" issue="converting json ld" url="https://researchdata.cuhk.edu.hk/dataverse/tfchan"
level=error msg="Not REPO FAULT. Devtools... Is Headless Container running?" url="https://researchdata.cuhk.edu.hk/dataverse/timothycykwok"
level=error msg="cdp.Page: Enable: context deadline exceeded" issue="converting json ld" url="https://researchdata.cuhk.edu.hk/dataverse/timothycykwok"
level=error contentType="Direct access failed, trying headless']" url="https://researchdata.cuhk.edu.hk/dataverse/xfan"
level=error contentType="Direct access failed, trying headless']" url="https://researchdata.cuhk.edu.hk/dataverse/xlu"
level=error contentType="Direct access failed, trying headless']" url="https://researchdata.cuhk.edu.hk/dataverse/yjtan"
level=error contentType="Direct access failed, trying headless']" url="https://researchdata.cuhk.edu.hk/dataverse/zchen"
level=error contentType="Direct access failed, trying headless']" url="https://researchdata.cuhk.edu.hk/dataverse/xqlao"
level=error msg="cdp.Runtime: Evaluate: rpc error: Inspected target navigated or closed (code = -32000)" issue="Headless Evaluate" url="https://researchdata.cuhk.edu.hk/dataverse/yjtan"
level=error msg="cdp.Runtime: Evaluate: rpc error: Inspected target navigated or closed (code = -32000)" issue="Headless Evaluate" url="https://researchdata.cuhk.edu.hk/dataverse/xqlao"
level=error msg="cdp.Runtime: Evaluate: rpc error: Inspected target navigated or closed (code = -32000)" issue="converting json ld" url="https://researchdata.cuhk.edu.hk/dataverse/yjtan"
level=error msg="cdp.Runtime: Evaluate: rpc error: Inspected target navigated or closed (code = -32000)" issue="converting json ld" url="https://researchdata.cuhk.edu.hk/dataverse/xqlao"
level=error msg="cdp.Runtime: Evaluate: rpc error: Inspected target navigated or closed (code = -32000)" issue="Headless Evaluate" url="https://researchdata.cuhk.edu.hk/dataverse/xfan"
level=error msg="cdp.Runtime: Evaluate: rpc error: Inspected target navigated or closed (code = -32000)" issue="converting json ld" url="https://researchdata.cuhk.edu.hk/dataverse/xfan"
level=error msg="cdp.Runtime: Evaluate: rpc error: Inspected target navigated or closed (code = -32000)" issue="Headless Evaluate" url="https://researchdata.cuhk.edu.hk/dataverse/xlu"
level=error msg="cdp.Runtime: Evaluate: rpc error: Inspected target navigated or closed (code = -32000)" issue="converting json ld" url="https://researchdata.cuhk.edu.hk/dataverse/xlu"
level=error msg="cdp.Runtime: Evaluate: rpc error: Inspected target navigated or closed (code = -32000)" issue="Headless Evaluate" url="https://researchdata.cuhk.edu.hk/dataverse/zchen"
level=error msg="cdp.Runtime: Evaluate: rpc error: Inspected target navigated or closed (code = -32000)" issue="converting json ld" url="https://researchdata.cuhk.edu.hk/dataverse/zchen"
level=error contentType="Direct access failed, trying headless']" url="https://researchdata.cuhk.edu.hk/dataverse/zhouziyao"
level=error msg="cdp.Runtime: Evaluate: rpc error: Inspected target navigated or closed (code = -32000)" issue="Headless Evaluate" url="https://researchdata.cuhk.edu.hk/dataverse/zhouziyao"
level=error msg="cdp.Runtime: Evaluate: rpc error: Inspected target navigated or closed (code = -32000)" issue="converting json ld" url="https://researchdata.cuhk.edu.hk/dataverse/zhouziyao"
level=error contentType="Direct access failed, trying headless']" url="https://researchdata.cuhk.edu.hk/dataverse/HKIIM"
level=error msg="cdp.Runtime: Evaluate: rpc error: Inspected target navigated or closed (code = -32000)" issue="Headless Evaluate" url="https://researchdata.cuhk.edu.hk/dataverse/HKIIM"
level=error msg="cdp.Runtime: Evaluate: rpc error: Inspected target navigated or closed (code = -32000)" issue="converting json ld" url="https://researchdata.cuhk.edu.hk/dataverse/HKIIM"
