level=error contentType="Direct access failed, trying headless']" url="http://dataverse.icrisat.org/dataset.xhtml?persistentId=doi:10.21421/D2/4S1Z1K"
level=error contentType="Direct access failed, trying headless']" url="http://dataverse.icrisat.org/dataset.xhtml?persistentId=doi:10.21421/D2/XSWL0U"
level=error msg="cdp.Runtime: Evaluate: rpc error: Inspected target navigated or closed (code = -32000)" issue="Headless Evaluate" url="http://dataverse.icrisat.org/dataset.xhtml?persistentId=doi:10.21421/D2/XSWL0U"
level=error msg="cdp.Runtime: Evaluate: rpc error: Inspected target navigated or closed (code = -32000)" issue="converting json ld" url="http://dataverse.icrisat.org/dataset.xhtml?persistentId=doi:10.21421/D2/XSWL0U"
level=error msg="cdp.Runtime: Evaluate: rpc error: Inspected target navigated or closed (code = -32000)" issue="Headless Evaluate" url="http://dataverse.icrisat.org/dataset.xhtml?persistentId=doi:10.21421/D2/4S1Z1K"
level=error msg="cdp.Runtime: Evaluate: rpc error: Inspected target navigated or closed (code = -32000)" issue="converting json ld" url="http://dataverse.icrisat.org/dataset.xhtml?persistentId=doi:10.21421/D2/4S1Z1K"
level=error msg="error checking for valid json: Error in unmarshaling json: unexpected end of JSON input" contentType="script[type='application/ld+json']" url="http://dataverse.icrisat.org/dataset.xhtml?persistentId=doi:10.21421/D2/HETESS"
level=error contentType="Direct access failed, trying headless']" url="http://dataverse.icrisat.org/dataset.xhtml?persistentId=doi:10.21421/D2/HETESS"
level=error msg="cdp.Runtime: Evaluate: rpc error: Inspected target navigated or closed (code = -32000)" issue="Headless Evaluate" url="http://dataverse.icrisat.org/dataset.xhtml?persistentId=doi:10.21421/D2/HETESS"
level=error msg="cdp.Runtime: Evaluate: rpc error: Inspected target navigated or closed (code = -32000)" issue="converting json ld" url="http://dataverse.icrisat.org/dataset.xhtml?persistentId=doi:10.21421/D2/HETESS"
level=error contentType="Direct access failed, trying headless']" url="http://dataverse.icrisat.org/dataverse/genotypic"
level=error contentType="Direct access failed, trying headless']" url="http://dataverse.icrisat.org/dataverse/icrisat"
level=error contentType="Direct access failed, trying headless']" url="http://dataverse.icrisat.org/dataverse/phenotypic"
level=error contentType="Direct access failed, trying headless']" url="http://dataverse.icrisat.org/dataverse/soilandweather"
level=error contentType="Direct access failed, trying headless']" url="http://dataverse.icrisat.org/dataverse/socialscience"
level=error msg="cdp.Runtime: Evaluate: rpc error: Inspected target navigated or closed (code = -32000)" issue="Headless Evaluate" url="http://dataverse.icrisat.org/dataverse/phenotypic"
level=error msg="cdp.Runtime: Evaluate: rpc error: Inspected target navigated or closed (code = -32000)" issue="converting json ld" url="http://dataverse.icrisat.org/dataverse/phenotypic"
level=error msg="cdp.Runtime: Evaluate: rpc error: Inspected target navigated or closed (code = -32000)" issue="Headless Evaluate" url="http://dataverse.icrisat.org/dataverse/socialscience"
level=error msg="cdp.Runtime: Evaluate: rpc error: Inspected target navigated or closed (code = -32000)" issue="Headless Evaluate" url="http://dataverse.icrisat.org/dataverse/icrisat"
level=error msg="cdp.Runtime: Evaluate: rpc error: Inspected target navigated or closed (code = -32000)" issue="converting json ld" url="http://dataverse.icrisat.org/dataverse/socialscience"
level=error msg="cdp.Runtime: Evaluate: rpc error: Inspected target navigated or closed (code = -32000)" issue="Headless Evaluate" url="http://dataverse.icrisat.org/dataverse/genotypic"
level=error msg="cdp.Runtime: Evaluate: rpc error: Inspected target navigated or closed (code = -32000)" issue="converting json ld" url="http://dataverse.icrisat.org/dataverse/genotypic"
level=error msg="cdp.Runtime: Evaluate: rpc error: Inspected target navigated or closed (code = -32000)" issue="Headless Evaluate" url="http://dataverse.icrisat.org/dataverse/soilandweather"
level=error msg="cdp.Runtime: Evaluate: rpc error: Inspected target navigated or closed (code = -32000)" issue="converting json ld" url="http://dataverse.icrisat.org/dataverse/soilandweather"
level=error msg="cdp.Runtime: Evaluate: rpc error: Inspected target navigated or closed (code = -32000)" issue="converting json ld" url="http://dataverse.icrisat.org/dataverse/icrisat"
level=error contentType="Direct access failed, trying headless']" url="http://dataverse.icrisat.org/dataverse/spatial"
level=error msg="cdp.Runtime: Evaluate: rpc error: Execution context was destroyed. (code = -32000)" issue="Headless Evaluate" url="http://dataverse.icrisat.org/dataverse/spatial"
level=error msg="cdp.Runtime: Evaluate: rpc error: Execution context was destroyed. (code = -32000)" issue="converting json ld" url="http://dataverse.icrisat.org/dataverse/spatial"
