level=info msg="Queuing URLs for irs"
level=info msg="URL Count 344"
level=info contentType="script[type='application/ld+json']" url="https://dataverse.ird.fr/dataset.xhtml?persistentId=doi:10.23708/QMM2WH"
level=info contentType="script[type='application/ld+json']" url="https://dataverse.ird.fr/dataset.xhtml?persistentId=doi:10.23708/MHUF7F"
level=info contentType="script[type='application/ld+json']" url="https://dataverse.ird.fr/dataset.xhtml?persistentId=doi:10.23708/EXSQTM"
level=info contentType="script[type='application/ld+json']" url="https://dataverse.ird.fr/dataset.xhtml?persistentId=doi:10.23708/HPSADS"
level=info contentType="script[type='application/ld+json']" url="https://dataverse.ird.fr/dataset.xhtml?persistentId=doi:10.23708/JU2BDH"
level=info contentType="script[type='application/ld+json']" url="https://dataverse.ird.fr/dataset.xhtml?persistentId=doi:10.23708/EDKI3A"
level=info contentType="script[type='application/ld+json']" url="https://dataverse.ird.fr/dataset.xhtml?persistentId=doi:10.23708/QLG70H"
level=info contentType="script[type='application/ld+json']" url="https://dataverse.ird.fr/dataset.xhtml?persistentId=doi:10.23708/XFWIBR"
level=info contentType="script[type='application/ld+json']" url="https://dataverse.ird.fr/dataset.xhtml?persistentId=doi:10.23708/PVLXBE"
level=info contentType="script[type='application/ld+json']" url="https://dataverse.ird.fr/dataset.xhtml?persistentId=doi:10.23708/DXRS5H"
level=info contentType="script[type='application/ld+json']" url="https://dataverse.ird.fr/dataset.xhtml?persistentId=doi:10.23708/T37S0K"
level=info contentType="script[type='application/ld+json']" url="https://dataverse.ird.fr/dataset.xhtml?persistentId=doi:10.23708/PDBBQR"
level=info contentType="script[type='application/ld+json']" url="https://dataverse.ird.fr/dataset.xhtml?persistentId=doi:10.23708/X3YEHZ"
level=info contentType="script[type='application/ld+json']" url="https://dataverse.ird.fr/dataset.xhtml?persistentId=doi:10.23708/BKJMER"
level=info contentType="script[type='application/ld+json']" url="https://dataverse.ird.fr/dataset.xhtml?persistentId=doi:10.23708/DXDAGV"
level=info contentType="script[type='application/ld+json']" url="https://dataverse.ird.fr/dataset.xhtml?persistentId=doi:10.23708/RKOTNR"
level=info contentType="script[type='application/ld+json']" url="https://dataverse.ird.fr/dataset.xhtml?persistentId=doi:10.23708/G3HWON"
level=info contentType="script[type='application/ld+json']" url="https://dataverse.ird.fr/dataset.xhtml?persistentId=doi:10.23708/CKRDBW"
level=info contentType="script[type='application/ld+json']" url="https://dataverse.ird.fr/dataset.xhtml?persistentId=doi:10.23708/RZNAOS"
level=info contentType="script[type='application/ld+json']" url="https://dataverse.ird.fr/dataset.xhtml?persistentId=doi:10.23708/OMIROI"
level=info contentType="script[type='application/ld+json']" url="https://dataverse.ird.fr/dataset.xhtml?persistentId=doi:10.23708/A8XMBJ"
level=info contentType="script[type='application/ld+json']" url="https://dataverse.ird.fr/dataset.xhtml?persistentId=doi:10.23708/RGHHLQ"
level=info contentType="script[type='application/ld+json']" url="https://dataverse.ird.fr/dataset.xhtml?persistentId=doi:10.23708/KMJ4CC"
level=info contentType="script[type='application/ld+json']" url="https://dataverse.ird.fr/dataset.xhtml?persistentId=doi:10.23708/HYOLVO"
level=info contentType="script[type='application/ld+json']" url="https://dataverse.ird.fr/dataset.xhtml?persistentId=doi:10.23708/FXIYQL"
level=info contentType="script[type='application/ld+json']" url="https://dataverse.ird.fr/dataset.xhtml?persistentId=doi:10.23708/PBYFAO"
level=info contentType="script[type='application/ld+json']" url="https://dataverse.ird.fr/dataset.xhtml?persistentId=doi:10.23708/GVWCA0"
level=info contentType="script[type='application/ld+json']" url="https://dataverse.ird.fr/dataset.xhtml?persistentId=doi:10.23708/I7L4FT"
level=info contentType="script[type='application/ld+json']" url="https://dataverse.ird.fr/dataset.xhtml?persistentId=doi:10.23708/2B1D23"
level=info contentType="script[type='application/ld+json']" url="https://dataverse.ird.fr/dataset.xhtml?persistentId=doi:10.23708/FJ7LHJ"
level=info contentType="script[type='application/ld+json']" url="https://dataverse.ird.fr/dataset.xhtml?persistentId=doi:10.23708/DDNFBG"
level=info contentType="script[type='application/ld+json']" url="https://dataverse.ird.fr/dataset.xhtml?persistentId=doi:10.23708/DTSAQA"
level=info contentType="script[type='application/ld+json']" url="https://dataverse.ird.fr/dataset.xhtml?persistentId=doi:10.23708/BL4JCU"
level=info contentType="script[type='application/ld+json']" url="https://dataverse.ird.fr/dataset.xhtml?persistentId=doi:10.23708/4UD6LM"
level=info contentType="script[type='application/ld+json']" url="https://dataverse.ird.fr/dataset.xhtml?persistentId=doi:10.23708/VVYEPT"
level=info contentType="script[type='application/ld+json']" url="https://dataverse.ird.fr/dataset.xhtml?persistentId=doi:10.23708/IKTNHU"
level=info contentType="script[type='application/ld+json']" url="https://dataverse.ird.fr/dataset.xhtml?persistentId=doi:10.23708/3IDGQM"
level=info contentType="script[type='application/ld+json']" url="https://dataverse.ird.fr/dataset.xhtml?persistentId=doi:10.23708/12HRWM"
level=info contentType="script[type='application/ld+json']" url="https://dataverse.ird.fr/dataset.xhtml?persistentId=doi:10.23708/3KTKWV"
level=info contentType="script[type='application/ld+json']" url="https://dataverse.ird.fr/dataset.xhtml?persistentId=doi:10.23708/DZZN0I"
level=info contentType="script[type='application/ld+json']" url="https://dataverse.ird.fr/dataset.xhtml?persistentId=doi:10.23708/8DUWUC"
level=info contentType="script[type='application/ld+json']" url="https://dataverse.ird.fr/dataset.xhtml?persistentId=doi:10.23708/6IWP3V"
level=info contentType="script[type='application/ld+json']" url="https://dataverse.ird.fr/dataset.xhtml?persistentId=doi:10.23708/SVR1QS"
level=info contentType="script[type='application/ld+json']" url="https://dataverse.ird.fr/dataset.xhtml?persistentId=doi:10.23708/KWRIJJ"
level=info contentType="script[type='application/ld+json']" url="https://dataverse.ird.fr/dataset.xhtml?persistentId=doi:10.23708/ICVWKQ"
level=info contentType="script[type='application/ld+json']" url="https://dataverse.ird.fr/dataset.xhtml?persistentId=doi:10.23708/5ODIWK"
level=info contentType="script[type='application/ld+json']" url="https://dataverse.ird.fr/dataset.xhtml?persistentId=doi:10.23708/QGSZWY"
level=info contentType="script[type='application/ld+json']" url="https://dataverse.ird.fr/dataset.xhtml?persistentId=doi:10.23708/IXK6MQ"
level=info contentType="script[type='application/ld+json']" url="https://dataverse.ird.fr/dataset.xhtml?persistentId=doi:10.23708/OSPA4H"
level=info contentType="script[type='application/ld+json']" url="https://dataverse.ird.fr/dataset.xhtml?persistentId=doi:10.23708/JZA8I2"
level=info contentType="script[type='application/ld+json']" url="https://dataverse.ird.fr/dataset.xhtml?persistentId=doi:10.23708/K8BJ0Y"
level=info contentType="script[type='application/ld+json']" url="https://dataverse.ird.fr/dataset.xhtml?persistentId=doi:10.23708/QCCMOA"
level=info contentType="script[type='application/ld+json']" url="https://dataverse.ird.fr/dataset.xhtml?persistentId=doi:10.23708/3KJR0C"
level=info contentType="script[type='application/ld+json']" url="https://dataverse.ird.fr/dataset.xhtml?persistentId=doi:10.23708/QYHL8C"
level=info contentType="script[type='application/ld+json']" url="https://dataverse.ird.fr/dataset.xhtml?persistentId=doi:10.23708/0BNG5R"
level=info contentType="script[type='application/ld+json']" url="https://dataverse.ird.fr/dataset.xhtml?persistentId=doi:10.23708/XDMJKY"
level=info contentType="script[type='application/ld+json']" url="https://dataverse.ird.fr/dataset.xhtml?persistentId=doi:10.23708/HGMZKX"
level=info contentType="script[type='application/ld+json']" url="https://dataverse.ird.fr/dataset.xhtml?persistentId=doi:10.23708/XSACNA"
level=info contentType="script[type='application/ld+json']" url="https://dataverse.ird.fr/dataset.xhtml?persistentId=doi:10.23708/X8YF1I"
level=info contentType="script[type='application/ld+json']" url="https://dataverse.ird.fr/dataset.xhtml?persistentId=doi:10.23708/IBZJGD"
level=info contentType="script[type='application/ld+json']" url="https://dataverse.ird.fr/dataset.xhtml?persistentId=doi:10.23708/CITKFU"
level=info contentType="script[type='application/ld+json']" url="https://dataverse.ird.fr/dataset.xhtml?persistentId=doi:10.23708/G76QVS"
level=info contentType="script[type='application/ld+json']" url="https://dataverse.ird.fr/dataset.xhtml?persistentId=doi:10.23708/MIRLIH"
level=info contentType="script[type='application/ld+json']" url="https://dataverse.ird.fr/dataset.xhtml?persistentId=doi:10.23708/S0Q2QX"
level=info contentType="script[type='application/ld+json']" url="https://dataverse.ird.fr/dataset.xhtml?persistentId=doi:10.23708/V3EH6I"
level=info contentType="script[type='application/ld+json']" url="https://dataverse.ird.fr/dataset.xhtml?persistentId=doi:10.23708/UHH4VX"
level=info contentType="script[type='application/ld+json']" url="https://dataverse.ird.fr/dataset.xhtml?persistentId=doi:10.23708/D8FEM3"
level=info contentType="script[type='application/ld+json']" url="https://dataverse.ird.fr/dataset.xhtml?persistentId=doi:10.23708/OIISFV"
level=info contentType="script[type='application/ld+json']" url="https://dataverse.ird.fr/dataset.xhtml?persistentId=doi:10.23708/BOELGM"
level=info contentType="script[type='application/ld+json']" url="https://dataverse.ird.fr/dataset.xhtml?persistentId=doi:10.23708/U9GR0C"
level=info contentType="script[type='application/ld+json']" url="https://dataverse.ird.fr/dataset.xhtml?persistentId=doi:10.23708/C1H9WJ"
level=info contentType="script[type='application/ld+json']" url="https://dataverse.ird.fr/dataset.xhtml?persistentId=doi:10.23708/DAAKF1"
level=info contentType="script[type='application/ld+json']" url="https://dataverse.ird.fr/dataset.xhtml?persistentId=doi:10.23708/H0VXH0"
level=info contentType="script[type='application/ld+json']" url="https://dataverse.ird.fr/dataset.xhtml?persistentId=doi:10.23708/LXGXQ9"
level=info contentType="script[type='application/ld+json']" url="https://dataverse.ird.fr/dataset.xhtml?persistentId=doi:10.23708/8FDWIE"
level=info contentType="script[type='application/ld+json']" url="https://dataverse.ird.fr/dataset.xhtml?persistentId=doi:10.23708/AN9SKZ"
level=info contentType="script[type='application/ld+json']" url="https://dataverse.ird.fr/dataset.xhtml?persistentId=doi:10.23708/DCNDNZ"
level=info contentType="script[type='application/ld+json']" url="https://dataverse.ird.fr/dataset.xhtml?persistentId=doi:10.23708/SCMTMB"
level=info contentType="script[type='application/ld+json']" url="https://dataverse.ird.fr/dataset.xhtml?persistentId=doi:10.23708/CBLBHI"
level=info contentType="script[type='application/ld+json']" url="https://dataverse.ird.fr/dataset.xhtml?persistentId=doi:10.23708/D6SKQE"
level=info contentType="script[type='application/ld+json']" url="https://dataverse.ird.fr/dataset.xhtml?persistentId=doi:10.23708/U3BHCW"
level=info contentType="script[type='application/ld+json']" url="https://dataverse.ird.fr/dataset.xhtml?persistentId=doi:10.23708/2XTKRT"
level=info contentType="script[type='application/ld+json']" url="https://dataverse.ird.fr/dataset.xhtml?persistentId=doi:10.23708/AEXQLD"
level=info contentType="script[type='application/ld+json']" url="https://dataverse.ird.fr/dataset.xhtml?persistentId=doi:10.23708/5JINDN"
level=info contentType="script[type='application/ld+json']" url="https://dataverse.ird.fr/dataset.xhtml?persistentId=doi:10.23708/T4ORIX"
level=info contentType="script[type='application/ld+json']" url="https://dataverse.ird.fr/dataset.xhtml?persistentId=doi:10.23708/UGO8J6"
level=info contentType="script[type='application/ld+json']" url="https://dataverse.ird.fr/dataset.xhtml?persistentId=doi:10.5061/dryad.63cj030"
level=info contentType="script[type='application/ld+json']" url="https://dataverse.ird.fr/dataset.xhtml?persistentId=doi:10.23708/BR843B"
level=info contentType="script[type='application/ld+json']" url="https://dataverse.ird.fr/dataset.xhtml?persistentId=doi:10.6084/m9.figshare.11865450"
level=info contentType="script[type='application/ld+json']" url="https://dataverse.ird.fr/dataset.xhtml?persistentId=doi:10.23708/KP9KBW"
level=info contentType="script[type='application/ld+json']" url="https://dataverse.ird.fr/dataset.xhtml?persistentId=doi:10.23708/SVHIUC"
level=info contentType="script[type='application/ld+json']" url="https://dataverse.ird.fr/dataset.xhtml?persistentId=doi:10.23708/WVCG5O"
level=info contentType="script[type='application/ld+json']" url="https://dataverse.ird.fr/dataset.xhtml?persistentId=doi:10.23708/QBIUMI"
level=info contentType="script[type='application/ld+json']" url="https://dataverse.ird.fr/dataset.xhtml?persistentId=doi:10.23708/WQUVXF"
level=info contentType="script[type='application/ld+json']" url="https://dataverse.ird.fr/dataset.xhtml?persistentId=doi:10.23708/CGLFIL"
level=info contentType="script[type='application/ld+json']" url="https://dataverse.ird.fr/dataset.xhtml?persistentId=doi:10.23708/YRAASG"
level=info contentType="script[type='application/ld+json']" url="https://dataverse.ird.fr/dataset.xhtml?persistentId=doi:10.23708/GENR6J"
level=info contentType="script[type='application/ld+json']" url="https://dataverse.ird.fr/dataset.xhtml?persistentId=doi:10.23708/OHK1VN"
level=info contentType="script[type='application/ld+json']" url="https://dataverse.ird.fr/dataset.xhtml?persistentId=doi:10.23708/JOE1X6"
level=info contentType="script[type='application/ld+json']" url="https://dataverse.ird.fr/dataset.xhtml?persistentId=doi:10.23708/RUPYV0"
level=info contentType="script[type='application/ld+json']" url="https://dataverse.ird.fr/dataset.xhtml?persistentId=doi:10.23708/0SFAXV"
level=info contentType="script[type='application/ld+json']" url="https://dataverse.ird.fr/dataset.xhtml?persistentId=doi:10.23708/13OVHV"
level=info contentType="script[type='application/ld+json']" url="https://dataverse.ird.fr/dataset.xhtml?persistentId=doi:10.23708/XBJJPK"
level=info contentType="script[type='application/ld+json']" url="https://dataverse.ird.fr/dataset.xhtml?persistentId=doi:10.23708/PQTQDA"
level=info contentType="script[type='application/ld+json']" url="https://dataverse.ird.fr/dataset.xhtml?persistentId=doi:10.23708/8D6WQC"
level=info contentType="script[type='application/ld+json']" url="https://dataverse.ird.fr/dataset.xhtml?persistentId=doi:10.23708/T51FNT"
level=info contentType="script[type='application/ld+json']" url="https://dataverse.ird.fr/dataset.xhtml?persistentId=doi:10.23708/7TANIW"
level=info contentType="script[type='application/ld+json']" url="https://dataverse.ird.fr/dataset.xhtml?persistentId=doi:10.23708/WT99PP"
level=info contentType="script[type='application/ld+json']" url="https://dataverse.ird.fr/dataset.xhtml?persistentId=doi:10.23708/RNGS8Z"
level=info contentType="script[type='application/ld+json']" url="https://dataverse.ird.fr/dataset.xhtml?persistentId=doi:10.23708/QCMOUA"
level=info contentType="script[type='application/ld+json']" url="https://dataverse.ird.fr/dataset.xhtml?persistentId=doi:10.23708/JUKOFI"
level=info contentType="script[type='application/ld+json']" url="https://dataverse.ird.fr/dataset.xhtml?persistentId=doi:10.23708/NREDA5"
level=info contentType="script[type='application/ld+json']" url="https://dataverse.ird.fr/dataset.xhtml?persistentId=doi:10.23708/HZ7X6Y"
level=info contentType="script[type='application/ld+json']" url="https://dataverse.ird.fr/dataset.xhtml?persistentId=doi:10.23708/UBUAA0"
level=info contentType="script[type='application/ld+json']" url="https://dataverse.ird.fr/dataset.xhtml?persistentId=doi:10.23708/K4QOFS"
level=info contentType="script[type='application/ld+json']" url="https://dataverse.ird.fr/dataset.xhtml?persistentId=doi:10.23708/G4OM43"
level=info contentType="script[type='application/ld+json']" url="https://dataverse.ird.fr/dataset.xhtml?persistentId=doi:10.23708/HETOF3"
level=info contentType="script[type='application/ld+json']" url="https://dataverse.ird.fr/dataset.xhtml?persistentId=doi:10.23708/8LFPT4"
level=info contentType="script[type='application/ld+json']" url="https://dataverse.ird.fr/dataset.xhtml?persistentId=doi:10.23708/QPKHPJ"
level=info contentType="script[type='application/ld+json']" url="https://dataverse.ird.fr/dataset.xhtml?persistentId=doi:10.23708/K95OKX"
level=info contentType="script[type='application/ld+json']" url="https://dataverse.ird.fr/dataset.xhtml?persistentId=doi:10.23708/CVWFBI"
level=info contentType="script[type='application/ld+json']" url="https://dataverse.ird.fr/dataset.xhtml?persistentId=doi:10.23708/G3YBU1"
level=info contentType="script[type='application/ld+json']" url="https://dataverse.ird.fr/dataset.xhtml?persistentId=doi:10.23708/XCNQCS"
level=info contentType="script[type='application/ld+json']" url="https://dataverse.ird.fr/dataset.xhtml?persistentId=doi:10.23708/QVLEUZ"
level=info contentType="script[type='application/ld+json']" url="https://dataverse.ird.fr/dataset.xhtml?persistentId=doi:10.23708/ZI0ONV"
level=info contentType="script[type='application/ld+json']" url="https://dataverse.ird.fr/dataset.xhtml?persistentId=doi:10.23708/RXSSDX"
level=info contentType="script[type='application/ld+json']" url="https://dataverse.ird.fr/dataset.xhtml?persistentId=doi:10.23708/CL3VFS"
level=info contentType="script[type='application/ld+json']" url="https://dataverse.ird.fr/dataset.xhtml?persistentId=doi:10.23708/PDLP9F"
level=info contentType="script[type='application/ld+json']" url="https://dataverse.ird.fr/dataset.xhtml?persistentId=doi:10.23708/LMH8Y8"
level=info contentType="script[type='application/ld+json']" url="https://dataverse.ird.fr/dataset.xhtml?persistentId=doi:10.23708/HUR10F"
level=info contentType="script[type='application/ld+json']" url="https://dataverse.ird.fr/dataset.xhtml?persistentId=doi:10.23708/RXIXM3"
level=info contentType="script[type='application/ld+json']" url="https://dataverse.ird.fr/dataset.xhtml?persistentId=doi:10.23708/SAYKFK"
level=info contentType="script[type='application/ld+json']" url="https://dataverse.ird.fr/dataset.xhtml?persistentId=doi:10.23708/YFXEMI"
level=info contentType="script[type='application/ld+json']" url="https://dataverse.ird.fr/dataset.xhtml?persistentId=doi:10.23708/Q2MYHE"
level=info contentType="script[type='application/ld+json']" url="https://dataverse.ird.fr/dataset.xhtml?persistentId=doi:10.23708/1AJNMP"
level=info contentType="script[type='application/ld+json']" url="https://dataverse.ird.fr/dataset.xhtml?persistentId=doi:10.23708/FNZDMZ"
level=info contentType="script[type='application/ld+json']" url="https://dataverse.ird.fr/dataset.xhtml?persistentId=doi:10.23708/GZCM1O"
level=info contentType="script[type='application/ld+json']" url="https://dataverse.ird.fr/dataset.xhtml?persistentId=doi:10.23708/M9N7AI"
level=info contentType="script[type='application/ld+json']" url="https://dataverse.ird.fr/dataset.xhtml?persistentId=doi:10.23708/FFEDIR"
level=info contentType="script[type='application/ld+json']" url="https://dataverse.ird.fr/dataset.xhtml?persistentId=doi:10.23708/M8NJA0"
level=info contentType="script[type='application/ld+json']" url="https://dataverse.ird.fr/dataset.xhtml?persistentId=doi:10.23708/EWOYNK"
level=info contentType="script[type='application/ld+json']" url="https://dataverse.ird.fr/dataset.xhtml?persistentId=doi:10.23708/E52ZTX"
level=info contentType="script[type='application/ld+json']" url="https://dataverse.ird.fr/dataset.xhtml?persistentId=doi:10.23708/1YZQHH"
level=info contentType="script[type='application/ld+json']" url="https://dataverse.ird.fr/dataset.xhtml?persistentId=doi:10.23708/4DZ0CG"
level=info contentType="script[type='application/ld+json']" url="https://dataverse.ird.fr/dataset.xhtml?persistentId=doi:10.23708/ZRSBM4"
level=info contentType="script[type='application/ld+json']" url="https://dataverse.ird.fr/dataset.xhtml?persistentId=doi:10.23708/CARBI1"
level=info contentType="script[type='application/ld+json']" url="https://dataverse.ird.fr/dataset.xhtml?persistentId=doi:10.23708/QYWDPO"
level=info contentType="script[type='application/ld+json']" url="https://dataverse.ird.fr/dataset.xhtml?persistentId=doi:10.23708/OQLKT3"
level=info contentType="script[type='application/ld+json']" url="https://dataverse.ird.fr/dataset.xhtml?persistentId=doi:10.23708/4X6ZKY"
level=info contentType="script[type='application/ld+json']" url="https://dataverse.ird.fr/dataset.xhtml?persistentId=doi:10.23708/XB8LHG"
level=info contentType="script[type='application/ld+json']" url="https://dataverse.ird.fr/dataset.xhtml?persistentId=doi:10.23708/HTLC25"
level=info contentType="script[type='application/ld+json']" url="https://dataverse.ird.fr/dataset.xhtml?persistentId=doi:10.23708/ABNHEI"
level=info contentType="script[type='application/ld+json']" url="https://dataverse.ird.fr/dataset.xhtml?persistentId=doi:10.23708/67LC36"
level=info contentType="script[type='application/ld+json']" url="https://dataverse.ird.fr/dataset.xhtml?persistentId=doi:10.23708/LZ8A5B"
level=info contentType="script[type='application/ld+json']" url="https://dataverse.ird.fr/dataset.xhtml?persistentId=doi:10.23708/TCK6IH"
level=info contentType="script[type='application/ld+json']" url="https://dataverse.ird.fr/dataset.xhtml?persistentId=doi:10.23708/PW2FVY"
level=info contentType="script[type='application/ld+json']" url="https://dataverse.ird.fr/dataset.xhtml?persistentId=doi:10.23708/8PJIOR"
level=info contentType="script[type='application/ld+json']" url="https://dataverse.ird.fr/dataset.xhtml?persistentId=doi:10.23708/4MJM3R"
level=info contentType="script[type='application/ld+json']" url="https://dataverse.ird.fr/dataset.xhtml?persistentId=doi:10.23708/KOVYLA"
level=info contentType="script[type='application/ld+json']" url="https://dataverse.ird.fr/dataset.xhtml?persistentId=doi:10.23708/IY0MZY"
level=info contentType="script[type='application/ld+json']" url="https://dataverse.ird.fr/dataset.xhtml?persistentId=doi:10.23708/4ABYJN"
level=info contentType="script[type='application/ld+json']" url="https://dataverse.ird.fr/dataset.xhtml?persistentId=doi:10.23708/IERX4R"
level=info contentType="script[type='application/ld+json']" url="https://dataverse.ird.fr/dataset.xhtml?persistentId=doi:10.23708/F7NOJD"
level=info contentType="script[type='application/ld+json']" url="https://dataverse.ird.fr/dataset.xhtml?persistentId=doi:10.23708/HAYFVO"
level=info contentType="script[type='application/ld+json']" url="https://dataverse.ird.fr/dataset.xhtml?persistentId=doi:10.23708/TYDMBF"
level=info contentType="script[type='application/ld+json']" url="https://dataverse.ird.fr/dataset.xhtml?persistentId=doi:10.23708/INWSD6"
level=info contentType="script[type='application/ld+json']" url="https://dataverse.ird.fr/dataset.xhtml?persistentId=doi:10.23708/XUVKJK"
level=info contentType="script[type='application/ld+json']" url="https://dataverse.ird.fr/dataset.xhtml?persistentId=doi:10.23708/QO4OD7"
level=info contentType="script[type='application/ld+json']" url="https://dataverse.ird.fr/dataset.xhtml?persistentId=doi:10.23708/FVNRDU"
level=info contentType="script[type='application/ld+json']" url="https://dataverse.ird.fr/dataset.xhtml?persistentId=doi:10.23708/TDIIJK"
level=info contentType="script[type='application/ld+json']" url="https://dataverse.ird.fr/dataset.xhtml?persistentId=doi:10.23708/XBTRUV"
level=info contentType="script[type='application/ld+json']" url="https://dataverse.ird.fr/dataset.xhtml?persistentId=doi:10.23708/4YRZDJ"
level=info contentType="script[type='application/ld+json']" url="https://dataverse.ird.fr/dataset.xhtml?persistentId=doi:10.23708/DLPAAL"
level=info contentType="script[type='application/ld+json']" url="https://dataverse.ird.fr/dataset.xhtml?persistentId=doi:10.23708/TBPNWJ"
level=info contentType="script[type='application/ld+json']" url="https://dataverse.ird.fr/dataset.xhtml?persistentId=doi:10.23708/SDFM1Q"
level=info contentType="script[type='application/ld+json']" url="https://dataverse.ird.fr/dataset.xhtml?persistentId=doi:10.23708/FO2HGM"
level=info contentType="script[type='application/ld+json']" url="https://dataverse.ird.fr/dataset.xhtml?persistentId=doi:10.23708/NYX0NV"
level=info contentType="script[type='application/ld+json']" url="https://dataverse.ird.fr/dataset.xhtml?persistentId=doi:10.23708/H7GYTB"
level=info contentType="script[type='application/ld+json']" url="https://dataverse.ird.fr/dataset.xhtml?persistentId=doi:10.23708/BFWZDI"
level=info contentType="script[type='application/ld+json']" url="https://dataverse.ird.fr/dataset.xhtml?persistentId=doi:10.23708/JOGOTO"
level=info contentType="script[type='application/ld+json']" url="https://dataverse.ird.fr/dataset.xhtml?persistentId=doi:10.23708/X6APR7"
level=info contentType="script[type='application/ld+json']" url="https://dataverse.ird.fr/dataset.xhtml?persistentId=doi:10.23708/KISGJY"
level=info contentType="script[type='application/ld+json']" url="https://dataverse.ird.fr/dataset.xhtml?persistentId=doi:10.23708/TQCEDF"
level=info contentType="script[type='application/ld+json']" url="https://dataverse.ird.fr/dataset.xhtml?persistentId=doi:10.23708/XKH3FC"
level=info contentType="script[type='application/ld+json']" url="https://dataverse.ird.fr/dataset.xhtml?persistentId=doi:10.23708/LSV7IO"
level=info contentType="script[type='application/ld+json']" url="https://dataverse.ird.fr/dataset.xhtml?persistentId=doi:10.23708/L3IJGD"
level=info contentType="script[type='application/ld+json']" url="https://dataverse.ird.fr/dataset.xhtml?persistentId=doi:10.23708/SNGQHV"
level=info contentType="script[type='application/ld+json']" url="https://dataverse.ird.fr/dataset.xhtml?persistentId=doi:10.23708/URXJ25"
level=info contentType="script[type='application/ld+json']" url="https://dataverse.ird.fr/dataset.xhtml?persistentId=doi:10.23708/PAYQSQ"
level=info contentType="script[type='application/ld+json']" url="https://dataverse.ird.fr/dataset.xhtml?persistentId=doi:10.23708/KDRQMQ"
level=info contentType="script[type='application/ld+json']" url="https://dataverse.ird.fr/dataset.xhtml?persistentId=doi:10.23708/RNY0LD"
level=info contentType="script[type='application/ld+json']" url="https://dataverse.ird.fr/dataset.xhtml?persistentId=doi:10.23708/93OQMD"
level=info contentType="script[type='application/ld+json']" url="https://dataverse.ird.fr/dataset.xhtml?persistentId=doi:10.23708/ZM80DR"
level=info contentType="script[type='application/ld+json']" url="https://dataverse.ird.fr/dataset.xhtml?persistentId=doi:10.23708/CTTFQW"
level=info contentType="script[type='application/ld+json']" url="https://dataverse.ird.fr/dataset.xhtml?persistentId=doi:10.23708/FX1GWL"
level=info contentType="script[type='application/ld+json']" url="https://dataverse.ird.fr/dataset.xhtml?persistentId=doi:10.23708/XI7DJE"
level=info contentType="script[type='application/ld+json']" url="https://dataverse.ird.fr/dataset.xhtml?persistentId=doi:10.23708/APDHAG"
level=info contentType="script[type='application/ld+json']" url="https://dataverse.ird.fr/dataset.xhtml?persistentId=doi:10.23708/MBMROD"
level=info contentType="script[type='application/ld+json']" url="https://dataverse.ird.fr/dataset.xhtml?persistentId=doi:10.23708/LNZLZF"
level=info contentType="script[type='application/ld+json']" url="https://dataverse.ird.fr/dataset.xhtml?persistentId=doi:10.23708/GVNCQL"
level=info contentType="script[type='application/ld+json']" url="https://dataverse.ird.fr/dataset.xhtml?persistentId=doi:10.23708/VMWX3N"
level=info contentType="script[type='application/ld+json']" url="https://dataverse.ird.fr/dataset.xhtml?persistentId=doi:10.23708/RWDMN9"
level=info contentType="script[type='application/ld+json']" url="https://dataverse.ird.fr/dataset.xhtml?persistentId=doi:10.23708/RJDLCN"
level=info contentType="script[type='application/ld+json']" url="https://dataverse.ird.fr/dataset.xhtml?persistentId=doi:10.23708/FHDFPR"
level=info contentType="script[type='application/ld+json']" url="https://dataverse.ird.fr/dataset.xhtml?persistentId=doi:10.23708/XBVYHL"
level=info contentType="script[type='application/ld+json']" url="https://dataverse.ird.fr/dataset.xhtml?persistentId=doi:10.23708/7XJ3TB"
level=info contentType="script[type='application/ld+json']" url="https://dataverse.ird.fr/dataset.xhtml?persistentId=doi:10.23708/TYFN5U"
level=info contentType="script[type='application/ld+json']" url="https://dataverse.ird.fr/dataset.xhtml?persistentId=doi:10.23708/ZWQEFN"
level=info contentType="script[type='application/ld+json']" url="https://dataverse.ird.fr/dataset.xhtml?persistentId=doi:10.23708/RJ3DT5"
level=info contentType="script[type='application/ld+json']" url="https://dataverse.ird.fr/dataset.xhtml?persistentId=doi:10.23708/LBGQQU"
level=info contentType="script[type='application/ld+json']" url="https://dataverse.ird.fr/dataset.xhtml?persistentId=doi:10.23708/ZPRFHR"
level=info contentType="script[type='application/ld+json']" url="https://dataverse.ird.fr/dataset.xhtml?persistentId=doi:10.23708/JXX75R"
level=info contentType="script[type='application/ld+json']" url="https://dataverse.ird.fr/dataset.xhtml?persistentId=doi:10.23708/ZDD0OW"
level=info contentType="script[type='application/ld+json']" url="https://dataverse.ird.fr/dataset.xhtml?persistentId=doi:10.23708/6ERBMY"
level=info contentType="script[type='application/ld+json']" url="https://dataverse.ird.fr/dataset.xhtml?persistentId=doi:10.23708/LBMVEB"
level=info contentType="script[type='application/ld+json']" url="https://dataverse.ird.fr/dataset.xhtml?persistentId=doi:10.23708/N2UY4C"
level=info contentType="script[type='application/ld+json']" url="https://dataverse.ird.fr/dataset.xhtml?persistentId=doi:10.23708/GM8ZKM"
level=info contentType="script[type='application/ld+json']" url="https://dataverse.ird.fr/dataset.xhtml?persistentId=doi:10.23708/DSDTZ0"
level=info contentType="script[type='application/ld+json']" url="https://dataverse.ird.fr/dataset.xhtml?persistentId=doi:10.23708/SVJS1T"
level=info contentType="script[type='application/ld+json']" url="https://dataverse.ird.fr/dataset.xhtml?persistentId=doi:10.23708/2FYBUL"
level=info contentType="script[type='application/ld+json']" url="https://dataverse.ird.fr/dataset.xhtml?persistentId=doi:10.23708/MDQIUE"
level=info contentType="script[type='application/ld+json']" url="https://dataverse.ird.fr/dataset.xhtml?persistentId=doi:10.23708/N447VS"
level=info contentType="script[type='application/ld+json']" url="https://dataverse.ird.fr/dataset.xhtml?persistentId=doi:10.23708/JQK9E6"
level=info contentType="script[type='application/ld+json']" url="https://dataverse.ird.fr/dataset.xhtml?persistentId=doi:10.23708/1VFBVT"
level=info contentType="script[type='application/ld+json']" url="https://dataverse.ird.fr/dataset.xhtml?persistentId=doi:10.23708/MQLMLJ"
level=info contentType="script[type='application/ld+json']" url="https://dataverse.ird.fr/dataset.xhtml?persistentId=doi:10.23708/P9HYLM"
level=info contentType="script[type='application/ld+json']" url="https://dataverse.ird.fr/dataset.xhtml?persistentId=doi:10.23708/ZQPBEW"
level=info contentType="script[type='application/ld+json']" url="https://dataverse.ird.fr/dataset.xhtml?persistentId=doi:10.23708/DORPSQ"
level=info contentType="script[type='application/ld+json']" url="https://dataverse.ird.fr/dataset.xhtml?persistentId=doi:10.23708/PM58HP"
level=info contentType="script[type='application/ld+json']" url="https://dataverse.ird.fr/dataset.xhtml?persistentId=doi:10.23708/RN7RWS"
level=info contentType="script[type='application/ld+json']" url="https://dataverse.ird.fr/dataset.xhtml?persistentId=doi:10.23708/NKQDNB"
level=info contentType="script[type='application/ld+json']" url="https://dataverse.ird.fr/dataset.xhtml?persistentId=doi:10.23708/OJCZQD"
level=info contentType="script[type='application/ld+json']" url="https://dataverse.ird.fr/dataset.xhtml?persistentId=doi:10.23708/1JST4X"
