level=error contentType="Direct access failed, trying headless']" url="https://datos.uchile.cl/loginpage.xhtml?redirectPage=%2Fdataset.xhtml%3FpersistentId%3Ddoi%3A10.34691%2FFK2%2FSYTAN0"
level=error contentType="Direct access failed, trying headless']" url="https://datos.uchile.cl/loginpage.xhtml?redirectPage=%2Fdataverse.xhtml%3Falias%3DFD"
level=error contentType="Direct access failed, trying headless']" url="https://datos.uchile.cl/loginpage.xhtml?redirectPage=%2Fdataverse.xhtml%3Falias%3DFCVP"
level=error contentType="Direct access failed, trying headless']" url="https://datos.uchile.cl/loginpage.xhtml?redirectPage=%2Fdataverse.xhtml%3Falias%3DFCS"
level=error contentType="Direct access failed, trying headless']" url="https://datos.uchile.cl/dataverse.xhtml?alias=FCS"
level=error msg="cdp.Runtime: Evaluate: rpc error: Inspected target navigated or closed (code = -32000)" issue="Headless Evaluate" url="https://datos.uchile.cl/loginpage.xhtml?redirectPage=%2Fdataset.xhtml%3FpersistentId%3Ddoi%3A10.34691%2FFK2%2FSYTAN0"
level=error msg="cdp.Runtime: Evaluate: rpc error: Inspected target navigated or closed (code = -32000)" issue="Headless Evaluate" url="https://datos.uchile.cl/loginpage.xhtml?redirectPage=%2Fdataverse.xhtml%3Falias%3DFCS"
level=error msg="cdp.Runtime: Evaluate: rpc error: Inspected target navigated or closed (code = -32000)" issue="converting json ld" url="https://datos.uchile.cl/loginpage.xhtml?redirectPage=%2Fdataverse.xhtml%3Falias%3DFCS"
level=error msg="cdp.Runtime: Evaluate: rpc error: Inspected target navigated or closed (code = -32000)" issue="Headless Evaluate" url="https://datos.uchile.cl/loginpage.xhtml?redirectPage=%2Fdataverse.xhtml%3Falias%3DFD"
level=error msg="cdp.Runtime: Evaluate: rpc error: Inspected target navigated or closed (code = -32000)" issue="converting json ld" url="https://datos.uchile.cl/loginpage.xhtml?redirectPage=%2Fdataverse.xhtml%3Falias%3DFD"
level=error msg="cdp.Runtime: Evaluate: rpc error: Inspected target navigated or closed (code = -32000)" issue="Headless Evaluate" url="https://datos.uchile.cl/dataverse.xhtml?alias=FCS"
level=error msg="cdp.Runtime: Evaluate: rpc error: Inspected target navigated or closed (code = -32000)" issue="converting json ld" url="https://datos.uchile.cl/dataverse.xhtml?alias=FCS"
level=error msg="cdp.Runtime: Evaluate: rpc error: Inspected target navigated or closed (code = -32000)" issue="converting json ld" url="https://datos.uchile.cl/loginpage.xhtml?redirectPage=%2Fdataset.xhtml%3FpersistentId%3Ddoi%3A10.34691%2FFK2%2FSYTAN0"
level=error msg="cdp.Runtime: Evaluate: rpc error: Inspected target navigated or closed (code = -32000)" issue="Headless Evaluate" url="https://datos.uchile.cl/loginpage.xhtml?redirectPage=%2Fdataverse.xhtml%3Falias%3DFCVP"
level=error msg="cdp.Runtime: Evaluate: rpc error: Inspected target navigated or closed (code = -32000)" issue="converting json ld" url="https://datos.uchile.cl/loginpage.xhtml?redirectPage=%2Fdataverse.xhtml%3Falias%3DFCVP"
level=error contentType="Direct access failed, trying headless']" url="https://datos.uchile.cl/loginpage.xhtml?redirectPage=%2Fdataverse.xhtml%3Falias%3DFCA"
level=error contentType="Direct access failed, trying headless']" url="https://datos.uchile.cl/loginpage.xhtml?redirectPage=%2Fdataverse.xhtml%3Falias%3DFCFM"
level=error contentType="Direct access failed, trying headless']" url="https://datos.uchile.cl/loginpage.xhtml?redirectPage=%2Fdataverse.xhtml%3Falias%3DFCF"
level=error contentType="Direct access failed, trying headless']" url="https://datos.uchile.cl/loginpage.xhtml?redirectPage=%2Fdataverse.xhtml%3Falias%3DFFH"
level=error msg="cdp.Runtime: Evaluate: rpc error: Inspected target navigated or closed (code = -32000)" issue="Headless Evaluate" url="https://datos.uchile.cl/loginpage.xhtml?redirectPage=%2Fdataverse.xhtml%3Falias%3DFCF"
level=error msg="cdp.Runtime: Evaluate: rpc error: Inspected target navigated or closed (code = -32000)" issue="Headless Evaluate" url="https://datos.uchile.cl/loginpage.xhtml?redirectPage=%2Fdataverse.xhtml%3Falias%3DFFH"
level=error msg="cdp.Runtime: Evaluate: rpc error: Inspected target navigated or closed (code = -32000)" issue="converting json ld" url="https://datos.uchile.cl/loginpage.xhtml?redirectPage=%2Fdataverse.xhtml%3Falias%3DFFH"
level=error msg="cdp.Runtime: Evaluate: rpc error: Inspected target navigated or closed (code = -32000)" issue="Headless Evaluate" url="https://datos.uchile.cl/loginpage.xhtml?redirectPage=%2Fdataverse.xhtml%3Falias%3DFCA"
level=error msg="cdp.Runtime: Evaluate: rpc error: Inspected target navigated or closed (code = -32000)" issue="converting json ld" url="https://datos.uchile.cl/loginpage.xhtml?redirectPage=%2Fdataverse.xhtml%3Falias%3DFCA"
level=error msg="cdp.Runtime: Evaluate: rpc error: Inspected target navigated or closed (code = -32000)" issue="converting json ld" url="https://datos.uchile.cl/loginpage.xhtml?redirectPage=%2Fdataverse.xhtml%3Falias%3DFCF"
level=error msg="cdp.Runtime: Evaluate: rpc error: Inspected target navigated or closed (code = -32000)" issue="Headless Evaluate" url="https://datos.uchile.cl/loginpage.xhtml?redirectPage=%2Fdataverse.xhtml%3Falias%3DFCFM"
level=error msg="cdp.Runtime: Evaluate: rpc error: Inspected target navigated or closed (code = -32000)" issue="converting json ld" url="https://datos.uchile.cl/loginpage.xhtml?redirectPage=%2Fdataverse.xhtml%3Falias%3DFCFM"
level=error contentType="Direct access failed, trying headless']" url="https://datos.uchile.cl/loginpage.xhtml?redirectPage=%2Fdataverse.xhtml%3Falias%3DFC"
level=error contentType="Direct access failed, trying headless']" url="https://datos.uchile.cl/loginpage.xhtml?redirectPage=%2Fdataverse.xhtml%3Falias%3DFCQF"
level=error msg="cdp.Runtime: Evaluate: rpc error: Inspected target navigated or closed (code = -32000)" issue="Headless Evaluate" url="https://datos.uchile.cl/loginpage.xhtml?redirectPage=%2Fdataverse.xhtml%3Falias%3DFC"
level=error msg="cdp.Runtime: Evaluate: rpc error: Inspected target navigated or closed (code = -32000)" issue="converting json ld" url="https://datos.uchile.cl/loginpage.xhtml?redirectPage=%2Fdataverse.xhtml%3Falias%3DFC"
level=error msg="cdp.Runtime: Evaluate: rpc error: Inspected target navigated or closed (code = -32000)" issue="Headless Evaluate" url="https://datos.uchile.cl/loginpage.xhtml?redirectPage=%2Fdataverse.xhtml%3Falias%3DFCQF"
level=error msg="cdp.Runtime: Evaluate: rpc error: Inspected target navigated or closed (code = -32000)" issue="converting json ld" url="https://datos.uchile.cl/loginpage.xhtml?redirectPage=%2Fdataverse.xhtml%3Falias%3DFCQF"
level=error contentType="Direct access failed, trying headless']" url="https://datos.uchile.cl/loginpage.xhtml?redirectPage=%2Fdataset.xhtml%3FpersistentId%3Ddoi%3A10.34691%2FFK2%2FZ72NMH"
level=error contentType="Direct access failed, trying headless']" url="https://datos.uchile.cl/loginpage.xhtml?redirectPage=%2Fdataverse.xhtml%3Falias%3Duchile"
level=error contentType="Direct access failed, trying headless']" url="https://datos.uchile.cl/loginpage.xhtml?redirectPage=%2Fdataset.xhtml%3FpersistentId%3Ddoi%3A10.34691%2FFK2%2FIL1VMH"
level=error contentType="Direct access failed, trying headless']" url="https://datos.uchile.cl/loginpage.xhtml?redirectPage=%2Fdataset.xhtml%3FpersistentId%3Ddoi%3A10.34691%2FFK2%2FGSDTT8"
level=error contentType="Direct access failed, trying headless']" url="https://datos.uchile.cl/loginpage.xhtml?redirectPage=%2Fdataset.xhtml%3FpersistentId%3Ddoi%3A10.34691%2FFK2%2FXRNIWJ"
level=error msg="cdp.Runtime: Evaluate: rpc error: Inspected target navigated or closed (code = -32000)" issue="Headless Evaluate" url="https://datos.uchile.cl/loginpage.xhtml?redirectPage=%2Fdataverse.xhtml%3Falias%3Duchile"
level=error msg="cdp.Runtime: Evaluate: rpc error: Inspected target navigated or closed (code = -32000)" issue="Headless Evaluate" url="https://datos.uchile.cl/loginpage.xhtml?redirectPage=%2Fdataset.xhtml%3FpersistentId%3Ddoi%3A10.34691%2FFK2%2FIL1VMH"
level=error msg="cdp.Runtime: Evaluate: rpc error: Inspected target navigated or closed (code = -32000)" issue="Headless Evaluate" url="https://datos.uchile.cl/loginpage.xhtml?redirectPage=%2Fdataset.xhtml%3FpersistentId%3Ddoi%3A10.34691%2FFK2%2FGSDTT8"
level=error msg="cdp.Runtime: Evaluate: rpc error: Inspected target navigated or closed (code = -32000)" issue="converting json ld" url="https://datos.uchile.cl/loginpage.xhtml?redirectPage=%2Fdataset.xhtml%3FpersistentId%3Ddoi%3A10.34691%2FFK2%2FGSDTT8"
level=error msg="cdp.Runtime: Evaluate: rpc error: Inspected target navigated or closed (code = -32000)" issue="converting json ld" url="https://datos.uchile.cl/loginpage.xhtml?redirectPage=%2Fdataset.xhtml%3FpersistentId%3Ddoi%3A10.34691%2FFK2%2FIL1VMH"
level=error msg="cdp.Runtime: Evaluate: rpc error: Inspected target navigated or closed (code = -32000)" issue="converting json ld" url="https://datos.uchile.cl/loginpage.xhtml?redirectPage=%2Fdataverse.xhtml%3Falias%3Duchile"
level=error msg="cdp.Runtime: Evaluate: rpc error: Inspected target navigated or closed (code = -32000)" issue="Headless Evaluate" url="https://datos.uchile.cl/loginpage.xhtml?redirectPage=%2Fdataset.xhtml%3FpersistentId%3Ddoi%3A10.34691%2FFK2%2FXRNIWJ"
level=error msg="cdp.Runtime: Evaluate: rpc error: Inspected target navigated or closed (code = -32000)" issue="converting json ld" url="https://datos.uchile.cl/loginpage.xhtml?redirectPage=%2Fdataset.xhtml%3FpersistentId%3Ddoi%3A10.34691%2FFK2%2FXRNIWJ"
level=error msg="cdp.Runtime: Evaluate: rpc error: Inspected target navigated or closed (code = -32000)" issue="Headless Evaluate" url="https://datos.uchile.cl/loginpage.xhtml?redirectPage=%2Fdataset.xhtml%3FpersistentId%3Ddoi%3A10.34691%2FFK2%2FZ72NMH"
level=error msg="cdp.Runtime: Evaluate: rpc error: Inspected target navigated or closed (code = -32000)" issue="converting json ld" url="https://datos.uchile.cl/loginpage.xhtml?redirectPage=%2Fdataset.xhtml%3FpersistentId%3Ddoi%3A10.34691%2FFK2%2FZ72NMH"
level=error contentType="Direct access failed, trying headless']" url="https://datos.uchile.cl/loginpage.xhtml?redirectPage=%2Fdataset.xhtml%3FpersistentId%3Ddoi%3A10.34691%2FFK2%2FUMWJDU"
level=error contentType="Direct access failed, trying headless']" url="https://datos.uchile.cl/loginpage.xhtml?redirectPage=%2Fdataset.xhtml%3FpersistentId%3Ddoi%3A10.34691%2FFK2%2F3MKG5N"
level=error contentType="Direct access failed, trying headless']" url="https://datos.uchile.cl/loginpage.xhtml?redirectPage=%2Fdataset.xhtml%3FpersistentId%3Ddoi%3A10.34691%2FFK2%2FSX58LI"
level=error contentType="Direct access failed, trying headless']" url="https://datos.uchile.cl/loginpage.xhtml?redirectPage=%2Fdataverse.xhtml%3Falias%3DFO"
level=error contentType="Direct access failed, trying headless']" url="https://datos.uchile.cl/dataverse.xhtml?alias=FM"
level=error msg="cdp.Runtime: Evaluate: rpc error: Inspected target navigated or closed (code = -32000)" issue="Headless Evaluate" url="https://datos.uchile.cl/loginpage.xhtml?redirectPage=%2Fdataset.xhtml%3FpersistentId%3Ddoi%3A10.34691%2FFK2%2FUMWJDU"
level=error msg="cdp.Runtime: Evaluate: rpc error: Inspected target navigated or closed (code = -32000)" issue="Headless Evaluate" url="https://datos.uchile.cl/loginpage.xhtml?redirectPage=%2Fdataset.xhtml%3FpersistentId%3Ddoi%3A10.34691%2FFK2%2F3MKG5N"
level=error msg="cdp.Runtime: Evaluate: rpc error: Inspected target navigated or closed (code = -32000)" issue="converting json ld" url="https://datos.uchile.cl/loginpage.xhtml?redirectPage=%2Fdataset.xhtml%3FpersistentId%3Ddoi%3A10.34691%2FFK2%2F3MKG5N"
level=error msg="cdp.Runtime: Evaluate: rpc error: Inspected target navigated or closed (code = -32000)" issue="Headless Evaluate" url="https://datos.uchile.cl/loginpage.xhtml?redirectPage=%2Fdataverse.xhtml%3Falias%3DFO"
level=error msg="cdp.Runtime: Evaluate: rpc error: Inspected target navigated or closed (code = -32000)" issue="converting json ld" url="https://datos.uchile.cl/loginpage.xhtml?redirectPage=%2Fdataset.xhtml%3FpersistentId%3Ddoi%3A10.34691%2FFK2%2FUMWJDU"
level=error msg="cdp.Runtime: Evaluate: rpc error: Inspected target navigated or closed (code = -32000)" issue="converting json ld" url="https://datos.uchile.cl/loginpage.xhtml?redirectPage=%2Fdataverse.xhtml%3Falias%3DFO"
level=error msg="cdp.Runtime: Evaluate: rpc error: Inspected target navigated or closed (code = -32000)" issue="Headless Evaluate" url="https://datos.uchile.cl/loginpage.xhtml?redirectPage=%2Fdataset.xhtml%3FpersistentId%3Ddoi%3A10.34691%2FFK2%2FSX58LI"
level=error msg="cdp.Runtime: Evaluate: rpc error: Inspected target navigated or closed (code = -32000)" issue="converting json ld" url="https://datos.uchile.cl/loginpage.xhtml?redirectPage=%2Fdataset.xhtml%3FpersistentId%3Ddoi%3A10.34691%2FFK2%2FSX58LI"
level=error msg="cdp.Runtime: Evaluate: rpc error: Inspected target navigated or closed (code = -32000)" issue="Headless Evaluate" url="https://datos.uchile.cl/dataverse.xhtml?alias=FM"
level=error msg="cdp.Runtime: Evaluate: rpc error: Inspected target navigated or closed (code = -32000)" issue="converting json ld" url="https://datos.uchile.cl/dataverse.xhtml?alias=FM"
level=error contentType="Direct access failed, trying headless']" url="https://datos.uchile.cl/loginpage.xhtml?redirectPage=%2Fdataverse.xhtml%3Falias%3DFEN"
level=error contentType="Direct access failed, trying headless']" url="https://datos.uchile.cl/loginpage.xhtml?redirectPage=%2Fdataverse.xhtml%3Falias%3DFM"
level=error msg="cdp.Runtime: Evaluate: rpc error: Inspected target navigated or closed (code = -32000)" issue="Headless Evaluate" url="https://datos.uchile.cl/loginpage.xhtml?redirectPage=%2Fdataverse.xhtml%3Falias%3DFEN"
level=error msg="cdp.Runtime: Evaluate: rpc error: Inspected target navigated or closed (code = -32000)" issue="converting json ld" url="https://datos.uchile.cl/loginpage.xhtml?redirectPage=%2Fdataverse.xhtml%3Falias%3DFEN"
level=error msg="cdp.Runtime: Evaluate: rpc error: Inspected target navigated or closed (code = -32000)" issue="Headless Evaluate" url="https://datos.uchile.cl/loginpage.xhtml?redirectPage=%2Fdataverse.xhtml%3Falias%3DFM"
level=error msg="cdp.Runtime: Evaluate: rpc error: Inspected target navigated or closed (code = -32000)" issue="converting json ld" url="https://datos.uchile.cl/loginpage.xhtml?redirectPage=%2Fdataverse.xhtml%3Falias%3DFM"
level=error contentType="Direct access failed, trying headless']" url="https://datos.uchile.cl"
level=error contentType="Direct access failed, trying headless']" url="https://datos.uchile.cl/loginpage.xhtml?redirectPage=%2Fdataverse.xhtml"
level=error msg="cdp.Runtime: Evaluate: rpc error: Inspected target navigated or closed (code = -32000)" issue="Headless Evaluate" url="https://datos.uchile.cl"
level=error msg="cdp.Runtime: Evaluate: rpc error: Inspected target navigated or closed (code = -32000)" issue="Headless Evaluate" url="https://datos.uchile.cl/loginpage.xhtml?redirectPage=%2Fdataverse.xhtml"
level=error msg="cdp.Runtime: Evaluate: rpc error: Inspected target navigated or closed (code = -32000)" issue="converting json ld" url="https://datos.uchile.cl"
level=error msg="cdp.Runtime: Evaluate: rpc error: Inspected target navigated or closed (code = -32000)" issue="converting json ld" url="https://datos.uchile.cl/loginpage.xhtml?redirectPage=%2Fdataverse.xhtml"
level=error contentType="Direct access failed, trying headless']" url="https://datos.uchile.cl/loginpage.xhtml?redirectPage=%2Fdataset.xhtml%3FpersistentId%3Ddoi%3A10.34691%2FFK2%2F9SGXZG"
level=error contentType="Direct access failed, trying headless']" url="https://datos.uchile.cl/loginpage.xhtml?redirectPage=%2Fdataset.xhtml%3FpersistentId%3Ddoi%3A10.34691%2FFK2%2FANOKLO"
level=error contentType="Direct access failed, trying headless']" url="https://datos.uchile.cl/dataverse/FO"
level=error contentType="Direct access failed, trying headless']" url="https://datos.uchile.cl/dataverse/FM"
level=error msg="cdp.Runtime: Evaluate: rpc error: Inspected target navigated or closed (code = -32000)" issue="Headless Evaluate" url="https://datos.uchile.cl/loginpage.xhtml?redirectPage=%2Fdataset.xhtml%3FpersistentId%3Ddoi%3A10.34691%2FFK2%2F9SGXZG"
level=error msg="cdp.Runtime: Evaluate: rpc error: Inspected target navigated or closed (code = -32000)" issue="converting json ld" url="https://datos.uchile.cl/loginpage.xhtml?redirectPage=%2Fdataset.xhtml%3FpersistentId%3Ddoi%3A10.34691%2FFK2%2F9SGXZG"
level=error msg="cdp.Runtime: Evaluate: rpc error: Inspected target navigated or closed (code = -32000)" issue="Headless Evaluate" url="https://datos.uchile.cl/dataverse/FO"
level=error msg="cdp.Runtime: Evaluate: rpc error: Inspected target navigated or closed (code = -32000)" issue="Headless Evaluate" url="https://datos.uchile.cl/dataverse/FM"
level=error msg="cdp.Runtime: Evaluate: rpc error: Inspected target navigated or closed (code = -32000)" issue="converting json ld" url="https://datos.uchile.cl/dataverse/FO"
level=error msg="cdp.Runtime: Evaluate: rpc error: Inspected target navigated or closed (code = -32000)" issue="Headless Evaluate" url="https://datos.uchile.cl/loginpage.xhtml?redirectPage=%2Fdataset.xhtml%3FpersistentId%3Ddoi%3A10.34691%2FFK2%2FANOKLO"
level=error msg="cdp.Runtime: Evaluate: rpc error: Inspected target navigated or closed (code = -32000)" issue="converting json ld" url="https://datos.uchile.cl/loginpage.xhtml?redirectPage=%2Fdataset.xhtml%3FpersistentId%3Ddoi%3A10.34691%2FFK2%2FANOKLO"
level=error msg="cdp.Runtime: Evaluate: rpc error: Inspected target navigated or closed (code = -32000)" issue="converting json ld" url="https://datos.uchile.cl/dataverse/FM"
level=error contentType="Direct access failed, trying headless']" url="https://datos.uchile.cl/dataverse/FEN"
level=error contentType="Direct access failed, trying headless']" url="https://datos.uchile.cl/dataverse/FCVP"
level=error contentType="Direct access failed, trying headless']" url="https://datos.uchile.cl/dataverse/FD"
level=error contentType="Direct access failed, trying headless']" url="https://datos.uchile.cl/dataverse/FCA"
level=error contentType="Direct access failed, trying headless']" url="https://datos.uchile.cl/dataverse/FCS"
level=error msg="cdp.Runtime: Evaluate: rpc error: Inspected target navigated or closed (code = -32000)" issue="Headless Evaluate" url="https://datos.uchile.cl/dataverse/FD"
level=error msg="cdp.Runtime: Evaluate: rpc error: Inspected target navigated or closed (code = -32000)" issue="converting json ld" url="https://datos.uchile.cl/dataverse/FD"
level=error msg="cdp.Runtime: Evaluate: rpc error: Inspected target navigated or closed (code = -32000)" issue="Headless Evaluate" url="https://datos.uchile.cl/dataverse/FCS"
level=error msg="cdp.Runtime: Evaluate: rpc error: Inspected target navigated or closed (code = -32000)" issue="converting json ld" url="https://datos.uchile.cl/dataverse/FCS"
level=error msg="cdp.Runtime: Evaluate: rpc error: Inspected target navigated or closed (code = -32000)" issue="Headless Evaluate" url="https://datos.uchile.cl/dataverse/FEN"
level=error msg="cdp.Runtime: Evaluate: rpc error: Inspected target navigated or closed (code = -32000)" issue="Headless Evaluate" url="https://datos.uchile.cl/dataverse/FCVP"
level=error msg="cdp.Runtime: Evaluate: rpc error: Inspected target navigated or closed (code = -32000)" issue="Headless Evaluate" url="https://datos.uchile.cl/dataverse/FCA"
level=error msg="cdp.Runtime: Evaluate: rpc error: Inspected target navigated or closed (code = -32000)" issue="converting json ld" url="https://datos.uchile.cl/dataverse/FCA"
level=error msg="cdp.Runtime: Evaluate: rpc error: Inspected target navigated or closed (code = -32000)" issue="converting json ld" url="https://datos.uchile.cl/dataverse/FEN"
level=error msg="cdp.Runtime: Evaluate: rpc error: Inspected target navigated or closed (code = -32000)" issue="converting json ld" url="https://datos.uchile.cl/dataverse/FCVP"
level=error contentType="Direct access failed, trying headless']" url="https://datos.uchile.cl/dataverse/FFH"
level=error contentType="Direct access failed, trying headless']" url="https://datos.uchile.cl/dataverse/FCF"
level=error contentType="Direct access failed, trying headless']" url="https://datos.uchile.cl/loginpage.xhtml?redirectPage=%2Fdataset.xhtml%3FpersistentId%3Ddoi%3A10.34691%2FFK2%2FSSBIIT"
level=error contentType="Direct access failed, trying headless']" url="https://datos.uchile.cl/loginpage.xhtml?redirectPage=%2Fdataset.xhtml%3FpersistentId%3Ddoi%3A10.34691%2FFK2%2FVENURN"
level=error contentType="Direct access failed, trying headless']" url="https://datos.uchile.cl/loginpage.xhtml?redirectPage=%2Fdataset.xhtml%3FpersistentId%3Ddoi%3A10.34691%2FFK2%2FFZXT1Z"
level=error msg="cdp.Runtime: Evaluate: rpc error: Inspected target navigated or closed (code = -32000)" issue="Headless Evaluate" url="https://datos.uchile.cl/dataverse/FFH"
level=error msg="cdp.Runtime: Evaluate: rpc error: Inspected target navigated or closed (code = -32000)" issue="Headless Evaluate" url="https://datos.uchile.cl/dataverse/FCF"
level=error msg="cdp.Runtime: Evaluate: rpc error: Inspected target navigated or closed (code = -32000)" issue="converting json ld" url="https://datos.uchile.cl/dataverse/FCF"
level=error msg="cdp.Runtime: Evaluate: rpc error: Inspected target navigated or closed (code = -32000)" issue="converting json ld" url="https://datos.uchile.cl/dataverse/FFH"
level=error contentType="Direct access failed, trying headless']" url="https://datos.uchile.cl/loginpage.xhtml?redirectPage=%2Fdataset.xhtml%3FpersistentId%3Ddoi%3A10.34691%2FFK2%2FC3X8AE"
level=error contentType="Direct access failed, trying headless']" url="https://datos.uchile.cl/loginpage.xhtml?redirectPage=%2Fdataset.xhtml%3FpersistentId%3Ddoi%3A10.34691%2FFK2%2FSQGMND"
level=error msg="cdp.Runtime: Evaluate: rpc error: Execution context was destroyed. (code = -32000)" issue="Headless Evaluate" url="https://datos.uchile.cl/loginpage.xhtml?redirectPage=%2Fdataset.xhtml%3FpersistentId%3Ddoi%3A10.34691%2FFK2%2FVENURN"
level=error msg="cdp.Runtime: Evaluate: rpc error: Execution context was destroyed. (code = -32000)" issue="converting json ld" url="https://datos.uchile.cl/loginpage.xhtml?redirectPage=%2Fdataset.xhtml%3FpersistentId%3Ddoi%3A10.34691%2FFK2%2FVENURN"
level=error msg="cdp.Runtime: Evaluate: rpc error: Execution context was destroyed. (code = -32000)" issue="Headless Evaluate" url="https://datos.uchile.cl/loginpage.xhtml?redirectPage=%2Fdataset.xhtml%3FpersistentId%3Ddoi%3A10.34691%2FFK2%2FC3X8AE"
level=error msg="cdp.Runtime: Evaluate: rpc error: Execution context was destroyed. (code = -32000)" issue="converting json ld" url="https://datos.uchile.cl/loginpage.xhtml?redirectPage=%2Fdataset.xhtml%3FpersistentId%3Ddoi%3A10.34691%2FFK2%2FC3X8AE"
level=error msg="cdp.Runtime: Evaluate: rpc error: Execution context was destroyed. (code = -32000)" issue="Headless Evaluate" url="https://datos.uchile.cl/loginpage.xhtml?redirectPage=%2Fdataset.xhtml%3FpersistentId%3Ddoi%3A10.34691%2FFK2%2FFZXT1Z"
level=error msg="cdp.Runtime: Evaluate: rpc error: Execution context was destroyed. (code = -32000)" issue="Headless Evaluate" url="https://datos.uchile.cl/loginpage.xhtml?redirectPage=%2Fdataset.xhtml%3FpersistentId%3Ddoi%3A10.34691%2FFK2%2FSQGMND"
level=error msg="cdp.Runtime: Evaluate: rpc error: Execution context was destroyed. (code = -32000)" issue="Headless Evaluate" url="https://datos.uchile.cl/loginpage.xhtml?redirectPage=%2Fdataset.xhtml%3FpersistentId%3Ddoi%3A10.34691%2FFK2%2FSSBIIT"
level=error msg="cdp.Runtime: Evaluate: rpc error: Execution context was destroyed. (code = -32000)" issue="converting json ld" url="https://datos.uchile.cl/loginpage.xhtml?redirectPage=%2Fdataset.xhtml%3FpersistentId%3Ddoi%3A10.34691%2FFK2%2FFZXT1Z"
level=error msg="cdp.Runtime: Evaluate: rpc error: Execution context was destroyed. (code = -32000)" issue="converting json ld" url="https://datos.uchile.cl/loginpage.xhtml?redirectPage=%2Fdataset.xhtml%3FpersistentId%3Ddoi%3A10.34691%2FFK2%2FSSBIIT"
level=error msg="cdp.Runtime: Evaluate: rpc error: Execution context was destroyed. (code = -32000)" issue="converting json ld" url="https://datos.uchile.cl/loginpage.xhtml?redirectPage=%2Fdataset.xhtml%3FpersistentId%3Ddoi%3A10.34691%2FFK2%2FSQGMND"
level=error contentType="Direct access failed, trying headless']" url="https://datos.uchile.cl/loginpage.xhtml?redirectPage=%2Fdataset.xhtml%3FpersistentId%3Ddoi%3A10.34691%2FFK2%2FLCD55Q"
level=error contentType="Direct access failed, trying headless']" url="https://datos.uchile.cl/dataverse/FCFM"
level=error contentType="Direct access failed, trying headless']" url="https://datos.uchile.cl/dataverse/FC"
level=error contentType="Direct access failed, trying headless']" url="https://datos.uchile.cl/dataverse/FCQF"
level=error contentType="Direct access failed, trying headless']" url="https://datos.uchile.cl/dataverse/uchile"
level=error msg="cdp.Runtime: Evaluate: rpc error: Inspected target navigated or closed (code = -32000)" issue="Headless Evaluate" url="https://datos.uchile.cl/loginpage.xhtml?redirectPage=%2Fdataset.xhtml%3FpersistentId%3Ddoi%3A10.34691%2FFK2%2FLCD55Q"
level=error msg="cdp.Runtime: Evaluate: rpc error: Inspected target navigated or closed (code = -32000)" issue="converting json ld" url="https://datos.uchile.cl/loginpage.xhtml?redirectPage=%2Fdataset.xhtml%3FpersistentId%3Ddoi%3A10.34691%2FFK2%2FLCD55Q"
level=error msg="cdp.Runtime: Evaluate: rpc error: Inspected target navigated or closed (code = -32000)" issue="Headless Evaluate" url="https://datos.uchile.cl/dataverse/FC"
level=error msg="cdp.Runtime: Evaluate: rpc error: Inspected target navigated or closed (code = -32000)" issue="converting json ld" url="https://datos.uchile.cl/dataverse/FC"
level=error msg="cdp.Runtime: Evaluate: rpc error: Inspected target navigated or closed (code = -32000)" issue="Headless Evaluate" url="https://datos.uchile.cl/dataverse/uchile"
level=error msg="cdp.Runtime: Evaluate: rpc error: Inspected target navigated or closed (code = -32000)" issue="converting json ld" url="https://datos.uchile.cl/dataverse/uchile"
level=error msg="cdp.Runtime: Evaluate: rpc error: Inspected target navigated or closed (code = -32000)" issue="Headless Evaluate" url="https://datos.uchile.cl/dataverse/FCQF"
level=error msg="cdp.Runtime: Evaluate: rpc error: Inspected target navigated or closed (code = -32000)" issue="Headless Evaluate" url="https://datos.uchile.cl/dataverse/FCFM"
level=error msg="cdp.Runtime: Evaluate: rpc error: Inspected target navigated or closed (code = -32000)" issue="converting json ld" url="https://datos.uchile.cl/dataverse/FCQF"
level=error msg="cdp.Runtime: Evaluate: rpc error: Inspected target navigated or closed (code = -32000)" issue="converting json ld" url="https://datos.uchile.cl/dataverse/FCFM"
level=error contentType="Direct access failed, trying headless']" url="https://datos.uchile.cl/acerca.xhtml"
level=error contentType="Direct access failed, trying headless']" url="https://datos.uchile.cl/loginpage.xhtml?redirectPage=%2Fdataset.xhtml%3FpersistentId%3Ddoi%3A10.34691%2FFK2%2FQEZXKG"
level=error contentType="Direct access failed, trying headless']" url="https://datos.uchile.cl/dataverse.xhtml?alias=FCFM"
level=error contentType="Direct access failed, trying headless']" url="https://datos.uchile.cl/loginpage.xhtml?redirectPage=%2Fdataset.xhtml%3FpersistentId%3Ddoi%3A10.34691%2FFK2%2FNYDJ5T"
level=error contentType="Direct access failed, trying headless']" url="https://datos.uchile.cl/dataverse.xhtml?alias=FC"
level=error msg="cdp.Runtime: Evaluate: rpc error: Execution context was destroyed. (code = -32000)" issue="Headless Evaluate" url="https://datos.uchile.cl/loginpage.xhtml?redirectPage=%2Fdataset.xhtml%3FpersistentId%3Ddoi%3A10.34691%2FFK2%2FNYDJ5T"
level=error msg="cdp.Runtime: Evaluate: rpc error: Execution context was destroyed. (code = -32000)" issue="converting json ld" url="https://datos.uchile.cl/loginpage.xhtml?redirectPage=%2Fdataset.xhtml%3FpersistentId%3Ddoi%3A10.34691%2FFK2%2FNYDJ5T"
level=error msg="cdp.Runtime: Evaluate: rpc error: Execution context was destroyed. (code = -32000)" issue="Headless Evaluate" url="https://datos.uchile.cl/acerca.xhtml"
level=error msg="cdp.Runtime: Evaluate: rpc error: Execution context was destroyed. (code = -32000)" issue="Headless Evaluate" url="https://datos.uchile.cl/dataverse.xhtml?alias=FCFM"
level=error msg="cdp.Runtime: Evaluate: rpc error: Execution context was destroyed. (code = -32000)" issue="Headless Evaluate" url="https://datos.uchile.cl/loginpage.xhtml?redirectPage=%2Fdataset.xhtml%3FpersistentId%3Ddoi%3A10.34691%2FFK2%2FQEZXKG"
level=error msg="cdp.Runtime: Evaluate: rpc error: Execution context was destroyed. (code = -32000)" issue="converting json ld" url="https://datos.uchile.cl/loginpage.xhtml?redirectPage=%2Fdataset.xhtml%3FpersistentId%3Ddoi%3A10.34691%2FFK2%2FQEZXKG"
level=error msg="cdp.Runtime: Evaluate: rpc error: Execution context was destroyed. (code = -32000)" issue="converting json ld" url="https://datos.uchile.cl/dataverse.xhtml?alias=FCFM"
level=error msg="cdp.Runtime: Evaluate: rpc error: Execution context was destroyed. (code = -32000)" issue="Headless Evaluate" url="https://datos.uchile.cl/dataverse.xhtml?alias=FC"
level=error msg="cdp.Runtime: Evaluate: rpc error: Execution context was destroyed. (code = -32000)" issue="converting json ld" url="https://datos.uchile.cl/dataverse.xhtml?alias=FC"
level=error msg="cdp.Runtime: Evaluate: rpc error: Execution context was destroyed. (code = -32000)" issue="converting json ld" url="https://datos.uchile.cl/acerca.xhtml"
level=error contentType="Direct access failed, trying headless']" url="https://datos.uchile.cl/loginpage.xhtml?redirectPage=%2Fdataset.xhtml%3FpersistentId%3Ddoi%3A10.34691%2FFK2%2FULMNHV"
level=error contentType="Direct access failed, trying headless']" url="https://datos.uchile.cl/dataverse.xhtml?alias=FCA"
level=error contentType="Direct access failed, trying headless']" url="https://datos.uchile.cl/loginpage.xhtml?redirectPage=%2Fdataset.xhtml%3FpersistentId%3Ddoi%3A10.34691%2FFK2%2FIDDJWH"
level=error contentType="Direct access failed, trying headless']" url="https://datos.uchile.cl/loginpage.xhtml?redirectPage=%2Fdataset.xhtml%3FpersistentId%3Ddoi%3A10.34691%2FFK2%2FRJZUFC"
level=error msg="cdp.Runtime: Evaluate: rpc error: Inspected target navigated or closed (code = -32000)" issue="Headless Evaluate" url="https://datos.uchile.cl/dataverse.xhtml?alias=FCA"
level=error msg="cdp.Runtime: Evaluate: rpc error: Inspected target navigated or closed (code = -32000)" issue="converting json ld" url="https://datos.uchile.cl/dataverse.xhtml?alias=FCA"
level=error msg="cdp.Runtime: Evaluate: rpc error: Inspected target navigated or closed (code = -32000)" issue="Headless Evaluate" url="https://datos.uchile.cl/loginpage.xhtml?redirectPage=%2Fdataset.xhtml%3FpersistentId%3Ddoi%3A10.34691%2FFK2%2FIDDJWH"
level=error msg="cdp.Runtime: Evaluate: rpc error: Inspected target navigated or closed (code = -32000)" issue="Headless Evaluate" url="https://datos.uchile.cl/loginpage.xhtml?redirectPage=%2Fdataset.xhtml%3FpersistentId%3Ddoi%3A10.34691%2FFK2%2FRJZUFC"
level=error msg="cdp.Runtime: Evaluate: rpc error: Inspected target navigated or closed (code = -32000)" issue="Headless Evaluate" url="https://datos.uchile.cl/loginpage.xhtml?redirectPage=%2Fdataset.xhtml%3FpersistentId%3Ddoi%3A10.34691%2FFK2%2FULMNHV"
level=error msg="cdp.Runtime: Evaluate: rpc error: Inspected target navigated or closed (code = -32000)" issue="converting json ld" url="https://datos.uchile.cl/loginpage.xhtml?redirectPage=%2Fdataset.xhtml%3FpersistentId%3Ddoi%3A10.34691%2FFK2%2FULMNHV"
level=error msg="cdp.Runtime: Evaluate: rpc error: Inspected target navigated or closed (code = -32000)" issue="converting json ld" url="https://datos.uchile.cl/loginpage.xhtml?redirectPage=%2Fdataset.xhtml%3FpersistentId%3Ddoi%3A10.34691%2FFK2%2FIDDJWH"
level=error msg="cdp.Runtime: Evaluate: rpc error: Inspected target navigated or closed (code = -32000)" issue="converting json ld" url="https://datos.uchile.cl/loginpage.xhtml?redirectPage=%2Fdataset.xhtml%3FpersistentId%3Ddoi%3A10.34691%2FFK2%2FRJZUFC"
