level=info msg="Queuing URLs for asulrdr"
level=info msg="URL Count 76"
level=info contentType="script[type='application/ld+json']" url="https://dataverse.asu.edu/dataset.xhtml?persistentId=doi:10.48349/ASU/OYZWEK"
level=info contentType="script[type='application/ld+json']" url="https://dataverse.asu.edu/dataset.xhtml?persistentId=doi:10.48349/ASU/PMZYMS"
level=info contentType="script[type='application/ld+json']" url="https://dataverse.asu.edu/dataset.xhtml?persistentId=doi:10.48349/ASU/NFY27T"
level=info contentType="script[type='application/ld+json']" url="https://dataverse.asu.edu/dataset.xhtml?persistentId=doi:10.48349/ASU/YU8JW5"
level=info contentType="script[type='application/ld+json']" url="https://dataverse.asu.edu/dataset.xhtml?persistentId=doi:10.48349/ASU/BZUZDE"
level=info contentType="script[type='application/ld+json']" url="https://dataverse.asu.edu/dataset.xhtml?persistentId=doi:10.48349/ASU/KM2QZQ"
level=info contentType="script[type='application/ld+json']" url="https://dataverse.asu.edu/dataset.xhtml?persistentId=doi:10.48349/ASU/DQLNHM"
level=info contentType="script[type='application/ld+json']" url="https://dataverse.asu.edu/dataset.xhtml?persistentId=doi:10.48349/ASU/LTWBGY"
level=info contentType="script[type='application/ld+json']" url="https://dataverse.asu.edu/dataset.xhtml?persistentId=doi:10.48349/ASU/ZTW1HN"
level=info contentType="script[type='application/ld+json']" url="https://dataverse.asu.edu/dataset.xhtml?persistentId=doi:10.48349/ASU/XJC8CU"
level=info contentType="script[type='application/ld+json']" url="https://dataverse.asu.edu/dataset.xhtml?persistentId=doi:10.48349/ASU/2T05EL"
level=info contentType="script[type='application/ld+json']" url="https://dataverse.asu.edu/dataset.xhtml?persistentId=doi:10.48349/ASU/HGUZA6"
level=info contentType="script[type='application/ld+json']" url="https://dataverse.asu.edu/dataset.xhtml?persistentId=doi:10.48349/ASU/BCHZPR"
level=info contentType="script[type='application/ld+json']" url="https://dataverse.asu.edu/dataset.xhtml?persistentId=doi:10.48349/ASU/ZCEM6W"
level=info contentType="script[type='application/ld+json']" url="https://dataverse.asu.edu/dataset.xhtml?persistentId=doi:10.48349/ASU/TM7DGM"
level=info contentType="script[type='application/ld+json']" url="https://dataverse.asu.edu/dataset.xhtml?persistentId=doi:10.48349/ASU/ZCLKT6"
level=info contentType="script[type='application/ld+json']" url="https://dataverse.asu.edu/dataset.xhtml?persistentId=doi:10.48349/ASU/OYUE7S"
level=info contentType="script[type='application/ld+json']" url="https://dataverse.asu.edu/dataset.xhtml?persistentId=doi:10.48349/ASU/9O5TIA"
level=info contentType="script[type='application/ld+json']" url="https://dataverse.asu.edu/dataset.xhtml?persistentId=doi:10.48349/ASU/NJOZNU"
level=info contentType="script[type='application/ld+json']" url="https://dataverse.asu.edu/dataset.xhtml?persistentId=doi:10.48349/ASU/WLV8JA"
level=info contentType="script[type='application/ld+json']" url="https://dataverse.asu.edu/dataset.xhtml?persistentId=doi:10.48349/ASU/9CXRSE"
level=info contentType="script[type='application/ld+json']" url="https://dataverse.asu.edu/dataset.xhtml?persistentId=doi:10.48349/ASU/SCXUIW"
level=info contentType="script[type='application/ld+json']" url="https://dataverse.asu.edu/dataset.xhtml?persistentId=doi:10.48349/ASU/QXXWGP"
level=info contentType="script[type='application/ld+json']" url="https://dataverse.asu.edu/dataset.xhtml?persistentId=doi:10.48349/ASU/VXNSFX"
level=info contentType="script[type='application/ld+json']" url="https://dataverse.asu.edu/dataset.xhtml?persistentId=doi:10.48349/ASU/KKXMSF"
level=info contentType="script[type='application/ld+json']" url="https://dataverse.asu.edu/dataset.xhtml?persistentId=doi:10.48349/ASU/XTOIAD"
level=info contentType="script[type='application/ld+json']" url="https://dataverse.asu.edu/dataset.xhtml?persistentId=doi:10.48349/ASU/VPO9LD"
level=info contentType="script[type='application/ld+json']" url="https://dataverse.asu.edu/dataset.xhtml?persistentId=doi:10.48349/ASU/UKDZ2U"
level=info contentType="script[type='application/ld+json']" url="https://dataverse.asu.edu/dataset.xhtml?persistentId=doi:10.48349/ASU/QDQ4MH"
level=info contentType="script[type='application/ld+json']" url="https://dataverse.asu.edu/dataset.xhtml?persistentId=doi:10.48349/ASU/236AXE"
level=info contentType="script[type='application/ld+json']" url="https://dataverse.asu.edu/dataset.xhtml?persistentId=doi:10.48349/ASU/QWLFOQ"
level=info contentType="script[type='application/ld+json']" url="https://dataverse.asu.edu/dataset.xhtml?persistentId=doi:10.48349/ASU/PMLVXF"
level=info contentType="script[type='application/ld+json']" url="https://dataverse.asu.edu/dataset.xhtml?persistentId=doi:10.48349/ASU/HT5FHV"
level=info contentType="script[type='application/ld+json']" url="https://dataverse.asu.edu/dataset.xhtml?persistentId=doi:10.48349/ASU/IKNUHC"
level=info contentType="script[type='application/ld+json']" url="https://dataverse.asu.edu/dataset.xhtml?persistentId=doi:10.48349/ASU/ADCSRW"
level=info contentType="script[type='application/ld+json']" url="https://dataverse.asu.edu/dataset.xhtml?persistentId=doi:10.48349/ASU/MG6SKZ"
level=info contentType="script[type='application/ld+json']" url="https://dataverse.asu.edu/dataset.xhtml?persistentId=doi:10.48349/ASU/3TYXZI"
level=info contentType="script[type='application/ld+json']" url="https://dataverse.asu.edu/dataset.xhtml?persistentId=doi:10.48349/ASU/Z7J25S"
level=info contentType="script[type='application/ld+json']" url="https://dataverse.asu.edu/dataset.xhtml?persistentId=doi:10.48349/ASU/TCJR5Z"
level=info contentType="script[type='application/ld+json']" url="https://dataverse.asu.edu/dataset.xhtml?persistentId=doi:10.48349/ASU/6WN9SK"
level=info contentType="script[type='application/ld+json']" url="https://dataverse.asu.edu/dataset.xhtml?persistentId=doi:10.48349/ASU/YXUSKY"
level=info contentType="script[type='application/ld+json']" url="https://dataverse.asu.edu/dataset.xhtml?persistentId=doi:10.48349/ASU/HKIT4E"
level=info contentType="script[type='application/ld+json']" url="https://dataverse.asu.edu/dataset.xhtml?persistentId=doi:10.48349/ASU/MLH3ON"
level=info contentType="script[type='application/ld+json']" url="https://dataverse.asu.edu/dataset.xhtml?persistentId=doi:10.48349/ASU/XPISIW"
level=info contentType="script[type='application/ld+json']" url="https://dataverse.asu.edu/dataset.xhtml?persistentId=doi:10.48349/ASU/MBVW12"
level=info contentType="script[type='application/ld+json']" url="https://dataverse.asu.edu/dataset.xhtml?persistentId=doi:10.48349/ASU/BDPBSY"
level=info contentType="script[type='application/ld+json']" url="https://dataverse.asu.edu/dataset.xhtml?persistentId=doi:10.48349/ASU/Y4G9C4"
level=info contentType="script[type='application/ld+json']" url="https://dataverse.asu.edu/dataset.xhtml?persistentId=doi:10.48349/ASU/8PHIUK"
level=info contentType="script[type='application/ld+json']" url="https://dataverse.asu.edu/dataset.xhtml?persistentId=doi:10.48349/ASU/2HMYON"
level=info contentType="script[type='application/ld+json']" url="https://dataverse.asu.edu/dataset.xhtml?persistentId=doi:10.48349/ASU/FWMFSV"
level=info contentType="script[type='application/ld+json']" url="https://dataverse.asu.edu/dataset.xhtml?persistentId=doi:10.48349/ASU/QO7BTC"
level=info contentType="script[type='application/ld+json']" url="https://dataverse.asu.edu/dataset.xhtml?persistentId=doi:10.48349/ASU/GPDIR5"
level=info contentType="script[type='application/ld+json']" url="https://dataverse.asu.edu/dataset.xhtml?persistentId=doi:10.48349/ASU/IOLBBO"
level=info contentType="script[type='application/ld+json']" url="https://dataverse.asu.edu/dataset.xhtml?persistentId=doi:10.48349/ASU/2J9R9H"
level=info contentType="script[type='application/ld+json']" url="https://dataverse.asu.edu/dataset.xhtml?persistentId=doi:10.48349/ASU/BUAU3E"
level=info contentType="script[type='application/ld+json']" url="https://dataverse.asu.edu/dataset.xhtml?persistentId=doi:10.48349/ASU/46JWEX"
