level=error msg="Get \"https://dataverse-dev2.lib.umanitoba.ca/dataverse/sapphometadata\": dial tcp: lookup dataverse-dev2.lib.umanitoba.ca: no such host" url="https://dataverse-dev2.lib.umanitoba.ca/dataverse/sapphometadata"
level=error msg="Get \"https://dataverse-dev2.lib.umanitoba.ca/dataverse/calisr\": dial tcp: lookup dataverse-dev2.lib.umanitoba.ca: no such host" url="https://dataverse-dev2.lib.umanitoba.ca/dataverse/calisr"
level=error msg="Get \"https://dataverse-dev2.lib.umanitoba.ca/dataverse/driedfishmatters\": dial tcp: lookup dataverse-dev2.lib.umanitoba.ca: no such host" url="https://dataverse-dev2.lib.umanitoba.ca/dataverse/driedfishmatters"
level=error msg="Get \"https://dataverse-dev2.lib.umanitoba.ca/dataverse/fmosallat\": dial tcp: lookup dataverse-dev2.lib.umanitoba.ca: no such host" url="https://dataverse-dev2.lib.umanitoba.ca/dataverse/fmosallat"
level=error msg="Get \"https://dataverse-dev2.lib.umanitoba.ca/dataverse/testlib\": dial tcp: lookup dataverse-dev2.lib.umanitoba.ca: no such host" url="https://dataverse-dev2.lib.umanitoba.ca/dataverse/testlib"
level=error msg="Get \"https://dataverse-dev2.lib.umanitoba.ca/dataverse/HGFMM\": dial tcp: lookup dataverse-dev2.lib.umanitoba.ca: no such host" url="https://dataverse-dev2.lib.umanitoba.ca/dataverse/HGFMM"
level=error msg="Get \"https://dataverse-dev2.lib.umanitoba.ca/dataverse/iguanaxrays\": dial tcp: lookup dataverse-dev2.lib.umanitoba.ca: no such host" url="https://dataverse-dev2.lib.umanitoba.ca/dataverse/iguanaxrays"
level=error msg="Get \"https://dataverse-dev2.lib.umanitoba.ca/dataverse/JEAC2C12\": dial tcp: lookup dataverse-dev2.lib.umanitoba.ca: no such host" url="https://dataverse-dev2.lib.umanitoba.ca/dataverse/JEAC2C12"
level=error msg="Get \"https://dataverse-dev2.lib.umanitoba.ca/dataverse/libassessment\": dial tcp: lookup dataverse-dev2.lib.umanitoba.ca: no such host" url="https://dataverse-dev2.lib.umanitoba.ca/dataverse/libassessment"
level=error msg="Get \"https://dataverse-dev2.lib.umanitoba.ca/dataverse/mincome\": dial tcp: lookup dataverse-dev2.lib.umanitoba.ca: no such host" url="https://dataverse-dev2.lib.umanitoba.ca/dataverse/mincome"
level=error msg="Get \"https://dataverse-dev2.lib.umanitoba.ca/dataverse/Codebooks\": dial tcp: lookup dataverse-dev2.lib.umanitoba.ca: no such host" url="https://dataverse-dev2.lib.umanitoba.ca/dataverse/Codebooks"
level=error msg="Get \"https://dataverse-dev2.lib.umanitoba.ca/dataverse/Mincome_Data\": dial tcp: lookup dataverse-dev2.lib.umanitoba.ca: no such host" url="https://dataverse-dev2.lib.umanitoba.ca/dataverse/Mincome_Data"
level=error msg="Get \"https://dataverse-dev2.lib.umanitoba.ca/dataverse/MincomeTechDocs\": dial tcp: lookup dataverse-dev2.lib.umanitoba.ca: no such host" url="https://dataverse-dev2.lib.umanitoba.ca/dataverse/MincomeTechDocs"
level=error msg="Get \"https://dataverse-dev2.lib.umanitoba.ca/dataverse/doitest-delete-it\": dial tcp: lookup dataverse-dev2.lib.umanitoba.ca: no such host" url="https://dataverse-dev2.lib.umanitoba.ca/dataverse/doitest-delete-it"
level=error msg="Get \"https://dataverse-dev2.lib.umanitoba.ca/dataverse/nonverbal\": dial tcp: lookup dataverse-dev2.lib.umanitoba.ca: no such host" url="https://dataverse-dev2.lib.umanitoba.ca/dataverse/nonverbal"
level=error msg="Get \"https://dataverse-dev2.lib.umanitoba.ca/dataverse/ASPjakobson\": dial tcp: lookup dataverse-dev2.lib.umanitoba.ca: no such host" url="https://dataverse-dev2.lib.umanitoba.ca/dataverse/ASPjakobson"
level=error msg="Get \"https://dataverse-dev2.lib.umanitoba.ca/dataverse/alexithymiasps\": dial tcp: lookup dataverse-dev2.lib.umanitoba.ca: no such host" url="https://dataverse-dev2.lib.umanitoba.ca/dataverse/alexithymiasps"
level=error msg="Get \"https://dataverse-dev2.lib.umanitoba.ca/dataverse/aslproject\": dial tcp: lookup dataverse-dev2.lib.umanitoba.ca: no such host" url="https://dataverse-dev2.lib.umanitoba.ca/dataverse/aslproject"
level=error msg="Get \"https://dataverse-dev2.lib.umanitoba.ca/dataverse/RamsdenSarah\": dial tcp: lookup dataverse-dev2.lib.umanitoba.ca: no such host" url="https://dataverse-dev2.lib.umanitoba.ca/dataverse/RamsdenSarah"
level=error msg="Get \"https://dataverse-dev2.lib.umanitoba.ca/dataverse/canresuniversity\": dial tcp: lookup dataverse-dev2.lib.umanitoba.ca: no such host" url="https://dataverse-dev2.lib.umanitoba.ca/dataverse/canresuniversity"
level=error msg="Get \"https://dataverse-dev2.lib.umanitoba.ca/dataverse/Research\": dial tcp: lookup dataverse-dev2.lib.umanitoba.ca: no such host" url="https://dataverse-dev2.lib.umanitoba.ca/dataverse/Research"
level=error msg="Get \"https://dataverse-dev2.lib.umanitoba.ca/dataset.xhtml?persistentId=doi:10.34990/FK2/UEECDM\": dial tcp: lookup dataverse-dev2.lib.umanitoba.ca: no such host" url="https://dataverse-dev2.lib.umanitoba.ca/dataset.xhtml?persistentId=doi:10.34990/FK2/UEECDM"
level=error msg="Get \"https://dataverse-dev2.lib.umanitoba.ca/dataverse/spaceexp2015\": dial tcp: lookup dataverse-dev2.lib.umanitoba.ca: no such host" url="https://dataverse-dev2.lib.umanitoba.ca/dataverse/spaceexp2015"
level=error msg="Get \"https://dataverse-dev2.lib.umanitoba.ca/dataverse/jordantest\": dial tcp: lookup dataverse-dev2.lib.umanitoba.ca: no such host" url="https://dataverse-dev2.lib.umanitoba.ca/dataverse/jordantest"
level=error msg="Get \"https://dataverse-dev2.lib.umanitoba.ca/dataverse/test_004\": dial tcp: lookup dataverse-dev2.lib.umanitoba.ca: no such host" url="https://dataverse-dev2.lib.umanitoba.ca/dataverse/test_004"
level=error msg="Get \"https://dataverse-dev2.lib.umanitoba.ca/dataverse/umarchives\": dial tcp: lookup dataverse-dev2.lib.umanitoba.ca: no such host" url="https://dataverse-dev2.lib.umanitoba.ca/dataverse/umarchives"
level=error msg="Get \"https://dataverse-dev2.lib.umanitoba.ca/dataverse/um\": dial tcp: lookup dataverse-dev2.lib.umanitoba.ca: no such host" url="https://dataverse-dev2.lib.umanitoba.ca/dataverse/um"
level=error msg="Get \"https://dataverse-dev2.lib.umanitoba.ca/dataset.xhtml?persistentId=doi:10.5203/FK2/NMBOBM\": dial tcp: lookup dataverse-dev2.lib.umanitoba.ca: no such host" url="https://dataverse-dev2.lib.umanitoba.ca/dataset.xhtml?persistentId=doi:10.5203/FK2/NMBOBM"
level=error msg="Get \"https://dataverse-dev2.lib.umanitoba.ca/dataset.xhtml?persistentId=doi:10.5203/FK2/XLOXQF\": dial tcp: lookup dataverse-dev2.lib.umanitoba.ca: no such host" url="https://dataverse-dev2.lib.umanitoba.ca/dataset.xhtml?persistentId=doi:10.5203/FK2/XLOXQF"
level=error msg="Get \"https://dataverse-dev2.lib.umanitoba.ca/dataset.xhtml?persistentId=doi:10.5203/FK2/XAGGJT\": dial tcp: lookup dataverse-dev2.lib.umanitoba.ca: no such host" url="https://dataverse-dev2.lib.umanitoba.ca/dataset.xhtml?persistentId=doi:10.5203/FK2/XAGGJT"
level=error msg="Get \"https://dataverse-dev2.lib.umanitoba.ca/dataset.xhtml?persistentId=doi:10.5203/FK2/VPZILS\": dial tcp: lookup dataverse-dev2.lib.umanitoba.ca: no such host" url="https://dataverse-dev2.lib.umanitoba.ca/dataset.xhtml?persistentId=doi:10.5203/FK2/VPZILS"
level=error msg="Get \"https://dataverse-dev2.lib.umanitoba.ca/dataset.xhtml?persistentId=doi:10.5203/FK2/BWRHBQ\": dial tcp: lookup dataverse-dev2.lib.umanitoba.ca: no such host" url="https://dataverse-dev2.lib.umanitoba.ca/dataset.xhtml?persistentId=doi:10.5203/FK2/BWRHBQ"
level=error msg="Get \"https://dataverse-dev2.lib.umanitoba.ca/dataset.xhtml?persistentId=doi:10.5203/FK2/UYWPHK\": dial tcp: lookup dataverse-dev2.lib.umanitoba.ca: no such host" url="https://dataverse-dev2.lib.umanitoba.ca/dataset.xhtml?persistentId=doi:10.5203/FK2/UYWPHK"
level=error msg="Get \"https://dataverse-dev2.lib.umanitoba.ca/dataset.xhtml?persistentId=doi:10.5203/FK2/Q1VF86\": dial tcp: lookup dataverse-dev2.lib.umanitoba.ca: no such host" url="https://dataverse-dev2.lib.umanitoba.ca/dataset.xhtml?persistentId=doi:10.5203/FK2/Q1VF86"
level=error msg="Get \"https://dataverse-dev2.lib.umanitoba.ca/dataset.xhtml?persistentId=doi:10.5203/FK2/AXLATZ\": dial tcp: lookup dataverse-dev2.lib.umanitoba.ca: no such host" url="https://dataverse-dev2.lib.umanitoba.ca/dataset.xhtml?persistentId=doi:10.5203/FK2/AXLATZ"
level=error msg="Get \"https://dataverse-dev2.lib.umanitoba.ca/dataset.xhtml?persistentId=doi:10.5203/FK2/KJCFS0\": dial tcp: lookup dataverse-dev2.lib.umanitoba.ca: no such host" url="https://dataverse-dev2.lib.umanitoba.ca/dataset.xhtml?persistentId=doi:10.5203/FK2/KJCFS0"
level=error msg="Get \"https://dataverse-dev2.lib.umanitoba.ca/dataset.xhtml?persistentId=doi:10.5203/FK2/IHA3UI\": dial tcp: lookup dataverse-dev2.lib.umanitoba.ca: no such host" url="https://dataverse-dev2.lib.umanitoba.ca/dataset.xhtml?persistentId=doi:10.5203/FK2/IHA3UI"
level=error msg="Get \"https://dataverse-dev2.lib.umanitoba.ca/dataset.xhtml?persistentId=doi:10.5203/FK2/JE9UGG\": dial tcp: lookup dataverse-dev2.lib.umanitoba.ca: no such host" url="https://dataverse-dev2.lib.umanitoba.ca/dataset.xhtml?persistentId=doi:10.5203/FK2/JE9UGG"
level=error msg="Get \"https://dataverse-dev2.lib.umanitoba.ca/dataset.xhtml?persistentId=doi:10.5203/FK2/9XJUGP\": dial tcp: lookup dataverse-dev2.lib.umanitoba.ca: no such host" url="https://dataverse-dev2.lib.umanitoba.ca/dataset.xhtml?persistentId=doi:10.5203/FK2/9XJUGP"
level=error msg="Get \"https://dataverse-dev2.lib.umanitoba.ca/dataset.xhtml?persistentId=doi:10.5203/FK2/YCCBMI\": dial tcp: lookup dataverse-dev2.lib.umanitoba.ca: no such host" url="https://dataverse-dev2.lib.umanitoba.ca/dataset.xhtml?persistentId=doi:10.5203/FK2/YCCBMI"
level=error msg="Get \"https://dataverse-dev2.lib.umanitoba.ca/dataset.xhtml?persistentId=doi:10.5203/FK2/YDGFHH\": dial tcp: lookup dataverse-dev2.lib.umanitoba.ca: no such host" url="https://dataverse-dev2.lib.umanitoba.ca/dataset.xhtml?persistentId=doi:10.5203/FK2/YDGFHH"
level=error msg="Get \"https://dataverse-dev2.lib.umanitoba.ca/dataset.xhtml?persistentId=doi:10.5203/FK2/EU7QKS\": dial tcp: lookup dataverse-dev2.lib.umanitoba.ca: no such host" url="https://dataverse-dev2.lib.umanitoba.ca/dataset.xhtml?persistentId=doi:10.5203/FK2/EU7QKS"
level=error msg="Get \"https://dataverse-dev2.lib.umanitoba.ca/dataset.xhtml?persistentId=doi:10.5203/FK2/E1ZYVZ\": dial tcp: lookup dataverse-dev2.lib.umanitoba.ca: no such host" url="https://dataverse-dev2.lib.umanitoba.ca/dataset.xhtml?persistentId=doi:10.5203/FK2/E1ZYVZ"
level=error msg="Get \"https://dataverse-dev2.lib.umanitoba.ca/dataset.xhtml?persistentId=doi:10.5203/FK2/7DTNTB\": dial tcp: lookup dataverse-dev2.lib.umanitoba.ca: no such host" url="https://dataverse-dev2.lib.umanitoba.ca/dataset.xhtml?persistentId=doi:10.5203/FK2/7DTNTB"
level=error msg="Get \"https://dataverse-dev2.lib.umanitoba.ca/dataset.xhtml?persistentId=doi:10.5203/FK2/7SIOVG\": dial tcp: lookup dataverse-dev2.lib.umanitoba.ca: no such host" url="https://dataverse-dev2.lib.umanitoba.ca/dataset.xhtml?persistentId=doi:10.5203/FK2/7SIOVG"
level=error msg="Get \"https://dataverse-dev2.lib.umanitoba.ca/dataset.xhtml?persistentId=doi:10.5203/FK2/C7OHPQ\": dial tcp: lookup dataverse-dev2.lib.umanitoba.ca: no such host" url="https://dataverse-dev2.lib.umanitoba.ca/dataset.xhtml?persistentId=doi:10.5203/FK2/C7OHPQ"
level=error msg="Get \"https://dataverse-dev2.lib.umanitoba.ca/dataset.xhtml?persistentId=doi:10.5203/FK2/12Q1MY\": dial tcp: lookup dataverse-dev2.lib.umanitoba.ca: no such host" url="https://dataverse-dev2.lib.umanitoba.ca/dataset.xhtml?persistentId=doi:10.5203/FK2/12Q1MY"
level=error msg="Get \"https://dataverse-dev2.lib.umanitoba.ca/dataset.xhtml?persistentId=doi:10.5203/FK2/NV200L\": dial tcp: lookup dataverse-dev2.lib.umanitoba.ca: no such host" url="https://dataverse-dev2.lib.umanitoba.ca/dataset.xhtml?persistentId=doi:10.5203/FK2/NV200L"
level=error msg="Get \"https://dataverse-dev2.lib.umanitoba.ca/dataset.xhtml?persistentId=doi:10.5203/FK2/MWK24G\": dial tcp: lookup dataverse-dev2.lib.umanitoba.ca: no such host" url="https://dataverse-dev2.lib.umanitoba.ca/dataset.xhtml?persistentId=doi:10.5203/FK2/MWK24G"
level=error msg="Get \"https://dataverse-dev2.lib.umanitoba.ca/dataset.xhtml?persistentId=doi:10.5203/FK2/R5YA5B\": dial tcp: lookup dataverse-dev2.lib.umanitoba.ca: no such host" url="https://dataverse-dev2.lib.umanitoba.ca/dataset.xhtml?persistentId=doi:10.5203/FK2/R5YA5B"
level=error msg="Get \"https://dataverse-dev2.lib.umanitoba.ca/dataset.xhtml?persistentId=doi:10.5203/FK2/PO1F6R\": dial tcp: lookup dataverse-dev2.lib.umanitoba.ca: no such host" url="https://dataverse-dev2.lib.umanitoba.ca/dataset.xhtml?persistentId=doi:10.5203/FK2/PO1F6R"
level=error msg="Get \"https://dataverse-dev2.lib.umanitoba.ca/dataset.xhtml?persistentId=doi:10.5203/FK2/JYQYZH\": dial tcp: lookup dataverse-dev2.lib.umanitoba.ca: no such host" url="https://dataverse-dev2.lib.umanitoba.ca/dataset.xhtml?persistentId=doi:10.5203/FK2/JYQYZH"
level=error msg="Get \"https://dataverse-dev2.lib.umanitoba.ca/dataset.xhtml?persistentId=doi:10.5203/FK2/X7BSPV\": dial tcp: lookup dataverse-dev2.lib.umanitoba.ca: no such host" url="https://dataverse-dev2.lib.umanitoba.ca/dataset.xhtml?persistentId=doi:10.5203/FK2/X7BSPV"
level=error msg="Get \"https://dataverse-dev2.lib.umanitoba.ca/dataset.xhtml?persistentId=doi:10.5203/FK2/BFHTSM\": dial tcp: lookup dataverse-dev2.lib.umanitoba.ca: no such host" url="https://dataverse-dev2.lib.umanitoba.ca/dataset.xhtml?persistentId=doi:10.5203/FK2/BFHTSM"
level=error msg="Get \"https://dataverse-dev2.lib.umanitoba.ca/dataset.xhtml?persistentId=doi:10.5203/FK2/BVH7KZ\": dial tcp: lookup dataverse-dev2.lib.umanitoba.ca: no such host" url="https://dataverse-dev2.lib.umanitoba.ca/dataset.xhtml?persistentId=doi:10.5203/FK2/BVH7KZ"
level=error msg="Get \"https://dataverse-dev2.lib.umanitoba.ca/dataset.xhtml?persistentId=doi:10.5203/FK2/6C5JSW\": dial tcp: lookup dataverse-dev2.lib.umanitoba.ca: no such host" url="https://dataverse-dev2.lib.umanitoba.ca/dataset.xhtml?persistentId=doi:10.5203/FK2/6C5JSW"
level=error msg="Get \"https://dataverse-dev2.lib.umanitoba.ca/dataset.xhtml?persistentId=doi:10.5203/FK2/5R5M5R\": dial tcp: lookup dataverse-dev2.lib.umanitoba.ca: no such host" url="https://dataverse-dev2.lib.umanitoba.ca/dataset.xhtml?persistentId=doi:10.5203/FK2/5R5M5R"
level=error msg="Get \"https://dataverse-dev2.lib.umanitoba.ca/dataset.xhtml?persistentId=doi:10.5203/FK2/VUA83U\": dial tcp: lookup dataverse-dev2.lib.umanitoba.ca: no such host" url="https://dataverse-dev2.lib.umanitoba.ca/dataset.xhtml?persistentId=doi:10.5203/FK2/VUA83U"
level=error msg="Get \"https://dataverse-dev2.lib.umanitoba.ca/dataset.xhtml?persistentId=doi:10.5203/FK2/JWVHEJ\": dial tcp: lookup dataverse-dev2.lib.umanitoba.ca: no such host" url="https://dataverse-dev2.lib.umanitoba.ca/dataset.xhtml?persistentId=doi:10.5203/FK2/JWVHEJ"
level=error msg="Get \"https://dataverse-dev2.lib.umanitoba.ca/dataset.xhtml?persistentId=doi:10.5203/FK2/PMPTV6\": dial tcp: lookup dataverse-dev2.lib.umanitoba.ca: no such host" url="https://dataverse-dev2.lib.umanitoba.ca/dataset.xhtml?persistentId=doi:10.5203/FK2/PMPTV6"
level=error msg="Get \"https://dataverse-dev2.lib.umanitoba.ca/dataset.xhtml?persistentId=doi:10.5203/FK2/ZATEOB\": dial tcp: lookup dataverse-dev2.lib.umanitoba.ca: no such host" url="https://dataverse-dev2.lib.umanitoba.ca/dataset.xhtml?persistentId=doi:10.5203/FK2/ZATEOB"
level=error msg="Get \"https://dataverse-dev2.lib.umanitoba.ca/dataset.xhtml?persistentId=doi:10.5203/FK2/DP3NCD\": dial tcp: lookup dataverse-dev2.lib.umanitoba.ca: no such host" url="https://dataverse-dev2.lib.umanitoba.ca/dataset.xhtml?persistentId=doi:10.5203/FK2/DP3NCD"
level=error msg="Get \"https://dataverse-dev2.lib.umanitoba.ca/dataset.xhtml?persistentId=doi:10.5203/FK2/DAYYI8\": dial tcp: lookup dataverse-dev2.lib.umanitoba.ca: no such host" url="https://dataverse-dev2.lib.umanitoba.ca/dataset.xhtml?persistentId=doi:10.5203/FK2/DAYYI8"
level=error msg="Get \"https://dataverse-dev2.lib.umanitoba.ca/dataset.xhtml?persistentId=doi:10.5203/FK2/8EFICY\": dial tcp: lookup dataverse-dev2.lib.umanitoba.ca: no such host" url="https://dataverse-dev2.lib.umanitoba.ca/dataset.xhtml?persistentId=doi:10.5203/FK2/8EFICY"
level=error msg="Get \"https://dataverse-dev2.lib.umanitoba.ca/dataset.xhtml?persistentId=doi:10.5203/FK2/9JPZBS\": dial tcp: lookup dataverse-dev2.lib.umanitoba.ca: no such host" url="https://dataverse-dev2.lib.umanitoba.ca/dataset.xhtml?persistentId=doi:10.5203/FK2/9JPZBS"
level=error msg="Get \"https://dataverse-dev2.lib.umanitoba.ca/dataset.xhtml?persistentId=doi:10.5203/FK2/Q6IXMH\": dial tcp: lookup dataverse-dev2.lib.umanitoba.ca: no such host" url="https://dataverse-dev2.lib.umanitoba.ca/dataset.xhtml?persistentId=doi:10.5203/FK2/Q6IXMH"
level=error msg="Get \"https://dataverse-dev2.lib.umanitoba.ca/dataset.xhtml?persistentId=doi:10.5203/FK2/RHOFFU\": dial tcp: lookup dataverse-dev2.lib.umanitoba.ca: no such host" url="https://dataverse-dev2.lib.umanitoba.ca/dataset.xhtml?persistentId=doi:10.5203/FK2/RHOFFU"
level=error msg="Get \"https://dataverse-dev2.lib.umanitoba.ca/dataset.xhtml?persistentId=doi:10.5203/FK2/EBXNDT\": dial tcp: lookup dataverse-dev2.lib.umanitoba.ca: no such host" url="https://dataverse-dev2.lib.umanitoba.ca/dataset.xhtml?persistentId=doi:10.5203/FK2/EBXNDT"
level=error msg="Get \"https://dataverse-dev2.lib.umanitoba.ca/dataset.xhtml?persistentId=doi:10.5203/FK2/XHCNXE\": dial tcp: lookup dataverse-dev2.lib.umanitoba.ca: no such host" url="https://dataverse-dev2.lib.umanitoba.ca/dataset.xhtml?persistentId=doi:10.5203/FK2/XHCNXE"
level=error msg="Get \"https://dataverse-dev2.lib.umanitoba.ca/dataset.xhtml?persistentId=doi:10.5203/FK2/1CE8UZ\": dial tcp: lookup dataverse-dev2.lib.umanitoba.ca: no such host" url="https://dataverse-dev2.lib.umanitoba.ca/dataset.xhtml?persistentId=doi:10.5203/FK2/1CE8UZ"
level=error msg="Get \"https://dataverse-dev2.lib.umanitoba.ca/dataset.xhtml?persistentId=doi:10.5203/FK2/MDLANS\": dial tcp: lookup dataverse-dev2.lib.umanitoba.ca: no such host" url="https://dataverse-dev2.lib.umanitoba.ca/dataset.xhtml?persistentId=doi:10.5203/FK2/MDLANS"
level=error msg="Get \"https://dataverse-dev2.lib.umanitoba.ca/dataset.xhtml?persistentId=doi:10.5203/FK2/EWJBNI\": dial tcp: lookup dataverse-dev2.lib.umanitoba.ca: no such host" url="https://dataverse-dev2.lib.umanitoba.ca/dataset.xhtml?persistentId=doi:10.5203/FK2/EWJBNI"
level=error msg="Get \"https://dataverse-dev2.lib.umanitoba.ca/dataset.xhtml?persistentId=doi:10.5203/FK2/VRB1QL\": dial tcp: lookup dataverse-dev2.lib.umanitoba.ca: no such host" url="https://dataverse-dev2.lib.umanitoba.ca/dataset.xhtml?persistentId=doi:10.5203/FK2/VRB1QL"
level=error msg="Get \"https://dataverse-dev2.lib.umanitoba.ca/dataset.xhtml?persistentId=doi:10.5203/FK2/B0WZ9M\": dial tcp: lookup dataverse-dev2.lib.umanitoba.ca: no such host" url="https://dataverse-dev2.lib.umanitoba.ca/dataset.xhtml?persistentId=doi:10.5203/FK2/B0WZ9M"
level=error msg="Get \"https://dataverse-dev2.lib.umanitoba.ca/dataset.xhtml?persistentId=doi:10.5203/FK2/BJM44R\": dial tcp: lookup dataverse-dev2.lib.umanitoba.ca: no such host" url="https://dataverse-dev2.lib.umanitoba.ca/dataset.xhtml?persistentId=doi:10.5203/FK2/BJM44R"
level=error msg="Get \"https://dataverse-dev2.lib.umanitoba.ca/dataset.xhtml?persistentId=doi:10.5203/FK2/09HJ4A\": dial tcp: lookup dataverse-dev2.lib.umanitoba.ca: no such host" url="https://dataverse-dev2.lib.umanitoba.ca/dataset.xhtml?persistentId=doi:10.5203/FK2/09HJ4A"
level=error msg="Get \"https://dataverse-dev2.lib.umanitoba.ca/dataverse/TechDocs\": dial tcp: lookup dataverse-dev2.lib.umanitoba.ca: no such host" url="https://dataverse-dev2.lib.umanitoba.ca/dataverse/TechDocs"
level=error msg="Get \"https://dataverse-dev2.lib.umanitoba.ca/dataverse/percact\": dial tcp: lookup dataverse-dev2.lib.umanitoba.ca: no such host" url="https://dataverse-dev2.lib.umanitoba.ca/dataverse/percact"
level=error msg="Get \"https://dataverse-dev2.lib.umanitoba.ca/dataverse/Published\": dial tcp: lookup dataverse-dev2.lib.umanitoba.ca: no such host" url="https://dataverse-dev2.lib.umanitoba.ca/dataverse/Published"
level=error msg="Get \"https://dataverse-dev2.lib.umanitoba.ca/dataverse/scae\": dial tcp: lookup dataverse-dev2.lib.umanitoba.ca: no such host" url="https://dataverse-dev2.lib.umanitoba.ca/dataverse/scae"
level=error msg="Get \"https://dataverse-dev2.lib.umanitoba.ca/dataset.xhtml?persistentId=doi:10.5203/FK2/1RGSLI\": dial tcp: lookup dataverse-dev2.lib.umanitoba.ca: no such host" url="https://dataverse-dev2.lib.umanitoba.ca/dataset.xhtml?persistentId=doi:10.5203/FK2/1RGSLI"
level=error msg="Get \"https://dataverse-dev2.lib.umanitoba.ca/dataset.xhtml?persistentId=doi:10.5203/FK2/ZO3QBJ\": dial tcp: lookup dataverse-dev2.lib.umanitoba.ca: no such host" url="https://dataverse-dev2.lib.umanitoba.ca/dataset.xhtml?persistentId=doi:10.5203/FK2/ZO3QBJ"
level=error msg="Get \"https://dataverse-dev2.lib.umanitoba.ca/dataset.xhtml?persistentId=doi:10.5203/FK2/Y1KK0O\": dial tcp: lookup dataverse-dev2.lib.umanitoba.ca: no such host" url="https://dataverse-dev2.lib.umanitoba.ca/dataset.xhtml?persistentId=doi:10.5203/FK2/Y1KK0O"
level=error msg="Get \"https://dataverse-dev2.lib.umanitoba.ca/dataset.xhtml?persistentId=doi:10.34990/FK2/SDWWBV\": dial tcp: lookup dataverse-dev2.lib.umanitoba.ca: no such host" url="https://dataverse-dev2.lib.umanitoba.ca/dataset.xhtml?persistentId=doi:10.34990/FK2/SDWWBV"
level=error msg="Get \"https://dataverse-dev2.lib.umanitoba.ca/dataset.xhtml?persistentId=doi:10.34990/FK2/603TSA\": dial tcp: lookup dataverse-dev2.lib.umanitoba.ca: no such host" url="https://dataverse-dev2.lib.umanitoba.ca/dataset.xhtml?persistentId=doi:10.34990/FK2/603TSA"
level=error msg="Get \"https://dataverse-dev2.lib.umanitoba.ca/dataset.xhtml?persistentId=doi:10.34990/FK2/G6XOQO\": dial tcp: lookup dataverse-dev2.lib.umanitoba.ca: no such host" url="https://dataverse-dev2.lib.umanitoba.ca/dataset.xhtml?persistentId=doi:10.34990/FK2/G6XOQO"
level=error msg="Get \"https://dataverse-dev2.lib.umanitoba.ca/dataset.xhtml?persistentId=doi:10.5203/FK2/21WLXN\": dial tcp: lookup dataverse-dev2.lib.umanitoba.ca: no such host" url="https://dataverse-dev2.lib.umanitoba.ca/dataset.xhtml?persistentId=doi:10.5203/FK2/21WLXN"
level=error msg="Get \"https://dataverse-dev2.lib.umanitoba.ca/dataset.xhtml?persistentId=doi:10.5203/FK2/WGBVGF\": dial tcp: lookup dataverse-dev2.lib.umanitoba.ca: no such host" url="https://dataverse-dev2.lib.umanitoba.ca/dataset.xhtml?persistentId=doi:10.5203/FK2/WGBVGF"
level=error msg="Get \"https://dataverse-dev2.lib.umanitoba.ca/dataset.xhtml?persistentId=doi:10.5203/FK2/SOMDWR\": dial tcp: lookup dataverse-dev2.lib.umanitoba.ca: no such host" url="https://dataverse-dev2.lib.umanitoba.ca/dataset.xhtml?persistentId=doi:10.5203/FK2/SOMDWR"
level=error msg="Get \"https://dataverse-dev2.lib.umanitoba.ca/dataset.xhtml?persistentId=doi:10.5203/FK2/DONSPP\": dial tcp: lookup dataverse-dev2.lib.umanitoba.ca: no such host" url="https://dataverse-dev2.lib.umanitoba.ca/dataset.xhtml?persistentId=doi:10.5203/FK2/DONSPP"
