level=info msg="Queuing URLs for iisg"
level=info msg="URL Count 334"
level=info contentType="script[type='application/ld+json']" url="https://datasets.iisg.amsterdam/dataset.xhtml?persistentId=hdl:10622/OX6FCP"
level=info contentType="script[type='application/ld+json']" url="https://datasets.iisg.amsterdam/dataset.xhtml?persistentId=hdl:10622/SPBP7D"
level=info contentType="script[type='application/ld+json']" url="https://datasets.iisg.amsterdam/dataset.xhtml?persistentId=hdl:10622/AOQMAZ"
level=info contentType="script[type='application/ld+json']" url="https://datasets.iisg.amsterdam/dataset.xhtml?persistentId=hdl:10622/NCJVLW"
level=info contentType="script[type='application/ld+json']" url="https://datasets.iisg.amsterdam/dataset.xhtml?persistentId=hdl:10622/WOTROV"
level=info contentType="script[type='application/ld+json']" url="https://datasets.iisg.amsterdam/dataset.xhtml?persistentId=hdl:10622/SO62N5"
level=info contentType="script[type='application/ld+json']" url="https://datasets.iisg.amsterdam/dataset.xhtml?persistentId=hdl:10622/IRT0YU"
level=info contentType="script[type='application/ld+json']" url="https://datasets.iisg.amsterdam/dataset.xhtml?persistentId=hdl:10622/LIUQQQ"
level=info contentType="script[type='application/ld+json']" url="https://datasets.iisg.amsterdam/dataset.xhtml?persistentId=hdl:10622/4ZDPWP"
level=info contentType="script[type='application/ld+json']" url="https://datasets.iisg.amsterdam/dataset.xhtml?persistentId=hdl:10622/DG654S"
level=info contentType="script[type='application/ld+json']" url="https://datasets.iisg.amsterdam/dataset.xhtml?persistentId=hdl:10622/ORW1HI"
level=info contentType="script[type='application/ld+json']" url="https://datasets.iisg.amsterdam/dataset.xhtml?persistentId=hdl:10622/JQJIP6"
level=info contentType="script[type='application/ld+json']" url="https://datasets.iisg.amsterdam/dataset.xhtml?persistentId=hdl:10622/NGIWKM"
level=info contentType="script[type='application/ld+json']" url="https://datasets.iisg.amsterdam/dataset.xhtml?persistentId=hdl:10622/GI7D06"
level=info contentType="script[type='application/ld+json']" url="https://datasets.iisg.amsterdam/dataset.xhtml?persistentId=hdl:10622/J5TJNF"
level=info contentType="script[type='application/ld+json']" url="https://datasets.iisg.amsterdam/dataset.xhtml?persistentId=hdl:10622/DONJXY"
level=info contentType="script[type='application/ld+json']" url="https://datasets.iisg.amsterdam/dataset.xhtml?persistentId=hdl:10622/I6MYDZ"
level=info contentType="script[type='application/ld+json']" url="https://datasets.iisg.amsterdam/dataset.xhtml?persistentId=hdl:10622/KORKQW"
level=info contentType="script[type='application/ld+json']" url="https://datasets.iisg.amsterdam/dataset.xhtml?persistentId=hdl:10622/J7RX5A"
level=info contentType="script[type='application/ld+json']" url="https://datasets.iisg.amsterdam/dataset.xhtml?persistentId=hdl:10622/5KEUY9"
level=info contentType="script[type='application/ld+json']" url="https://datasets.iisg.amsterdam/dataset.xhtml?persistentId=hdl:10622/W2CS9J"
level=info contentType="script[type='application/ld+json']" url="https://datasets.iisg.amsterdam/dataset.xhtml?persistentId=hdl:10622/CCYQY7"
level=info contentType="script[type='application/ld+json']" url="https://datasets.iisg.amsterdam/dataset.xhtml?persistentId=hdl:10622/ASIISH"
level=info contentType="script[type='application/ld+json']" url="https://datasets.iisg.amsterdam/dataset.xhtml?persistentId=hdl:10622/FHJJYK"
level=info contentType="script[type='application/ld+json']" url="https://datasets.iisg.amsterdam/dataset.xhtml?persistentId=hdl:10622/YOXRV3"
level=info contentType="script[type='application/ld+json']" url="https://datasets.iisg.amsterdam/dataset.xhtml?persistentId=hdl:10622/L0LJGD"
level=info contentType="script[type='application/ld+json']" url="https://datasets.iisg.amsterdam/dataset.xhtml?persistentId=hdl:10622/LKYT53"
level=info contentType="script[type='application/ld+json']" url="https://datasets.iisg.amsterdam/dataset.xhtml?persistentId=hdl:10622/BYFPBK"
level=info contentType="script[type='application/ld+json']" url="https://datasets.iisg.amsterdam/dataset.xhtml?persistentId=hdl:10622/JQTFGI"
level=info contentType="script[type='application/ld+json']" url="https://datasets.iisg.amsterdam/dataset.xhtml?persistentId=hdl:10622/9FIDWF"
level=info contentType="script[type='application/ld+json']" url="https://datasets.iisg.amsterdam/dataset.xhtml?persistentId=hdl:10622/NKAQPL"
level=info contentType="script[type='application/ld+json']" url="https://datasets.iisg.amsterdam/dataset.xhtml?persistentId=hdl:10622/VIUUH7"
level=info contentType="script[type='application/ld+json']" url="https://datasets.iisg.amsterdam/dataset.xhtml?persistentId=hdl:10622/DRXWLN"
level=info contentType="script[type='application/ld+json']" url="https://datasets.iisg.amsterdam/dataset.xhtml?persistentId=hdl:10622/CRZWAG"
level=info contentType="script[type='application/ld+json']" url="https://datasets.iisg.amsterdam/dataset.xhtml?persistentId=hdl:10622/FHU70A"
level=info contentType="script[type='application/ld+json']" url="https://datasets.iisg.amsterdam/dataset.xhtml?persistentId=hdl:10622/N6BLB8"
level=info contentType="script[type='application/ld+json']" url="https://datasets.iisg.amsterdam/dataset.xhtml?persistentId=hdl:10622/CH97SF"
level=info contentType="script[type='application/ld+json']" url="https://datasets.iisg.amsterdam/dataset.xhtml?persistentId=hdl:10622/KC0ZHV"
level=info contentType="script[type='application/ld+json']" url="https://datasets.iisg.amsterdam/dataset.xhtml?persistentId=hdl:10622/W7GOD6"
level=info contentType="script[type='application/ld+json']" url="https://datasets.iisg.amsterdam/dataset.xhtml?persistentId=hdl:10622/UQV70P"
level=info contentType="script[type='application/ld+json']" url="https://datasets.iisg.amsterdam/dataset.xhtml?persistentId=hdl:10622/CLGPDT"
level=info contentType="script[type='application/ld+json']" url="https://datasets.iisg.amsterdam/dataset.xhtml?persistentId=hdl:10622/LKWIXZ"
level=info contentType="script[type='application/ld+json']" url="https://datasets.iisg.amsterdam/dataset.xhtml?persistentId=hdl:10622/G5L8IO"
level=info contentType="script[type='application/ld+json']" url="https://datasets.iisg.amsterdam/dataset.xhtml?persistentId=hdl:10622/CYRM1P"
level=info contentType="script[type='application/ld+json']" url="https://datasets.iisg.amsterdam/dataset.xhtml?persistentId=hdl:10622/KN40ZF"
level=info contentType="script[type='application/ld+json']" url="https://datasets.iisg.amsterdam/dataset.xhtml?persistentId=hdl:10622/8FCYOX"
level=info contentType="script[type='application/ld+json']" url="https://datasets.iisg.amsterdam/dataset.xhtml?persistentId=hdl:10622/YXFPRL"
level=info contentType="script[type='application/ld+json']" url="https://datasets.iisg.amsterdam/dataset.xhtml?persistentId=hdl:10622/DN9QDM"
level=info contentType="script[type='application/ld+json']" url="https://datasets.iisg.amsterdam/dataset.xhtml?persistentId=hdl:10622/TM0PED"
level=info contentType="script[type='application/ld+json']" url="https://datasets.iisg.amsterdam/dataset.xhtml?persistentId=hdl:10622/7MCPZB"
level=info contentType="script[type='application/ld+json']" url="https://datasets.iisg.amsterdam/dataset.xhtml?persistentId=hdl:10622/SNETZV"
level=info contentType="script[type='application/ld+json']" url="https://datasets.iisg.amsterdam/dataset.xhtml?persistentId=hdl:10622/8OA0GU"
level=info contentType="script[type='application/ld+json']" url="https://datasets.iisg.amsterdam/dataset.xhtml?persistentId=hdl:10622/K879JA"
level=info contentType="script[type='application/ld+json']" url="https://datasets.iisg.amsterdam/dataset.xhtml?persistentId=hdl:10622/ZI1FHR"
level=info contentType="script[type='application/ld+json']" url="https://datasets.iisg.amsterdam/dataset.xhtml?persistentId=hdl:10622/2T7EQH"
level=info contentType="script[type='application/ld+json']" url="https://datasets.iisg.amsterdam/dataset.xhtml?persistentId=hdl:10622/PGFYTM"
level=info contentType="script[type='application/ld+json']" url="https://datasets.iisg.amsterdam/dataset.xhtml?persistentId=hdl:10622/OTHFUK"
level=info contentType="script[type='application/ld+json']" url="https://datasets.iisg.amsterdam/dataset.xhtml?persistentId=hdl:10622/RA3SLU"
level=info contentType="script[type='application/ld+json']" url="https://datasets.iisg.amsterdam/dataset.xhtml?persistentId=hdl:10622/6W7VFG"
level=info contentType="script[type='application/ld+json']" url="https://datasets.iisg.amsterdam/dataset.xhtml?persistentId=hdl:10622/X5H39P"
level=info contentType="script[type='application/ld+json']" url="https://datasets.iisg.amsterdam/dataset.xhtml?persistentId=hdl:10622/JLFQZP"
level=info contentType="script[type='application/ld+json']" url="https://datasets.iisg.amsterdam/dataset.xhtml?persistentId=hdl:10622/BVXC3W"
level=info contentType="script[type='application/ld+json']" url="https://datasets.iisg.amsterdam/dataset.xhtml?persistentId=hdl:10622/UTHSWB"
level=info contentType="script[type='application/ld+json']" url="https://datasets.iisg.amsterdam/dataset.xhtml?persistentId=hdl:10622/RPUJDO"
level=info contentType="script[type='application/ld+json']" url="https://datasets.iisg.amsterdam/dataset.xhtml?persistentId=hdl:10622/RYHXVR"
level=info contentType="script[type='application/ld+json']" url="https://datasets.iisg.amsterdam/dataset.xhtml?persistentId=hdl:10622/85VOY9"
level=info contentType="script[type='application/ld+json']" url="https://datasets.iisg.amsterdam/dataset.xhtml?persistentId=hdl:10622/MCJDP3"
level=info contentType="script[type='application/ld+json']" url="https://datasets.iisg.amsterdam/dataset.xhtml?persistentId=hdl:10622/YWGZGU"
level=info contentType="script[type='application/ld+json']" url="https://datasets.iisg.amsterdam/dataset.xhtml?persistentId=hdl:10622/RV5NJG"
level=info contentType="script[type='application/ld+json']" url="https://datasets.iisg.amsterdam/dataset.xhtml?persistentId=hdl:10622/ARVFDD"
level=info contentType="script[type='application/ld+json']" url="https://datasets.iisg.amsterdam/dataset.xhtml?persistentId=hdl:10622/OIEDXD"
level=info contentType="script[type='application/ld+json']" url="https://datasets.iisg.amsterdam/dataset.xhtml?persistentId=hdl:10622/SZBCPY"
level=info contentType="script[type='application/ld+json']" url="https://datasets.iisg.amsterdam/dataset.xhtml?persistentId=hdl:10622/YXEN6R"
level=info contentType="script[type='application/ld+json']" url="https://datasets.iisg.amsterdam/dataset.xhtml?persistentId=hdl:10622/VCTVKE"
level=info contentType="script[type='application/ld+json']" url="https://datasets.iisg.amsterdam/dataset.xhtml?persistentId=hdl:10622/MOT8C3"
level=info contentType="script[type='application/ld+json']" url="https://datasets.iisg.amsterdam/dataset.xhtml?persistentId=hdl:10622/T2BLXB"
level=info contentType="script[type='application/ld+json']" url="https://datasets.iisg.amsterdam/dataset.xhtml?persistentId=hdl:10622/W9KPRX"
level=info contentType="script[type='application/ld+json']" url="https://datasets.iisg.amsterdam/dataset.xhtml?persistentId=hdl:10622/BSS0NQ"
level=info contentType="script[type='application/ld+json']" url="https://datasets.iisg.amsterdam/dataset.xhtml?persistentId=hdl:10622/ZGRJQY"
level=info contentType="script[type='application/ld+json']" url="https://datasets.iisg.amsterdam/dataset.xhtml?persistentId=hdl:10622/CNIL9X"
level=info contentType="script[type='application/ld+json']" url="https://datasets.iisg.amsterdam/dataset.xhtml?persistentId=hdl:10622/OLN2UJ"
level=info contentType="script[type='application/ld+json']" url="https://datasets.iisg.amsterdam/dataset.xhtml?persistentId=hdl:10622/TKD5EC"
level=info contentType="script[type='application/ld+json']" url="https://datasets.iisg.amsterdam/dataset.xhtml?persistentId=hdl:10622/QIPFQF"
level=info contentType="script[type='application/ld+json']" url="https://datasets.iisg.amsterdam/dataset.xhtml?persistentId=hdl:10622/RVQWIR"
level=info contentType="script[type='application/ld+json']" url="https://datasets.iisg.amsterdam/dataset.xhtml?persistentId=hdl:10622/NJ9PTI"
level=info contentType="script[type='application/ld+json']" url="https://datasets.iisg.amsterdam/dataset.xhtml?persistentId=hdl:10622/DGYYHS"
level=info contentType="script[type='application/ld+json']" url="https://datasets.iisg.amsterdam/dataset.xhtml?persistentId=hdl:10622/JFUCD9"
level=info contentType="script[type='application/ld+json']" url="https://datasets.iisg.amsterdam/dataset.xhtml?persistentId=hdl:10622/5PAFZU"
level=info contentType="script[type='application/ld+json']" url="https://datasets.iisg.amsterdam/dataset.xhtml?persistentId=hdl:10622/WQA23A"
level=info contentType="script[type='application/ld+json']" url="https://datasets.iisg.amsterdam/dataset.xhtml?persistentId=hdl:10622/H4C6B7"
level=info contentType="script[type='application/ld+json']" url="https://datasets.iisg.amsterdam/dataset.xhtml?persistentId=hdl:10622/BTVJ4X"
level=info contentType="script[type='application/ld+json']" url="https://datasets.iisg.amsterdam/dataset.xhtml?persistentId=hdl:10622/KDPPWP"
level=info contentType="script[type='application/ld+json']" url="https://datasets.iisg.amsterdam/dataset.xhtml?persistentId=hdl:10622/PVGLYZ"
level=info contentType="script[type='application/ld+json']" url="https://datasets.iisg.amsterdam/dataset.xhtml?persistentId=hdl:10622/QKLHUV"
level=info contentType="script[type='application/ld+json']" url="https://datasets.iisg.amsterdam/dataset.xhtml?persistentId=hdl:10622/H0VTDL"
level=info contentType="script[type='application/ld+json']" url="https://datasets.iisg.amsterdam/dataset.xhtml?persistentId=hdl:10622/E2CBIP"
level=info contentType="script[type='application/ld+json']" url="https://datasets.iisg.amsterdam/dataset.xhtml?persistentId=hdl:10622/UJLP04"
level=info contentType="script[type='application/ld+json']" url="https://datasets.iisg.amsterdam/dataset.xhtml?persistentId=hdl:10622/JMKNSF"
level=info contentType="script[type='application/ld+json']" url="https://datasets.iisg.amsterdam/dataset.xhtml?persistentId=hdl:10622/SR2UMM"
level=info contentType="script[type='application/ld+json']" url="https://datasets.iisg.amsterdam/dataset.xhtml?persistentId=hdl:10622/0J1G8G"
level=info contentType="script[type='application/ld+json']" url="https://datasets.iisg.amsterdam/dataset.xhtml?persistentId=hdl:10622/OJ4EI0"
level=info contentType="script[type='application/ld+json']" url="https://datasets.iisg.amsterdam/dataset.xhtml?persistentId=hdl:10622/8KCCXB"
level=info contentType="script[type='application/ld+json']" url="https://datasets.iisg.amsterdam/dataset.xhtml?persistentId=hdl:10622/MGLENW"
level=info contentType="script[type='application/ld+json']" url="https://datasets.iisg.amsterdam/dataset.xhtml?persistentId=hdl:10622/9Z3IKU"
level=info contentType="script[type='application/ld+json']" url="https://datasets.iisg.amsterdam/dataset.xhtml?persistentId=hdl:10622/M0PI4D"
level=info contentType="script[type='application/ld+json']" url="https://datasets.iisg.amsterdam/dataset.xhtml?persistentId=hdl:10622/ZKS9BA"
level=info contentType="script[type='application/ld+json']" url="https://datasets.iisg.amsterdam/dataset.xhtml?persistentId=hdl:10622/MUZMAL"
level=info contentType="script[type='application/ld+json']" url="https://datasets.iisg.amsterdam/dataset.xhtml?persistentId=hdl:10622/OPB7JA"
level=info contentType="script[type='application/ld+json']" url="https://datasets.iisg.amsterdam/dataset.xhtml?persistentId=hdl:10622/GEQKCG"
level=info contentType="script[type='application/ld+json']" url="https://datasets.iisg.amsterdam/dataset.xhtml?persistentId=hdl:10622/EQVYHU"
level=info contentType="script[type='application/ld+json']" url="https://datasets.iisg.amsterdam/dataset.xhtml?persistentId=hdl:10622/KNGX6B"
level=info contentType="script[type='application/ld+json']" url="https://datasets.iisg.amsterdam/dataset.xhtml?persistentId=hdl:10622/MRQ2XJ"
level=info contentType="script[type='application/ld+json']" url="https://datasets.iisg.amsterdam/dataset.xhtml?persistentId=hdl:10622/VQDCQU"
level=info contentType="script[type='application/ld+json']" url="https://datasets.iisg.amsterdam/dataset.xhtml?persistentId=hdl:10622/1RNBFT"
level=info contentType="script[type='application/ld+json']" url="https://datasets.iisg.amsterdam/dataset.xhtml?persistentId=hdl:10622/YGRTHJ"
level=info contentType="script[type='application/ld+json']" url="https://datasets.iisg.amsterdam/dataset.xhtml?persistentId=hdl:10622/Y9G2ZV"
level=info contentType="script[type='application/ld+json']" url="https://datasets.iisg.amsterdam/dataset.xhtml?persistentId=hdl:10622/RPBVK4"
level=info contentType="script[type='application/ld+json']" url="https://datasets.iisg.amsterdam/dataset.xhtml?persistentId=hdl:10622/KVRJPW"
level=info contentType="script[type='application/ld+json']" url="https://datasets.iisg.amsterdam/dataset.xhtml?persistentId=hdl:10622/WGEKRX"
level=info contentType="script[type='application/ld+json']" url="https://datasets.iisg.amsterdam/dataset.xhtml?persistentId=hdl:10622/HPPCVK"
level=info contentType="script[type='application/ld+json']" url="https://datasets.iisg.amsterdam/dataset.xhtml?persistentId=hdl:10622/MX7AIJ"
level=info contentType="script[type='application/ld+json']" url="https://datasets.iisg.amsterdam/dataset.xhtml?persistentId=hdl:10622/9J8MJG"
level=info contentType="script[type='application/ld+json']" url="https://datasets.iisg.amsterdam/dataset.xhtml?persistentId=hdl:10622/V6AEFF"
level=info contentType="script[type='application/ld+json']" url="https://datasets.iisg.amsterdam/dataset.xhtml?persistentId=hdl:10622/EHB1HY"
level=info contentType="script[type='application/ld+json']" url="https://datasets.iisg.amsterdam/dataset.xhtml?persistentId=hdl:10622/LFEZBT"
level=info contentType="script[type='application/ld+json']" url="https://datasets.iisg.amsterdam/dataset.xhtml?persistentId=hdl:10622/DJSMRV"
level=info contentType="script[type='application/ld+json']" url="https://datasets.iisg.amsterdam/dataset.xhtml?persistentId=hdl:10622/UZ5ULR"
level=info contentType="script[type='application/ld+json']" url="https://datasets.iisg.amsterdam/dataset.xhtml?persistentId=hdl:10622/DXDEBK"
level=info contentType="script[type='application/ld+json']" url="https://datasets.iisg.amsterdam/dataset.xhtml?persistentId=hdl:10622/KICLW5"
level=info contentType="script[type='application/ld+json']" url="https://datasets.iisg.amsterdam/dataset.xhtml?persistentId=hdl:10622/JWLJDU"
level=info contentType="script[type='application/ld+json']" url="https://datasets.iisg.amsterdam/dataset.xhtml?persistentId=hdl:10622/QCCOIA"
level=info contentType="script[type='application/ld+json']" url="https://datasets.iisg.amsterdam/dataset.xhtml?persistentId=hdl:10622/UOKWUF"
level=info contentType="script[type='application/ld+json']" url="https://datasets.iisg.amsterdam/dataset.xhtml?persistentId=hdl:10622/LCALNW"
level=info contentType="script[type='application/ld+json']" url="https://datasets.iisg.amsterdam/dataset.xhtml?persistentId=hdl:10622/UKNNKA"
level=info contentType="script[type='application/ld+json']" url="https://datasets.iisg.amsterdam/dataset.xhtml?persistentId=hdl:10622/BFYMIJ"
level=info contentType="script[type='application/ld+json']" url="https://datasets.iisg.amsterdam/dataset.xhtml?persistentId=hdl:10622/3SV0BO"
level=info contentType="script[type='application/ld+json']" url="https://datasets.iisg.amsterdam/dataset.xhtml?persistentId=hdl:10622/RHWBDI"
level=info contentType="script[type='application/ld+json']" url="https://datasets.iisg.amsterdam/dataset.xhtml?persistentId=hdl:10622/ULLJRB"
level=info contentType="script[type='application/ld+json']" url="https://datasets.iisg.amsterdam/dataset.xhtml?persistentId=hdl:10622/HOAQR9"
level=info contentType="script[type='application/ld+json']" url="https://datasets.iisg.amsterdam/dataset.xhtml?persistentId=hdl:10622/IAEKLA"
level=info contentType="script[type='application/ld+json']" url="https://datasets.iisg.amsterdam/dataset.xhtml?persistentId=hdl:10622/AI9BFA"
level=info contentType="script[type='application/ld+json']" url="https://datasets.iisg.amsterdam/dataset.xhtml?persistentId=hdl:10622/HZPAQS"
level=info contentType="script[type='application/ld+json']" url="https://datasets.iisg.amsterdam/dataset.xhtml?persistentId=hdl:10622/GLBBZQ"
level=info contentType="script[type='application/ld+json']" url="https://datasets.iisg.amsterdam/dataset.xhtml?persistentId=hdl:10622/ZCVKSI"
level=info contentType="script[type='application/ld+json']" url="https://datasets.iisg.amsterdam/dataset.xhtml?persistentId=hdl:10622/ACOPHR"
level=info contentType="script[type='application/ld+json']" url="https://datasets.iisg.amsterdam/dataset.xhtml?persistentId=hdl:10622/NZ4YS8"
level=info contentType="script[type='application/ld+json']" url="https://datasets.iisg.amsterdam/dataset.xhtml?persistentId=hdl:10622/LZ0Y36"
level=info contentType="script[type='application/ld+json']" url="https://datasets.iisg.amsterdam/dataset.xhtml?persistentId=hdl:10622/HKZPR9"
level=info contentType="script[type='application/ld+json']" url="https://datasets.iisg.amsterdam/dataset.xhtml?persistentId=hdl:10622/FVLYWN"
level=info contentType="script[type='application/ld+json']" url="https://datasets.iisg.amsterdam/dataset.xhtml?persistentId=hdl:10622/SIBVDA"
level=info contentType="script[type='application/ld+json']" url="https://datasets.iisg.amsterdam/dataset.xhtml?persistentId=hdl:10622/V0F8S1"
level=info contentType="script[type='application/ld+json']" url="https://datasets.iisg.amsterdam/dataset.xhtml?persistentId=hdl:10622/1NO6GS"
level=info contentType="script[type='application/ld+json']" url="https://datasets.iisg.amsterdam/dataset.xhtml?persistentId=hdl:10622/NMYPT2"
level=info contentType="script[type='application/ld+json']" url="https://datasets.iisg.amsterdam/dataset.xhtml?persistentId=hdl:10622/VHYIAT"
level=info contentType="script[type='application/ld+json']" url="https://datasets.iisg.amsterdam/dataset.xhtml?persistentId=hdl:10622/APNT4U"
level=info contentType="script[type='application/ld+json']" url="https://datasets.iisg.amsterdam/dataset.xhtml?persistentId=hdl:10622/JA7MS9"
level=info contentType="script[type='application/ld+json']" url="https://datasets.iisg.amsterdam/dataset.xhtml?persistentId=hdl:10622/UEALPE"
level=info contentType="script[type='application/ld+json']" url="https://datasets.iisg.amsterdam/dataset.xhtml?persistentId=hdl:10622/UUQRUD"
level=info contentType="script[type='application/ld+json']" url="https://datasets.iisg.amsterdam/dataset.xhtml?persistentId=hdl:10622/FMI6L9"
level=info contentType="script[type='application/ld+json']" url="https://datasets.iisg.amsterdam/dataset.xhtml?persistentId=hdl:10622/KRWHME"
level=info contentType="script[type='application/ld+json']" url="https://datasets.iisg.amsterdam/dataset.xhtml?persistentId=hdl:10622/U8ZDOM"
level=info contentType="script[type='application/ld+json']" url="https://datasets.iisg.amsterdam/dataset.xhtml?persistentId=hdl:10622/2EM9DE"
level=info contentType="script[type='application/ld+json']" url="https://datasets.iisg.amsterdam/dataset.xhtml?persistentId=hdl:10622/YK84PG"
level=info contentType="script[type='application/ld+json']" url="https://datasets.iisg.amsterdam/dataset.xhtml?persistentId=hdl:10622/PU9ETX"
level=info contentType="script[type='application/ld+json']" url="https://datasets.iisg.amsterdam/dataset.xhtml?persistentId=hdl:10622/BI8EQU"
level=info contentType="script[type='application/ld+json']" url="https://datasets.iisg.amsterdam/dataset.xhtml?persistentId=hdl:10622/HOPFWK"
level=info contentType="script[type='application/ld+json']" url="https://datasets.iisg.amsterdam/dataset.xhtml?persistentId=hdl:10622/PLGUCD"
level=info contentType="script[type='application/ld+json']" url="https://datasets.iisg.amsterdam/dataset.xhtml?persistentId=hdl:10622/6OHMDS"
level=info contentType="script[type='application/ld+json']" url="https://datasets.iisg.amsterdam/dataset.xhtml?persistentId=hdl:10622/GNB1P8"
level=info contentType="script[type='application/ld+json']" url="https://datasets.iisg.amsterdam/dataset.xhtml?persistentId=hdl:10622/0IN2UI"
level=info contentType="script[type='application/ld+json']" url="https://datasets.iisg.amsterdam/dataset.xhtml?persistentId=hdl:10622/OS5A57"
level=info contentType="script[type='application/ld+json']" url="https://datasets.iisg.amsterdam/dataset.xhtml?persistentId=hdl:10622/H83HEV"
level=info contentType="script[type='application/ld+json']" url="https://datasets.iisg.amsterdam/dataset.xhtml?persistentId=hdl:10622/HEFSW2"
level=info contentType="script[type='application/ld+json']" url="https://datasets.iisg.amsterdam/dataset.xhtml?persistentId=hdl:10622/URI8O2"
level=info contentType="script[type='application/ld+json']" url="https://datasets.iisg.amsterdam/dataset.xhtml?persistentId=hdl:10622/IHPUXP"
level=info contentType="script[type='application/ld+json']" url="https://datasets.iisg.amsterdam/dataset.xhtml?persistentId=hdl:10622/6IWVTB"
level=info contentType="script[type='application/ld+json']" url="https://datasets.iisg.amsterdam/dataset.xhtml?persistentId=hdl:10622/GQGKRH"
level=info contentType="script[type='application/ld+json']" url="https://datasets.iisg.amsterdam/dataset.xhtml?persistentId=hdl:10622/LTLDIQ"
level=info contentType="script[type='application/ld+json']" url="https://datasets.iisg.amsterdam/dataset.xhtml?persistentId=hdl:10622/RS4FYJ"
level=info contentType="script[type='application/ld+json']" url="https://datasets.iisg.amsterdam/dataset.xhtml?persistentId=hdl:10622/RVRFKS"
level=info contentType="script[type='application/ld+json']" url="https://datasets.iisg.amsterdam/dataset.xhtml?persistentId=hdl:10622/EXA3CI"
level=info contentType="script[type='application/ld+json']" url="https://datasets.iisg.amsterdam/dataset.xhtml?persistentId=hdl:10622/CP5NDW"
level=info contentType="script[type='application/ld+json']" url="https://datasets.iisg.amsterdam/dataset.xhtml?persistentId=hdl:10622/3SG3KY"
level=info contentType="script[type='application/ld+json']" url="https://datasets.iisg.amsterdam/dataset.xhtml?persistentId=hdl:10622/IEYIUX"
level=info contentType="script[type='application/ld+json']" url="https://datasets.iisg.amsterdam/dataset.xhtml?persistentId=hdl:10622/ZDT2DJ"
level=info contentType="script[type='application/ld+json']" url="https://datasets.iisg.amsterdam/dataset.xhtml?persistentId=hdl:10622/M0Z1TS"
level=info contentType="script[type='application/ld+json']" url="https://datasets.iisg.amsterdam/dataset.xhtml?persistentId=hdl:10622/QBACC4"
level=info contentType="script[type='application/ld+json']" url="https://datasets.iisg.amsterdam/dataset.xhtml?persistentId=hdl:10622/UOKBYL"
level=info contentType="script[type='application/ld+json']" url="https://datasets.iisg.amsterdam/dataset.xhtml?persistentId=hdl:10622/2KHSYM"
level=info contentType="script[type='application/ld+json']" url="https://datasets.iisg.amsterdam/dataset.xhtml?persistentId=hdl:10622/LSCGBO"
level=info contentType="script[type='application/ld+json']" url="https://datasets.iisg.amsterdam/dataset.xhtml?persistentId=hdl:10622/B0CHA9"
level=info contentType="script[type='application/ld+json']" url="https://datasets.iisg.amsterdam/dataset.xhtml?persistentId=hdl:10622/O0XHTS"
level=info contentType="script[type='application/ld+json']" url="https://datasets.iisg.amsterdam/dataset.xhtml?persistentId=hdl:10622/N7CSMZ"
level=info contentType="script[type='application/ld+json']" url="https://datasets.iisg.amsterdam/dataset.xhtml?persistentId=hdl:10622/XNGK4X"
level=info contentType="script[type='application/ld+json']" url="https://datasets.iisg.amsterdam/dataset.xhtml?persistentId=hdl:10622/SSJ9MM"
level=info contentType="script[type='application/ld+json']" url="https://datasets.iisg.amsterdam/dataset.xhtml?persistentId=hdl:10622/KCBMKI"
level=info contentType="script[type='application/ld+json']" url="https://datasets.iisg.amsterdam/dataset.xhtml?persistentId=hdl:10622/SGCUL8"
level=info contentType="script[type='application/ld+json']" url="https://datasets.iisg.amsterdam/dataset.xhtml?persistentId=hdl:10622/ZWR1EI"
level=info contentType="script[type='application/ld+json']" url="https://datasets.iisg.amsterdam/dataset.xhtml?persistentId=hdl:10622/DDKEGP"
level=info contentType="script[type='application/ld+json']" url="https://datasets.iisg.amsterdam/dataset.xhtml?persistentId=hdl:10622/88ZXD8"
level=info contentType="script[type='application/ld+json']" url="https://datasets.iisg.amsterdam/dataset.xhtml?persistentId=hdl:10622/QUJNCD"
level=info contentType="script[type='application/ld+json']" url="https://datasets.iisg.amsterdam/dataset.xhtml?persistentId=hdl:10622/WNLYPL"
level=info contentType="script[type='application/ld+json']" url="https://datasets.iisg.amsterdam/dataset.xhtml?persistentId=hdl:10622/R9IHT4"
level=info contentType="script[type='application/ld+json']" url="https://datasets.iisg.amsterdam/dataset.xhtml?persistentId=hdl:10622/ASLJWB"
level=info contentType="script[type='application/ld+json']" url="https://datasets.iisg.amsterdam/dataset.xhtml?persistentId=hdl:10622/52MLXY"
level=info contentType="script[type='application/ld+json']" url="https://datasets.iisg.amsterdam/dataset.xhtml?persistentId=hdl:10622/QZQOAO"
level=info contentType="script[type='application/ld+json']" url="https://datasets.iisg.amsterdam/dataset.xhtml?persistentId=hdl:10622/F3LGB4"
level=info contentType="script[type='application/ld+json']" url="https://datasets.iisg.amsterdam/dataset.xhtml?persistentId=hdl:10622/JA9B8O"
level=info contentType="script[type='application/ld+json']" url="https://datasets.iisg.amsterdam/dataset.xhtml?persistentId=hdl:10622/3ZL50B"
level=info contentType="script[type='application/ld+json']" url="https://datasets.iisg.amsterdam/dataset.xhtml?persistentId=hdl:10622/YCKVCU"
level=info contentType="script[type='application/ld+json']" url="https://datasets.iisg.amsterdam/dataset.xhtml?persistentId=hdl:10622/KBDHYW"
level=info contentType="script[type='application/ld+json']" url="https://datasets.iisg.amsterdam/dataset.xhtml?persistentId=hdl:10622/EPD5LB"
level=info contentType="script[type='application/ld+json']" url="https://datasets.iisg.amsterdam/dataset.xhtml?persistentId=hdl:10622/B8Q6W5"
level=info contentType="script[type='application/ld+json']" url="https://datasets.iisg.amsterdam/dataset.xhtml?persistentId=hdl:10622/SZ4A1H"
level=info contentType="script[type='application/ld+json']" url="https://datasets.iisg.amsterdam/dataset.xhtml?persistentId=hdl:10622/YP2COP"
level=info contentType="script[type='application/ld+json']" url="https://datasets.iisg.amsterdam/dataset.xhtml?persistentId=hdl:10622/UJ3H1Q"
level=info contentType="script[type='application/ld+json']" url="https://datasets.iisg.amsterdam/dataset.xhtml?persistentId=hdl:10622/CH6ZP5"
level=info contentType="script[type='application/ld+json']" url="https://datasets.iisg.amsterdam/dataset.xhtml?persistentId=hdl:10622/QK8VRF"
level=info contentType="script[type='application/ld+json']" url="https://datasets.iisg.amsterdam/dataset.xhtml?persistentId=hdl:10622/TON9WU"
level=info contentType="script[type='application/ld+json']" url="https://datasets.iisg.amsterdam/dataset.xhtml?persistentId=hdl:10622/Z5HDBU"
level=info contentType="script[type='application/ld+json']" url="https://datasets.iisg.amsterdam/dataset.xhtml?persistentId=hdl:10622/ERGY0V"
level=info contentType="script[type='application/ld+json']" url="https://datasets.iisg.amsterdam/dataset.xhtml?persistentId=hdl:10622/XYJ2H2"
level=info contentType="script[type='application/ld+json']" url="https://datasets.iisg.amsterdam/dataset.xhtml?persistentId=hdl:10622/KMAJLE"
level=info contentType="script[type='application/ld+json']" url="https://datasets.iisg.amsterdam/dataset.xhtml?persistentId=hdl:10622/E7RMO4"
level=info contentType="script[type='application/ld+json']" url="https://datasets.iisg.amsterdam/dataset.xhtml?persistentId=hdl:10622/OWCFWP"
level=info contentType="script[type='application/ld+json']" url="https://datasets.iisg.amsterdam/dataset.xhtml?persistentId=hdl:10622/UQJZKJ"
level=info contentType="script[type='application/ld+json']" url="https://datasets.iisg.amsterdam/dataset.xhtml?persistentId=hdl:10622/AIVFAK"
level=info contentType="script[type='application/ld+json']" url="https://datasets.iisg.amsterdam/dataset.xhtml?persistentId=hdl:10622/PCM0ZX"
level=info contentType="script[type='application/ld+json']" url="https://datasets.iisg.amsterdam/dataset.xhtml?persistentId=hdl:10622/TFG1DQ"
level=info contentType="script[type='application/ld+json']" url="https://datasets.iisg.amsterdam/dataset.xhtml?persistentId=hdl:10622/3EQZNT"
level=info contentType="script[type='application/ld+json']" url="https://datasets.iisg.amsterdam/dataset.xhtml?persistentId=hdl:10622/3SBBWY"
level=info contentType="script[type='application/ld+json']" url="https://datasets.iisg.amsterdam/dataset.xhtml?persistentId=hdl:10622/7ARQV2"
level=info contentType="script[type='application/ld+json']" url="https://datasets.iisg.amsterdam/dataset.xhtml?persistentId=hdl:10622/EOZIMW"
level=info contentType="script[type='application/ld+json']" url="https://datasets.iisg.amsterdam/dataset.xhtml?persistentId=hdl:10622/MVUAIP"
level=info contentType="script[type='application/ld+json']" url="https://datasets.iisg.amsterdam/dataset.xhtml?persistentId=hdl:10622/XXZUJ1"
level=info contentType="script[type='application/ld+json']" url="https://datasets.iisg.amsterdam/dataset.xhtml?persistentId=hdl:10622/XZAHCX"
level=info contentType="script[type='application/ld+json']" url="https://datasets.iisg.amsterdam/dataset.xhtml?persistentId=hdl:10622/MR4GPS"
level=info contentType="script[type='application/ld+json']" url="https://datasets.iisg.amsterdam/dataset.xhtml?persistentId=hdl:10622/EEADMY"
level=info contentType="script[type='application/ld+json']" url="https://datasets.iisg.amsterdam/dataset.xhtml?persistentId=hdl:10622/HWFQJN"
level=info contentType="script[type='application/ld+json']" url="https://datasets.iisg.amsterdam/dataset.xhtml?persistentId=hdl:10622/VUOHEO"
level=info contentType="script[type='application/ld+json']" url="https://datasets.iisg.amsterdam/dataset.xhtml?persistentId=hdl:10622/R7J1KH"
level=info contentType="script[type='application/ld+json']" url="https://datasets.iisg.amsterdam/dataset.xhtml?persistentId=hdl:10622/EAASRV"
level=info contentType="script[type='application/ld+json']" url="https://datasets.iisg.amsterdam/dataset.xhtml?persistentId=hdl:10622/NSXLSH"
level=info contentType="script[type='application/ld+json']" url="https://datasets.iisg.amsterdam/dataset.xhtml?persistentId=hdl:10622/4OGRAD"
level=info contentType="script[type='application/ld+json']" url="https://datasets.iisg.amsterdam/dataset.xhtml?persistentId=hdl:10622/XXUPMP"
level=info contentType="script[type='application/ld+json']" url="https://datasets.iisg.amsterdam/dataset.xhtml?persistentId=hdl:10622/JCJDAY"
level=info contentType="script[type='application/ld+json']" url="https://datasets.iisg.amsterdam/dataset.xhtml?persistentId=hdl:10622/MDSHCS"
level=info contentType="script[type='application/ld+json']" url="https://datasets.iisg.amsterdam/dataset.xhtml?persistentId=hdl:10622/OJYQOR"
level=info contentType="script[type='application/ld+json']" url="https://datasets.iisg.amsterdam/dataset.xhtml?persistentId=hdl:10622/MCS6JG"
level=info contentType="script[type='application/ld+json']" url="https://datasets.iisg.amsterdam/dataset.xhtml?persistentId=hdl:10622/QF3U2E"
level=info contentType="script[type='application/ld+json']" url="https://datasets.iisg.amsterdam/dataset.xhtml?persistentId=hdl:10622/9J5OBT"
level=info contentType="script[type='application/ld+json']" url="https://datasets.iisg.amsterdam/dataset.xhtml?persistentId=hdl:10622/RHW3VL"
level=info contentType="script[type='application/ld+json']" url="https://datasets.iisg.amsterdam/dataset.xhtml?persistentId=hdl:10622/X1ECUO"
level=info contentType="script[type='application/ld+json']" url="https://datasets.iisg.amsterdam/dataset.xhtml?persistentId=hdl:10622/NHJZUD"
level=info contentType="script[type='application/ld+json']" url="https://datasets.iisg.amsterdam/dataset.xhtml?persistentId=hdl:10622/D5WXZZ"
level=info contentType="script[type='application/ld+json']" url="https://datasets.iisg.amsterdam/dataset.xhtml?persistentId=hdl:10622/5KGG1T"
level=info contentType="script[type='application/ld+json']" url="https://datasets.iisg.amsterdam/dataset.xhtml?persistentId=hdl:10622/RCW9SP"
level=info contentType="script[type='application/ld+json']" url="https://datasets.iisg.amsterdam/dataset.xhtml?persistentId=hdl:10622/T8NXKC"
level=info contentType="script[type='application/ld+json']" url="https://datasets.iisg.amsterdam/dataset.xhtml?persistentId=hdl:10622/0GZMOW"
level=info contentType="script[type='application/ld+json']" url="https://datasets.iisg.amsterdam/dataset.xhtml?persistentId=hdl:10622/UJY103"
level=info contentType="script[type='application/ld+json']" url="https://datasets.iisg.amsterdam/dataset.xhtml?persistentId=hdl:10622/SRVW6S"
level=info contentType="script[type='application/ld+json']" url="https://datasets.iisg.amsterdam/dataset.xhtml?persistentId=hdl:10622/MNJFU7"
level=info contentType="script[type='application/ld+json']" url="https://datasets.iisg.amsterdam/dataset.xhtml?persistentId=hdl:10622/PCIIVL"
level=info contentType="script[type='application/ld+json']" url="https://datasets.iisg.amsterdam/dataset.xhtml?persistentId=hdl:10622/MLVN7A"
level=info contentType="script[type='application/ld+json']" url="https://datasets.iisg.amsterdam/dataset.xhtml?persistentId=hdl:10622/6FLS3Y"
level=info contentType="script[type='application/ld+json']" url="https://datasets.iisg.amsterdam/dataset.xhtml?persistentId=hdl:10622/4UL1MF"
level=info contentType="script[type='application/ld+json']" url="https://datasets.iisg.amsterdam/dataset.xhtml?persistentId=hdl:10622/MHJWRZ"
level=info contentType="script[type='application/ld+json']" url="https://datasets.iisg.amsterdam/dataset.xhtml?persistentId=hdl:10622/HPIC74"
level=info contentType="script[type='application/ld+json']" url="https://datasets.iisg.amsterdam/dataset.xhtml?persistentId=hdl:10622/GA4LAH"
level=info contentType="script[type='application/ld+json']" url="https://datasets.iisg.amsterdam/dataset.xhtml?persistentId=hdl:10622/BJFNEY"
level=info contentType="script[type='application/ld+json']" url="https://datasets.iisg.amsterdam/dataset.xhtml?persistentId=hdl:10622/SDZPFE"
level=info contentType="script[type='application/ld+json']" url="https://datasets.iisg.amsterdam/dataset.xhtml?persistentId=hdl:10622/Y00UJQ"
level=info contentType="script[type='application/ld+json']" url="https://datasets.iisg.amsterdam/dataset.xhtml?persistentId=hdl:10622/FPNCWY"
level=info contentType="script[type='application/ld+json']" url="https://datasets.iisg.amsterdam/dataset.xhtml?persistentId=hdl:10622/SILLE2"
level=info contentType="script[type='application/ld+json']" url="https://datasets.iisg.amsterdam/dataset.xhtml?persistentId=hdl:10622/AWH3IV"
level=info contentType="script[type='application/ld+json']" url="https://datasets.iisg.amsterdam/dataset.xhtml?persistentId=hdl:10622/PCAEGG"
level=info contentType="script[type='application/ld+json']" url="https://datasets.iisg.amsterdam/dataset.xhtml?persistentId=hdl:10622/ZNA2NP"
level=info contentType="script[type='application/ld+json']" url="https://datasets.iisg.amsterdam/dataset.xhtml?persistentId=hdl:10622/7VTWJE"
level=info contentType="script[type='application/ld+json']" url="https://datasets.iisg.amsterdam/dataset.xhtml?persistentId=hdl:10622/SAK48Q"
level=info contentType="script[type='application/ld+json']" url="https://datasets.iisg.amsterdam/dataset.xhtml?persistentId=hdl:10622/GTGIFN"
