level=error contentType="Direct access failed, trying headless']" url="https://edatos.consorciomadrono.es/dataverse/BARD"
level=error msg="cdp.Runtime: Evaluate: rpc error: Inspected target navigated or closed (code = -32000)" issue="Headless Evaluate" url="https://edatos.consorciomadrono.es/dataverse/BARD"
level=error msg="cdp.Runtime: Evaluate: rpc error: Inspected target navigated or closed (code = -32000)" issue="converting json ld" url="https://edatos.consorciomadrono.es/dataverse/BARD"
level=error contentType="Direct access failed, trying headless']" url="https://edatos.consorciomadrono.es/dataverse/catalogos_barrios_vulnerables"
level=error contentType="Direct access failed, trying headless']" url="https://edatos.consorciomadrono.es/dataverse/empatia"
level=error contentType="Direct access failed, trying headless']" url="https://edatos.consorciomadrono.es/dataverse/ESA"
level=error contentType="Direct access failed, trying headless']" url="https://edatos.consorciomadrono.es/dataverse/Madrono"
level=error contentType="Direct access failed, trying headless']" url="https://edatos.consorciomadrono.es/dataverse/evaluacion_transparencia"
level=error msg="cdp.Runtime: Evaluate: rpc error: Execution context was destroyed. (code = -32000)" issue="Headless Evaluate" url="https://edatos.consorciomadrono.es/dataverse/catalogos_barrios_vulnerables"
level=error msg="cdp.Runtime: Evaluate: rpc error: Execution context was destroyed. (code = -32000)" issue="converting json ld" url="https://edatos.consorciomadrono.es/dataverse/catalogos_barrios_vulnerables"
level=error msg="cdp.Runtime: Evaluate: rpc error: Execution context was destroyed. (code = -32000)" issue="Headless Evaluate" url="https://edatos.consorciomadrono.es/dataverse/ESA"
level=error msg="cdp.Runtime: Evaluate: rpc error: Execution context was destroyed. (code = -32000)" issue="converting json ld" url="https://edatos.consorciomadrono.es/dataverse/ESA"
level=error msg="cdp.Runtime: Evaluate: rpc error: Execution context was destroyed. (code = -32000)" issue="Headless Evaluate" url="https://edatos.consorciomadrono.es/dataverse/evaluacion_transparencia"
level=error msg="cdp.Runtime: Evaluate: rpc error: Execution context was destroyed. (code = -32000)" issue="converting json ld" url="https://edatos.consorciomadrono.es/dataverse/evaluacion_transparencia"
level=error msg="cdp.Runtime: Evaluate: rpc error: Execution context was destroyed. (code = -32000)" issue="Headless Evaluate" url="https://edatos.consorciomadrono.es/dataverse/Madrono"
level=error msg="cdp.Runtime: Evaluate: rpc error: Execution context was destroyed. (code = -32000)" issue="converting json ld" url="https://edatos.consorciomadrono.es/dataverse/Madrono"
level=error msg="cdp.Runtime: Evaluate: rpc error: Execution context was destroyed. (code = -32000)" issue="Headless Evaluate" url="https://edatos.consorciomadrono.es/dataverse/empatia"
level=error msg="cdp.Runtime: Evaluate: rpc error: Execution context was destroyed. (code = -32000)" issue="converting json ld" url="https://edatos.consorciomadrono.es/dataverse/empatia"
level=error contentType="Direct access failed, trying headless']" url="https://edatos.consorciomadrono.es/dataverse/FRONTESPO"
level=error contentType="Direct access failed, trying headless']" url="https://edatos.consorciomadrono.es/dataverse/federico-tena"
level=error contentType="Direct access failed, trying headless']" url="https://edatos.consorciomadrono.es/dataverse/GCOM"
level=error contentType="Direct access failed, trying headless']" url="https://edatos.consorciomadrono.es/dataverse/RMP"
level=error contentType="Direct access failed, trying headless']" url="https://edatos.consorciomadrono.es/dataverse/derecho"
level=error msg="cdp.Runtime: Evaluate: rpc error: Inspected target navigated or closed (code = -32000)" issue="Headless Evaluate" url="https://edatos.consorciomadrono.es/dataverse/FRONTESPO"
level=error msg="cdp.Runtime: Evaluate: rpc error: Inspected target navigated or closed (code = -32000)" issue="Headless Evaluate" url="https://edatos.consorciomadrono.es/dataverse/federico-tena"
level=error msg="cdp.Runtime: Evaluate: rpc error: Inspected target navigated or closed (code = -32000)" issue="converting json ld" url="https://edatos.consorciomadrono.es/dataverse/FRONTESPO"
level=error msg="cdp.Runtime: Evaluate: rpc error: Inspected target navigated or closed (code = -32000)" issue="Headless Evaluate" url="https://edatos.consorciomadrono.es/dataverse/GCOM"
level=error msg="cdp.Runtime: Evaluate: rpc error: Inspected target navigated or closed (code = -32000)" issue="Headless Evaluate" url="https://edatos.consorciomadrono.es/dataverse/derecho"
level=error msg="cdp.Runtime: Evaluate: rpc error: Inspected target navigated or closed (code = -32000)" issue="converting json ld" url="https://edatos.consorciomadrono.es/dataverse/GCOM"
level=error msg="cdp.Runtime: Evaluate: rpc error: Inspected target navigated or closed (code = -32000)" issue="converting json ld" url="https://edatos.consorciomadrono.es/dataverse/derecho"
level=error msg="cdp.Runtime: Evaluate: rpc error: Inspected target navigated or closed (code = -32000)" issue="Headless Evaluate" url="https://edatos.consorciomadrono.es/dataverse/RMP"
level=error msg="cdp.Runtime: Evaluate: rpc error: Inspected target navigated or closed (code = -32000)" issue="converting json ld" url="https://edatos.consorciomadrono.es/dataverse/federico-tena"
level=error msg="cdp.Runtime: Evaluate: rpc error: Inspected target navigated or closed (code = -32000)" issue="converting json ld" url="https://edatos.consorciomadrono.es/dataverse/RMP"
level=error contentType="Direct access failed, trying headless']" url="https://edatos.consorciomadrono.es/dataverse/UAH"
level=error contentType="Direct access failed, trying headless']" url="https://edatos.consorciomadrono.es/dataverse/nonlinear_solid_mechanics"
level=error contentType="Direct access failed, trying headless']" url="https://edatos.consorciomadrono.es/dataverse/UAM"
level=error contentType="Direct access failed, trying headless']" url="https://edatos.consorciomadrono.es/dataverse/UNED"
level=error contentType="Direct access failed, trying headless']" url="https://edatos.consorciomadrono.es/dataverse/UC3M"
level=error msg="cdp.Runtime: Evaluate: rpc error: Execution context was destroyed. (code = -32000)" issue="Headless Evaluate" url="https://edatos.consorciomadrono.es/dataverse/UAH"
level=error msg="cdp.Runtime: Evaluate: rpc error: Execution context was destroyed. (code = -32000)" issue="converting json ld" url="https://edatos.consorciomadrono.es/dataverse/UAH"
level=error msg="cdp.Runtime: Evaluate: rpc error: Execution context was destroyed. (code = -32000)" issue="Headless Evaluate" url="https://edatos.consorciomadrono.es/dataverse/UNED"
level=error msg="cdp.Runtime: Evaluate: rpc error: Execution context was destroyed. (code = -32000)" issue="Headless Evaluate" url="https://edatos.consorciomadrono.es/dataverse/UAM"
level=error msg="cdp.Runtime: Evaluate: rpc error: Execution context was destroyed. (code = -32000)" issue="converting json ld" url="https://edatos.consorciomadrono.es/dataverse/UNED"
level=error msg="cdp.Runtime: Evaluate: rpc error: Execution context was destroyed. (code = -32000)" issue="Headless Evaluate" url="https://edatos.consorciomadrono.es/dataverse/UC3M"
level=error msg="cdp.Runtime: Evaluate: rpc error: Execution context was destroyed. (code = -32000)" issue="Headless Evaluate" url="https://edatos.consorciomadrono.es/dataverse/nonlinear_solid_mechanics"
level=error msg="cdp.Runtime: Evaluate: rpc error: Execution context was destroyed. (code = -32000)" issue="converting json ld" url="https://edatos.consorciomadrono.es/dataverse/UAM"
level=error msg="cdp.Runtime: Evaluate: rpc error: Execution context was destroyed. (code = -32000)" issue="converting json ld" url="https://edatos.consorciomadrono.es/dataverse/UC3M"
level=error msg="cdp.Runtime: Evaluate: rpc error: Execution context was destroyed. (code = -32000)" issue="converting json ld" url="https://edatos.consorciomadrono.es/dataverse/nonlinear_solid_mechanics"
level=error contentType="Direct access failed, trying headless']" url="https://edatos.consorciomadrono.es/dataverse/URJC"
level=error contentType="Direct access failed, trying headless']" url="https://edatos.consorciomadrono.es/dataverse/UPM"
level=error contentType="Direct access failed, trying headless']" url="https://edatos.consorciomadrono.es/dataverse/YLDI"
level=error msg="cdp.Runtime: Evaluate: rpc error: Inspected target navigated or closed (code = -32000)" issue="Headless Evaluate" url="https://edatos.consorciomadrono.es/dataverse/UPM"
level=error msg="cdp.Runtime: Evaluate: rpc error: Inspected target navigated or closed (code = -32000)" issue="Headless Evaluate" url="https://edatos.consorciomadrono.es/dataverse/YLDI"
level=error msg="cdp.Runtime: Evaluate: rpc error: Inspected target navigated or closed (code = -32000)" issue="Headless Evaluate" url="https://edatos.consorciomadrono.es/dataverse/URJC"
level=error msg="cdp.Runtime: Evaluate: rpc error: Inspected target navigated or closed (code = -32000)" issue="converting json ld" url="https://edatos.consorciomadrono.es/dataverse/URJC"
level=error msg="cdp.Runtime: Evaluate: rpc error: Inspected target navigated or closed (code = -32000)" issue="converting json ld" url="https://edatos.consorciomadrono.es/dataverse/YLDI"
level=error msg="cdp.Runtime: Evaluate: rpc error: Inspected target navigated or closed (code = -32000)" issue="converting json ld" url="https://edatos.consorciomadrono.es/dataverse/UPM"
