level=error contentType="Direct access failed, trying headless']" url="https://abacus.library.ubc.ca/dataverse/ogde"
level=error contentType="Direct access failed, trying headless']" url="https://abacus.library.ubc.ca/dataverse/abacus"
level=error contentType="Direct access failed, trying headless']" url="https://abacus.library.ubc.ca/dataverse/uvic"
level=error contentType="Direct access failed, trying headless']" url="https://abacus.library.ubc.ca/dataverse/statcan-public"
level=error msg="cdp.Runtime: Evaluate: rpc error: Inspected target navigated or closed (code = -32000)" issue="Headless Evaluate" url="https://abacus.library.ubc.ca/dataverse/ogde"
level=error msg="cdp.Runtime: Evaluate: rpc error: Inspected target navigated or closed (code = -32000)" issue="converting json ld" url="https://abacus.library.ubc.ca/dataverse/ogde"
level=error msg="cdp.Runtime: Evaluate: rpc error: Inspected target navigated or closed (code = -32000)" issue="Headless Evaluate" url="https://abacus.library.ubc.ca/dataverse/uvic"
level=error msg="cdp.Runtime: Evaluate: rpc error: Inspected target navigated or closed (code = -32000)" issue="converting json ld" url="https://abacus.library.ubc.ca/dataverse/uvic"
level=error msg="cdp.Runtime: Evaluate: rpc error: Inspected target navigated or closed (code = -32000)" issue="Headless Evaluate" url="https://abacus.library.ubc.ca/dataverse/abacus"
level=error msg="cdp.Runtime: Evaluate: rpc error: Inspected target navigated or closed (code = -32000)" issue="Headless Evaluate" url="https://abacus.library.ubc.ca/dataverse/statcan-public"
level=error msg="cdp.Runtime: Evaluate: rpc error: Inspected target navigated or closed (code = -32000)" issue="converting json ld" url="https://abacus.library.ubc.ca/dataverse/statcan-public"
level=error msg="cdp.Runtime: Evaluate: rpc error: Inspected target navigated or closed (code = -32000)" issue="converting json ld" url="https://abacus.library.ubc.ca/dataverse/abacus"
level=error contentType="Direct access failed, trying headless']" url="https://abacus.library.ubc.ca/dataverse/ota"
level=error contentType="Direct access failed, trying headless']" url="https://abacus.library.ubc.ca/dataverse/open"
level=error contentType="Direct access failed, trying headless']" url="https://abacus.library.ubc.ca/dataverse/abacus-licensed"
level=error contentType="Direct access failed, trying headless']" url="https://abacus.library.ubc.ca/dataverse/abacus-open"
level=error contentType="Direct access failed, trying headless']" url="https://abacus.library.ubc.ca/dataverse/ccp"
level=error msg="cdp.Runtime: Evaluate: rpc error: Inspected target navigated or closed (code = -32000)" issue="Headless Evaluate" url="https://abacus.library.ubc.ca/dataverse/ota"
level=error msg="cdp.Runtime: Evaluate: rpc error: Inspected target navigated or closed (code = -32000)" issue="Headless Evaluate" url="https://abacus.library.ubc.ca/dataverse/open"
level=error msg="cdp.Runtime: Evaluate: rpc error: Inspected target navigated or closed (code = -32000)" issue="Headless Evaluate" url="https://abacus.library.ubc.ca/dataverse/abacus-licensed"
level=error msg="cdp.Runtime: Evaluate: rpc error: Inspected target navigated or closed (code = -32000)" issue="Headless Evaluate" url="https://abacus.library.ubc.ca/dataverse/ccp"
level=error msg="cdp.Runtime: Evaluate: rpc error: Inspected target navigated or closed (code = -32000)" issue="converting json ld" url="https://abacus.library.ubc.ca/dataverse/abacus-licensed"
level=error msg="cdp.Runtime: Evaluate: rpc error: Inspected target navigated or closed (code = -32000)" issue="converting json ld" url="https://abacus.library.ubc.ca/dataverse/open"
level=error msg="cdp.Runtime: Evaluate: rpc error: Inspected target navigated or closed (code = -32000)" issue="converting json ld" url="https://abacus.library.ubc.ca/dataverse/ota"
level=error msg="cdp.Runtime: Evaluate: rpc error: Inspected target navigated or closed (code = -32000)" issue="Headless Evaluate" url="https://abacus.library.ubc.ca/dataverse/abacus-open"
level=error msg="cdp.Runtime: Evaluate: rpc error: Inspected target navigated or closed (code = -32000)" issue="converting json ld" url="https://abacus.library.ubc.ca/dataverse/abacus-open"
level=error msg="cdp.Runtime: Evaluate: rpc error: Inspected target navigated or closed (code = -32000)" issue="converting json ld" url="https://abacus.library.ubc.ca/dataverse/ccp"
level=error contentType="Direct access failed, trying headless']" url="https://abacus.library.ubc.ca/dataverse/ubc-restricted"
level=error contentType="Direct access failed, trying headless']" url="https://abacus.library.ubc.ca/dataverse/roper"
level=error msg="cdp.Runtime: Evaluate: rpc error: Inspected target navigated or closed (code = -32000)" issue="Headless Evaluate" url="https://abacus.library.ubc.ca/dataverse/ubc-restricted"
level=error msg="cdp.Runtime: Evaluate: rpc error: Inspected target navigated or closed (code = -32000)" issue="Headless Evaluate" url="https://abacus.library.ubc.ca/dataverse/roper"
level=error msg="cdp.Runtime: Evaluate: rpc error: Inspected target navigated or closed (code = -32000)" issue="converting json ld" url="https://abacus.library.ubc.ca/dataverse/roper"
level=error msg="cdp.Runtime: Evaluate: rpc error: Inspected target navigated or closed (code = -32000)" issue="converting json ld" url="https://abacus.library.ubc.ca/dataverse/ubc-restricted"
level=error contentType="Direct access failed, trying headless']" url="https://abacus.library.ubc.ca/dataverse/triathlon-multi"
level=error contentType="Direct access failed, trying headless']" url="https://abacus.library.ubc.ca/dataverse/triathlon"
level=error contentType="Direct access failed, trying headless']" url="https://abacus.library.ubc.ca/dataverse/ubc"
level=error contentType="Direct access failed, trying headless']" url="https://abacus.library.ubc.ca/dataverse/unbc"
level=error contentType="Direct access failed, trying headless']" url="https://abacus.library.ubc.ca/dataverse/sfu"
level=error msg="cdp.Runtime: Evaluate: rpc error: Inspected target navigated or closed (code = -32000)" issue="Headless Evaluate" url="https://abacus.library.ubc.ca/dataverse/triathlon-multi"
level=error msg="cdp.Runtime: Evaluate: rpc error: Inspected target navigated or closed (code = -32000)" issue="Headless Evaluate" url="https://abacus.library.ubc.ca/dataverse/sfu"
level=error msg="cdp.Runtime: Evaluate: rpc error: Inspected target navigated or closed (code = -32000)" issue="converting json ld" url="https://abacus.library.ubc.ca/dataverse/sfu"
level=error msg="cdp.Runtime: Evaluate: rpc error: Inspected target navigated or closed (code = -32000)" issue="Headless Evaluate" url="https://abacus.library.ubc.ca/dataverse/ubc"
level=error msg="cdp.Runtime: Evaluate: rpc error: Inspected target navigated or closed (code = -32000)" issue="Headless Evaluate" url="https://abacus.library.ubc.ca/dataverse/unbc"
level=error msg="cdp.Runtime: Evaluate: rpc error: Inspected target navigated or closed (code = -32000)" issue="converting json ld" url="https://abacus.library.ubc.ca/dataverse/unbc"
level=error msg="cdp.Runtime: Evaluate: rpc error: Inspected target navigated or closed (code = -32000)" issue="Headless Evaluate" url="https://abacus.library.ubc.ca/dataverse/triathlon"
level=error msg="cdp.Runtime: Evaluate: rpc error: Inspected target navigated or closed (code = -32000)" issue="converting json ld" url="https://abacus.library.ubc.ca/dataverse/triathlon"
level=error msg="cdp.Runtime: Evaluate: rpc error: Inspected target navigated or closed (code = -32000)" issue="converting json ld" url="https://abacus.library.ubc.ca/dataverse/triathlon-multi"
level=error msg="cdp.Runtime: Evaluate: rpc error: Inspected target navigated or closed (code = -32000)" issue="converting json ld" url="https://abacus.library.ubc.ca/dataverse/ubc"
level=error contentType="Direct access failed, trying headless']" url="https://abacus.library.ubc.ca/dataverse/dli"
level=error contentType="Direct access failed, trying headless']" url="https://abacus.library.ubc.ca/dataverse/ubc_open"
level=error msg="cdp.Runtime: Evaluate: rpc error: Inspected target navigated or closed (code = -32000)" issue="Headless Evaluate" url="https://abacus.library.ubc.ca/dataverse/dli"
level=error msg="cdp.Runtime: Evaluate: rpc error: Inspected target navigated or closed (code = -32000)" issue="converting json ld" url="https://abacus.library.ubc.ca/dataverse/dli"
level=error msg="cdp.Runtime: Evaluate: rpc error: Inspected target navigated or closed (code = -32000)" issue="Headless Evaluate" url="https://abacus.library.ubc.ca/dataverse/ubc_open"
level=error msg="cdp.Runtime: Evaluate: rpc error: Inspected target navigated or closed (code = -32000)" issue="converting json ld" url="https://abacus.library.ubc.ca/dataverse/ubc_open"
level=error contentType="Direct access failed, trying headless']" url="https://abacus.library.ubc.ca/dataverse/esri-multi"
level=error contentType="Direct access failed, trying headless']" url="https://abacus.library.ubc.ca/dataverse/covid"
level=error msg="cdp.Runtime: Evaluate: rpc error: Inspected target navigated or closed (code = -32000)" issue="Headless Evaluate" url="https://abacus.library.ubc.ca/dataverse/esri-multi"
level=error msg="cdp.Runtime: Evaluate: rpc error: Inspected target navigated or closed (code = -32000)" issue="converting json ld" url="https://abacus.library.ubc.ca/dataverse/esri-multi"
level=error contentType="Direct access failed, trying headless']" url="https://abacus.library.ubc.ca/dataverse/esri"
level=error contentType="Direct access failed, trying headless']" url="https://abacus.library.ubc.ca/dataverse/dmti"
level=error msg="cdp.Runtime: Evaluate: rpc error: Inspected target navigated or closed (code = -32000)" issue="Headless Evaluate" url="https://abacus.library.ubc.ca/dataverse/covid"
level=error msg="cdp.Runtime: Evaluate: rpc error: Inspected target navigated or closed (code = -32000)" issue="Headless Evaluate" url="https://abacus.library.ubc.ca/dataverse/esri"
level=error msg="cdp.Runtime: Evaluate: rpc error: Inspected target navigated or closed (code = -32000)" issue="converting json ld" url="https://abacus.library.ubc.ca/dataverse/covid"
level=error msg="cdp.Runtime: Evaluate: rpc error: Inspected target navigated or closed (code = -32000)" issue="converting json ld" url="https://abacus.library.ubc.ca/dataverse/esri"
level=error msg="cdp.Runtime: Evaluate: rpc error: Inspected target navigated or closed (code = -32000)" issue="Headless Evaluate" url="https://abacus.library.ubc.ca/dataverse/dmti"
level=error msg="cdp.Runtime: Evaluate: rpc error: Inspected target navigated or closed (code = -32000)" issue="converting json ld" url="https://abacus.library.ubc.ca/dataverse/dmti"
level=error contentType="Direct access failed, trying headless']" url="https://abacus.library.ubc.ca/dataverse/cipo"
level=error contentType="Direct access failed, trying headless']" url="https://abacus.library.ubc.ca/dataverse/icpsr"
level=error contentType="Direct access failed, trying headless']" url="https://abacus.library.ubc.ca/dataverse/lapop"
level=error contentType="Direct access failed, trying headless']" url="https://abacus.library.ubc.ca/dataverse/ldc"
level=error msg="cdp.Runtime: Evaluate: rpc error: Inspected target navigated or closed (code = -32000)" issue="Headless Evaluate" url="https://abacus.library.ubc.ca/dataverse/icpsr"
level=error msg="cdp.Runtime: Evaluate: rpc error: Inspected target navigated or closed (code = -32000)" issue="Headless Evaluate" url="https://abacus.library.ubc.ca/dataverse/ldc"
level=error msg="cdp.Runtime: Evaluate: rpc error: Inspected target navigated or closed (code = -32000)" issue="Headless Evaluate" url="https://abacus.library.ubc.ca/dataverse/lapop"
level=error msg="cdp.Runtime: Evaluate: rpc error: Inspected target navigated or closed (code = -32000)" issue="converting json ld" url="https://abacus.library.ubc.ca/dataverse/ldc"
level=error msg="cdp.Runtime: Evaluate: rpc error: Inspected target navigated or closed (code = -32000)" issue="Headless Evaluate" url="https://abacus.library.ubc.ca/dataverse/cipo"
level=error msg="cdp.Runtime: Evaluate: rpc error: Inspected target navigated or closed (code = -32000)" issue="converting json ld" url="https://abacus.library.ubc.ca/dataverse/cipo"
level=error msg="cdp.Runtime: Evaluate: rpc error: Inspected target navigated or closed (code = -32000)" issue="converting json ld" url="https://abacus.library.ubc.ca/dataverse/lapop"
level=error msg="cdp.Runtime: Evaluate: rpc error: Inspected target navigated or closed (code = -32000)" issue="converting json ld" url="https://abacus.library.ubc.ca/dataverse/icpsr"
