level=error contentType="Direct access failed, trying headless']" url="https://vitrinedadosabertos.rnp.br/dataverse/dt"
level=error contentType="Direct access failed, trying headless']" url="https://vitrinedadosabertos.rnp.br/dataverse/estic"
level=error contentType="Direct access failed, trying headless']" url="https://vitrinedadosabertos.rnp.br/dataverse/cdc"
level=error contentType="Direct access failed, trying headless']" url="https://vitrinedadosabertos.rnp.br/dataverse/eor"
level=error contentType="Direct access failed, trying headless']" url="https://vitrinedadosabertos.rnp.br/dataverse/eorscc"
level=error msg="cdp.Runtime: Evaluate: rpc error: Inspected target navigated or closed (code = -32000)" issue="Headless Evaluate" url="https://vitrinedadosabertos.rnp.br/dataverse/dt"
level=error msg="cdp.Runtime: Evaluate: rpc error: Inspected target navigated or closed (code = -32000)" issue="converting json ld" url="https://vitrinedadosabertos.rnp.br/dataverse/dt"
level=error msg="cdp.Runtime: Evaluate: rpc error: Inspected target navigated or closed (code = -32000)" issue="Headless Evaluate" url="https://vitrinedadosabertos.rnp.br/dataverse/cdc"
level=error msg="cdp.Runtime: Evaluate: rpc error: Inspected target navigated or closed (code = -32000)" issue="Headless Evaluate" url="https://vitrinedadosabertos.rnp.br/dataverse/eor"
level=error msg="cdp.Runtime: Evaluate: rpc error: Inspected target navigated or closed (code = -32000)" issue="converting json ld" url="https://vitrinedadosabertos.rnp.br/dataverse/eor"
level=error msg="cdp.Runtime: Evaluate: rpc error: Inspected target navigated or closed (code = -32000)" issue="Headless Evaluate" url="https://vitrinedadosabertos.rnp.br/dataverse/eorscc"
level=error msg="cdp.Runtime: Evaluate: rpc error: Inspected target navigated or closed (code = -32000)" issue="Headless Evaluate" url="https://vitrinedadosabertos.rnp.br/dataverse/estic"
level=error msg="cdp.Runtime: Evaluate: rpc error: Inspected target navigated or closed (code = -32000)" issue="converting json ld" url="https://vitrinedadosabertos.rnp.br/dataverse/eorscc"
level=error msg="cdp.Runtime: Evaluate: rpc error: Inspected target navigated or closed (code = -32000)" issue="converting json ld" url="https://vitrinedadosabertos.rnp.br/dataverse/cdc"
level=error msg="cdp.Runtime: Evaluate: rpc error: Inspected target navigated or closed (code = -32000)" issue="converting json ld" url="https://vitrinedadosabertos.rnp.br/dataverse/estic"
level=error contentType="Direct access failed, trying headless']" url="https://vitrinedadosabertos.rnp.br/dataverse/medicoes_rede_ipe"
level=error contentType="Direct access failed, trying headless']" url="https://vitrinedadosabertos.rnp.br/dataverse/rnp"
level=error contentType="Direct access failed, trying headless']" url="https://vitrinedadosabertos.rnp.br/dataverse/scc"
level=error contentType="Direct access failed, trying headless']" url="https://vitrinedadosabertos.rnp.br/dataverse/rede_ipe"
level=error msg="cdp.Runtime: Evaluate: rpc error: Inspected target navigated or closed (code = -32000)" issue="Headless Evaluate" url="https://vitrinedadosabertos.rnp.br/dataverse/scc"
level=error msg="cdp.Runtime: Evaluate: rpc error: Inspected target navigated or closed (code = -32000)" issue="Headless Evaluate" url="https://vitrinedadosabertos.rnp.br/dataverse/medicoes_rede_ipe"
level=error msg="cdp.Runtime: Evaluate: rpc error: Inspected target navigated or closed (code = -32000)" issue="Headless Evaluate" url="https://vitrinedadosabertos.rnp.br/dataverse/rede_ipe"
level=error msg="cdp.Runtime: Evaluate: rpc error: Inspected target navigated or closed (code = -32000)" issue="Headless Evaluate" url="https://vitrinedadosabertos.rnp.br/dataverse/rnp"
level=error msg="cdp.Runtime: Evaluate: rpc error: Inspected target navigated or closed (code = -32000)" issue="converting json ld" url="https://vitrinedadosabertos.rnp.br/dataverse/medicoes_rede_ipe"
level=error msg="cdp.Runtime: Evaluate: rpc error: Inspected target navigated or closed (code = -32000)" issue="converting json ld" url="https://vitrinedadosabertos.rnp.br/dataverse/scc"
level=error msg="cdp.Runtime: Evaluate: rpc error: Inspected target navigated or closed (code = -32000)" issue="converting json ld" url="https://vitrinedadosabertos.rnp.br/dataverse/rede_ipe"
level=error msg="cdp.Runtime: Evaluate: rpc error: Inspected target navigated or closed (code = -32000)" issue="converting json ld" url="https://vitrinedadosabertos.rnp.br/dataverse/rnp"
