level=info msg="Queuing URLs for milano"
level=info msg="URL Count 145"
level=info contentType="script[type='application/ld+json']" url="https://dataverse.unimi.it/dataset.xhtml?persistentId=doi:10.13130/RD_UNIMI/SXTVSN"
level=info contentType="script[type='application/ld+json']" url="https://dataverse.unimi.it/dataset.xhtml?persistentId=doi:10.13130/RD_UNIMI/ASKGBH"
level=info contentType="script[type='application/ld+json']" url="https://dataverse.unimi.it/dataset.xhtml?persistentId=doi:10.13130/RD_UNIMI/SFSEFZ"
level=info contentType="script[type='application/ld+json']" url="https://dataverse.unimi.it/dataset.xhtml?persistentId=doi:10.13130/RD_UNIMI/UZEN5O"
level=info contentType="script[type='application/ld+json']" url="https://dataverse.unimi.it/dataset.xhtml?persistentId=doi:10.13130/RD_UNIMI/YEOOCZ"
level=info contentType="script[type='application/ld+json']" url="https://dataverse.unimi.it/dataset.xhtml?persistentId=doi:10.13130/RD_UNIMI/VXKHSF"
level=info contentType="script[type='application/ld+json']" url="https://dataverse.unimi.it/dataset.xhtml?persistentId=doi:10.13130/RD_UNIMI/LJHV28"
level=info contentType="script[type='application/ld+json']" url="https://dataverse.unimi.it/dataset.xhtml?persistentId=doi:10.13130/RD_UNIMI/UOQOM7"
level=info contentType="script[type='application/ld+json']" url="https://dataverse.unimi.it/dataset.xhtml?persistentId=doi:10.13130/RD_UNIMI/36YHMD"
level=info contentType="script[type='application/ld+json']" url="https://dataverse.unimi.it/dataset.xhtml?persistentId=doi:10.13130/RD_UNIMI/MYTMMQ"
level=info contentType="script[type='application/ld+json']" url="https://dataverse.unimi.it/dataset.xhtml?persistentId=doi:10.13130/RD_UNIMI/4OXRRS"
level=info contentType="script[type='application/ld+json']" url="https://dataverse.unimi.it/dataset.xhtml?persistentId=doi:10.13130/RD_UNIMI/5IRURO"
level=info contentType="script[type='application/ld+json']" url="https://dataverse.unimi.it/dataset.xhtml?persistentId=doi:10.13130/RD_UNIMI/KKCY2I"
level=info contentType="script[type='application/ld+json']" url="https://dataverse.unimi.it/dataset.xhtml?persistentId=doi:10.13130/RD_UNIMI/R2OS1K"
level=info contentType="script[type='application/ld+json']" url="https://dataverse.unimi.it/dataset.xhtml?persistentId=doi:10.13130/RD_UNIMI/I4YV97"
level=info contentType="script[type='application/ld+json']" url="https://dataverse.unimi.it/dataset.xhtml?persistentId=doi:10.13130/RD_UNIMI/BRAH5M"
level=info contentType="script[type='application/ld+json']" url="https://dataverse.unimi.it/dataset.xhtml?persistentId=doi:10.13130/RD_UNIMI/DNGBVO"
level=info contentType="script[type='application/ld+json']" url="https://dataverse.unimi.it/dataset.xhtml?persistentId=doi:10.13130/RD_UNIMI/JAG2BM"
level=info contentType="script[type='application/ld+json']" url="https://dataverse.unimi.it/dataset.xhtml?persistentId=doi:10.13130/RD_UNIMI/4AXIC2"
level=info contentType="script[type='application/ld+json']" url="https://dataverse.unimi.it/dataset.xhtml?persistentId=doi:10.13130/RD_UNIMI/KCYYEB"
level=info contentType="script[type='application/ld+json']" url="https://dataverse.unimi.it/dataset.xhtml?persistentId=doi:10.13130/RD_UNIMI/MW6R2N"
level=info contentType="script[type='application/ld+json']" url="https://dataverse.unimi.it/dataset.xhtml?persistentId=doi:10.13130/RD_UNIMI/SP5LQJ"
level=info contentType="script[type='application/ld+json']" url="https://dataverse.unimi.it/dataset.xhtml?persistentId=doi:10.13130/RD_UNIMI/CUNHGC"
level=info contentType="script[type='application/ld+json']" url="https://dataverse.unimi.it/dataset.xhtml?persistentId=doi:10.13130/RD_UNIMI/QRSN8M"
level=info contentType="script[type='application/ld+json']" url="https://dataverse.unimi.it/dataset.xhtml?persistentId=doi:10.13130/RD_UNIMI/YMWBMU"
level=info contentType="script[type='application/ld+json']" url="https://dataverse.unimi.it/dataset.xhtml?persistentId=doi:10.13130/RD_UNIMI/FNYUIG"
level=info contentType="script[type='application/ld+json']" url="https://dataverse.unimi.it/dataset.xhtml?persistentId=doi:10.13130/RD_UNIMI/KUPJTU"
level=info contentType="script[type='application/ld+json']" url="https://dataverse.unimi.it/dataset.xhtml?persistentId=doi:10.13130/RD_UNIMI/764STT"
level=info contentType="script[type='application/ld+json']" url="https://dataverse.unimi.it/dataset.xhtml?persistentId=doi:10.13130/RD_UNIMI/ZKBQFS"
level=info contentType="script[type='application/ld+json']" url="https://dataverse.unimi.it/dataset.xhtml?persistentId=doi:10.13130/RD_UNIMI/VG6Y5L"
level=info contentType="script[type='application/ld+json']" url="https://dataverse.unimi.it/dataset.xhtml?persistentId=doi:10.13130/RD_UNIMI/JEA5XX"
level=info contentType="script[type='application/ld+json']" url="https://dataverse.unimi.it/dataset.xhtml?persistentId=doi:10.13130/RD_UNIMI/KGCL3D"
level=info contentType="script[type='application/ld+json']" url="https://dataverse.unimi.it/dataset.xhtml?persistentId=doi:10.13130/RD_UNIMI/ALYI3H"
level=info contentType="script[type='application/ld+json']" url="https://dataverse.unimi.it/dataset.xhtml?persistentId=doi:10.13130/RD_UNIMI/SKRLH0"
level=info contentType="script[type='application/ld+json']" url="https://dataverse.unimi.it/dataset.xhtml?persistentId=doi:10.13130/RD_UNIMI/LQRZEL"
level=info contentType="script[type='application/ld+json']" url="https://dataverse.unimi.it/dataset.xhtml?persistentId=doi:10.13130/RD_UNIMI/ENPBN2"
level=info contentType="script[type='application/ld+json']" url="https://dataverse.unimi.it/dataset.xhtml?persistentId=doi:10.13130/RD_UNIMI/QUKZOU"
level=info contentType="script[type='application/ld+json']" url="https://dataverse.unimi.it/dataset.xhtml?persistentId=doi:10.13130/RD_UNIMI/WTN3GN"
level=info contentType="script[type='application/ld+json']" url="https://dataverse.unimi.it/dataset.xhtml?persistentId=doi:10.13130/RD_UNIMI/F0EGUL"
level=info contentType="script[type='application/ld+json']" url="https://dataverse.unimi.it/dataset.xhtml?persistentId=doi:10.13130/RD_UNIMI/TNOPUS"
level=info contentType="script[type='application/ld+json']" url="https://dataverse.unimi.it/dataset.xhtml?persistentId=doi:10.13130/RD_UNIMI/CFUI6M"
level=info contentType="script[type='application/ld+json']" url="https://dataverse.unimi.it/dataset.xhtml?persistentId=doi:10.13130/RD_UNIMI/X03C1Y"
level=info contentType="script[type='application/ld+json']" url="https://dataverse.unimi.it/dataset.xhtml?persistentId=doi:10.13130/RD_UNIMI/TFQDRD"
level=info contentType="script[type='application/ld+json']" url="https://dataverse.unimi.it/dataset.xhtml?persistentId=doi:10.13130/RD_UNIMI/D4WLOD"
level=info contentType="script[type='application/ld+json']" url="https://dataverse.unimi.it/dataset.xhtml?persistentId=doi:10.13130/RD_UNIMI/3QA23K"
level=info contentType="script[type='application/ld+json']" url="https://dataverse.unimi.it/dataset.xhtml?persistentId=doi:10.13130/RD_UNIMI/TMTT5S"
level=info contentType="script[type='application/ld+json']" url="https://dataverse.unimi.it/dataset.xhtml?persistentId=doi:10.13130/RD_UNIMI/E6SQVL"
level=info contentType="script[type='application/ld+json']" url="https://dataverse.unimi.it/dataset.xhtml?persistentId=doi:10.13130/RD_UNIMI/OIP0JW"
level=info contentType="script[type='application/ld+json']" url="https://dataverse.unimi.it/dataset.xhtml?persistentId=doi:10.13130/RD_UNIMI/WWUZIJ"
level=info contentType="script[type='application/ld+json']" url="https://dataverse.unimi.it/dataset.xhtml?persistentId=doi:10.13130/RD_UNIMI/VQMBTE"
level=info contentType="script[type='application/ld+json']" url="https://dataverse.unimi.it/dataset.xhtml?persistentId=doi:10.13130/RD_UNIMI/LNNAWH"
level=info contentType="script[type='application/ld+json']" url="https://dataverse.unimi.it/dataset.xhtml?persistentId=doi:10.13130/RD_UNIMI/2TSZLS"
level=info contentType="script[type='application/ld+json']" url="https://dataverse.unimi.it/dataset.xhtml?persistentId=doi:10.13130/RD_UNIMI/UKLXH6"
level=info contentType="script[type='application/ld+json']" url="https://dataverse.unimi.it/dataset.xhtml?persistentId=doi:10.13130/RD_UNIMI/JEKKDR"
level=info contentType="script[type='application/ld+json']" url="https://dataverse.unimi.it/dataset.xhtml?persistentId=doi:10.13130/RD_UNIMI/DOCYVT"
level=info contentType="script[type='application/ld+json']" url="https://dataverse.unimi.it/dataset.xhtml?persistentId=doi:10.13130/RD_UNIMI/D3TZIK"
level=info contentType="script[type='application/ld+json']" url="https://dataverse.unimi.it/dataset.xhtml?persistentId=doi:10.13130/RD_UNIMI/S5SA4S"
level=info contentType="script[type='application/ld+json']" url="https://dataverse.unimi.it/dataset.xhtml?persistentId=doi:10.13130/RD_UNIMI/BMCJ8L"
level=info contentType="script[type='application/ld+json']" url="https://dataverse.unimi.it/dataset.xhtml?persistentId=doi:10.13130/RD_UNIMI/VGLD0Y"
level=info contentType="script[type='application/ld+json']" url="https://dataverse.unimi.it/dataset.xhtml?persistentId=doi:10.13130/RD_UNIMI/KENMGV"
level=info contentType="script[type='application/ld+json']" url="https://dataverse.unimi.it/dataset.xhtml?persistentId=doi:10.13130/RD_UNIMI/IKAZI6"
level=info contentType="script[type='application/ld+json']" url="https://dataverse.unimi.it/dataset.xhtml?persistentId=doi:10.13130/RD_UNIMI/II2XQZ"
level=info contentType="script[type='application/ld+json']" url="https://dataverse.unimi.it/dataset.xhtml?persistentId=doi:10.13130/RD_UNIMI/WJJ9VT"
level=info contentType="script[type='application/ld+json']" url="https://dataverse.unimi.it/dataset.xhtml?persistentId=doi:10.13130/RD_UNIMI/ZHIYQC"
level=info contentType="script[type='application/ld+json']" url="https://dataverse.unimi.it/dataset.xhtml?persistentId=doi:10.13130/RD_UNIMI/0CRS4W"
level=info contentType="script[type='application/ld+json']" url="https://dataverse.unimi.it/dataset.xhtml?persistentId=doi:10.13130/RD_UNIMI/UBHFB9"
level=info contentType="script[type='application/ld+json']" url="https://dataverse.unimi.it/dataset.xhtml?persistentId=doi:10.13130/RD_UNIMI/JRZMYD"
level=info contentType="script[type='application/ld+json']" url="https://dataverse.unimi.it/dataset.xhtml?persistentId=doi:10.13130/RD_UNIMI/DZPCCP"
level=info contentType="script[type='application/ld+json']" url="https://dataverse.unimi.it/dataset.xhtml?persistentId=doi:10.13130/RD_UNIMI/ZG20OG"
level=info contentType="script[type='application/ld+json']" url="https://dataverse.unimi.it/dataset.xhtml?persistentId=doi:10.13130/RD_UNIMI/I1J0WK"
level=info contentType="script[type='application/ld+json']" url="https://dataverse.unimi.it/dataset.xhtml?persistentId=doi:10.13130/RD_UNIMI/MVMVGA"
level=info contentType="script[type='application/ld+json']" url="https://dataverse.unimi.it/dataset.xhtml?persistentId=doi:10.13130/RD_UNIMI/EQNIQ5"
level=info contentType="script[type='application/ld+json']" url="https://dataverse.unimi.it/dataset.xhtml?persistentId=doi:10.13130/RD_UNIMI/EK9MSJ"
level=info contentType="script[type='application/ld+json']" url="https://dataverse.unimi.it/dataset.xhtml?persistentId=doi:10.13130/RD_UNIMI/ATEC4Z"
level=info contentType="script[type='application/ld+json']" url="https://dataverse.unimi.it/dataset.xhtml?persistentId=doi:10.13130/RD_UNIMI/9YJKTX"
level=info contentType="script[type='application/ld+json']" url="https://dataverse.unimi.it/dataset.xhtml?persistentId=doi:10.13130/RD_UNIMI/ONB8QO"
level=info contentType="script[type='application/ld+json']" url="https://dataverse.unimi.it/dataset.xhtml?persistentId=doi:10.13130/RD_UNIMI/WRO0ER"
level=info contentType="script[type='application/ld+json']" url="https://dataverse.unimi.it/dataset.xhtml?persistentId=doi:10.13130/RD_UNIMI/ZVRALV"
level=info contentType="script[type='application/ld+json']" url="https://dataverse.unimi.it/dataset.xhtml?persistentId=doi:10.13130/RD_UNIMI/YJ5SJG"
level=info contentType="script[type='application/ld+json']" url="https://dataverse.unimi.it/dataset.xhtml?persistentId=doi:10.13130/RD_UNIMI/AHFF7U"
level=info contentType="script[type='application/ld+json']" url="https://dataverse.unimi.it/dataset.xhtml?persistentId=doi:10.13130/RD_UNIMI/OXXJ1N"
level=info contentType="script[type='application/ld+json']" url="https://dataverse.unimi.it/dataset.xhtml?persistentId=doi:10.13130/RD_UNIMI/VHW2QV"
level=info contentType="script[type='application/ld+json']" url="https://dataverse.unimi.it/dataset.xhtml?persistentId=doi:10.13130/RD_UNIMI/EO5VNS"
