level=error contentType="Direct access failed, trying headless']" url="https://heidata.uni-heidelberg.de/dataverse/lindEA"
level=error contentType="Direct access failed, trying headless']" url="https://heidata.uni-heidelberg.de/dataverse/anders-biostat"
level=error contentType="Direct access failed, trying headless']" url="https://heidata.uni-heidelberg.de/dataverse/archber"
level=error contentType="Direct access failed, trying headless']" url="https://heidata.uni-heidelberg.de/dataverse/architrave"
level=error contentType="Direct access failed, trying headless']" url="https://heidata.uni-heidelberg.de/dataverse/archinfo"
level=error msg="cdp.Runtime: Evaluate: rpc error: Inspected target navigated or closed (code = -32000)" issue="Headless Evaluate" url="https://heidata.uni-heidelberg.de/dataverse/lindEA"
level=error msg="cdp.Runtime: Evaluate: rpc error: Inspected target navigated or closed (code = -32000)" issue="Headless Evaluate" url="https://heidata.uni-heidelberg.de/dataverse/anders-biostat"
level=error msg="cdp.Runtime: Evaluate: rpc error: Inspected target navigated or closed (code = -32000)" issue="Headless Evaluate" url="https://heidata.uni-heidelberg.de/dataverse/archber"
level=error msg="cdp.Runtime: Evaluate: rpc error: Inspected target navigated or closed (code = -32000)" issue="converting json ld" url="https://heidata.uni-heidelberg.de/dataverse/lindEA"
level=error msg="cdp.Runtime: Evaluate: rpc error: Inspected target navigated or closed (code = -32000)" issue="converting json ld" url="https://heidata.uni-heidelberg.de/dataverse/anders-biostat"
level=error msg="cdp.Runtime: Evaluate: rpc error: Inspected target navigated or closed (code = -32000)" issue="converting json ld" url="https://heidata.uni-heidelberg.de/dataverse/archber"
level=error msg="cdp.Runtime: Evaluate: rpc error: Inspected target navigated or closed (code = -32000)" issue="Headless Evaluate" url="https://heidata.uni-heidelberg.de/dataverse/archinfo"
level=error msg="cdp.Runtime: Evaluate: rpc error: Inspected target navigated or closed (code = -32000)" issue="converting json ld" url="https://heidata.uni-heidelberg.de/dataverse/archinfo"
level=error msg="cdp.Runtime: Evaluate: rpc error: Inspected target navigated or closed (code = -32000)" issue="Headless Evaluate" url="https://heidata.uni-heidelberg.de/dataverse/architrave"
level=error msg="cdp.Runtime: Evaluate: rpc error: Inspected target navigated or closed (code = -32000)" issue="converting json ld" url="https://heidata.uni-heidelberg.de/dataverse/architrave"
level=error contentType="Direct access failed, trying headless']" url="https://heidata.uni-heidelberg.de/dataverse/archquell"
level=error contentType="Direct access failed, trying headless']" url="https://heidata.uni-heidelberg.de/dataverse/3dgeo"
level=error contentType="Direct access failed, trying headless']" url="https://heidata.uni-heidelberg.de/dataverse/wittbrodtcos"
level=error contentType="Direct access failed, trying headless']" url="https://heidata.uni-heidelberg.de/dataverse/cacm"
level=error contentType="Direct access failed, trying headless']" url="https://heidata.uni-heidelberg.de/dataverse/3DMM2O"
level=error msg="cdp.Runtime: Evaluate: rpc error: Inspected target navigated or closed (code = -32000)" issue="Headless Evaluate" url="https://heidata.uni-heidelberg.de/dataverse/archquell"
level=error msg="cdp.Runtime: Evaluate: rpc error: Inspected target navigated or closed (code = -32000)" issue="Headless Evaluate" url="https://heidata.uni-heidelberg.de/dataverse/3dgeo"
level=error msg="cdp.Runtime: Evaluate: rpc error: Inspected target navigated or closed (code = -32000)" issue="Headless Evaluate" url="https://heidata.uni-heidelberg.de/dataverse/cacm"
level=error msg="cdp.Runtime: Evaluate: rpc error: Inspected target navigated or closed (code = -32000)" issue="converting json ld" url="https://heidata.uni-heidelberg.de/dataverse/cacm"
level=error msg="cdp.Runtime: Evaluate: rpc error: Inspected target navigated or closed (code = -32000)" issue="Headless Evaluate" url="https://heidata.uni-heidelberg.de/dataverse/3DMM2O"
level=error msg="cdp.Runtime: Evaluate: rpc error: Inspected target navigated or closed (code = -32000)" issue="converting json ld" url="https://heidata.uni-heidelberg.de/dataverse/3DMM2O"
level=error msg="cdp.Runtime: Evaluate: rpc error: Inspected target navigated or closed (code = -32000)" issue="converting json ld" url="https://heidata.uni-heidelberg.de/dataverse/3dgeo"
level=error msg="cdp.Runtime: Evaluate: rpc error: Inspected target navigated or closed (code = -32000)" issue="converting json ld" url="https://heidata.uni-heidelberg.de/dataverse/archquell"
level=error msg="cdp.Runtime: Evaluate: rpc error: Inspected target navigated or closed (code = -32000)" issue="Headless Evaluate" url="https://heidata.uni-heidelberg.de/dataverse/wittbrodtcos"
level=error msg="cdp.Runtime: Evaluate: rpc error: Inspected target navigated or closed (code = -32000)" issue="converting json ld" url="https://heidata.uni-heidelberg.de/dataverse/wittbrodtcos"
level=error contentType="Direct access failed, trying headless']" url="https://heidata.uni-heidelberg.de/dataverse/ART-Books"
level=error contentType="Direct access failed, trying headless']" url="https://heidata.uni-heidelberg.de/dataverse/zah"
level=error contentType="Direct access failed, trying headless']" url="https://heidata.uni-heidelberg.de/dataverse/aiphes"
level=error contentType="Direct access failed, trying headless']" url="https://heidata.uni-heidelberg.de/dataverse/blasco"
level=error contentType="Direct access failed, trying headless']" url="https://heidata.uni-heidelberg.de/dataverse/both"
level=error msg="cdp.Runtime: Evaluate: rpc error: Inspected target navigated or closed (code = -32000)" issue="Headless Evaluate" url="https://heidata.uni-heidelberg.de/dataverse/ART-Books"
level=error msg="cdp.Runtime: Evaluate: rpc error: Inspected target navigated or closed (code = -32000)" issue="Headless Evaluate" url="https://heidata.uni-heidelberg.de/dataverse/blasco"
level=error msg="cdp.Runtime: Evaluate: rpc error: Inspected target navigated or closed (code = -32000)" issue="converting json ld" url="https://heidata.uni-heidelberg.de/dataverse/ART-Books"
level=error msg="cdp.Runtime: Evaluate: rpc error: Inspected target navigated or closed (code = -32000)" issue="Headless Evaluate" url="https://heidata.uni-heidelberg.de/dataverse/aiphes"
level=error msg="cdp.Runtime: Evaluate: rpc error: Inspected target navigated or closed (code = -32000)" issue="Headless Evaluate" url="https://heidata.uni-heidelberg.de/dataverse/both"
level=error msg="cdp.Runtime: Evaluate: rpc error: Inspected target navigated or closed (code = -32000)" issue="converting json ld" url="https://heidata.uni-heidelberg.de/dataverse/blasco"
level=error msg="cdp.Runtime: Evaluate: rpc error: Inspected target navigated or closed (code = -32000)" issue="Headless Evaluate" url="https://heidata.uni-heidelberg.de/dataverse/zah"
level=error msg="cdp.Runtime: Evaluate: rpc error: Inspected target navigated or closed (code = -32000)" issue="converting json ld" url="https://heidata.uni-heidelberg.de/dataverse/zah"
level=error msg="cdp.Runtime: Evaluate: rpc error: Inspected target navigated or closed (code = -32000)" issue="converting json ld" url="https://heidata.uni-heidelberg.de/dataverse/aiphes"
level=error msg="cdp.Runtime: Evaluate: rpc error: Inspected target navigated or closed (code = -32000)" issue="converting json ld" url="https://heidata.uni-heidelberg.de/dataverse/both"
level=error contentType="Direct access failed, trying headless']" url="https://heidata.uni-heidelberg.de/dataverse/churchhis"
level=error contentType="Direct access failed, trying headless']" url="https://heidata.uni-heidelberg.de/dataverse/oci-bunz-group"
level=error contentType="Direct access failed, trying headless']" url="https://heidata.uni-heidelberg.de/dataverse/carbon"
level=error contentType="Direct access failed, trying headless']" url="https://heidata.uni-heidelberg.de/dataverse/arthistoricum"
level=error contentType="Direct access failed, trying headless']" url="https://heidata.uni-heidelberg.de/dataverse/asiaeurope"
level=error msg="cdp.Runtime: Evaluate: rpc error: Inspected target navigated or closed (code = -32000)" issue="Headless Evaluate" url="https://heidata.uni-heidelberg.de/dataverse/carbon"
level=error msg="cdp.Runtime: Evaluate: rpc error: Inspected target navigated or closed (code = -32000)" issue="Headless Evaluate" url="https://heidata.uni-heidelberg.de/dataverse/arthistoricum"
level=error msg="cdp.Runtime: Evaluate: rpc error: Inspected target navigated or closed (code = -32000)" issue="Headless Evaluate" url="https://heidata.uni-heidelberg.de/dataverse/asiaeurope"
level=error msg="cdp.Runtime: Evaluate: rpc error: Inspected target navigated or closed (code = -32000)" issue="converting json ld" url="https://heidata.uni-heidelberg.de/dataverse/arthistoricum"
level=error msg="cdp.Runtime: Evaluate: rpc error: Inspected target navigated or closed (code = -32000)" issue="converting json ld" url="https://heidata.uni-heidelberg.de/dataverse/asiaeurope"
level=error msg="cdp.Runtime: Evaluate: rpc error: Inspected target navigated or closed (code = -32000)" issue="converting json ld" url="https://heidata.uni-heidelberg.de/dataverse/carbon"
level=error msg="cdp.Runtime: Evaluate: rpc error: Inspected target navigated or closed (code = -32000)" issue="Headless Evaluate" url="https://heidata.uni-heidelberg.de/dataverse/oci-bunz-group"
level=error msg="cdp.Runtime: Evaluate: rpc error: Inspected target navigated or closed (code = -32000)" issue="Headless Evaluate" url="https://heidata.uni-heidelberg.de/dataverse/churchhis"
level=error msg="cdp.Runtime: Evaluate: rpc error: Inspected target navigated or closed (code = -32000)" issue="converting json ld" url="https://heidata.uni-heidelberg.de/dataverse/oci-bunz-group"
level=error msg="cdp.Runtime: Evaluate: rpc error: Inspected target navigated or closed (code = -32000)" issue="converting json ld" url="https://heidata.uni-heidelberg.de/dataverse/churchhis"
level=error contentType="Direct access failed, trying headless']" url="https://heidata.uni-heidelberg.de/dataverse/ari"
level=error contentType="Direct access failed, trying headless']" url="https://heidata.uni-heidelberg.de/dataverse/auditory-cognition-lab"
level=error contentType="Direct access failed, trying headless']" url="https://heidata.uni-heidelberg.de/dataverse/agcd"
level=error contentType="Direct access failed, trying headless']" url="https://heidata.uni-heidelberg.de/dataverse/corehierpe"
level=error contentType="Direct access failed, trying headless']" url="https://heidata.uni-heidelberg.de/dataverse/SNiP"
level=error msg="cdp.Runtime: Evaluate: rpc error: Inspected target navigated or closed (code = -32000)" issue="Headless Evaluate" url="https://heidata.uni-heidelberg.de/dataverse/ari"
level=error msg="cdp.Runtime: Evaluate: rpc error: Inspected target navigated or closed (code = -32000)" issue="Headless Evaluate" url="https://heidata.uni-heidelberg.de/dataverse/auditory-cognition-lab"
level=error msg="cdp.Runtime: Evaluate: rpc error: Inspected target navigated or closed (code = -32000)" issue="converting json ld" url="https://heidata.uni-heidelberg.de/dataverse/auditory-cognition-lab"
level=error msg="cdp.Runtime: Evaluate: rpc error: Inspected target navigated or closed (code = -32000)" issue="Headless Evaluate" url="https://heidata.uni-heidelberg.de/dataverse/SNiP"
level=error msg="cdp.Runtime: Evaluate: rpc error: Inspected target navigated or closed (code = -32000)" issue="converting json ld" url="https://heidata.uni-heidelberg.de/dataverse/SNiP"
level=error msg="cdp.Runtime: Evaluate: rpc error: Inspected target navigated or closed (code = -32000)" issue="converting json ld" url="https://heidata.uni-heidelberg.de/dataverse/ari"
level=error msg="cdp.Runtime: Evaluate: rpc error: Inspected target navigated or closed (code = -32000)" issue="Headless Evaluate" url="https://heidata.uni-heidelberg.de/dataverse/corehierpe"
level=error msg="cdp.Runtime: Evaluate: rpc error: Inspected target navigated or closed (code = -32000)" issue="converting json ld" url="https://heidata.uni-heidelberg.de/dataverse/corehierpe"
level=error msg="cdp.Runtime: Evaluate: rpc error: Inspected target navigated or closed (code = -32000)" issue="Headless Evaluate" url="https://heidata.uni-heidelberg.de/dataverse/agcd"
level=error msg="cdp.Runtime: Evaluate: rpc error: Inspected target navigated or closed (code = -32000)" issue="converting json ld" url="https://heidata.uni-heidelberg.de/dataverse/agcd"
level=error contentType="Direct access failed, trying headless']" url="https://heidata.uni-heidelberg.de/dataverse/Belspo-GEN-EX"
level=error contentType="Direct access failed, trying headless']" url="https://heidata.uni-heidelberg.de/dataverse/biogeochemistry"
level=error contentType="Direct access failed, trying headless']" url="https://heidata.uni-heidelberg.de/dataverse/awiexeco"
level=error contentType="Direct access failed, trying headless']" url="https://heidata.uni-heidelberg.de/dataverse/berrgk"
level=error contentType="Direct access failed, trying headless']" url="https://heidata.uni-heidelberg.de/dataverse/fbbw"
level=error msg="cdp.Runtime: Evaluate: rpc error: Inspected target navigated or closed (code = -32000)" issue="Headless Evaluate" url="https://heidata.uni-heidelberg.de/dataverse/Belspo-GEN-EX"
level=error msg="cdp.Runtime: Evaluate: rpc error: Inspected target navigated or closed (code = -32000)" issue="converting json ld" url="https://heidata.uni-heidelberg.de/dataverse/Belspo-GEN-EX"
level=error msg="cdp.Runtime: Evaluate: rpc error: Inspected target navigated or closed (code = -32000)" issue="Headless Evaluate" url="https://heidata.uni-heidelberg.de/dataverse/biogeochemistry"
level=error msg="cdp.Runtime: Evaluate: rpc error: Inspected target navigated or closed (code = -32000)" issue="converting json ld" url="https://heidata.uni-heidelberg.de/dataverse/biogeochemistry"
level=error msg="cdp.Runtime: Evaluate: rpc error: Inspected target navigated or closed (code = -32000)" issue="Headless Evaluate" url="https://heidata.uni-heidelberg.de/dataverse/berrgk"
level=error msg="cdp.Runtime: Evaluate: rpc error: Inspected target navigated or closed (code = -32000)" issue="converting json ld" url="https://heidata.uni-heidelberg.de/dataverse/berrgk"
level=error msg="cdp.Runtime: Evaluate: rpc error: Inspected target navigated or closed (code = -32000)" issue="Headless Evaluate" url="https://heidata.uni-heidelberg.de/dataverse/fbbw"
level=error msg="cdp.Runtime: Evaluate: rpc error: Inspected target navigated or closed (code = -32000)" issue="converting json ld" url="https://heidata.uni-heidelberg.de/dataverse/fbbw"
level=error msg="cdp.Runtime: Evaluate: rpc error: Inspected target navigated or closed (code = -32000)" issue="Headless Evaluate" url="https://heidata.uni-heidelberg.de/dataverse/awiexeco"
level=error msg="cdp.Runtime: Evaluate: rpc error: Inspected target navigated or closed (code = -32000)" issue="converting json ld" url="https://heidata.uni-heidelberg.de/dataverse/awiexeco"
level=error contentType="Direct access failed, trying headless']" url="https://heidata.uni-heidelberg.de/dataverse/xAsiaBooks"
level=error contentType="Direct access failed, trying headless']" url="https://heidata.uni-heidelberg.de/dataverse/dir"
level=error contentType="Direct access failed, trying headless']" url="https://heidata.uni-heidelberg.de/dataverse/idtm"
level=error contentType="Direct access failed, trying headless']" url="https://heidata.uni-heidelberg.de/dataverse/phdakm"
level=error contentType="Direct access failed, trying headless']" url="https://heidata.uni-heidelberg.de/dataverse/hydrogeo"
level=error msg="cdp.Runtime: Evaluate: rpc error: Inspected target navigated or closed (code = -32000)" issue="Headless Evaluate" url="https://heidata.uni-heidelberg.de/dataverse/dir"
level=error msg="cdp.Runtime: Evaluate: rpc error: Inspected target navigated or closed (code = -32000)" issue="Headless Evaluate" url="https://heidata.uni-heidelberg.de/dataverse/hydrogeo"
level=error msg="cdp.Runtime: Evaluate: rpc error: Inspected target navigated or closed (code = -32000)" issue="converting json ld" url="https://heidata.uni-heidelberg.de/dataverse/hydrogeo"
level=error msg="cdp.Runtime: Evaluate: rpc error: Inspected target navigated or closed (code = -32000)" issue="Headless Evaluate" url="https://heidata.uni-heidelberg.de/dataverse/xAsiaBooks"
level=error msg="cdp.Runtime: Evaluate: rpc error: Inspected target navigated or closed (code = -32000)" issue="converting json ld" url="https://heidata.uni-heidelberg.de/dataverse/dir"
level=error msg="cdp.Runtime: Evaluate: rpc error: Inspected target navigated or closed (code = -32000)" issue="Headless Evaluate" url="https://heidata.uni-heidelberg.de/dataverse/idtm"
level=error msg="cdp.Runtime: Evaluate: rpc error: Inspected target navigated or closed (code = -32000)" issue="Headless Evaluate" url="https://heidata.uni-heidelberg.de/dataverse/phdakm"
level=error msg="cdp.Runtime: Evaluate: rpc error: Inspected target navigated or closed (code = -32000)" issue="converting json ld" url="https://heidata.uni-heidelberg.de/dataverse/xAsiaBooks"
level=error msg="cdp.Runtime: Evaluate: rpc error: Inspected target navigated or closed (code = -32000)" issue="converting json ld" url="https://heidata.uni-heidelberg.de/dataverse/phdakm"
level=error msg="cdp.Runtime: Evaluate: rpc error: Inspected target navigated or closed (code = -32000)" issue="converting json ld" url="https://heidata.uni-heidelberg.de/dataverse/idtm"
level=error contentType="Direct access failed, trying headless']" url="https://heidata.uni-heidelberg.de/dataverse/biophysik"
level=error contentType="Direct access failed, trying headless']" url="https://heidata.uni-heidelberg.de/dataverse/CryoEM"
level=error contentType="Direct access failed, trying headless']" url="https://heidata.uni-heidelberg.de/dataverse/pharmbio"
level=error contentType="Direct access failed, trying headless']" url="https://heidata.uni-heidelberg.de/dataverse/FID4SA"
level=error contentType="Direct access failed, trying headless']" url="https://heidata.uni-heidelberg.de/dataverse/root"
level=error msg="cdp.Runtime: Evaluate: rpc error: Inspected target navigated or closed (code = -32000)" issue="Headless Evaluate" url="https://heidata.uni-heidelberg.de/dataverse/biophysik"
level=error msg="cdp.Runtime: Evaluate: rpc error: Inspected target navigated or closed (code = -32000)" issue="Headless Evaluate" url="https://heidata.uni-heidelberg.de/dataverse/CryoEM"
level=error msg="cdp.Runtime: Evaluate: rpc error: Inspected target navigated or closed (code = -32000)" issue="converting json ld" url="https://heidata.uni-heidelberg.de/dataverse/biophysik"
level=error msg="cdp.Runtime: Evaluate: rpc error: Inspected target navigated or closed (code = -32000)" issue="Headless Evaluate" url="https://heidata.uni-heidelberg.de/dataverse/root"
level=error msg="cdp.Runtime: Evaluate: rpc error: Inspected target navigated or closed (code = -32000)" issue="converting json ld" url="https://heidata.uni-heidelberg.de/dataverse/CryoEM"
level=error msg="cdp.Runtime: Evaluate: rpc error: Inspected target navigated or closed (code = -32000)" issue="converting json ld" url="https://heidata.uni-heidelberg.de/dataverse/root"
level=error msg="cdp.Runtime: Evaluate: rpc error: Inspected target navigated or closed (code = -32000)" issue="Headless Evaluate" url="https://heidata.uni-heidelberg.de/dataverse/FID4SA"
level=error msg="cdp.Runtime: Evaluate: rpc error: Inspected target navigated or closed (code = -32000)" issue="Headless Evaluate" url="https://heidata.uni-heidelberg.de/dataverse/pharmbio"
level=error msg="cdp.Runtime: Evaluate: rpc error: Inspected target navigated or closed (code = -32000)" issue="converting json ld" url="https://heidata.uni-heidelberg.de/dataverse/FID4SA"
level=error msg="cdp.Runtime: Evaluate: rpc error: Inspected target navigated or closed (code = -32000)" issue="converting json ld" url="https://heidata.uni-heidelberg.de/dataverse/pharmbio"
level=error contentType="Direct access failed, trying headless']" url="https://heidata.uni-heidelberg.de/dataverse/geomorph"
level=error contentType="Direct access failed, trying headless']" url="https://heidata.uni-heidelberg.de/dataverse/ecogh"
level=error contentType="Direct access failed, trying headless']" url="https://heidata.uni-heidelberg.de/dataverse/deutsch-franzoesische-kunstvermittlung-1870-1960"
level=error contentType="Direct access failed, trying headless']" url="https://heidata.uni-heidelberg.de/dataverse/dahjournal"
level=error contentType="Direct access failed, trying headless']" url="https://heidata.uni-heidelberg.de/dataverse/germania"
level=error msg="cdp.Runtime: Evaluate: rpc error: Execution context was destroyed. (code = -32000)" issue="Headless Evaluate" url="https://heidata.uni-heidelberg.de/dataverse/ecogh"
level=error msg="cdp.Runtime: Evaluate: rpc error: Execution context was destroyed. (code = -32000)" issue="Headless Evaluate" url="https://heidata.uni-heidelberg.de/dataverse/dahjournal"
level=error msg="cdp.Runtime: Evaluate: rpc error: Execution context was destroyed. (code = -32000)" issue="converting json ld" url="https://heidata.uni-heidelberg.de/dataverse/dahjournal"
level=error msg="cdp.Runtime: Evaluate: rpc error: Execution context was destroyed. (code = -32000)" issue="converting json ld" url="https://heidata.uni-heidelberg.de/dataverse/ecogh"
level=error msg="cdp.Runtime: Evaluate: rpc error: Execution context was destroyed. (code = -32000)" issue="Headless Evaluate" url="https://heidata.uni-heidelberg.de/dataverse/deutsch-franzoesische-kunstvermittlung-1870-1960"
level=error msg="cdp.Runtime: Evaluate: rpc error: Execution context was destroyed. (code = -32000)" issue="converting json ld" url="https://heidata.uni-heidelberg.de/dataverse/deutsch-franzoesische-kunstvermittlung-1870-1960"
level=error msg="cdp.Runtime: Evaluate: rpc error: Execution context was destroyed. (code = -32000)" issue="Headless Evaluate" url="https://heidata.uni-heidelberg.de/dataverse/geomorph"
level=error msg="cdp.Runtime: Evaluate: rpc error: Execution context was destroyed. (code = -32000)" issue="Headless Evaluate" url="https://heidata.uni-heidelberg.de/dataverse/germania"
level=error msg="cdp.Runtime: Evaluate: rpc error: Execution context was destroyed. (code = -32000)" issue="converting json ld" url="https://heidata.uni-heidelberg.de/dataverse/geomorph"
level=error msg="cdp.Runtime: Evaluate: rpc error: Execution context was destroyed. (code = -32000)" issue="converting json ld" url="https://heidata.uni-heidelberg.de/dataverse/germania"
level=error contentType="Direct access failed, trying headless']" url="https://heidata.uni-heidelberg.de/dataverse/fgagnik"
level=error contentType="Direct access failed, trying headless']" url="https://heidata.uni-heidelberg.de/dataverse/hcts"
level=error contentType="Direct access failed, trying headless']" url="https://heidata.uni-heidelberg.de/dataverse/data-sfb1158"
level=error contentType="Direct access failed, trying headless']" url="https://heidata.uni-heidelberg.de/dataverse/elevis"
level=error contentType="Direct access failed, trying headless']" url="https://heidata.uni-heidelberg.de/dataverse/dfk-paris"
level=error msg="cdp.Runtime: Evaluate: rpc error: Inspected target navigated or closed (code = -32000)" issue="Headless Evaluate" url="https://heidata.uni-heidelberg.de/dataverse/fgagnik"
level=error msg="cdp.Runtime: Evaluate: rpc error: Inspected target navigated or closed (code = -32000)" issue="Headless Evaluate" url="https://heidata.uni-heidelberg.de/dataverse/hcts"
level=error msg="cdp.Runtime: Evaluate: rpc error: Inspected target navigated or closed (code = -32000)" issue="converting json ld" url="https://heidata.uni-heidelberg.de/dataverse/hcts"
level=error msg="cdp.Runtime: Evaluate: rpc error: Inspected target navigated or closed (code = -32000)" issue="Headless Evaluate" url="https://heidata.uni-heidelberg.de/dataverse/elevis"
level=error msg="cdp.Runtime: Evaluate: rpc error: Inspected target navigated or closed (code = -32000)" issue="Headless Evaluate" url="https://heidata.uni-heidelberg.de/dataverse/dfk-paris"
level=error msg="cdp.Runtime: Evaluate: rpc error: Inspected target navigated or closed (code = -32000)" issue="converting json ld" url="https://heidata.uni-heidelberg.de/dataverse/dfk-paris"
level=error msg="cdp.Runtime: Evaluate: rpc error: Inspected target navigated or closed (code = -32000)" issue="converting json ld" url="https://heidata.uni-heidelberg.de/dataverse/elevis"
level=error msg="cdp.Runtime: Evaluate: rpc error: Inspected target navigated or closed (code = -32000)" issue="Headless Evaluate" url="https://heidata.uni-heidelberg.de/dataverse/data-sfb1158"
level=error msg="cdp.Runtime: Evaluate: rpc error: Inspected target navigated or closed (code = -32000)" issue="converting json ld" url="https://heidata.uni-heidelberg.de/dataverse/data-sfb1158"
level=error msg="cdp.Runtime: Evaluate: rpc error: Inspected target navigated or closed (code = -32000)" issue="converting json ld" url="https://heidata.uni-heidelberg.de/dataverse/fgagnik"
level=error contentType="Direct access failed, trying headless']" url="https://heidata.uni-heidelberg.de/dataverse/gis"
level=error contentType="Direct access failed, trying headless']" url="https://heidata.uni-heidelberg.de/dataverse/lwc-limo"
level=error contentType="Direct access failed, trying headless']" url="https://heidata.uni-heidelberg.de/dataverse/fn"
level=error contentType="Direct access failed, trying headless']" url="https://heidata.uni-heidelberg.de/dataverse/sfb1249_synthesis"
level=error contentType="Direct access failed, trying headless']" url="https://heidata.uni-heidelberg.de/dataverse/hulclab"
level=error msg="cdp.Runtime: Evaluate: rpc error: Inspected target navigated or closed (code = -32000)" issue="Headless Evaluate" url="https://heidata.uni-heidelberg.de/dataverse/lwc-limo"
level=error msg="cdp.Runtime: Evaluate: rpc error: Inspected target navigated or closed (code = -32000)" issue="converting json ld" url="https://heidata.uni-heidelberg.de/dataverse/lwc-limo"
level=error msg="cdp.Runtime: Evaluate: rpc error: Inspected target navigated or closed (code = -32000)" issue="Headless Evaluate" url="https://heidata.uni-heidelberg.de/dataverse/fn"
level=error msg="cdp.Runtime: Evaluate: rpc error: Inspected target navigated or closed (code = -32000)" issue="converting json ld" url="https://heidata.uni-heidelberg.de/dataverse/fn"
level=error msg="cdp.Runtime: Evaluate: rpc error: Inspected target navigated or closed (code = -32000)" issue="Headless Evaluate" url="https://heidata.uni-heidelberg.de/dataverse/gis"
level=error msg="cdp.Runtime: Evaluate: rpc error: Inspected target navigated or closed (code = -32000)" issue="converting json ld" url="https://heidata.uni-heidelberg.de/dataverse/gis"
level=error msg="cdp.Runtime: Evaluate: rpc error: Inspected target navigated or closed (code = -32000)" issue="Headless Evaluate" url="https://heidata.uni-heidelberg.de/dataverse/sfb1249_synthesis"
level=error msg="cdp.Runtime: Evaluate: rpc error: Inspected target navigated or closed (code = -32000)" issue="Headless Evaluate" url="https://heidata.uni-heidelberg.de/dataverse/hulclab"
level=error msg="cdp.Runtime: Evaluate: rpc error: Inspected target navigated or closed (code = -32000)" issue="converting json ld" url="https://heidata.uni-heidelberg.de/dataverse/sfb1249_synthesis"
level=error msg="cdp.Runtime: Evaluate: rpc error: Inspected target navigated or closed (code = -32000)" issue="converting json ld" url="https://heidata.uni-heidelberg.de/dataverse/hulclab"
level=error contentType="Direct access failed, trying headless']" url="https://heidata.uni-heidelberg.de/dataverse/NMOE"
level=error contentType="Direct access failed, trying headless']" url="https://heidata.uni-heidelberg.de/dataverse/dsrg"
level=error contentType="Direct access failed, trying headless']" url="https://heidata.uni-heidelberg.de/dataverse/hydroclim"
level=error contentType="Direct access failed, trying headless']" url="https://heidata.uni-heidelberg.de/dataverse/goepfrichgroup"
level=error contentType="Direct access failed, trying headless']" url="https://heidata.uni-heidelberg.de/dataverse/NATCOOP"
level=error msg="cdp.Runtime: Evaluate: rpc error: Inspected target navigated or closed (code = -32000)" issue="Headless Evaluate" url="https://heidata.uni-heidelberg.de/dataverse/NMOE"
level=error msg="cdp.Runtime: Evaluate: rpc error: Inspected target navigated or closed (code = -32000)" issue="Headless Evaluate" url="https://heidata.uni-heidelberg.de/dataverse/dsrg"
level=error msg="cdp.Runtime: Evaluate: rpc error: Inspected target navigated or closed (code = -32000)" issue="Headless Evaluate" url="https://heidata.uni-heidelberg.de/dataverse/hydroclim"
level=error msg="cdp.Runtime: Evaluate: rpc error: Inspected target navigated or closed (code = -32000)" issue="Headless Evaluate" url="https://heidata.uni-heidelberg.de/dataverse/goepfrichgroup"
level=error msg="cdp.Runtime: Evaluate: rpc error: Inspected target navigated or closed (code = -32000)" issue="Headless Evaluate" url="https://heidata.uni-heidelberg.de/dataverse/NATCOOP"
level=error msg="cdp.Runtime: Evaluate: rpc error: Inspected target navigated or closed (code = -32000)" issue="converting json ld" url="https://heidata.uni-heidelberg.de/dataverse/NATCOOP"
level=error msg="cdp.Runtime: Evaluate: rpc error: Inspected target navigated or closed (code = -32000)" issue="converting json ld" url="https://heidata.uni-heidelberg.de/dataverse/goepfrichgroup"
level=error msg="cdp.Runtime: Evaluate: rpc error: Inspected target navigated or closed (code = -32000)" issue="converting json ld" url="https://heidata.uni-heidelberg.de/dataverse/NMOE"
level=error msg="cdp.Runtime: Evaluate: rpc error: Inspected target navigated or closed (code = -32000)" issue="converting json ld" url="https://heidata.uni-heidelberg.de/dataverse/dsrg"
level=error msg="cdp.Runtime: Evaluate: rpc error: Inspected target navigated or closed (code = -32000)" issue="converting json ld" url="https://heidata.uni-heidelberg.de/dataverse/hydroclim"
level=error contentType="Direct access failed, trying headless']" url="https://heidata.uni-heidelberg.de/dataverse/phdhca"
level=error contentType="Direct access failed, trying headless']" url="https://heidata.uni-heidelberg.de/dataverse/heiup"
level=error contentType="Direct access failed, trying headless']" url="https://heidata.uni-heidelberg.de/dataverse/pt"
level=error contentType="Direct access failed, trying headless']" url="https://heidata.uni-heidelberg.de/dataverse/heieditions"
level=error contentType="Direct access failed, trying headless']" url="https://heidata.uni-heidelberg.de/dataverse/sfb1249_theory_structure"
level=error msg="cdp.Runtime: Evaluate: rpc error: Inspected target navigated or closed (code = -32000)" issue="Headless Evaluate" url="https://heidata.uni-heidelberg.de/dataverse/phdhca"
level=error msg="cdp.Runtime: Evaluate: rpc error: Inspected target navigated or closed (code = -32000)" issue="Headless Evaluate" url="https://heidata.uni-heidelberg.de/dataverse/heiup"
level=error msg="cdp.Runtime: Evaluate: rpc error: Inspected target navigated or closed (code = -32000)" issue="Headless Evaluate" url="https://heidata.uni-heidelberg.de/dataverse/heieditions"
level=error msg="cdp.Runtime: Evaluate: rpc error: Inspected target navigated or closed (code = -32000)" issue="converting json ld" url="https://heidata.uni-heidelberg.de/dataverse/heieditions"
level=error msg="cdp.Runtime: Evaluate: rpc error: Inspected target navigated or closed (code = -32000)" issue="converting json ld" url="https://heidata.uni-heidelberg.de/dataverse/heiup"
level=error msg="cdp.Runtime: Evaluate: rpc error: Inspected target navigated or closed (code = -32000)" issue="Headless Evaluate" url="https://heidata.uni-heidelberg.de/dataverse/sfb1249_theory_structure"
level=error msg="cdp.Runtime: Evaluate: rpc error: Inspected target navigated or closed (code = -32000)" issue="converting json ld" url="https://heidata.uni-heidelberg.de/dataverse/sfb1249_theory_structure"
level=error msg="cdp.Runtime: Evaluate: rpc error: Inspected target navigated or closed (code = -32000)" issue="Headless Evaluate" url="https://heidata.uni-heidelberg.de/dataverse/pt"
level=error msg="cdp.Runtime: Evaluate: rpc error: Inspected target navigated or closed (code = -32000)" issue="converting json ld" url="https://heidata.uni-heidelberg.de/dataverse/pt"
level=error msg="cdp.Runtime: Evaluate: rpc error: Inspected target navigated or closed (code = -32000)" issue="converting json ld" url="https://heidata.uni-heidelberg.de/dataverse/phdhca"
level=error contentType="Direct access failed, trying headless']" url="https://heidata.uni-heidelberg.de/dataverse/sfb1249_material_function"
level=error contentType="Direct access failed, trying headless']" url="https://heidata.uni-heidelberg.de/dataverse/traheec"
level=error contentType="Direct access failed, trying headless']" url="https://heidata.uni-heidelberg.de/dataverse/statistical-genetics"
level=error contentType="Direct access failed, trying headless']" url="https://heidata.uni-heidelberg.de/dataverse/kunlab"
level=error contentType="Direct access failed, trying headless']" url="https://heidata.uni-heidelberg.de/dataverse/hitsmbm"
level=error msg="cdp.Runtime: Evaluate: rpc error: Execution context was destroyed. (code = -32000)" issue="Headless Evaluate" url="https://heidata.uni-heidelberg.de/dataverse/kunlab"
level=error msg="cdp.Runtime: Evaluate: rpc error: Execution context was destroyed. (code = -32000)" issue="Headless Evaluate" url="https://heidata.uni-heidelberg.de/dataverse/traheec"
level=error msg="cdp.Runtime: Evaluate: rpc error: Execution context was destroyed. (code = -32000)" issue="converting json ld" url="https://heidata.uni-heidelberg.de/dataverse/traheec"
level=error msg="cdp.Runtime: Evaluate: rpc error: Execution context was destroyed. (code = -32000)" issue="converting json ld" url="https://heidata.uni-heidelberg.de/dataverse/kunlab"
level=error msg="cdp.Runtime: Evaluate: rpc error: Execution context was destroyed. (code = -32000)" issue="Headless Evaluate" url="https://heidata.uni-heidelberg.de/dataverse/sfb1249_material_function"
level=error msg="cdp.Runtime: Evaluate: rpc error: Execution context was destroyed. (code = -32000)" issue="Headless Evaluate" url="https://heidata.uni-heidelberg.de/dataverse/hitsmbm"
level=error msg="cdp.Runtime: Evaluate: rpc error: Execution context was destroyed. (code = -32000)" issue="converting json ld" url="https://heidata.uni-heidelberg.de/dataverse/sfb1249_material_function"
level=error msg="cdp.Runtime: Evaluate: rpc error: Execution context was destroyed. (code = -32000)" issue="converting json ld" url="https://heidata.uni-heidelberg.de/dataverse/hitsmbm"
level=error msg="cdp.Runtime: Evaluate: rpc error: Execution context was destroyed. (code = -32000)" issue="Headless Evaluate" url="https://heidata.uni-heidelberg.de/dataverse/statistical-genetics"
level=error msg="cdp.Runtime: Evaluate: rpc error: Execution context was destroyed. (code = -32000)" issue="converting json ld" url="https://heidata.uni-heidelberg.de/dataverse/statistical-genetics"
level=error contentType="Direct access failed, trying headless']" url="https://heidata.uni-heidelberg.de/dataverse/meth"
level=error contentType="Direct access failed, trying headless']" url="https://heidata.uni-heidelberg.de/dataverse/propylaeum"
level=error contentType="Direct access failed, trying headless']" url="https://heidata.uni-heidelberg.de/dataverse/pb"
level=error contentType="Direct access failed, trying headless']" url="https://heidata.uni-heidelberg.de/dataverse/sfb933-C05"
level=error contentType="Direct access failed, trying headless']" url="https://heidata.uni-heidelberg.de/dataverse/qu"
level=error msg="cdp.Runtime: Evaluate: rpc error: Inspected target navigated or closed (code = -32000)" issue="Headless Evaluate" url="https://heidata.uni-heidelberg.de/dataverse/propylaeum"
level=error msg="cdp.Runtime: Evaluate: rpc error: Inspected target navigated or closed (code = -32000)" issue="converting json ld" url="https://heidata.uni-heidelberg.de/dataverse/propylaeum"
level=error msg="cdp.Runtime: Evaluate: rpc error: Inspected target navigated or closed (code = -32000)" issue="Headless Evaluate" url="https://heidata.uni-heidelberg.de/dataverse/pb"
level=error msg="cdp.Runtime: Evaluate: rpc error: Inspected target navigated or closed (code = -32000)" issue="converting json ld" url="https://heidata.uni-heidelberg.de/dataverse/pb"
level=error msg="cdp.Runtime: Evaluate: rpc error: Inspected target navigated or closed (code = -32000)" issue="Headless Evaluate" url="https://heidata.uni-heidelberg.de/dataverse/sfb933-C05"
level=error msg="cdp.Runtime: Evaluate: rpc error: Inspected target navigated or closed (code = -32000)" issue="Headless Evaluate" url="https://heidata.uni-heidelberg.de/dataverse/qu"
level=error msg="cdp.Runtime: Evaluate: rpc error: Inspected target navigated or closed (code = -32000)" issue="converting json ld" url="https://heidata.uni-heidelberg.de/dataverse/qu"
level=error msg="cdp.Runtime: Evaluate: rpc error: Inspected target navigated or closed (code = -32000)" issue="Headless Evaluate" url="https://heidata.uni-heidelberg.de/dataverse/meth"
level=error msg="cdp.Runtime: Evaluate: rpc error: Inspected target navigated or closed (code = -32000)" issue="converting json ld" url="https://heidata.uni-heidelberg.de/dataverse/meth"
level=error msg="cdp.Runtime: Evaluate: rpc error: Inspected target navigated or closed (code = -32000)" issue="converting json ld" url="https://heidata.uni-heidelberg.de/dataverse/sfb933-C05"
level=error contentType="Direct access failed, trying headless']" url="https://heidata.uni-heidelberg.de/dataverse/side"
level=error contentType="Direct access failed, trying headless']" url="https://heidata.uni-heidelberg.de/dataverse/thomas-lab"
level=error contentType="Direct access failed, trying headless']" url="https://heidata.uni-heidelberg.de/dataverse/agnlu"
level=error contentType="Direct access failed, trying headless']" url="https://heidata.uni-heidelberg.de/dataverse/statnlpgroup"
level=error contentType="Direct access failed, trying headless']" url="https://heidata.uni-heidelberg.de/dataverse/FID4SA-GT"
level=error msg="cdp.Runtime: Evaluate: rpc error: Execution context was destroyed. (code = -32000)" issue="Headless Evaluate" url="https://heidata.uni-heidelberg.de/dataverse/statnlpgroup"
level=error msg="cdp.Runtime: Evaluate: rpc error: Execution context was destroyed. (code = -32000)" issue="Headless Evaluate" url="https://heidata.uni-heidelberg.de/dataverse/agnlu"
level=error msg="cdp.Runtime: Evaluate: rpc error: Execution context was destroyed. (code = -32000)" issue="converting json ld" url="https://heidata.uni-heidelberg.de/dataverse/statnlpgroup"
level=error msg="cdp.Runtime: Evaluate: rpc error: Execution context was destroyed. (code = -32000)" issue="Headless Evaluate" url="https://heidata.uni-heidelberg.de/dataverse/thomas-lab"
level=error msg="cdp.Runtime: Evaluate: rpc error: Execution context was destroyed. (code = -32000)" issue="converting json ld" url="https://heidata.uni-heidelberg.de/dataverse/thomas-lab"
level=error msg="cdp.Runtime: Evaluate: rpc error: Execution context was destroyed. (code = -32000)" issue="Headless Evaluate" url="https://heidata.uni-heidelberg.de/dataverse/side"
level=error msg="cdp.Runtime: Evaluate: rpc error: Execution context was destroyed. (code = -32000)" issue="converting json ld" url="https://heidata.uni-heidelberg.de/dataverse/side"
level=error msg="cdp.Runtime: Evaluate: rpc error: Execution context was destroyed. (code = -32000)" issue="converting json ld" url="https://heidata.uni-heidelberg.de/dataverse/agnlu"
level=error contentType="Direct access failed, trying headless']" url="https://heidata.uni-heidelberg.de/dataverse/iup-troposphere"
level=error contentType="Direct access failed, trying headless']" url="https://heidata.uni-heidelberg.de/dataverse/hasp"
level=error contentType="Direct access failed, trying headless']" url="https://heidata.uni-heidelberg.de/dataverse/stoecklin_bch_mi3"
level=error contentType="Direct access failed, trying headless']" url="https://heidata.uni-heidelberg.de/dataverse/healtheco"
level=error msg="cdp.Runtime: Evaluate: rpc error: Inspected target navigated or closed (code = -32000)" issue="Headless Evaluate" url="https://heidata.uni-heidelberg.de/dataverse/FID4SA-GT"
level=error msg="cdp.Runtime: Evaluate: rpc error: Inspected target navigated or closed (code = -32000)" issue="converting json ld" url="https://heidata.uni-heidelberg.de/dataverse/FID4SA-GT"
level=error msg="cdp.Runtime: Evaluate: rpc error: Inspected target navigated or closed (code = -32000)" issue="Headless Evaluate" url="https://heidata.uni-heidelberg.de/dataverse/stoecklin_bch_mi3"
level=error msg="cdp.Runtime: Evaluate: rpc error: Inspected target navigated or closed (code = -32000)" issue="Headless Evaluate" url="https://heidata.uni-heidelberg.de/dataverse/hasp"
level=error msg="cdp.Runtime: Evaluate: rpc error: Inspected target navigated or closed (code = -32000)" issue="converting json ld" url="https://heidata.uni-heidelberg.de/dataverse/stoecklin_bch_mi3"
level=error msg="cdp.Runtime: Evaluate: rpc error: Inspected target navigated or closed (code = -32000)" issue="Headless Evaluate" url="https://heidata.uni-heidelberg.de/dataverse/healtheco"
level=error msg="cdp.Runtime: Evaluate: rpc error: Inspected target navigated or closed (code = -32000)" issue="converting json ld" url="https://heidata.uni-heidelberg.de/dataverse/healtheco"
level=error msg="cdp.Runtime: Evaluate: rpc error: Inspected target navigated or closed (code = -32000)" issue="Headless Evaluate" url="https://heidata.uni-heidelberg.de/dataverse/iup-troposphere"
level=error msg="cdp.Runtime: Evaluate: rpc error: Inspected target navigated or closed (code = -32000)" issue="converting json ld" url="https://heidata.uni-heidelberg.de/dataverse/iup-troposphere"
level=error msg="cdp.Runtime: Evaluate: rpc error: Inspected target navigated or closed (code = -32000)" issue="converting json ld" url="https://heidata.uni-heidelberg.de/dataverse/hasp"
level=error contentType="Direct access failed, trying headless']" url="https://heidata.uni-heidelberg.de/dataverse/ts-ccees"
level=error contentType="Direct access failed, trying headless']" url="https://heidata.uni-heidelberg.de/dataverse/ssc"
level=error contentType="Direct access failed, trying headless']" url="https://heidata.uni-heidelberg.de/dataverse/SynQS"
level=error contentType="Direct access failed, trying headless']" url="https://heidata.uni-heidelberg.de/dataverse/ub"
level=error contentType="Direct access failed, trying headless']" url="https://heidata.uni-heidelberg.de/dataverse/arthistoricum-semantic-data-model"
level=error msg="cdp.Runtime: Evaluate: rpc error: Inspected target navigated or closed (code = -32000)" issue="Headless Evaluate" url="https://heidata.uni-heidelberg.de/dataverse/ts-ccees"
level=error msg="cdp.Runtime: Evaluate: rpc error: Inspected target navigated or closed (code = -32000)" issue="converting json ld" url="https://heidata.uni-heidelberg.de/dataverse/ts-ccees"
level=error msg="cdp.Runtime: Evaluate: rpc error: Inspected target navigated or closed (code = -32000)" issue="Headless Evaluate" url="https://heidata.uni-heidelberg.de/dataverse/SynQS"
level=error msg="cdp.Runtime: Evaluate: rpc error: Inspected target navigated or closed (code = -32000)" issue="Headless Evaluate" url="https://heidata.uni-heidelberg.de/dataverse/arthistoricum-semantic-data-model"
level=error msg="cdp.Runtime: Evaluate: rpc error: Inspected target navigated or closed (code = -32000)" issue="converting json ld" url="https://heidata.uni-heidelberg.de/dataverse/arthistoricum-semantic-data-model"
level=error msg="cdp.Runtime: Evaluate: rpc error: Inspected target navigated or closed (code = -32000)" issue="Headless Evaluate" url="https://heidata.uni-heidelberg.de/dataverse/ssc"
level=error msg="cdp.Runtime: Evaluate: rpc error: Inspected target navigated or closed (code = -32000)" issue="Headless Evaluate" url="https://heidata.uni-heidelberg.de/dataverse/ub"
level=error msg="cdp.Runtime: Evaluate: rpc error: Inspected target navigated or closed (code = -32000)" issue="converting json ld" url="https://heidata.uni-heidelberg.de/dataverse/ssc"
level=error msg="cdp.Runtime: Evaluate: rpc error: Inspected target navigated or closed (code = -32000)" issue="converting json ld" url="https://heidata.uni-heidelberg.de/dataverse/ub"
level=error msg="cdp.Runtime: Evaluate: rpc error: Inspected target navigated or closed (code = -32000)" issue="converting json ld" url="https://heidata.uni-heidelberg.de/dataverse/SynQS"
level=error contentType="Direct access failed, trying headless']" url="https://heidata.uni-heidelberg.de/dataverse/iwrvislearn"
level=error contentType="Direct access failed, trying headless']" url="https://heidata.uni-heidelberg.de/dataverse/icovenus"
level=error contentType="Direct access failed, trying headless']" url="https://heidata.uni-heidelberg.de/dataverse/ownreality"
level=error contentType="Direct access failed, trying headless']" url="https://heidata.uni-heidelberg.de/dataverse/iocmastalerz"
level=error contentType="Direct access failed, trying headless']" url="https://heidata.uni-heidelberg.de/dataverse/thphys"
level=error msg="cdp.Runtime: Evaluate: rpc error: Inspected target navigated or closed (code = -32000)" issue="Headless Evaluate" url="https://heidata.uni-heidelberg.de/dataverse/iwrvislearn"
level=error msg="cdp.Runtime: Evaluate: rpc error: Inspected target navigated or closed (code = -32000)" issue="converting json ld" url="https://heidata.uni-heidelberg.de/dataverse/iwrvislearn"
level=error msg="cdp.Runtime: Evaluate: rpc error: Inspected target navigated or closed (code = -32000)" issue="Headless Evaluate" url="https://heidata.uni-heidelberg.de/dataverse/iocmastalerz"
level=error msg="cdp.Runtime: Evaluate: rpc error: Inspected target navigated or closed (code = -32000)" issue="Headless Evaluate" url="https://heidata.uni-heidelberg.de/dataverse/thphys"
level=error msg="cdp.Runtime: Evaluate: rpc error: Inspected target navigated or closed (code = -32000)" issue="converting json ld" url="https://heidata.uni-heidelberg.de/dataverse/thphys"
level=error msg="cdp.Runtime: Evaluate: rpc error: Inspected target navigated or closed (code = -32000)" issue="converting json ld" url="https://heidata.uni-heidelberg.de/dataverse/iocmastalerz"
level=error msg="cdp.Runtime: Evaluate: rpc error: Inspected target navigated or closed (code = -32000)" issue="Headless Evaluate" url="https://heidata.uni-heidelberg.de/dataverse/icovenus"
level=error msg="cdp.Runtime: Evaluate: rpc error: Inspected target navigated or closed (code = -32000)" issue="converting json ld" url="https://heidata.uni-heidelberg.de/dataverse/icovenus"
level=error msg="cdp.Runtime: Evaluate: rpc error: Inspected target navigated or closed (code = -32000)" issue="Headless Evaluate" url="https://heidata.uni-heidelberg.de/dataverse/ownreality"
level=error msg="cdp.Runtime: Evaluate: rpc error: Inspected target navigated or closed (code = -32000)" issue="converting json ld" url="https://heidata.uni-heidelberg.de/dataverse/ownreality"
level=error contentType="Direct access failed, trying headless']" url="https://heidata.uni-heidelberg.de/dataverse/skvozafar"
level=error contentType="Direct access failed, trying headless']" url="https://heidata.uni-heidelberg.de/dataverse/medpsych"
level=error contentType="Direct access failed, trying headless']" url="https://heidata.uni-heidelberg.de/dataverse/nct-epoc"
level=error contentType="Direct access failed, trying headless']" url="https://heidata.uni-heidelberg.de/dataverse/sfb1036"
level=error contentType="Direct access failed, trying headless']" url="https://heidata.uni-heidelberg.de/dataverse/passages-online"
level=error msg="cdp.Runtime: Evaluate: rpc error: Inspected target navigated or closed (code = -32000)" issue="Headless Evaluate" url="https://heidata.uni-heidelberg.de/dataverse/medpsych"
level=error msg="cdp.Runtime: Evaluate: rpc error: Inspected target navigated or closed (code = -32000)" issue="converting json ld" url="https://heidata.uni-heidelberg.de/dataverse/medpsych"
level=error msg="cdp.Runtime: Evaluate: rpc error: Inspected target navigated or closed (code = -32000)" issue="Headless Evaluate" url="https://heidata.uni-heidelberg.de/dataverse/sfb1036"
level=error msg="cdp.Runtime: Evaluate: rpc error: Inspected target navigated or closed (code = -32000)" issue="Headless Evaluate" url="https://heidata.uni-heidelberg.de/dataverse/passages-online"
level=error msg="cdp.Runtime: Evaluate: rpc error: Inspected target navigated or closed (code = -32000)" issue="converting json ld" url="https://heidata.uni-heidelberg.de/dataverse/passages-online"
level=error msg="cdp.Runtime: Evaluate: rpc error: Inspected target navigated or closed (code = -32000)" issue="Headless Evaluate" url="https://heidata.uni-heidelberg.de/dataverse/nct-epoc"
level=error msg="cdp.Runtime: Evaluate: rpc error: Inspected target navigated or closed (code = -32000)" issue="converting json ld" url="https://heidata.uni-heidelberg.de/dataverse/nct-epoc"
level=error msg="cdp.Runtime: Evaluate: rpc error: Inspected target navigated or closed (code = -32000)" issue="Headless Evaluate" url="https://heidata.uni-heidelberg.de/dataverse/skvozafar"
level=error msg="cdp.Runtime: Evaluate: rpc error: Inspected target navigated or closed (code = -32000)" issue="converting json ld" url="https://heidata.uni-heidelberg.de/dataverse/sfb1036"
level=error msg="cdp.Runtime: Evaluate: rpc error: Inspected target navigated or closed (code = -32000)" issue="converting json ld" url="https://heidata.uni-heidelberg.de/dataverse/skvozafar"
level=error contentType="Direct access failed, trying headless']" url="https://heidata.uni-heidelberg.de/dataverse/sfb933-B11"
level=error contentType="Direct access failed, trying headless']" url="https://heidata.uni-heidelberg.de/dataverse/phd_mcs"
level=error contentType="Direct access failed, trying headless']" url="https://heidata.uni-heidelberg.de/dataverse/ipw-culture-wars"
level=error contentType="Direct access failed, trying headless']" url="https://heidata.uni-heidelberg.de/dataverse/medical-biophysics"
level=error contentType="Direct access failed, trying headless']" url="https://heidata.uni-heidelberg.de/dataverse/pathma"
level=error msg="cdp.Runtime: Evaluate: rpc error: Inspected target navigated or closed (code = -32000)" issue="Headless Evaluate" url="https://heidata.uni-heidelberg.de/dataverse/ipw-culture-wars"
level=error msg="cdp.Runtime: Evaluate: rpc error: Inspected target navigated or closed (code = -32000)" issue="converting json ld" url="https://heidata.uni-heidelberg.de/dataverse/ipw-culture-wars"
level=error msg="cdp.Runtime: Evaluate: rpc error: Inspected target navigated or closed (code = -32000)" issue="Headless Evaluate" url="https://heidata.uni-heidelberg.de/dataverse/medical-biophysics"
level=error msg="cdp.Runtime: Evaluate: rpc error: Inspected target navigated or closed (code = -32000)" issue="converting json ld" url="https://heidata.uni-heidelberg.de/dataverse/medical-biophysics"
level=error msg="cdp.Runtime: Evaluate: rpc error: Inspected target navigated or closed (code = -32000)" issue="Headless Evaluate" url="https://heidata.uni-heidelberg.de/dataverse/sfb933-B11"
level=error msg="cdp.Runtime: Evaluate: rpc error: Inspected target navigated or closed (code = -32000)" issue="Headless Evaluate" url="https://heidata.uni-heidelberg.de/dataverse/phd_mcs"
level=error msg="cdp.Runtime: Evaluate: rpc error: Inspected target navigated or closed (code = -32000)" issue="converting json ld" url="https://heidata.uni-heidelberg.de/dataverse/phd_mcs"
level=error msg="cdp.Runtime: Evaluate: rpc error: Inspected target navigated or closed (code = -32000)" issue="converting json ld" url="https://heidata.uni-heidelberg.de/dataverse/sfb933-B11"
level=error msg="cdp.Runtime: Evaluate: rpc error: Inspected target navigated or closed (code = -32000)" issue="Headless Evaluate" url="https://heidata.uni-heidelberg.de/dataverse/pathma"
level=error msg="cdp.Runtime: Evaluate: rpc error: Inspected target navigated or closed (code = -32000)" issue="converting json ld" url="https://heidata.uni-heidelberg.de/dataverse/pathma"
level=error contentType="Direct access failed, trying headless']" url="https://heidata.uni-heidelberg.de/dataverse/neuphil"
level=error contentType="Direct access failed, trying headless']" url="https://heidata.uni-heidelberg.de/dataverse/migration"
level=error contentType="Direct access failed, trying headless']" url="https://heidata.uni-heidelberg.de/dataverse/iwrgraphics"
level=error contentType="Direct access failed, trying headless']" url="https://heidata.uni-heidelberg.de/dataverse/mi"
level=error contentType="Direct access failed, trying headless']" url="https://heidata.uni-heidelberg.de/dataverse/sfb933"
level=error msg="cdp.Runtime: Evaluate: context deadline exceeded" issue="Headless Evaluate" url="https://heidata.uni-heidelberg.de/dataverse/neuphil"
level=error msg="cdp.Runtime: Evaluate: context deadline exceeded" issue="converting json ld" url="https://heidata.uni-heidelberg.de/dataverse/neuphil"
level=error msg="cdp.Runtime: Evaluate: context deadline exceeded" issue="Headless Evaluate" url="https://heidata.uni-heidelberg.de/dataverse/migration"
level=error msg="cdp.Runtime: Evaluate: context deadline exceeded" issue="converting json ld" url="https://heidata.uni-heidelberg.de/dataverse/migration"
level=error msg="cdp.Runtime: Evaluate: context deadline exceeded" issue="Headless Evaluate" url="https://heidata.uni-heidelberg.de/dataverse/iwrgraphics"
level=error msg="cdp.Runtime: Evaluate: context deadline exceeded" issue="converting json ld" url="https://heidata.uni-heidelberg.de/dataverse/iwrgraphics"
level=error msg="cdp.Runtime: Evaluate: context deadline exceeded" issue="Headless Evaluate" url="https://heidata.uni-heidelberg.de/dataverse/mi"
level=error msg="cdp.Runtime: Evaluate: context deadline exceeded" issue="converting json ld" url="https://heidata.uni-heidelberg.de/dataverse/mi"
level=error contentType="Direct access failed, trying headless']" url="https://heidata.uni-heidelberg.de/dataverse/ag_ThomasKlein_mwi"
level=error msg="cdp.Runtime: Evaluate: context deadline exceeded" issue="Headless Evaluate" url="https://heidata.uni-heidelberg.de/dataverse/sfb933"
level=error msg="cdp.Runtime: Evaluate: context deadline exceeded" issue="converting json ld" url="https://heidata.uni-heidelberg.de/dataverse/sfb933"
level=error contentType="Direct access failed, trying headless']" url="https://heidata.uni-heidelberg.de/dataverse/sfb933-A01"
level=error contentType="Direct access failed, trying headless']" url="https://heidata.uni-heidelberg.de/dataverse/myelomalab"
level=error contentType="Direct access failed, trying headless']" url="https://heidata.uni-heidelberg.de/dataverse/leuschnerlab"
level=error contentType="Direct access failed, trying headless']" url="https://heidata.uni-heidelberg.de/dataverse/phd_phil"
level=error msg="cdp.Runtime: Evaluate: rpc error: Inspected target navigated or closed (code = -32000)" issue="Headless Evaluate" url="https://heidata.uni-heidelberg.de/dataverse/ag_ThomasKlein_mwi"
level=error msg="cdp.Runtime: Evaluate: rpc error: Inspected target navigated or closed (code = -32000)" issue="converting json ld" url="https://heidata.uni-heidelberg.de/dataverse/ag_ThomasKlein_mwi"
level=error msg="cdp.Runtime: Evaluate: rpc error: Inspected target navigated or closed (code = -32000)" issue="Headless Evaluate" url="https://heidata.uni-heidelberg.de/dataverse/leuschnerlab"
level=error msg="cdp.Runtime: Evaluate: rpc error: Inspected target navigated or closed (code = -32000)" issue="converting json ld" url="https://heidata.uni-heidelberg.de/dataverse/leuschnerlab"
level=error msg="cdp.Runtime: Evaluate: rpc error: Inspected target navigated or closed (code = -32000)" issue="Headless Evaluate" url="https://heidata.uni-heidelberg.de/dataverse/sfb933-A01"
level=error msg="cdp.Runtime: Evaluate: rpc error: Inspected target navigated or closed (code = -32000)" issue="converting json ld" url="https://heidata.uni-heidelberg.de/dataverse/sfb933-A01"
level=error msg="cdp.Runtime: Evaluate: rpc error: Inspected target navigated or closed (code = -32000)" issue="Headless Evaluate" url="https://heidata.uni-heidelberg.de/dataverse/myelomalab"
level=error msg="cdp.Runtime: Evaluate: rpc error: Inspected target navigated or closed (code = -32000)" issue="converting json ld" url="https://heidata.uni-heidelberg.de/dataverse/myelomalab"
level=error contentType="Direct access failed, trying headless']" url="https://heidata.uni-heidelberg.de/dataverse/knoplab"
level=error contentType="Direct access failed, trying headless']" url="https://heidata.uni-heidelberg.de/dataverse/Tosun"
level=error contentType="Direct access failed, trying headless']" url="https://heidata.uni-heidelberg.de/dataverse/intvirol"
level=error contentType="Direct access failed, trying headless']" url="https://heidata.uni-heidelberg.de/dataverse/kaessmann-lab"
level=error msg="cdp.Runtime: Evaluate: rpc error: Inspected target navigated or closed (code = -32000)" issue="Headless Evaluate" url="https://heidata.uni-heidelberg.de/dataverse/phd_phil"
level=error msg="cdp.Runtime: Evaluate: rpc error: Inspected target navigated or closed (code = -32000)" issue="Headless Evaluate" url="https://heidata.uni-heidelberg.de/dataverse/knoplab"
level=error msg="cdp.Runtime: Evaluate: rpc error: Inspected target navigated or closed (code = -32000)" issue="converting json ld" url="https://heidata.uni-heidelberg.de/dataverse/knoplab"
level=error msg="cdp.Runtime: Evaluate: rpc error: Inspected target navigated or closed (code = -32000)" issue="Headless Evaluate" url="https://heidata.uni-heidelberg.de/dataverse/Tosun"
level=error msg="cdp.Runtime: Evaluate: rpc error: Inspected target navigated or closed (code = -32000)" issue="converting json ld" url="https://heidata.uni-heidelberg.de/dataverse/Tosun"
level=error msg="cdp.Runtime: Evaluate: rpc error: Inspected target navigated or closed (code = -32000)" issue="Headless Evaluate" url="https://heidata.uni-heidelberg.de/dataverse/intvirol"
level=error msg="cdp.Runtime: Evaluate: rpc error: Inspected target navigated or closed (code = -32000)" issue="converting json ld" url="https://heidata.uni-heidelberg.de/dataverse/intvirol"
level=error msg="cdp.Runtime: Evaluate: rpc error: Inspected target navigated or closed (code = -32000)" issue="converting json ld" url="https://heidata.uni-heidelberg.de/dataverse/phd_phil"
level=error contentType="Direct access failed, trying headless']" url="https://heidata.uni-heidelberg.de/dataverse/kks"
level=error contentType="Direct access failed, trying headless']" url="https://heidata.uni-heidelberg.de/dataverse/phd_geo"
level=error contentType="Direct access failed, trying headless']" url="https://heidata.uni-heidelberg.de/dataverse/sfb1249"
level=error contentType="Direct access failed, trying headless']" url="https://heidata.uni-heidelberg.de/dataverse/ius"
level=error msg="cdp.Runtime: Evaluate: rpc error: Execution context was destroyed. (code = -32000)" issue="Headless Evaluate" url="https://heidata.uni-heidelberg.de/dataverse/phd_geo"
level=error msg="cdp.Runtime: Evaluate: rpc error: Execution context was destroyed. (code = -32000)" issue="Headless Evaluate" url="https://heidata.uni-heidelberg.de/dataverse/kaessmann-lab"
level=error msg="cdp.Runtime: Evaluate: rpc error: Execution context was destroyed. (code = -32000)" issue="converting json ld" url="https://heidata.uni-heidelberg.de/dataverse/kaessmann-lab"
level=error msg="cdp.Runtime: Evaluate: rpc error: Execution context was destroyed. (code = -32000)" issue="Headless Evaluate" url="https://heidata.uni-heidelberg.de/dataverse/ius"
level=error msg="cdp.Runtime: Evaluate: rpc error: Execution context was destroyed. (code = -32000)" issue="converting json ld" url="https://heidata.uni-heidelberg.de/dataverse/ius"
level=error msg="cdp.Runtime: Evaluate: rpc error: Execution context was destroyed. (code = -32000)" issue="Headless Evaluate" url="https://heidata.uni-heidelberg.de/dataverse/sfb1249"
level=error msg="cdp.Runtime: Evaluate: rpc error: Execution context was destroyed. (code = -32000)" issue="converting json ld" url="https://heidata.uni-heidelberg.de/dataverse/sfb1249"
level=error msg="cdp.Runtime: Evaluate: rpc error: Execution context was destroyed. (code = -32000)" issue="Headless Evaluate" url="https://heidata.uni-heidelberg.de/dataverse/kks"
level=error msg="cdp.Runtime: Evaluate: rpc error: Execution context was destroyed. (code = -32000)" issue="converting json ld" url="https://heidata.uni-heidelberg.de/dataverse/phd_geo"
level=error msg="cdp.Runtime: Evaluate: rpc error: Execution context was destroyed. (code = -32000)" issue="converting json ld" url="https://heidata.uni-heidelberg.de/dataverse/kks"
level=error contentType="Direct access failed, trying headless']" url="https://heidata.uni-heidelberg.de/dataverse/ipwconflict"
level=error msg="cdp.Runtime: Evaluate: rpc error: Inspected target navigated or closed (code = -32000)" issue="Headless Evaluate" url="https://heidata.uni-heidelberg.de/dataverse/ipwconflict"
level=error msg="cdp.Runtime: Evaluate: rpc error: Inspected target navigated or closed (code = -32000)" issue="converting json ld" url="https://heidata.uni-heidelberg.de/dataverse/ipwconflict"
