level=error contentType="Direct access failed, trying headless']" url="https://data.qdr.syr.edu/dataverse/NIRI"
level=error contentType="Direct access failed, trying headless']" url="https://data.qdr.syr.edu/dataverse/security-studies"
level=error contentType="Direct access failed, trying headless']" url="https://data.qdr.syr.edu/dataverse/trachtenberg"
level=error contentType="Direct access failed, trying headless']" url="https://data.qdr.syr.edu/dataverse/main"
level=error contentType="Direct access failed, trying headless']" url="https://data.qdr.syr.edu/dataverse/pcrc"
level=error msg="cdp.Runtime: Evaluate: rpc error: Inspected target navigated or closed (code = -32000)" issue="Headless Evaluate" url="https://data.qdr.syr.edu/dataverse/NIRI"
level=error msg="cdp.Runtime: Evaluate: rpc error: Inspected target navigated or closed (code = -32000)" issue="Headless Evaluate" url="https://data.qdr.syr.edu/dataverse/security-studies"
level=error msg="cdp.Runtime: Evaluate: rpc error: Inspected target navigated or closed (code = -32000)" issue="Headless Evaluate" url="https://data.qdr.syr.edu/dataverse/trachtenberg"
level=error msg="cdp.Runtime: Evaluate: rpc error: Inspected target navigated or closed (code = -32000)" issue="converting json ld" url="https://data.qdr.syr.edu/dataverse/security-studies"
level=error msg="cdp.Runtime: Evaluate: rpc error: Inspected target navigated or closed (code = -32000)" issue="Headless Evaluate" url="https://data.qdr.syr.edu/dataverse/pcrc"
level=error msg="cdp.Runtime: Evaluate: rpc error: Inspected target navigated or closed (code = -32000)" issue="converting json ld" url="https://data.qdr.syr.edu/dataverse/pcrc"
level=error msg="cdp.Runtime: Evaluate: rpc error: Inspected target navigated or closed (code = -32000)" issue="converting json ld" url="https://data.qdr.syr.edu/dataverse/NIRI"
level=error msg="cdp.Runtime: Evaluate: rpc error: Inspected target navigated or closed (code = -32000)" issue="converting json ld" url="https://data.qdr.syr.edu/dataverse/trachtenberg"
level=error msg="cdp.Runtime: Evaluate: rpc error: Inspected target navigated or closed (code = -32000)" issue="Headless Evaluate" url="https://data.qdr.syr.edu/dataverse/main"
level=error msg="cdp.Runtime: Evaluate: rpc error: Inspected target navigated or closed (code = -32000)" issue="converting json ld" url="https://data.qdr.syr.edu/dataverse/main"
level=error contentType="Direct access failed, trying headless']" url="https://data.qdr.syr.edu/dataset.xhtml?persistentId=doi:10.5064/F6Z31WJ1"
level=error msg="cdp.Runtime: Evaluate: rpc error: Inspected target navigated or closed (code = -32000)" issue="Headless Evaluate" url="https://data.qdr.syr.edu/dataset.xhtml?persistentId=doi:10.5064/F6Z31WJ1"
level=error msg="cdp.Runtime: Evaluate: rpc error: Inspected target navigated or closed (code = -32000)" issue="converting json ld" url="https://data.qdr.syr.edu/dataset.xhtml?persistentId=doi:10.5064/F6Z31WJ1"
level=error contentType="Direct access failed, trying headless']" url="https://data.qdr.syr.edu/dataverse/ets"
level=error contentType="Direct access failed, trying headless']" url="https://data.qdr.syr.edu/dataverse/go-discuss"
level=error msg="cdp.Runtime: Evaluate: rpc error: Inspected target navigated or closed (code = -32000)" issue="Headless Evaluate" url="https://data.qdr.syr.edu/dataverse/ets"
level=error msg="cdp.Runtime: Evaluate: rpc error: Inspected target navigated or closed (code = -32000)" issue="converting json ld" url="https://data.qdr.syr.edu/dataverse/ets"
level=error msg="cdp.Runtime: Evaluate: rpc error: Inspected target navigated or closed (code = -32000)" issue="Headless Evaluate" url="https://data.qdr.syr.edu/dataverse/go-discuss"
level=error msg="cdp.Runtime: Evaluate: rpc error: Inspected target navigated or closed (code = -32000)" issue="converting json ld" url="https://data.qdr.syr.edu/dataverse/go-discuss"
