level=info msg="Queuing URLs for icrisat"
level=info msg="URL Count 434"
level=info contentType="script[type='application/ld+json']" url="http://dataverse.icrisat.org/dataset.xhtml?persistentId=doi:10.21421/D2/CCSOZ8"
level=info contentType="script[type='application/ld+json']" url="http://dataverse.icrisat.org/dataset.xhtml?persistentId=doi:10.21421/D2/MCPFCG"
level=info contentType="script[type='application/ld+json']" url="http://dataverse.icrisat.org/dataset.xhtml?persistentId=doi:10.21421/D2/ESFPZD"
level=info contentType="script[type='application/ld+json']" url="http://dataverse.icrisat.org/dataset.xhtml?persistentId=doi:10.21421/D2/EVBZCU"
level=info contentType="script[type='application/ld+json']" url="http://dataverse.icrisat.org/dataset.xhtml?persistentId=doi:10.21421/D2/RQI81I"
level=info contentType="script[type='application/ld+json']" url="http://dataverse.icrisat.org/dataset.xhtml?persistentId=doi:10.21421/D2/LODYYD"
level=info contentType="script[type='application/ld+json']" url="http://dataverse.icrisat.org/dataset.xhtml?persistentId=doi:10.21421/D2/VQSUW1"
level=info contentType="script[type='application/ld+json']" url="http://dataverse.icrisat.org/dataset.xhtml?persistentId=doi:10.21421/D2/CCWYNS"
level=info contentType="script[type='application/ld+json']" url="http://dataverse.icrisat.org/dataset.xhtml?persistentId=doi:10.21421/D2/9OFCNM"
level=info contentType="script[type='application/ld+json']" url="http://dataverse.icrisat.org/dataset.xhtml?persistentId=doi:10.21421/D2/T0BXMU"
level=info contentType="script[type='application/ld+json']" url="http://dataverse.icrisat.org/dataset.xhtml?persistentId=doi:10.21421/D2/MULW3A"
level=info contentType="script[type='application/ld+json']" url="http://dataverse.icrisat.org/dataset.xhtml?persistentId=doi:10.21421/D2/3OOCAZ"
level=info contentType="script[type='application/ld+json']" url="http://dataverse.icrisat.org/dataset.xhtml?persistentId=doi:10.21421/D2/YANPPP"
level=info contentType="script[type='application/ld+json']" url="http://dataverse.icrisat.org/dataset.xhtml?persistentId=doi:10.21421/D2/NPRJ0K"
level=info contentType="script[type='application/ld+json']" url="http://dataverse.icrisat.org/dataset.xhtml?persistentId=doi:10.21421/D2/IJXMBV"
level=info contentType="script[type='application/ld+json']" url="http://dataverse.icrisat.org/dataset.xhtml?persistentId=doi:10.21421/D2/E75LXS"
level=info contentType="script[type='application/ld+json']" url="http://dataverse.icrisat.org/dataset.xhtml?persistentId=doi:10.21421/D2/SNDINL"
level=info contentType="script[type='application/ld+json']" url="http://dataverse.icrisat.org/dataset.xhtml?persistentId=doi:10.21421/D2/ZXNIDV"
level=info contentType="script[type='application/ld+json']" url="http://dataverse.icrisat.org/dataset.xhtml?persistentId=doi:10.21421/D2/9DADSL"
level=info contentType="script[type='application/ld+json']" url="http://dataverse.icrisat.org/dataset.xhtml?persistentId=doi:10.21421/D2/HVGTCF"
level=info contentType="script[type='application/ld+json']" url="http://dataverse.icrisat.org/dataset.xhtml?persistentId=doi:10.21421/D2/Y1FL8G"
level=info contentType="script[type='application/ld+json']" url="http://dataverse.icrisat.org/dataset.xhtml?persistentId=doi:10.21421/D2/UMPDJE"
level=info contentType="script[type='application/ld+json']" url="http://dataverse.icrisat.org/dataset.xhtml?persistentId=doi:10.21421/D2/LL9YOW"
level=info contentType="script[type='application/ld+json']" url="http://dataverse.icrisat.org/dataset.xhtml?persistentId=doi:10.21421/D2/LQLEPA"
level=info contentType="script[type='application/ld+json']" url="http://dataverse.icrisat.org/dataset.xhtml?persistentId=doi:10.21421/D2/TNTUYC"
level=info contentType="script[type='application/ld+json']" url="http://dataverse.icrisat.org/dataset.xhtml?persistentId=doi:10.21421/D2/AGISUJ"
level=info contentType="script[type='application/ld+json']" url="http://dataverse.icrisat.org/dataset.xhtml?persistentId=doi:10.21421/D2/8LGBYP"
level=info contentType="script[type='application/ld+json']" url="http://dataverse.icrisat.org/dataset.xhtml?persistentId=doi:10.21421/D2/YPNOFT"
level=info contentType="script[type='application/ld+json']" url="http://dataverse.icrisat.org/dataset.xhtml?persistentId=doi:10.21421/D2/UJK8KY"
level=info contentType="script[type='application/ld+json']" url="http://dataverse.icrisat.org/dataset.xhtml?persistentId=doi:10.21421/D2/0ZT739"
level=info contentType="script[type='application/ld+json']" url="http://dataverse.icrisat.org/dataset.xhtml?persistentId=doi:10.21421/D2/3O4VZ9"
level=info contentType="script[type='application/ld+json']" url="http://dataverse.icrisat.org/dataset.xhtml?persistentId=doi:10.21421/D2/EWOLI3"
level=info contentType="script[type='application/ld+json']" url="http://dataverse.icrisat.org/dataset.xhtml?persistentId=doi:10.21421/D2/Z3V8ZF"
level=info contentType="script[type='application/ld+json']" url="http://dataverse.icrisat.org/dataset.xhtml?persistentId=doi:10.21421/D2/2Z9YA4"
level=info contentType="script[type='application/ld+json']" url="http://dataverse.icrisat.org/dataset.xhtml?persistentId=doi:10.21421/D2/8QDCTQ"
level=info contentType="script[type='application/ld+json']" url="http://dataverse.icrisat.org/dataset.xhtml?persistentId=doi:10.21421/D2/QAIUFM"
level=info contentType="script[type='application/ld+json']" url="http://dataverse.icrisat.org/dataset.xhtml?persistentId=doi:10.21421/D2/R6XSTD"
level=info contentType="script[type='application/ld+json']" url="http://dataverse.icrisat.org/dataset.xhtml?persistentId=doi:10.21421/D2/DWASOE"
level=info contentType="script[type='application/ld+json']" url="http://dataverse.icrisat.org/dataset.xhtml?persistentId=doi:10.21421/D2/OUBXD0"
level=info contentType="script[type='application/ld+json']" url="http://dataverse.icrisat.org/dataset.xhtml?persistentId=doi:10.21421/D2/QLXF9U"
level=info contentType="script[type='application/ld+json']" url="http://dataverse.icrisat.org/dataset.xhtml?persistentId=doi:10.21421/D2/BVQGB4"
level=info contentType="script[type='application/ld+json']" url="http://dataverse.icrisat.org/dataset.xhtml?persistentId=doi:10.21421/D2/FNJ9RG"
level=info contentType="script[type='application/ld+json']" url="http://dataverse.icrisat.org/dataset.xhtml?persistentId=doi:10.21421/D2/YL72R4"
level=info contentType="script[type='application/ld+json']" url="http://dataverse.icrisat.org/dataset.xhtml?persistentId=doi:10.21421/D2/YAXFMT"
level=info contentType="script[type='application/ld+json']" url="http://dataverse.icrisat.org/dataset.xhtml?persistentId=doi:10.21421/D2/8C4QHS"
level=info contentType="script[type='application/ld+json']" url="http://dataverse.icrisat.org/dataset.xhtml?persistentId=doi:10.21421/D2/GALYOP"
level=info contentType="script[type='application/ld+json']" url="http://dataverse.icrisat.org/dataset.xhtml?persistentId=doi:10.21421/D2/EZMGHX"
level=info contentType="script[type='application/ld+json']" url="http://dataverse.icrisat.org/dataset.xhtml?persistentId=doi:10.21421/D2/DFDYWS"
level=info contentType="script[type='application/ld+json']" url="http://dataverse.icrisat.org/dataset.xhtml?persistentId=doi:10.21421/D2/RR5N1Y"
level=info contentType="script[type='application/ld+json']" url="http://dataverse.icrisat.org/dataset.xhtml?persistentId=doi:10.21421/D2/S1FNJ2"
level=info contentType="script[type='application/ld+json']" url="http://dataverse.icrisat.org/dataset.xhtml?persistentId=doi:10.21421/D2/FPQQAE"
level=info contentType="script[type='application/ld+json']" url="http://dataverse.icrisat.org/dataset.xhtml?persistentId=doi:10.21421/D2/TXW5KV"
level=info contentType="script[type='application/ld+json']" url="http://dataverse.icrisat.org/dataset.xhtml?persistentId=doi:10.21421/D2/0LZBBY"
level=info contentType="script[type='application/ld+json']" url="http://dataverse.icrisat.org/dataset.xhtml?persistentId=doi:10.21421/D2/VOE1M9"
level=info contentType="script[type='application/ld+json']" url="http://dataverse.icrisat.org/dataset.xhtml?persistentId=doi:10.21421/D2/7CJVRE"
level=info contentType="script[type='application/ld+json']" url="http://dataverse.icrisat.org/dataset.xhtml?persistentId=doi:10.21421/D2/YXAUVY"
level=info contentType="script[type='application/ld+json']" url="http://dataverse.icrisat.org/dataset.xhtml?persistentId=doi:10.21421/D2/5AWIKE"
level=info contentType="script[type='application/ld+json']" url="http://dataverse.icrisat.org/dataset.xhtml?persistentId=doi:10.21421/D2/0ABH9J"
level=info contentType="script[type='application/ld+json']" url="http://dataverse.icrisat.org/dataset.xhtml?persistentId=doi:10.21421/D2/CHAUNT"
level=info contentType="script[type='application/ld+json']" url="http://dataverse.icrisat.org/dataset.xhtml?persistentId=doi:10.21421/D2/EYYYV8"
level=info contentType="script[type='application/ld+json']" url="http://dataverse.icrisat.org/dataset.xhtml?persistentId=doi:10.21421/D2/UQE8UE"
level=info contentType="script[type='application/ld+json']" url="http://dataverse.icrisat.org/dataset.xhtml?persistentId=doi:10.21421/D2/LJF2IC"
level=info contentType="script[type='application/ld+json']" url="http://dataverse.icrisat.org/dataset.xhtml?persistentId=doi:10.21421/D2/KA1GQD"
level=info contentType="script[type='application/ld+json']" url="http://dataverse.icrisat.org/dataset.xhtml?persistentId=doi:10.21421/D2/STACVA"
level=info contentType="script[type='application/ld+json']" url="http://dataverse.icrisat.org/dataset.xhtml?persistentId=doi:10.21421/D2/YAJKSE"
level=info contentType="script[type='application/ld+json']" url="http://dataverse.icrisat.org/dataset.xhtml?persistentId=doi:10.21421/D2/925P3S"
level=info contentType="script[type='application/ld+json']" url="http://dataverse.icrisat.org/dataset.xhtml?persistentId=doi:10.21421/D2/ORJQWZ"
level=info contentType="script[type='application/ld+json']" url="http://dataverse.icrisat.org/dataset.xhtml?persistentId=doi:10.21421/D2/ZORT8F"
level=info contentType="script[type='application/ld+json']" url="http://dataverse.icrisat.org/dataset.xhtml?persistentId=doi:10.21421/D2/RYVBEU"
level=info contentType="script[type='application/ld+json']" url="http://dataverse.icrisat.org/dataset.xhtml?persistentId=doi:10.21421/D2/SJQNAI"
level=info contentType="script[type='application/ld+json']" url="http://dataverse.icrisat.org/dataset.xhtml?persistentId=doi:10.21421/D2/EYFR2F"
level=info contentType="script[type='application/ld+json']" url="http://dataverse.icrisat.org/dataset.xhtml?persistentId=doi:10.21421/D2/9RN6NH"
level=info contentType="script[type='application/ld+json']" url="http://dataverse.icrisat.org/dataset.xhtml?persistentId=doi:10.21421/D2/FATVHT"
level=info contentType="script[type='application/ld+json']" url="http://dataverse.icrisat.org/dataset.xhtml?persistentId=doi:10.21421/D2/26DKAT"
level=info contentType="script[type='application/ld+json']" url="http://dataverse.icrisat.org/dataset.xhtml?persistentId=doi:10.21421/D2/NC420W"
level=info contentType="script[type='application/ld+json']" url="http://dataverse.icrisat.org/dataset.xhtml?persistentId=doi:10.21421/D2/6YMGPS"
level=info contentType="script[type='application/ld+json']" url="http://dataverse.icrisat.org/dataset.xhtml?persistentId=doi:10.21421/D2/TEFCSJ"
level=info contentType="script[type='application/ld+json']" url="http://dataverse.icrisat.org/dataset.xhtml?persistentId=doi:10.21421/D2/KS8LIY"
level=info contentType="script[type='application/ld+json']" url="http://dataverse.icrisat.org/dataset.xhtml?persistentId=doi:10.21421/D2/YMO4BV"
level=info contentType="script[type='application/ld+json']" url="http://dataverse.icrisat.org/dataset.xhtml?persistentId=doi:10.21421/D2/UETX1S"
level=info contentType="script[type='application/ld+json']" url="http://dataverse.icrisat.org/dataset.xhtml?persistentId=doi:10.21421/D2/AQ9JO7"
level=info contentType="script[type='application/ld+json']" url="http://dataverse.icrisat.org/dataset.xhtml?persistentId=doi:10.21421/D2/HZBZZF"
level=info contentType="script[type='application/ld+json']" url="http://dataverse.icrisat.org/dataset.xhtml?persistentId=doi:10.21421/D2/VIKBCT"
level=info contentType="script[type='application/ld+json']" url="http://dataverse.icrisat.org/dataset.xhtml?persistentId=doi:10.21421/D2/6SZCLR"
level=info contentType="script[type='application/ld+json']" url="http://dataverse.icrisat.org/dataset.xhtml?persistentId=doi:10.21421/D2/BETFS0"
level=info contentType="script[type='application/ld+json']" url="http://dataverse.icrisat.org/dataset.xhtml?persistentId=doi:10.21421/D2/07KHQ9"
level=info contentType="script[type='application/ld+json']" url="http://dataverse.icrisat.org/dataset.xhtml?persistentId=doi:10.21421/D2/IFWAOA"
level=info contentType="script[type='application/ld+json']" url="http://dataverse.icrisat.org/dataset.xhtml?persistentId=doi:10.21421/D2/OMGVYE"
level=info contentType="script[type='application/ld+json']" url="http://dataverse.icrisat.org/dataset.xhtml?persistentId=doi:10.21421/D2/01WXFG"
level=info contentType="script[type='application/ld+json']" url="http://dataverse.icrisat.org/dataset.xhtml?persistentId=doi:10.21421/D2/5O93XX"
level=info contentType="script[type='application/ld+json']" url="http://dataverse.icrisat.org/dataset.xhtml?persistentId=doi:10.21421/D2/P9GELX"
level=info contentType="script[type='application/ld+json']" url="http://dataverse.icrisat.org/dataset.xhtml?persistentId=doi:10.21421/D2/H2GX2F"
level=info contentType="script[type='application/ld+json']" url="http://dataverse.icrisat.org/dataset.xhtml?persistentId=doi:10.21421/D2/JXGTH4"
level=info contentType="script[type='application/ld+json']" url="http://dataverse.icrisat.org/dataset.xhtml?persistentId=doi:10.21421/D2/SGINGC"
level=info contentType="script[type='application/ld+json']" url="http://dataverse.icrisat.org/dataset.xhtml?persistentId=doi:10.21421/D2/U80KCS"
level=info contentType="script[type='application/ld+json']" url="http://dataverse.icrisat.org/dataset.xhtml?persistentId=doi:10.21421/D2/R2DZ6K"
level=info contentType="script[type='application/ld+json']" url="http://dataverse.icrisat.org/dataset.xhtml?persistentId=doi:10.21421/D2/FLVTLT"
level=info contentType="script[type='application/ld+json']" url="http://dataverse.icrisat.org/dataset.xhtml?persistentId=doi:10.21421/D2/LIY0MP"
level=info contentType="script[type='application/ld+json']" url="http://dataverse.icrisat.org/dataset.xhtml?persistentId=doi:10.21421/D2/3FUSXO"
level=info contentType="script[type='application/ld+json']" url="http://dataverse.icrisat.org/dataset.xhtml?persistentId=doi:10.21421/D2/EUDKST"
level=info contentType="script[type='application/ld+json']" url="http://dataverse.icrisat.org/dataset.xhtml?persistentId=doi:10.21421/D2/THR8L8"
level=info contentType="script[type='application/ld+json']" url="http://dataverse.icrisat.org/dataset.xhtml?persistentId=doi:10.21421/D2/0DVCZV"
level=info contentType="script[type='application/ld+json']" url="http://dataverse.icrisat.org/dataset.xhtml?persistentId=doi:10.21421/D2/XWC9HT"
level=info contentType="script[type='application/ld+json']" url="http://dataverse.icrisat.org/dataset.xhtml?persistentId=doi:10.21421/D2/YOEZHH"
level=info contentType="script[type='application/ld+json']" url="http://dataverse.icrisat.org/dataset.xhtml?persistentId=doi:10.21421/D2/VOYAXZ"
level=info contentType="script[type='application/ld+json']" url="http://dataverse.icrisat.org/dataset.xhtml?persistentId=doi:10.21421/D2/JIL4TV"
level=info contentType="script[type='application/ld+json']" url="http://dataverse.icrisat.org/dataset.xhtml?persistentId=doi:10.21421/D2/ZESGLC"
level=info contentType="script[type='application/ld+json']" url="http://dataverse.icrisat.org/dataset.xhtml?persistentId=doi:10.21421/D2/UWLFHU"
level=info contentType="script[type='application/ld+json']" url="http://dataverse.icrisat.org/dataset.xhtml?persistentId=doi:10.21421/D2/OPS9A3"
level=info contentType="script[type='application/ld+json']" url="http://dataverse.icrisat.org/dataset.xhtml?persistentId=doi:10.21421/D2/EP8AP4"
level=info contentType="script[type='application/ld+json']" url="http://dataverse.icrisat.org/dataset.xhtml?persistentId=doi:10.21421/D2/KDIG30"
level=info contentType="script[type='application/ld+json']" url="http://dataverse.icrisat.org/dataset.xhtml?persistentId=doi:10.21421/D2/YDFJOB"
level=info contentType="script[type='application/ld+json']" url="http://dataverse.icrisat.org/dataset.xhtml?persistentId=doi:10.21421/D2/NRCQKU"
level=info contentType="script[type='application/ld+json']" url="http://dataverse.icrisat.org/dataset.xhtml?persistentId=doi:10.21421/D2/S0I8PL"
level=info contentType="script[type='application/ld+json']" url="http://dataverse.icrisat.org/dataset.xhtml?persistentId=doi:10.21421/D2/0RDMFQ"
level=info contentType="script[type='application/ld+json']" url="http://dataverse.icrisat.org/dataset.xhtml?persistentId=doi:10.21421/D2/TVF4M5"
level=info contentType="script[type='application/ld+json']" url="http://dataverse.icrisat.org/dataset.xhtml?persistentId=doi:10.21421/D2/Q7LZMS"
level=info contentType="script[type='application/ld+json']" url="http://dataverse.icrisat.org/dataset.xhtml?persistentId=doi:10.21421/D2/AVKD0T"
level=info contentType="script[type='application/ld+json']" url="http://dataverse.icrisat.org/dataset.xhtml?persistentId=doi:10.21421/D2/MHOUWW"
level=info contentType="script[type='application/ld+json']" url="http://dataverse.icrisat.org/dataset.xhtml?persistentId=doi:10.21421/D2/HETESS"
level=info contentType="script[type='application/ld+json']" url="http://dataverse.icrisat.org/dataset.xhtml?persistentId=doi:10.21421/D2/GYLPTP"
level=info contentType="script[type='application/ld+json']" url="http://dataverse.icrisat.org/dataset.xhtml?persistentId=doi:10.21421/D2/0RWGN6"
level=info contentType="script[type='application/ld+json']" url="http://dataverse.icrisat.org/dataset.xhtml?persistentId=doi:10.21421/D2/TO4JWO"
level=info contentType="script[type='application/ld+json']" url="http://dataverse.icrisat.org/dataset.xhtml?persistentId=doi:10.21421/D2/NIBHAU"
level=info contentType="script[type='application/ld+json']" url="http://dataverse.icrisat.org/dataset.xhtml?persistentId=doi:10.21421/D2/45YOFR"
level=info contentType="script[type='application/ld+json']" url="http://dataverse.icrisat.org/dataset.xhtml?persistentId=doi:10.21421/D2/ATZLCE"
level=info contentType="script[type='application/ld+json']" url="http://dataverse.icrisat.org/dataset.xhtml?persistentId=doi:10.21421/D2/GGXBNP"
level=info contentType="script[type='application/ld+json']" url="http://dataverse.icrisat.org/dataset.xhtml?persistentId=doi:10.21421/D2/TCCVS7"
level=info contentType="script[type='application/ld+json']" url="http://dataverse.icrisat.org/dataset.xhtml?persistentId=doi:10.21421/D2/RUEQOZ"
level=info contentType="script[type='application/ld+json']" url="http://dataverse.icrisat.org/dataset.xhtml?persistentId=doi:10.21421/D2/TP4EDU"
level=info contentType="script[type='application/ld+json']" url="http://dataverse.icrisat.org/dataset.xhtml?persistentId=doi:10.21421/D2/D8DAZS"
level=info contentType="script[type='application/ld+json']" url="http://dataverse.icrisat.org/dataset.xhtml?persistentId=doi:10.21421/D2/VVAB8E"
level=info contentType="script[type='application/ld+json']" url="http://dataverse.icrisat.org/dataset.xhtml?persistentId=doi:10.21421/D2/RIACZD"
level=info contentType="script[type='application/ld+json']" url="http://dataverse.icrisat.org/dataset.xhtml?persistentId=doi:10.21421/D2/3ZAFKV"
level=info contentType="script[type='application/ld+json']" url="http://dataverse.icrisat.org/dataset.xhtml?persistentId=doi:10.21421/D2/AHLEGS"
level=info contentType="script[type='application/ld+json']" url="http://dataverse.icrisat.org/dataset.xhtml?persistentId=doi:10.21421/D2/ZWQYSS"
level=info contentType="script[type='application/ld+json']" url="http://dataverse.icrisat.org/dataset.xhtml?persistentId=doi:10.21421/D2/NJZXJN"
level=info contentType="script[type='application/ld+json']" url="http://dataverse.icrisat.org/dataset.xhtml?persistentId=doi:10.21421/D2/WHODTY"
level=info contentType="script[type='application/ld+json']" url="http://dataverse.icrisat.org/dataset.xhtml?persistentId=doi:10.21421/D2/AQPBOL"
level=info contentType="script[type='application/ld+json']" url="http://dataverse.icrisat.org/dataset.xhtml?persistentId=doi:10.21421/D2/C7K9PS"
level=info contentType="script[type='application/ld+json']" url="http://dataverse.icrisat.org/dataset.xhtml?persistentId=doi:10.21421/D2/FWIWWC"
level=info contentType="script[type='application/ld+json']" url="http://dataverse.icrisat.org/dataset.xhtml?persistentId=doi:10.21421/D2/C0H1JL"
level=info contentType="script[type='application/ld+json']" url="http://dataverse.icrisat.org/dataset.xhtml?persistentId=doi:10.21421/D2/HDEUKU"
level=info contentType="script[type='application/ld+json']" url="http://dataverse.icrisat.org/dataset.xhtml?persistentId=doi:10.21421/D2/BCYJVX"
level=info contentType="script[type='application/ld+json']" url="http://dataverse.icrisat.org/dataset.xhtml?persistentId=doi:10.21421/D2/LBSXTT"
level=info contentType="script[type='application/ld+json']" url="http://dataverse.icrisat.org/dataset.xhtml?persistentId=doi:10.21421/D2/DSYLHB"
level=info contentType="script[type='application/ld+json']" url="http://dataverse.icrisat.org/dataset.xhtml?persistentId=doi:10.21421/D2/ETR2FV"
level=info contentType="script[type='application/ld+json']" url="http://dataverse.icrisat.org/dataset.xhtml?persistentId=doi:10.21421/D2/WU4JFA"
level=info contentType="script[type='application/ld+json']" url="http://dataverse.icrisat.org/dataset.xhtml?persistentId=doi:10.21421/D2/CDXYEH"
level=info contentType="script[type='application/ld+json']" url="http://dataverse.icrisat.org/dataset.xhtml?persistentId=doi:10.21421/D2/A42ZPB"
level=info contentType="script[type='application/ld+json']" url="http://dataverse.icrisat.org/dataset.xhtml?persistentId=doi:10.21421/D2/9LVIZS"
level=info contentType="script[type='application/ld+json']" url="http://dataverse.icrisat.org/dataset.xhtml?persistentId=doi:10.21421/D2/JKSLMO"
level=info contentType="script[type='application/ld+json']" url="http://dataverse.icrisat.org/dataset.xhtml?persistentId=doi:10.21421/D2/RWDUHD"
level=info contentType="script[type='application/ld+json']" url="http://dataverse.icrisat.org/dataset.xhtml?persistentId=doi:10.21421/D2/7POICV"
level=info contentType="script[type='application/ld+json']" url="http://dataverse.icrisat.org/dataset.xhtml?persistentId=doi:10.21421/D2/NG5GL5"
level=info contentType="script[type='application/ld+json']" url="http://dataverse.icrisat.org/dataset.xhtml?persistentId=doi:10.21421/D2/STPPNK"
level=info contentType="script[type='application/ld+json']" url="http://dataverse.icrisat.org/dataset.xhtml?persistentId=doi:10.21421/D2/7ASB4M"
level=info contentType="script[type='application/ld+json']" url="http://dataverse.icrisat.org/dataset.xhtml?persistentId=doi:10.21421/D2/L2V8WO"
level=info contentType="script[type='application/ld+json']" url="http://dataverse.icrisat.org/dataset.xhtml?persistentId=doi:10.21421/D2/X2KW4E"
level=info contentType="script[type='application/ld+json']" url="http://dataverse.icrisat.org/dataset.xhtml?persistentId=doi:10.21421/D2/5WJM4J"
level=info contentType="script[type='application/ld+json']" url="http://dataverse.icrisat.org/dataset.xhtml?persistentId=doi:10.21421/D2/KCIUWZ"
level=info contentType="script[type='application/ld+json']" url="http://dataverse.icrisat.org/dataset.xhtml?persistentId=doi:10.21421/D2/AOKLGZ"
level=info contentType="script[type='application/ld+json']" url="http://dataverse.icrisat.org/dataset.xhtml?persistentId=doi:10.21421/D2/QYCEGR"
level=info contentType="script[type='application/ld+json']" url="http://dataverse.icrisat.org/dataset.xhtml?persistentId=doi:10.21421/D2/B3NNUB"
level=info contentType="script[type='application/ld+json']" url="http://dataverse.icrisat.org/dataset.xhtml?persistentId=doi:10.21421/D2/54QOZQ"
level=info contentType="script[type='application/ld+json']" url="http://dataverse.icrisat.org/dataset.xhtml?persistentId=doi:10.21421/D2/GGKEWA"
level=info contentType="script[type='application/ld+json']" url="http://dataverse.icrisat.org/dataset.xhtml?persistentId=doi:10.21421/D2/FVGOPT"
level=info contentType="script[type='application/ld+json']" url="http://dataverse.icrisat.org/dataset.xhtml?persistentId=doi:10.21421/D2/K3BPKW"
level=info contentType="script[type='application/ld+json']" url="http://dataverse.icrisat.org/dataset.xhtml?persistentId=doi:10.21421/D2/MFT8ZD"
level=info contentType="script[type='application/ld+json']" url="http://dataverse.icrisat.org/dataset.xhtml?persistentId=doi:10.21421/D2/VDICFE"
level=info contentType="script[type='application/ld+json']" url="http://dataverse.icrisat.org/dataset.xhtml?persistentId=doi:10.21421/D2/CEARED"
level=info contentType="script[type='application/ld+json']" url="http://dataverse.icrisat.org/dataset.xhtml?persistentId=doi:10.21421/D2/DBWPC4"
level=info contentType="script[type='application/ld+json']" url="http://dataverse.icrisat.org/dataset.xhtml?persistentId=doi:10.21421/D2/TRDEZ2"
level=info contentType="script[type='application/ld+json']" url="http://dataverse.icrisat.org/dataset.xhtml?persistentId=doi:10.21421/D2/FNNVHB"
level=info contentType="script[type='application/ld+json']" url="http://dataverse.icrisat.org/dataset.xhtml?persistentId=doi:10.21421/D2/LRCHEA"
level=info contentType="script[type='application/ld+json']" url="http://dataverse.icrisat.org/dataset.xhtml?persistentId=doi:10.21421/D2/BGPZH5"
level=info contentType="script[type='application/ld+json']" url="http://dataverse.icrisat.org/dataset.xhtml?persistentId=doi:10.21421/D2/LC1VFT"
level=info contentType="script[type='application/ld+json']" url="http://dataverse.icrisat.org/dataset.xhtml?persistentId=doi:10.21421/D2/ZOMIXN"
level=info contentType="script[type='application/ld+json']" url="http://dataverse.icrisat.org/dataset.xhtml?persistentId=doi:10.21421/D2/JYZXBZ"
level=info contentType="script[type='application/ld+json']" url="http://dataverse.icrisat.org/dataset.xhtml?persistentId=doi:10.21421/D2/GKDC5B"
level=info contentType="script[type='application/ld+json']" url="http://dataverse.icrisat.org/dataset.xhtml?persistentId=doi:10.21421/D2/XA912S"
level=info contentType="script[type='application/ld+json']" url="http://dataverse.icrisat.org/dataset.xhtml?persistentId=doi:10.21421/D2/KQDRDT"
level=info contentType="script[type='application/ld+json']" url="http://dataverse.icrisat.org/dataset.xhtml?persistentId=doi:10.21421/D2/HABJVE"
level=info contentType="script[type='application/ld+json']" url="http://dataverse.icrisat.org/dataset.xhtml?persistentId=doi:10.21421/D2/L6TXOB"
level=info contentType="script[type='application/ld+json']" url="http://dataverse.icrisat.org/dataset.xhtml?persistentId=doi:10.21421/D2/AQCPLZ"
level=info contentType="script[type='application/ld+json']" url="http://dataverse.icrisat.org/dataset.xhtml?persistentId=doi:10.21421/D2/9EF1SK"
level=info contentType="script[type='application/ld+json']" url="http://dataverse.icrisat.org/dataset.xhtml?persistentId=doi:10.21421/D2/BXPFOJ"
level=info contentType="script[type='application/ld+json']" url="http://dataverse.icrisat.org/dataset.xhtml?persistentId=doi:10.21421/D2/DEYUJC"
level=info contentType="script[type='application/ld+json']" url="http://dataverse.icrisat.org/dataset.xhtml?persistentId=doi:10.21421/D2/QE2T50"
level=info contentType="script[type='application/ld+json']" url="http://dataverse.icrisat.org/dataset.xhtml?persistentId=doi:10.21421/D2/3MMMLW"
level=info contentType="script[type='application/ld+json']" url="http://dataverse.icrisat.org/dataset.xhtml?persistentId=doi:10.21421/D2/VQ3I2Q"
level=info contentType="script[type='application/ld+json']" url="http://dataverse.icrisat.org/dataset.xhtml?persistentId=doi:10.21421/D2/ZS6XX1"
level=info contentType="script[type='application/ld+json']" url="http://dataverse.icrisat.org/dataset.xhtml?persistentId=doi:10.21421/D2/5GMGQF"
level=info contentType="script[type='application/ld+json']" url="http://dataverse.icrisat.org/dataset.xhtml?persistentId=doi:10.21421/D2/IEOUV2"
level=info contentType="script[type='application/ld+json']" url="http://dataverse.icrisat.org/dataset.xhtml?persistentId=doi:10.21421/D2/YITGRY"
level=info contentType="script[type='application/ld+json']" url="http://dataverse.icrisat.org/dataset.xhtml?persistentId=doi:10.21421/D2/QQV8IE"
level=info contentType="script[type='application/ld+json']" url="http://dataverse.icrisat.org/dataset.xhtml?persistentId=doi:10.21421/D2/W2S1DT"
level=info contentType="script[type='application/ld+json']" url="http://dataverse.icrisat.org/dataset.xhtml?persistentId=doi:10.21421/D2/YGTIRG"
level=info contentType="script[type='application/ld+json']" url="http://dataverse.icrisat.org/dataset.xhtml?persistentId=doi:10.21421/D2/PL64GQ"
level=info contentType="script[type='application/ld+json']" url="http://dataverse.icrisat.org/dataset.xhtml?persistentId=doi:10.21421/D2/QZOR6X"
level=info contentType="script[type='application/ld+json']" url="http://dataverse.icrisat.org/dataset.xhtml?persistentId=doi:10.21421/D2/6QKK9H"
level=info contentType="script[type='application/ld+json']" url="http://dataverse.icrisat.org/dataset.xhtml?persistentId=doi:10.21421/D2/TPMCDW"
level=info contentType="script[type='application/ld+json']" url="http://dataverse.icrisat.org/dataset.xhtml?persistentId=doi:10.21421/D2/JQHKOW"
level=info contentType="script[type='application/ld+json']" url="http://dataverse.icrisat.org/dataset.xhtml?persistentId=doi:10.21421/D2/GDQKYX"
level=info contentType="script[type='application/ld+json']" url="http://dataverse.icrisat.org/dataset.xhtml?persistentId=doi:10.21421/D2/TZASUT"
level=info contentType="script[type='application/ld+json']" url="http://dataverse.icrisat.org/dataset.xhtml?persistentId=doi:10.21421/D2/4ZT3L6"
level=info contentType="script[type='application/ld+json']" url="http://dataverse.icrisat.org/dataset.xhtml?persistentId=doi:10.21421/D2/47TZO3"
level=info contentType="script[type='application/ld+json']" url="http://dataverse.icrisat.org/dataset.xhtml?persistentId=doi:10.21421/D2/JZT8IL"
level=info contentType="script[type='application/ld+json']" url="http://dataverse.icrisat.org/dataset.xhtml?persistentId=doi:10.21421/D2/Y9HFUO"
level=info contentType="script[type='application/ld+json']" url="http://dataverse.icrisat.org/dataset.xhtml?persistentId=doi:10.21421/D2/FHOOZC"
level=info contentType="script[type='application/ld+json']" url="http://dataverse.icrisat.org/dataset.xhtml?persistentId=doi:10.21421/D2/MHDGDT"
level=info contentType="script[type='application/ld+json']" url="http://dataverse.icrisat.org/dataset.xhtml?persistentId=doi:10.21421/D2/ZBQZAY"
level=info contentType="script[type='application/ld+json']" url="http://dataverse.icrisat.org/dataset.xhtml?persistentId=doi:10.21421/D2/QP072H"
level=info contentType="script[type='application/ld+json']" url="http://dataverse.icrisat.org/dataset.xhtml?persistentId=doi:10.21421/D2/XDZJ3U"
level=info contentType="script[type='application/ld+json']" url="http://dataverse.icrisat.org/dataset.xhtml?persistentId=doi:10.21421/D2/QWGOJJ"
level=info contentType="script[type='application/ld+json']" url="http://dataverse.icrisat.org/dataset.xhtml?persistentId=doi:10.21421/D2/TZSSKU"
level=info contentType="script[type='application/ld+json']" url="http://dataverse.icrisat.org/dataset.xhtml?persistentId=doi:10.21421/D2/3RLNX8"
level=info contentType="script[type='application/ld+json']" url="http://dataverse.icrisat.org/dataset.xhtml?persistentId=doi:10.21421/D2/UY20HC"
level=info contentType="script[type='application/ld+json']" url="http://dataverse.icrisat.org/dataset.xhtml?persistentId=doi:10.21421/D2/WNAYE6"
level=info contentType="script[type='application/ld+json']" url="http://dataverse.icrisat.org/dataset.xhtml?persistentId=doi:10.21421/D2/UMH1WI"
level=info contentType="script[type='application/ld+json']" url="http://dataverse.icrisat.org/dataset.xhtml?persistentId=doi:10.21421/D2/RAMEUC"
level=info contentType="script[type='application/ld+json']" url="http://dataverse.icrisat.org/dataset.xhtml?persistentId=doi:10.21421/D2/I0WWIJ"
level=info contentType="script[type='application/ld+json']" url="http://dataverse.icrisat.org/dataset.xhtml?persistentId=doi:10.21421/D2/UMEOVT"
level=info contentType="script[type='application/ld+json']" url="http://dataverse.icrisat.org/dataset.xhtml?persistentId=doi:10.21421/D2/N6J50G"
level=info contentType="script[type='application/ld+json']" url="http://dataverse.icrisat.org/dataset.xhtml?persistentId=doi:10.21421/D2/PMNQEO"
level=info contentType="script[type='application/ld+json']" url="http://dataverse.icrisat.org/dataset.xhtml?persistentId=doi:10.21421/D2/LURFVL"
level=info contentType="script[type='application/ld+json']" url="http://dataverse.icrisat.org/dataset.xhtml?persistentId=doi:10.21421/D2/VW773F"
level=info contentType="script[type='application/ld+json']" url="http://dataverse.icrisat.org/dataset.xhtml?persistentId=doi:10.21421/D2/FGS2TC"
level=info contentType="script[type='application/ld+json']" url="http://dataverse.icrisat.org/dataset.xhtml?persistentId=doi:10.21421/D2/4ES0JX"
level=info contentType="script[type='application/ld+json']" url="http://dataverse.icrisat.org/dataset.xhtml?persistentId=doi:10.21421/D2/TURW3I"
level=info contentType="script[type='application/ld+json']" url="http://dataverse.icrisat.org/dataset.xhtml?persistentId=doi:10.21421/D2/4TTM0V"
level=info contentType="script[type='application/ld+json']" url="http://dataverse.icrisat.org/dataset.xhtml?persistentId=doi:10.21421/D2/JFU9RR"
level=info contentType="script[type='application/ld+json']" url="http://dataverse.icrisat.org/dataset.xhtml?persistentId=doi:10.21421/D2/B6OLE4"
level=info contentType="script[type='application/ld+json']" url="http://dataverse.icrisat.org/dataset.xhtml?persistentId=doi:10.21421/D2/COQDA0"
level=info contentType="script[type='application/ld+json']" url="http://dataverse.icrisat.org/dataset.xhtml?persistentId=doi:10.21421/D2/LP4XUO"
level=info contentType="script[type='application/ld+json']" url="http://dataverse.icrisat.org/dataset.xhtml?persistentId=doi:10.21421/D2/HBE5RL"
level=info contentType="script[type='application/ld+json']" url="http://dataverse.icrisat.org/dataset.xhtml?persistentId=doi:10.21421/D2/GADODY"
level=info contentType="script[type='application/ld+json']" url="http://dataverse.icrisat.org/dataset.xhtml?persistentId=doi:10.21421/D2/VQZJ2B"
level=info contentType="script[type='application/ld+json']" url="http://dataverse.icrisat.org/dataset.xhtml?persistentId=doi:10.21421/D2/6CPVMB"
level=info contentType="script[type='application/ld+json']" url="http://dataverse.icrisat.org/dataset.xhtml?persistentId=doi:10.21421/D2/BVUSG4"
level=info contentType="script[type='application/ld+json']" url="http://dataverse.icrisat.org/dataset.xhtml?persistentId=doi:10.21421/D2/LQWL2I"
level=info contentType="script[type='application/ld+json']" url="http://dataverse.icrisat.org/dataset.xhtml?persistentId=doi:10.21421/D2/5PBVFD"
level=info contentType="script[type='application/ld+json']" url="http://dataverse.icrisat.org/dataset.xhtml?persistentId=doi:10.21421/D2/NRSVYZ"
level=info contentType="script[type='application/ld+json']" url="http://dataverse.icrisat.org/dataset.xhtml?persistentId=doi:10.21421/D2/2XFDMI"
level=info contentType="script[type='application/ld+json']" url="http://dataverse.icrisat.org/dataset.xhtml?persistentId=doi:10.21421/D2/46KKXE"
level=info contentType="script[type='application/ld+json']" url="http://dataverse.icrisat.org/dataset.xhtml?persistentId=doi:10.21421/D2/GJF2XR"
level=info contentType="script[type='application/ld+json']" url="http://dataverse.icrisat.org/dataset.xhtml?persistentId=doi:10.21421/D2/UFNY3A"
level=info contentType="script[type='application/ld+json']" url="http://dataverse.icrisat.org/dataset.xhtml?persistentId=doi:10.21421/D2/OVLMYM"
level=info contentType="script[type='application/ld+json']" url="http://dataverse.icrisat.org/dataset.xhtml?persistentId=doi:10.21421/D2/NFYUUW"
level=info contentType="script[type='application/ld+json']" url="http://dataverse.icrisat.org/dataset.xhtml?persistentId=doi:10.21421/D2/WKCSDW"
level=info contentType="script[type='application/ld+json']" url="http://dataverse.icrisat.org/dataset.xhtml?persistentId=doi:10.21421/D2/ZNKSUT"
level=info contentType="script[type='application/ld+json']" url="http://dataverse.icrisat.org/dataset.xhtml?persistentId=doi:10.21421/D2/MMLD6W"
level=info contentType="script[type='application/ld+json']" url="http://dataverse.icrisat.org/dataset.xhtml?persistentId=doi:10.21421/D2/VCEL7W"
level=info contentType="script[type='application/ld+json']" url="http://dataverse.icrisat.org/dataset.xhtml?persistentId=doi:10.21421/D2/SCID68"
level=info contentType="script[type='application/ld+json']" url="http://dataverse.icrisat.org/dataset.xhtml?persistentId=doi:10.21421/D2/TI1WVP"
level=info contentType="script[type='application/ld+json']" url="http://dataverse.icrisat.org/dataset.xhtml?persistentId=doi:10.21421/D2/LNVZAR"
level=info contentType="script[type='application/ld+json']" url="http://dataverse.icrisat.org/dataset.xhtml?persistentId=doi:10.21421/D2/USKB1B"
level=info contentType="script[type='application/ld+json']" url="http://dataverse.icrisat.org/dataset.xhtml?persistentId=doi:10.21421/D2/AZWTBP"
level=info contentType="script[type='application/ld+json']" url="http://dataverse.icrisat.org/dataset.xhtml?persistentId=doi:10.21421/D2/3HFYPS"
level=info contentType="script[type='application/ld+json']" url="http://dataverse.icrisat.org/dataset.xhtml?persistentId=doi:10.21421/D2/NWZJVP"
level=info contentType="script[type='application/ld+json']" url="http://dataverse.icrisat.org/dataset.xhtml?persistentId=doi:10.21421/D2/CA7CQL"
level=info contentType="script[type='application/ld+json']" url="http://dataverse.icrisat.org/dataset.xhtml?persistentId=doi:10.21421/D2/EX3QU7"
level=info contentType="script[type='application/ld+json']" url="http://dataverse.icrisat.org/dataset.xhtml?persistentId=doi:10.21421/D2/LYDOZ7"
level=info contentType="script[type='application/ld+json']" url="http://dataverse.icrisat.org/dataset.xhtml?persistentId=doi:10.21421/D2/Q0IG17"
level=info contentType="script[type='application/ld+json']" url="http://dataverse.icrisat.org/dataset.xhtml?persistentId=doi:10.21421/D2/C7JLK2"
level=info contentType="script[type='application/ld+json']" url="http://dataverse.icrisat.org/dataset.xhtml?persistentId=doi:10.21421/D2/EOXCDU"
level=info contentType="script[type='application/ld+json']" url="http://dataverse.icrisat.org/dataset.xhtml?persistentId=doi:10.21421/D2/ABRZ3V"
level=info contentType="script[type='application/ld+json']" url="http://dataverse.icrisat.org/dataset.xhtml?persistentId=doi:10.21421/D2/CXDAHG"
level=info contentType="script[type='application/ld+json']" url="http://dataverse.icrisat.org/dataset.xhtml?persistentId=doi:10.21421/D2/5FRCLM"
level=info contentType="script[type='application/ld+json']" url="http://dataverse.icrisat.org/dataset.xhtml?persistentId=doi:10.21421/D2/2Y3K9O"
level=info contentType="script[type='application/ld+json']" url="http://dataverse.icrisat.org/dataset.xhtml?persistentId=doi:10.21421/D2/WAJLNT"
level=info contentType="script[type='application/ld+json']" url="http://dataverse.icrisat.org/dataset.xhtml?persistentId=doi:10.21421/D2/FZXJIG"
level=info contentType="script[type='application/ld+json']" url="http://dataverse.icrisat.org/dataset.xhtml?persistentId=doi:10.21421/D2/GZ0L5Q"
level=info contentType="script[type='application/ld+json']" url="http://dataverse.icrisat.org/dataset.xhtml?persistentId=doi:10.21421/D2/KBCISQ"
level=info contentType="script[type='application/ld+json']" url="http://dataverse.icrisat.org/dataset.xhtml?persistentId=doi:10.21421/D2/8SLKHW"
level=info contentType="script[type='application/ld+json']" url="http://dataverse.icrisat.org/dataset.xhtml?persistentId=doi:10.21421/D2/BQV1XO"
level=info contentType="script[type='application/ld+json']" url="http://dataverse.icrisat.org/dataset.xhtml?persistentId=doi:10.21421/D2/XQ2MTV"
level=info contentType="script[type='application/ld+json']" url="http://dataverse.icrisat.org/dataset.xhtml?persistentId=doi:10.21421/D2/YMQYMS"
level=info contentType="script[type='application/ld+json']" url="http://dataverse.icrisat.org/dataset.xhtml?persistentId=doi:10.21421/D2/LU4PVT"
level=info contentType="script[type='application/ld+json']" url="http://dataverse.icrisat.org/dataset.xhtml?persistentId=doi:10.21421/D2/RHTNZA"
level=info contentType="script[type='application/ld+json']" url="http://dataverse.icrisat.org/dataset.xhtml?persistentId=doi:10.21421/D2/DZMI81"
level=info contentType="script[type='application/ld+json']" url="http://dataverse.icrisat.org/dataset.xhtml?persistentId=doi:10.21421/D2/EXXKOX"
level=info contentType="script[type='application/ld+json']" url="http://dataverse.icrisat.org/dataset.xhtml?persistentId=doi:10.21421/D2/DVPP9L"
level=info contentType="script[type='application/ld+json']" url="http://dataverse.icrisat.org/dataset.xhtml?persistentId=doi:10.21421/D2/SFVWF3"
level=info contentType="script[type='application/ld+json']" url="http://dataverse.icrisat.org/dataset.xhtml?persistentId=doi:10.21421/D2/VDOOA1"
level=info contentType="script[type='application/ld+json']" url="http://dataverse.icrisat.org/dataset.xhtml?persistentId=doi:10.21421/D2/PWMSOX"
level=info contentType="script[type='application/ld+json']" url="http://dataverse.icrisat.org/dataset.xhtml?persistentId=doi:10.21421/D2/2MYMEI"
level=info contentType="script[type='application/ld+json']" url="http://dataverse.icrisat.org/dataset.xhtml?persistentId=doi:10.21421/D2/LJQX96"
level=info contentType="script[type='application/ld+json']" url="http://dataverse.icrisat.org/dataset.xhtml?persistentId=doi:10.21421/D2/YUJRDM"
level=info contentType="script[type='application/ld+json']" url="http://dataverse.icrisat.org/dataset.xhtml?persistentId=doi:10.21421/D2/SYZTNB"
level=info contentType="script[type='application/ld+json']" url="http://dataverse.icrisat.org/dataset.xhtml?persistentId=doi:10.21421/D2/T6M66D"
level=info contentType="script[type='application/ld+json']" url="http://dataverse.icrisat.org/dataset.xhtml?persistentId=doi:10.21421/D2/V0C9KI"
level=info contentType="script[type='application/ld+json']" url="http://dataverse.icrisat.org/dataset.xhtml?persistentId=doi:10.21421/D2/UARIGE"
level=info contentType="script[type='application/ld+json']" url="http://dataverse.icrisat.org/dataset.xhtml?persistentId=doi:10.21421/D2/LWE5CF"
level=info contentType="script[type='application/ld+json']" url="http://dataverse.icrisat.org/dataset.xhtml?persistentId=doi:10.21421/D2/XCNLN4"
level=info contentType="script[type='application/ld+json']" url="http://dataverse.icrisat.org/dataset.xhtml?persistentId=doi:10.21421/D2/MSAXO1"
level=info contentType="script[type='application/ld+json']" url="http://dataverse.icrisat.org/dataset.xhtml?persistentId=doi:10.21421/D2/NCNXL8"
level=info contentType="script[type='application/ld+json']" url="http://dataverse.icrisat.org/dataset.xhtml?persistentId=doi:10.21421/D2/K0LK4J"
level=info contentType="script[type='application/ld+json']" url="http://dataverse.icrisat.org/dataset.xhtml?persistentId=doi:10.21421/D2/CLSYRX"
level=info contentType="script[type='application/ld+json']" url="http://dataverse.icrisat.org/dataset.xhtml?persistentId=doi:10.21421/D2/0CWGGA"
level=info contentType="script[type='application/ld+json']" url="http://dataverse.icrisat.org/dataset.xhtml?persistentId=doi:10.21421/D2/FPFACD"
level=info contentType="script[type='application/ld+json']" url="http://dataverse.icrisat.org/dataset.xhtml?persistentId=doi:10.21421/D2/UI0O5U"
level=info contentType="script[type='application/ld+json']" url="http://dataverse.icrisat.org/dataset.xhtml?persistentId=doi:10.21421/D2/NHXXXX"
level=info contentType="script[type='application/ld+json']" url="http://dataverse.icrisat.org/dataset.xhtml?persistentId=doi:10.21421/D2/9OUE86"
level=info contentType="script[type='application/ld+json']" url="http://dataverse.icrisat.org/dataset.xhtml?persistentId=doi:10.21421/D2/R9ENIK"
level=info contentType="script[type='application/ld+json']" url="http://dataverse.icrisat.org/dataset.xhtml?persistentId=doi:10.21421/D2/XKELCP"
level=info contentType="script[type='application/ld+json']" url="http://dataverse.icrisat.org/dataset.xhtml?persistentId=doi:10.21421/D2/996ON9"
level=info contentType="script[type='application/ld+json']" url="http://dataverse.icrisat.org/dataset.xhtml?persistentId=doi:10.21421/D2/1EI0N0"
level=info contentType="script[type='application/ld+json']" url="http://dataverse.icrisat.org/dataset.xhtml?persistentId=doi:10.21421/D2/VUHSHK"
level=info contentType="script[type='application/ld+json']" url="http://dataverse.icrisat.org/dataset.xhtml?persistentId=doi:10.21421/D2/WD9XFU"
level=info contentType="script[type='application/ld+json']" url="http://dataverse.icrisat.org/dataset.xhtml?persistentId=doi:10.21421/D2/L3GSS7"
level=info contentType="script[type='application/ld+json']" url="http://dataverse.icrisat.org/dataset.xhtml?persistentId=doi:10.21421/D2/YN6NEM"
level=info contentType="script[type='application/ld+json']" url="http://dataverse.icrisat.org/dataset.xhtml?persistentId=doi:10.21421/D2/I4OVE2"
level=info contentType="script[type='application/ld+json']" url="http://dataverse.icrisat.org/dataset.xhtml?persistentId=doi:10.21421/D2/R4TFQF"
level=info contentType="script[type='application/ld+json']" url="http://dataverse.icrisat.org/dataset.xhtml?persistentId=doi:10.21421/D2/XWFWPP"
level=info contentType="script[type='application/ld+json']" url="http://dataverse.icrisat.org/dataset.xhtml?persistentId=doi:10.21421/D2/SQSI3T"
level=info contentType="script[type='application/ld+json']" url="http://dataverse.icrisat.org/dataset.xhtml?persistentId=doi:10.21421/D2/BTUARK"
level=info contentType="script[type='application/ld+json']" url="http://dataverse.icrisat.org/dataset.xhtml?persistentId=doi:10.21421/D2/WG4WCF"
level=info contentType="script[type='application/ld+json']" url="http://dataverse.icrisat.org/dataset.xhtml?persistentId=doi:10.21421/D2/8YSKZP"
level=info contentType="script[type='application/ld+json']" url="http://dataverse.icrisat.org/dataset.xhtml?persistentId=doi:10.21421/D2/QTQI9R"
level=info contentType="script[type='application/ld+json']" url="http://dataverse.icrisat.org/dataset.xhtml?persistentId=doi:10.21421/D2/BRE3UM"
level=info contentType="script[type='application/ld+json']" url="http://dataverse.icrisat.org/dataset.xhtml?persistentId=doi:10.21421/D2/0Q4L81"
level=info contentType="script[type='application/ld+json']" url="http://dataverse.icrisat.org/dataset.xhtml?persistentId=doi:10.21421/D2/8RNMPO"
level=info contentType="script[type='application/ld+json']" url="http://dataverse.icrisat.org/dataset.xhtml?persistentId=doi:10.21421/D2/CGA9U2"
level=info contentType="script[type='application/ld+json']" url="http://dataverse.icrisat.org/dataset.xhtml?persistentId=doi:10.21421/D2/ALKEE7"
level=info contentType="script[type='application/ld+json']" url="http://dataverse.icrisat.org/dataset.xhtml?persistentId=doi:10.21421/D2/ANANHY"
level=info contentType="script[type='application/ld+json']" url="http://dataverse.icrisat.org/dataset.xhtml?persistentId=doi:10.21421/D2/J3ND48"
level=info contentType="script[type='application/ld+json']" url="http://dataverse.icrisat.org/dataset.xhtml?persistentId=doi:10.21421/D2/6B5H6Y"
level=info contentType="script[type='application/ld+json']" url="http://dataverse.icrisat.org/dataset.xhtml?persistentId=doi:10.21421/D2/OJCMFH"
level=info contentType="script[type='application/ld+json']" url="http://dataverse.icrisat.org/dataset.xhtml?persistentId=doi:10.21421/D2/LFIFZF"
level=info contentType="script[type='application/ld+json']" url="http://dataverse.icrisat.org/dataset.xhtml?persistentId=doi:10.21421/D2/LT6GYW"
level=info contentType="script[type='application/ld+json']" url="http://dataverse.icrisat.org/dataset.xhtml?persistentId=doi:10.21421/D2/BU6GOH"
level=info contentType="script[type='application/ld+json']" url="http://dataverse.icrisat.org/dataset.xhtml?persistentId=doi:10.21421/D2/L8QE1F"
level=info contentType="script[type='application/ld+json']" url="http://dataverse.icrisat.org/dataset.xhtml?persistentId=doi:10.21421/D2/SR2MOA"
level=info contentType="script[type='application/ld+json']" url="http://dataverse.icrisat.org/dataset.xhtml?persistentId=doi:10.21421/D2/HQ8RJV"
level=info contentType="script[type='application/ld+json']" url="http://dataverse.icrisat.org/dataset.xhtml?persistentId=doi:10.21421/D2/6D13J9"
level=info contentType="script[type='application/ld+json']" url="http://dataverse.icrisat.org/dataset.xhtml?persistentId=doi:10.21421/D2/TOYQD2"
level=info contentType="script[type='application/ld+json']" url="http://dataverse.icrisat.org/dataset.xhtml?persistentId=doi:10.21421/D2/YC6QWG"
level=info contentType="script[type='application/ld+json']" url="http://dataverse.icrisat.org/dataset.xhtml?persistentId=doi:10.21421/D2/A9Y3ZC"
level=info contentType="script[type='application/ld+json']" url="http://dataverse.icrisat.org/dataset.xhtml?persistentId=doi:10.21421/D2/KCPPYA"
level=info contentType="script[type='application/ld+json']" url="http://dataverse.icrisat.org/dataset.xhtml?persistentId=doi:10.21421/D2/AYRSVZ"
level=info contentType="script[type='application/ld+json']" url="http://dataverse.icrisat.org/dataset.xhtml?persistentId=doi:10.21421/D2/JGIQHV"
level=info contentType="script[type='application/ld+json']" url="http://dataverse.icrisat.org/dataset.xhtml?persistentId=doi:10.21421/D2/TUPFJM"
level=info contentType="script[type='application/ld+json']" url="http://dataverse.icrisat.org/dataset.xhtml?persistentId=doi:10.21421/D2/OBDILO"
level=info contentType="script[type='application/ld+json']" url="http://dataverse.icrisat.org/dataset.xhtml?persistentId=doi:10.21421/D2/NCRPJZ"
level=info contentType="script[type='application/ld+json']" url="http://dataverse.icrisat.org/dataset.xhtml?persistentId=doi:10.21421/D2/JUVHSO"
level=info contentType="script[type='application/ld+json']" url="http://dataverse.icrisat.org/dataset.xhtml?persistentId=doi:10.21421/D2/5JJSV6"
level=info contentType="script[type='application/ld+json']" url="http://dataverse.icrisat.org/dataset.xhtml?persistentId=doi:10.21421/D2/8Z1YNP"
level=info contentType="script[type='application/ld+json']" url="http://dataverse.icrisat.org/dataset.xhtml?persistentId=doi:10.21421/D2/HS67C2"
level=info contentType="script[type='application/ld+json']" url="http://dataverse.icrisat.org/dataset.xhtml?persistentId=doi:10.21421/D2/I5CCDP"
level=info contentType="script[type='application/ld+json']" url="http://dataverse.icrisat.org/dataset.xhtml?persistentId=doi:10.21421/D2/HQZPCV"
level=info contentType="script[type='application/ld+json']" url="http://dataverse.icrisat.org/dataset.xhtml?persistentId=doi:10.21421/D2/LTVXQB"
level=info contentType="script[type='application/ld+json']" url="http://dataverse.icrisat.org/dataset.xhtml?persistentId=doi:10.21421/D2/VR7CIY"
level=info contentType="script[type='application/ld+json']" url="http://dataverse.icrisat.org/dataset.xhtml?persistentId=doi:10.21421/D2/HVZ7PB"
level=info contentType="script[type='application/ld+json']" url="http://dataverse.icrisat.org/dataset.xhtml?persistentId=doi:10.21421/D2/ZX8T4Y"
level=info contentType="script[type='application/ld+json']" url="http://dataverse.icrisat.org/dataset.xhtml?persistentId=doi:10.21421/D2/UCZWSH"
level=info contentType="script[type='application/ld+json']" url="http://dataverse.icrisat.org/dataset.xhtml?persistentId=doi:10.21421/D2/DXVF4J"
level=info contentType="script[type='application/ld+json']" url="http://dataverse.icrisat.org/dataset.xhtml?persistentId=doi:10.21421/D2/WXOHFN"
level=info contentType="script[type='application/ld+json']" url="http://dataverse.icrisat.org/dataset.xhtml?persistentId=doi:10.21421/D2/IVTYAR"
level=info contentType="script[type='application/ld+json']" url="http://dataverse.icrisat.org/dataset.xhtml?persistentId=doi:10.21421/D2/S4FIRW"
level=info contentType="script[type='application/ld+json']" url="http://dataverse.icrisat.org/dataset.xhtml?persistentId=doi:10.21421/D2/K3CDTX"
level=info contentType="script[type='application/ld+json']" url="http://dataverse.icrisat.org/dataset.xhtml?persistentId=doi:10.21421/D2/KY6R28"
level=info contentType="script[type='application/ld+json']" url="http://dataverse.icrisat.org/dataset.xhtml?persistentId=doi:10.21421/D2/CAVKGP"
level=info contentType="script[type='application/ld+json']" url="http://dataverse.icrisat.org/dataset.xhtml?persistentId=doi:10.21421/D2/N3G3EY"
level=info contentType="script[type='application/ld+json']" url="http://dataverse.icrisat.org/dataset.xhtml?persistentId=doi:10.21421/D2/ESH5I5"
level=info contentType="script[type='application/ld+json']" url="http://dataverse.icrisat.org/dataset.xhtml?persistentId=doi:10.21421/D2/THA4JK"
level=info contentType="script[type='application/ld+json']" url="http://dataverse.icrisat.org/dataset.xhtml?persistentId=doi:10.21421/D2/EFT2RJ"
level=info contentType="script[type='application/ld+json']" url="http://dataverse.icrisat.org/dataset.xhtml?persistentId=doi:10.21421/D2/V9GSTC"
level=info contentType="script[type='application/ld+json']" url="http://dataverse.icrisat.org/dataset.xhtml?persistentId=doi:10.21421/D2/NMXCUM"
level=info contentType="script[type='application/ld+json']" url="http://dataverse.icrisat.org/dataset.xhtml?persistentId=doi:10.21421/D2/VWSDL1"
level=info contentType="script[type='application/ld+json']" url="http://dataverse.icrisat.org/dataset.xhtml?persistentId=doi:10.21421/D2/WWIB8M"
level=info contentType="script[type='application/ld+json']" url="http://dataverse.icrisat.org/dataset.xhtml?persistentId=doi:10.21421/D2/G75QFU"
level=info contentType="script[type='application/ld+json']" url="http://dataverse.icrisat.org/dataset.xhtml?persistentId=doi:10.21421/D2/ADJSXL"
level=info contentType="script[type='application/ld+json']" url="http://dataverse.icrisat.org/dataset.xhtml?persistentId=doi:10.21421/D2/F0AN92"
level=info contentType="script[type='application/ld+json']" url="http://dataverse.icrisat.org/dataset.xhtml?persistentId=doi:10.21421/D2/XXECKK"
level=info contentType="script[type='application/ld+json']" url="http://dataverse.icrisat.org/dataset.xhtml?persistentId=doi:10.21421/D2/ZDFKBG"
level=info contentType="script[type='application/ld+json']" url="http://dataverse.icrisat.org/dataset.xhtml?persistentId=doi:10.21421/D2/S4UJCP"
level=info contentType="script[type='application/ld+json']" url="http://dataverse.icrisat.org/dataset.xhtml?persistentId=doi:10.21421/D2/YKHI55"
level=info contentType="script[type='application/ld+json']" url="http://dataverse.icrisat.org/dataset.xhtml?persistentId=doi:10.21421/D2/VOGMYJ"
level=info contentType="script[type='application/ld+json']" url="http://dataverse.icrisat.org/dataset.xhtml?persistentId=doi:10.21421/D2/NCGVRD"
level=info contentType="script[type='application/ld+json']" url="http://dataverse.icrisat.org/dataset.xhtml?persistentId=doi:10.21421/D2/QGVO9J"
level=info contentType="script[type='application/ld+json']" url="http://dataverse.icrisat.org/dataset.xhtml?persistentId=doi:10.21421/D2/TV3IO6"
level=info contentType="script[type='application/ld+json']" url="http://dataverse.icrisat.org/dataset.xhtml?persistentId=doi:10.21421/D2/9MNQQM"
level=info contentType="script[type='application/ld+json']" url="http://dataverse.icrisat.org/dataset.xhtml?persistentId=doi:10.21421/D2/F2CMZI"
level=info contentType="script[type='application/ld+json']" url="http://dataverse.icrisat.org/dataset.xhtml?persistentId=doi:10.21421/D2/UXYVWE"
level=info contentType="script[type='application/ld+json']" url="http://dataverse.icrisat.org/dataset.xhtml?persistentId=doi:10.21421/D2/XAUZRD"
level=info contentType="script[type='application/ld+json']" url="http://dataverse.icrisat.org/dataset.xhtml?persistentId=doi:10.21421/D2/HTTJCQ"
level=info contentType="script[type='application/ld+json']" url="http://dataverse.icrisat.org/dataset.xhtml?persistentId=doi:10.21421/D2/TPTDSM"
level=info contentType="script[type='application/ld+json']" url="http://dataverse.icrisat.org/dataset.xhtml?persistentId=doi:10.21421/D2/RBETWI"
level=info contentType="script[type='application/ld+json']" url="http://dataverse.icrisat.org/dataset.xhtml?persistentId=doi:10.21421/D2/DOYRML"
level=info contentType="script[type='application/ld+json']" url="http://dataverse.icrisat.org/dataset.xhtml?persistentId=doi:10.21421/D2/AOWUE1"
level=info contentType="script[type='application/ld+json']" url="http://dataverse.icrisat.org/dataset.xhtml?persistentId=doi:10.21421/D2/6NEMSB"
level=info contentType="script[type='application/ld+json']" url="http://dataverse.icrisat.org/dataset.xhtml?persistentId=doi:10.21421/D2/B6ECRB"
level=info contentType="script[type='application/ld+json']" url="http://dataverse.icrisat.org/dataset.xhtml?persistentId=doi:10.21421/D2/PULBDC"
level=info contentType="script[type='application/ld+json']" url="http://dataverse.icrisat.org/dataset.xhtml?persistentId=doi:10.21421/D2/KGSH2E"
level=info contentType="script[type='application/ld+json']" url="http://dataverse.icrisat.org/dataset.xhtml?persistentId=doi:10.21421/D2/SY6VXQ"
level=info contentType="script[type='application/ld+json']" url="http://dataverse.icrisat.org/dataset.xhtml?persistentId=doi:10.21421/D2/W3KLDR"
level=info contentType="script[type='application/ld+json']" url="http://dataverse.icrisat.org/dataset.xhtml?persistentId=doi:10.21421/D2/NFRMYX"
level=info contentType="script[type='application/ld+json']" url="http://dataverse.icrisat.org/dataset.xhtml?persistentId=doi:10.21421/D2/INJDSA"
level=info contentType="script[type='application/ld+json']" url="http://dataverse.icrisat.org/dataset.xhtml?persistentId=doi:10.21421/D2/UFZIH9"
level=info contentType="script[type='application/ld+json']" url="http://dataverse.icrisat.org/dataset.xhtml?persistentId=doi:10.21421/D2/Q5UVNU"
level=info contentType="script[type='application/ld+json']" url="http://dataverse.icrisat.org/dataset.xhtml?persistentId=doi:10.21421/D2/XFUQ7S"
level=info contentType="script[type='application/ld+json']" url="http://dataverse.icrisat.org/dataset.xhtml?persistentId=doi:10.21421/D2/9LJPQY"
level=info contentType="script[type='application/ld+json']" url="http://dataverse.icrisat.org/dataset.xhtml?persistentId=doi:10.21421/D2/U54LUY"
level=info contentType="script[type='application/ld+json']" url="http://dataverse.icrisat.org/dataset.xhtml?persistentId=doi:10.21421/D2/GZ10DM"
level=info contentType="script[type='application/ld+json']" url="http://dataverse.icrisat.org/dataset.xhtml?persistentId=doi:10.21421/D2/DHTNSR"
level=info contentType="script[type='application/ld+json']" url="http://dataverse.icrisat.org/dataset.xhtml?persistentId=doi:10.21421/D2/VNP4JH"
level=info contentType="script[type='application/ld+json']" url="http://dataverse.icrisat.org/dataset.xhtml?persistentId=doi:10.21421/D2/XTGNW0"
level=info contentType="script[type='application/ld+json']" url="http://dataverse.icrisat.org/dataset.xhtml?persistentId=doi:10.21421/D2/7H0FQJ"
level=info contentType="script[type='application/ld+json']" url="http://dataverse.icrisat.org/dataset.xhtml?persistentId=doi:10.21421/D2/ZXN2X8"
level=info contentType="script[type='application/ld+json']" url="http://dataverse.icrisat.org/dataset.xhtml?persistentId=doi:10.21421/D2/ZBNEXA"
level=info contentType="script[type='application/ld+json']" url="http://dataverse.icrisat.org/dataset.xhtml?persistentId=doi:10.21421/D2/OPISLO"
level=info contentType="script[type='application/ld+json']" url="http://dataverse.icrisat.org/dataset.xhtml?persistentId=doi:10.21421/D2/7AFXYP"
level=info contentType="script[type='application/ld+json']" url="http://dataverse.icrisat.org/dataset.xhtml?persistentId=doi:10.21421/D2/M49FF5"
level=info contentType="script[type='application/ld+json']" url="http://dataverse.icrisat.org/dataset.xhtml?persistentId=doi:10.21421/D2/8VIXJH"
level=info contentType="script[type='application/ld+json']" url="http://dataverse.icrisat.org/dataset.xhtml?persistentId=doi:10.21421/D2/I6TG2R"
level=info contentType="script[type='application/ld+json']" url="http://dataverse.icrisat.org/dataset.xhtml?persistentId=doi:10.21421/D2/LHVD3C"
level=info contentType="script[type='application/ld+json']" url="http://dataverse.icrisat.org/dataset.xhtml?persistentId=doi:10.21421/D2/HLBG3C"
level=info contentType="script[type='application/ld+json']" url="http://dataverse.icrisat.org/dataset.xhtml?persistentId=doi:10.21421/D2/QNBRQK"
level=info contentType="script[type='application/ld+json']" url="http://dataverse.icrisat.org/dataset.xhtml?persistentId=doi:10.21421/D2/BTUT4Y"
level=info contentType="script[type='application/ld+json']" url="http://dataverse.icrisat.org/dataset.xhtml?persistentId=doi:10.21421/D2/XDNUE8"
level=info contentType="script[type='application/ld+json']" url="http://dataverse.icrisat.org/dataset.xhtml?persistentId=doi:10.21421/D2/XLBE7X"
level=info contentType="script[type='application/ld+json']" url="http://dataverse.icrisat.org/dataset.xhtml?persistentId=doi:10.21421/D2/LF9CVN"
level=info contentType="script[type='application/ld+json']" url="http://dataverse.icrisat.org/dataset.xhtml?persistentId=doi:10.21421/D2/MVWGRR"
level=info contentType="script[type='application/ld+json']" url="http://dataverse.icrisat.org/dataset.xhtml?persistentId=doi:10.21421/D2/M7ABMT"
level=info contentType="script[type='application/ld+json']" url="http://dataverse.icrisat.org/dataset.xhtml?persistentId=doi:10.21421/D2/MASLIK"
