level=info msg="Queuing URLs for chile"
level=info msg="URL Count 77"
level=info contentType="script[type='application/ld+json']" url="https://datos.uchile.cl/dataset.xhtml?persistentId=doi:10.34691/FK2/GSDTT8"
level=info contentType="script[type='application/ld+json']" url="https://datos.uchile.cl/dataset.xhtml?persistentId=doi:10.34691/FK2/9SGXZG"
level=info contentType="script[type='application/ld+json']" url="https://datos.uchile.cl/dataset.xhtml?persistentId=doi:10.34691/FK2/ANOKLO"
level=info contentType="script[type='application/ld+json']" url="https://datos.uchile.cl/dataset.xhtml?persistentId=doi:10.34691/FK2/FZXT1Z"
level=info contentType="script[type='application/ld+json']" url="https://datos.uchile.cl/dataset.xhtml?persistentId=doi:10.34691/FK2/SSBIIT"
level=info contentType="script[type='application/ld+json']" url="https://datos.uchile.cl/dataset.xhtml?persistentId=doi:10.34691/FK2/VENURN"
level=info contentType="script[type='application/ld+json']" url="https://datos.uchile.cl/dataset.xhtml?persistentId=doi:10.34691/FK2/SQGMND"
level=info contentType="script[type='application/ld+json']" url="https://datos.uchile.cl/dataset.xhtml?persistentId=doi:10.34691/FK2/C3X8AE"
level=info contentType="script[type='application/ld+json']" url="https://datos.uchile.cl/dataset.xhtml?persistentId=doi:10.34691/FK2/LCD55Q"
level=info contentType="script[type='application/ld+json']" url="https://datos.uchile.cl/dataset.xhtml?persistentId=doi:10.34691/FK2/SYTAN0"
level=info contentType="script[type='application/ld+json']" url="https://datos.uchile.cl/dataset.xhtml?persistentId=doi:10.34691/FK2/Z72NMH"
level=info contentType="script[type='application/ld+json']" url="https://datos.uchile.cl/dataset.xhtml?persistentId=doi:10.34691/FK2/IL1VMH"
level=info contentType="script[type='application/ld+json']" url="https://datos.uchile.cl/dataset.xhtml?persistentId=doi:10.34691/FK2/QEZXKG"
level=info contentType="script[type='application/ld+json']" url="https://datos.uchile.cl/dataset.xhtml?persistentId=doi:10.34691/FK2/NYDJ5T"
level=info contentType="script[type='application/ld+json']" url="https://datos.uchile.cl/dataset.xhtml?persistentId=doi:10.34691/FK2/ULMNHV"
level=info contentType="script[type='application/ld+json']" url="https://datos.uchile.cl/dataset.xhtml?persistentId=doi:10.34691/FK2/IDDJWH"
level=info contentType="script[type='application/ld+json']" url="https://datos.uchile.cl/dataset.xhtml?persistentId=doi:10.34691/FK2/RJZUFC"
level=info contentType="script[type='application/ld+json']" url="https://datos.uchile.cl/dataset.xhtml?persistentId=doi:10.34691/FK2/XRNIWJ"
level=info contentType="script[type='application/ld+json']" url="https://datos.uchile.cl/dataset.xhtml?persistentId=doi:10.34691/FK2/3MKG5N"
level=info contentType="script[type='application/ld+json']" url="https://datos.uchile.cl/dataset.xhtml?persistentId=doi:10.34691/FK2/UMWJDU"
level=info contentType="script[type='application/ld+json']" url="https://datos.uchile.cl/dataset.xhtml?persistentId=doi:10.34691/FK2/SX58LI"
level=info contentType="script[type='application/ld+json']" url="https://datos.uchile.cl/dataset.xhtml?persistentId=doi:10.34691/FK2/PUFPR1"
