level=error contentType="Direct access failed, trying headless']" url="http://www.digitalrocksportal.org/projects/287"
level=error contentType="Direct access failed, trying headless']" url="http://www.digitalrocksportal.org/projects/265"
level=error contentType="Direct access failed, trying headless']" url="http://www.digitalrocksportal.org/projects/83"
level=error contentType="Direct access failed, trying headless']" url="http://www.digitalrocksportal.org/projects/204"
level=error contentType="Direct access failed, trying headless']" url="http://www.digitalrocksportal.org/projects/"
level=error msg="cdp.Runtime: Evaluate: rpc error: Inspected target navigated or closed (code = -32000)" issue="Headless Evaluate" url="http://www.digitalrocksportal.org/projects/287"
level=error msg="cdp.Runtime: Evaluate: rpc error: Inspected target navigated or closed (code = -32000)" issue="converting json ld" url="http://www.digitalrocksportal.org/projects/287"
level=error msg="cdp.Runtime: Evaluate: rpc error: Inspected target navigated or closed (code = -32000)" issue="Headless Evaluate" url="http://www.digitalrocksportal.org/projects/83"
level=error msg="cdp.Runtime: Evaluate: rpc error: Inspected target navigated or closed (code = -32000)" issue="Headless Evaluate" url="http://www.digitalrocksportal.org/projects/204"
level=error msg="cdp.Runtime: Evaluate: rpc error: Inspected target navigated or closed (code = -32000)" issue="converting json ld" url="http://www.digitalrocksportal.org/projects/83"
level=error msg="cdp.Runtime: Evaluate: rpc error: Inspected target navigated or closed (code = -32000)" issue="Headless Evaluate" url="http://www.digitalrocksportal.org/projects/"
level=error msg="cdp.Runtime: Evaluate: rpc error: Inspected target navigated or closed (code = -32000)" issue="Headless Evaluate" url="http://www.digitalrocksportal.org/projects/265"
level=error msg="cdp.Runtime: Evaluate: rpc error: Inspected target navigated or closed (code = -32000)" issue="converting json ld" url="http://www.digitalrocksportal.org/projects/265"
level=error msg="cdp.Runtime: Evaluate: rpc error: Inspected target navigated or closed (code = -32000)" issue="converting json ld" url="http://www.digitalrocksportal.org/projects/"
level=error msg="cdp.Runtime: Evaluate: rpc error: Inspected target navigated or closed (code = -32000)" issue="converting json ld" url="http://www.digitalrocksportal.org/projects/204"
level=error contentType="Direct access failed, trying headless']" url="http://www.digitalrocksportal.org/projects/126"
level=error contentType="Direct access failed, trying headless']" url="http://www.digitalrocksportal.org/projects/252"
level=error contentType="Direct access failed, trying headless']" url="http://www.digitalrocksportal.org/projects/361"
level=error contentType="Direct access failed, trying headless']" url="http://www.digitalrocksportal.org/projects/34"
level=error contentType="Direct access failed, trying headless']" url="http://www.digitalrocksportal.org/projects/331"
level=error msg="cdp.Runtime: Evaluate: rpc error: Inspected target navigated or closed (code = -32000)" issue="Headless Evaluate" url="http://www.digitalrocksportal.org/projects/361"
level=error msg="cdp.Runtime: Evaluate: rpc error: Inspected target navigated or closed (code = -32000)" issue="converting json ld" url="http://www.digitalrocksportal.org/projects/361"
level=error msg="cdp.Runtime: Evaluate: rpc error: Inspected target navigated or closed (code = -32000)" issue="Headless Evaluate" url="http://www.digitalrocksportal.org/projects/34"
level=error msg="cdp.Runtime: Evaluate: rpc error: Inspected target navigated or closed (code = -32000)" issue="converting json ld" url="http://www.digitalrocksportal.org/projects/34"
level=error msg="cdp.Runtime: Evaluate: rpc error: Inspected target navigated or closed (code = -32000)" issue="Headless Evaluate" url="http://www.digitalrocksportal.org/projects/126"
level=error msg="cdp.Runtime: Evaluate: rpc error: Inspected target navigated or closed (code = -32000)" issue="Headless Evaluate" url="http://www.digitalrocksportal.org/projects/331"
level=error msg="cdp.Runtime: Evaluate: rpc error: Inspected target navigated or closed (code = -32000)" issue="converting json ld" url="http://www.digitalrocksportal.org/projects/331"
level=error msg="cdp.Runtime: Evaluate: rpc error: Inspected target navigated or closed (code = -32000)" issue="Headless Evaluate" url="http://www.digitalrocksportal.org/projects/252"
level=error msg="cdp.Runtime: Evaluate: rpc error: Inspected target navigated or closed (code = -32000)" issue="converting json ld" url="http://www.digitalrocksportal.org/projects/252"
level=error msg="cdp.Runtime: Evaluate: rpc error: Inspected target navigated or closed (code = -32000)" issue="converting json ld" url="http://www.digitalrocksportal.org/projects/126"
level=error contentType="Direct access failed, trying headless']" url="http://www.digitalrocksportal.org/projects/234"
level=error contentType="Direct access failed, trying headless']" url="http://www.digitalrocksportal.org/projects/363"
level=error contentType="Direct access failed, trying headless']" url="http://www.digitalrocksportal.org/projects/344"
level=error contentType="Direct access failed, trying headless']" url="http://www.digitalrocksportal.org/projects/170"
level=error contentType="Direct access failed, trying headless']" url="http://www.digitalrocksportal.org/projects/353"
level=error msg="cdp.Runtime: Evaluate: rpc error: Inspected target navigated or closed (code = -32000)" issue="Headless Evaluate" url="http://www.digitalrocksportal.org/projects/234"
level=error msg="cdp.Runtime: Evaluate: rpc error: Inspected target navigated or closed (code = -32000)" issue="Headless Evaluate" url="http://www.digitalrocksportal.org/projects/344"
level=error msg="cdp.Runtime: Evaluate: rpc error: Inspected target navigated or closed (code = -32000)" issue="converting json ld" url="http://www.digitalrocksportal.org/projects/344"
level=error msg="cdp.Runtime: Evaluate: rpc error: Inspected target navigated or closed (code = -32000)" issue="converting json ld" url="http://www.digitalrocksportal.org/projects/234"
level=error msg="cdp.Runtime: Evaluate: rpc error: Inspected target navigated or closed (code = -32000)" issue="Headless Evaluate" url="http://www.digitalrocksportal.org/projects/353"
level=error msg="cdp.Runtime: Evaluate: rpc error: Inspected target navigated or closed (code = -32000)" issue="Headless Evaluate" url="http://www.digitalrocksportal.org/projects/170"
level=error msg="cdp.Runtime: Evaluate: rpc error: Inspected target navigated or closed (code = -32000)" issue="Headless Evaluate" url="http://www.digitalrocksportal.org/projects/363"
level=error msg="cdp.Runtime: Evaluate: rpc error: Inspected target navigated or closed (code = -32000)" issue="converting json ld" url="http://www.digitalrocksportal.org/projects/353"
level=error msg="cdp.Runtime: Evaluate: rpc error: Inspected target navigated or closed (code = -32000)" issue="converting json ld" url="http://www.digitalrocksportal.org/projects/170"
level=error msg="cdp.Runtime: Evaluate: rpc error: Inspected target navigated or closed (code = -32000)" issue="converting json ld" url="http://www.digitalrocksportal.org/projects/363"
level=error contentType="Direct access failed, trying headless']" url="http://www.digitalrocksportal.org/projects/251"
level=error contentType="Direct access failed, trying headless']" url="http://www.digitalrocksportal.org/projects/273"
level=error contentType="Direct access failed, trying headless']" url="http://www.digitalrocksportal.org/projects/394"
level=error contentType="Direct access failed, trying headless']" url="http://www.digitalrocksportal.org/projects/290"
level=error contentType="Direct access failed, trying headless']" url="http://www.digitalrocksportal.org/projects/137"
level=error msg="cdp.Runtime: Evaluate: rpc error: Inspected target navigated or closed (code = -32000)" issue="Headless Evaluate" url="http://www.digitalrocksportal.org/projects/251"
level=error msg="cdp.Runtime: Evaluate: rpc error: Inspected target navigated or closed (code = -32000)" issue="Headless Evaluate" url="http://www.digitalrocksportal.org/projects/394"
level=error msg="cdp.Runtime: Evaluate: rpc error: Inspected target navigated or closed (code = -32000)" issue="converting json ld" url="http://www.digitalrocksportal.org/projects/251"
level=error msg="cdp.Runtime: Evaluate: rpc error: Inspected target navigated or closed (code = -32000)" issue="Headless Evaluate" url="http://www.digitalrocksportal.org/projects/290"
level=error msg="cdp.Runtime: Evaluate: rpc error: Inspected target navigated or closed (code = -32000)" issue="converting json ld" url="http://www.digitalrocksportal.org/projects/290"
level=error msg="cdp.Runtime: Evaluate: rpc error: Inspected target navigated or closed (code = -32000)" issue="converting json ld" url="http://www.digitalrocksportal.org/projects/394"
level=error msg="cdp.Runtime: Evaluate: rpc error: Inspected target navigated or closed (code = -32000)" issue="Headless Evaluate" url="http://www.digitalrocksportal.org/projects/273"
level=error msg="cdp.Runtime: Evaluate: rpc error: Inspected target navigated or closed (code = -32000)" issue="Headless Evaluate" url="http://www.digitalrocksportal.org/projects/137"
level=error msg="cdp.Runtime: Evaluate: rpc error: Inspected target navigated or closed (code = -32000)" issue="converting json ld" url="http://www.digitalrocksportal.org/projects/273"
level=error msg="cdp.Runtime: Evaluate: rpc error: Inspected target navigated or closed (code = -32000)" issue="converting json ld" url="http://www.digitalrocksportal.org/projects/137"
level=error contentType="Direct access failed, trying headless']" url="http://www.digitalrocksportal.org/projects/350"
level=error contentType="Direct access failed, trying headless']" url="http://www.digitalrocksportal.org/projects/379"
level=error contentType="Direct access failed, trying headless']" url="http://www.digitalrocksportal.org/projects/102"
level=error contentType="Direct access failed, trying headless']" url="http://www.digitalrocksportal.org/projects/253"
level=error contentType="Direct access failed, trying headless']" url="http://www.digitalrocksportal.org/projects/345"
level=error msg="cdp.Runtime: Evaluate: rpc error: Inspected target navigated or closed (code = -32000)" issue="Headless Evaluate" url="http://www.digitalrocksportal.org/projects/350"
level=error msg="cdp.Runtime: Evaluate: rpc error: Inspected target navigated or closed (code = -32000)" issue="converting json ld" url="http://www.digitalrocksportal.org/projects/350"
level=error msg="cdp.Runtime: Evaluate: rpc error: Inspected target navigated or closed (code = -32000)" issue="Headless Evaluate" url="http://www.digitalrocksportal.org/projects/379"
level=error msg="cdp.Runtime: Evaluate: rpc error: Inspected target navigated or closed (code = -32000)" issue="Headless Evaluate" url="http://www.digitalrocksportal.org/projects/102"
level=error msg="cdp.Runtime: Evaluate: rpc error: Inspected target navigated or closed (code = -32000)" issue="converting json ld" url="http://www.digitalrocksportal.org/projects/379"
level=error msg="cdp.Runtime: Evaluate: rpc error: Inspected target navigated or closed (code = -32000)" issue="converting json ld" url="http://www.digitalrocksportal.org/projects/102"
level=error msg="cdp.Runtime: Evaluate: rpc error: Inspected target navigated or closed (code = -32000)" issue="Headless Evaluate" url="http://www.digitalrocksportal.org/projects/345"
level=error msg="cdp.Runtime: Evaluate: rpc error: Inspected target navigated or closed (code = -32000)" issue="Headless Evaluate" url="http://www.digitalrocksportal.org/projects/253"
level=error msg="cdp.Runtime: Evaluate: rpc error: Inspected target navigated or closed (code = -32000)" issue="converting json ld" url="http://www.digitalrocksportal.org/projects/253"
level=error msg="cdp.Runtime: Evaluate: rpc error: Inspected target navigated or closed (code = -32000)" issue="converting json ld" url="http://www.digitalrocksportal.org/projects/345"
level=error contentType="Direct access failed, trying headless']" url="http://www.digitalrocksportal.org/projects/258"
level=error contentType="Direct access failed, trying headless']" url="http://www.digitalrocksportal.org/projects/333"
level=error contentType="Direct access failed, trying headless']" url="http://www.digitalrocksportal.org/projects/10"
level=error contentType="Direct access failed, trying headless']" url="http://www.digitalrocksportal.org/projects/58"
level=error contentType="Direct access failed, trying headless']" url="http://www.digitalrocksportal.org/projects/267"
level=error msg="cdp.Runtime: Evaluate: rpc error: Inspected target navigated or closed (code = -32000)" issue="Headless Evaluate" url="http://www.digitalrocksportal.org/projects/258"
level=error msg="cdp.Runtime: Evaluate: rpc error: Inspected target navigated or closed (code = -32000)" issue="Headless Evaluate" url="http://www.digitalrocksportal.org/projects/58"
level=error msg="cdp.Runtime: Evaluate: rpc error: Inspected target navigated or closed (code = -32000)" issue="converting json ld" url="http://www.digitalrocksportal.org/projects/58"
level=error msg="cdp.Runtime: Evaluate: rpc error: Inspected target navigated or closed (code = -32000)" issue="converting json ld" url="http://www.digitalrocksportal.org/projects/258"
level=error msg="cdp.Runtime: Evaluate: rpc error: Inspected target navigated or closed (code = -32000)" issue="Headless Evaluate" url="http://www.digitalrocksportal.org/projects/333"
level=error msg="cdp.Runtime: Evaluate: rpc error: Inspected target navigated or closed (code = -32000)" issue="Headless Evaluate" url="http://www.digitalrocksportal.org/projects/10"
level=error msg="cdp.Runtime: Evaluate: rpc error: Inspected target navigated or closed (code = -32000)" issue="converting json ld" url="http://www.digitalrocksportal.org/projects/333"
level=error msg="cdp.Runtime: Evaluate: rpc error: Inspected target navigated or closed (code = -32000)" issue="Headless Evaluate" url="http://www.digitalrocksportal.org/projects/267"
level=error msg="cdp.Runtime: Evaluate: rpc error: Inspected target navigated or closed (code = -32000)" issue="converting json ld" url="http://www.digitalrocksportal.org/projects/267"
level=error msg="cdp.Runtime: Evaluate: rpc error: Inspected target navigated or closed (code = -32000)" issue="converting json ld" url="http://www.digitalrocksportal.org/projects/10"
level=error contentType="Direct access failed, trying headless']" url="http://www.digitalrocksportal.org/projects/367"
level=error contentType="Direct access failed, trying headless']" url="http://www.digitalrocksportal.org/projects/175"
level=error contentType="Direct access failed, trying headless']" url="http://www.digitalrocksportal.org/projects/138"
level=error contentType="Direct access failed, trying headless']" url="http://www.digitalrocksportal.org/projects/47"
level=error contentType="Direct access failed, trying headless']" url="http://www.digitalrocksportal.org/projects/41"
level=error msg="cdp.Runtime: Evaluate: rpc error: Inspected target navigated or closed (code = -32000)" issue="Headless Evaluate" url="http://www.digitalrocksportal.org/projects/367"
level=error msg="cdp.Runtime: Evaluate: rpc error: Inspected target navigated or closed (code = -32000)" issue="Headless Evaluate" url="http://www.digitalrocksportal.org/projects/138"
level=error msg="cdp.Runtime: Evaluate: rpc error: Inspected target navigated or closed (code = -32000)" issue="converting json ld" url="http://www.digitalrocksportal.org/projects/138"
level=error msg="cdp.Runtime: Evaluate: rpc error: Inspected target navigated or closed (code = -32000)" issue="Headless Evaluate" url="http://www.digitalrocksportal.org/projects/41"
level=error msg="cdp.Runtime: Evaluate: rpc error: Inspected target navigated or closed (code = -32000)" issue="converting json ld" url="http://www.digitalrocksportal.org/projects/41"
level=error msg="cdp.Runtime: Evaluate: rpc error: Inspected target navigated or closed (code = -32000)" issue="converting json ld" url="http://www.digitalrocksportal.org/projects/367"
level=error msg="cdp.Runtime: Evaluate: rpc error: Inspected target navigated or closed (code = -32000)" issue="Headless Evaluate" url="http://www.digitalrocksportal.org/projects/175"
level=error msg="cdp.Runtime: Evaluate: rpc error: Inspected target navigated or closed (code = -32000)" issue="converting json ld" url="http://www.digitalrocksportal.org/projects/175"
level=error msg="cdp.Runtime: Evaluate: rpc error: Inspected target navigated or closed (code = -32000)" issue="Headless Evaluate" url="http://www.digitalrocksportal.org/projects/47"
level=error msg="cdp.Runtime: Evaluate: rpc error: Inspected target navigated or closed (code = -32000)" issue="converting json ld" url="http://www.digitalrocksportal.org/projects/47"
level=error contentType="Direct access failed, trying headless']" url="http://www.digitalrocksportal.org/projects/154"
level=error contentType="Direct access failed, trying headless']" url="http://www.digitalrocksportal.org/projects/57"
level=error contentType="Direct access failed, trying headless']" url="http://www.digitalrocksportal.org/projects/70"
level=error contentType="Direct access failed, trying headless']" url="http://www.digitalrocksportal.org/projects/195"
level=error contentType="Direct access failed, trying headless']" url="http://www.digitalrocksportal.org/projects/415"
level=error msg="cdp.Runtime: Evaluate: rpc error: Inspected target navigated or closed (code = -32000)" issue="Headless Evaluate" url="http://www.digitalrocksportal.org/projects/154"
level=error msg="cdp.Runtime: Evaluate: rpc error: Inspected target navigated or closed (code = -32000)" issue="converting json ld" url="http://www.digitalrocksportal.org/projects/154"
level=error msg="cdp.Runtime: Evaluate: rpc error: Inspected target navigated or closed (code = -32000)" issue="Headless Evaluate" url="http://www.digitalrocksportal.org/projects/70"
level=error msg="cdp.Runtime: Evaluate: rpc error: Inspected target navigated or closed (code = -32000)" issue="Headless Evaluate" url="http://www.digitalrocksportal.org/projects/195"
level=error msg="cdp.Runtime: Evaluate: rpc error: Inspected target navigated or closed (code = -32000)" issue="converting json ld" url="http://www.digitalrocksportal.org/projects/70"
level=error msg="cdp.Runtime: Evaluate: rpc error: Inspected target navigated or closed (code = -32000)" issue="converting json ld" url="http://www.digitalrocksportal.org/projects/195"
level=error msg="cdp.Runtime: Evaluate: rpc error: Inspected target navigated or closed (code = -32000)" issue="Headless Evaluate" url="http://www.digitalrocksportal.org/projects/415"
level=error msg="cdp.Runtime: Evaluate: rpc error: Inspected target navigated or closed (code = -32000)" issue="converting json ld" url="http://www.digitalrocksportal.org/projects/415"
level=error msg="cdp.Runtime: Evaluate: rpc error: Inspected target navigated or closed (code = -32000)" issue="Headless Evaluate" url="http://www.digitalrocksportal.org/projects/57"
level=error msg="cdp.Runtime: Evaluate: rpc error: Inspected target navigated or closed (code = -32000)" issue="converting json ld" url="http://www.digitalrocksportal.org/projects/57"
level=error contentType="Direct access failed, trying headless']" url="http://www.digitalrocksportal.org/projects/45"
level=error contentType="Direct access failed, trying headless']" url="http://www.digitalrocksportal.org/projects/384"
level=error contentType="Direct access failed, trying headless']" url="http://www.digitalrocksportal.org/projects/205"
level=error contentType="Direct access failed, trying headless']" url="http://www.digitalrocksportal.org/projects/314"
level=error contentType="Direct access failed, trying headless']" url="http://www.digitalrocksportal.org/projects/134"
level=error msg="cdp.Runtime: Evaluate: rpc error: Execution context was destroyed. (code = -32000)" issue="Headless Evaluate" url="http://www.digitalrocksportal.org/projects/45"
level=error msg="cdp.Runtime: Evaluate: rpc error: Execution context was destroyed. (code = -32000)" issue="converting json ld" url="http://www.digitalrocksportal.org/projects/45"
level=error msg="cdp.Runtime: Evaluate: rpc error: Execution context was destroyed. (code = -32000)" issue="Headless Evaluate" url="http://www.digitalrocksportal.org/projects/205"
level=error msg="cdp.Runtime: Evaluate: rpc error: Execution context was destroyed. (code = -32000)" issue="converting json ld" url="http://www.digitalrocksportal.org/projects/205"
level=error msg="cdp.Runtime: Evaluate: rpc error: Execution context was destroyed. (code = -32000)" issue="Headless Evaluate" url="http://www.digitalrocksportal.org/projects/134"
level=error msg="cdp.Runtime: Evaluate: rpc error: Execution context was destroyed. (code = -32000)" issue="Headless Evaluate" url="http://www.digitalrocksportal.org/projects/384"
level=error msg="cdp.Runtime: Evaluate: rpc error: Execution context was destroyed. (code = -32000)" issue="converting json ld" url="http://www.digitalrocksportal.org/projects/384"
level=error msg="cdp.Runtime: Evaluate: rpc error: Execution context was destroyed. (code = -32000)" issue="converting json ld" url="http://www.digitalrocksportal.org/projects/134"
level=error msg="cdp.Runtime: Evaluate: rpc error: Execution context was destroyed. (code = -32000)" issue="Headless Evaluate" url="http://www.digitalrocksportal.org/projects/314"
level=error msg="cdp.Runtime: Evaluate: rpc error: Execution context was destroyed. (code = -32000)" issue="converting json ld" url="http://www.digitalrocksportal.org/projects/314"
level=error contentType="Direct access failed, trying headless']" url="http://www.digitalrocksportal.org/projects/1"
level=error contentType="Direct access failed, trying headless']" url="http://www.digitalrocksportal.org/projects/176"
level=error contentType="Direct access failed, trying headless']" url="http://www.digitalrocksportal.org/projects/250"
level=error contentType="Direct access failed, trying headless']" url="http://www.digitalrocksportal.org/projects/299"
level=error contentType="Direct access failed, trying headless']" url="http://www.digitalrocksportal.org/projects/162"
level=error msg="cdp.Runtime: Evaluate: rpc error: Inspected target navigated or closed (code = -32000)" issue="Headless Evaluate" url="http://www.digitalrocksportal.org/projects/1"
level=error msg="cdp.Runtime: Evaluate: rpc error: Inspected target navigated or closed (code = -32000)" issue="Headless Evaluate" url="http://www.digitalrocksportal.org/projects/299"
level=error msg="cdp.Runtime: Evaluate: rpc error: Inspected target navigated or closed (code = -32000)" issue="converting json ld" url="http://www.digitalrocksportal.org/projects/1"
level=error msg="cdp.Runtime: Evaluate: rpc error: Inspected target navigated or closed (code = -32000)" issue="converting json ld" url="http://www.digitalrocksportal.org/projects/299"
level=error msg="cdp.Runtime: Evaluate: rpc error: Inspected target navigated or closed (code = -32000)" issue="Headless Evaluate" url="http://www.digitalrocksportal.org/projects/250"
level=error msg="cdp.Runtime: Evaluate: rpc error: Inspected target navigated or closed (code = -32000)" issue="Headless Evaluate" url="http://www.digitalrocksportal.org/projects/162"
level=error msg="cdp.Runtime: Evaluate: rpc error: Inspected target navigated or closed (code = -32000)" issue="converting json ld" url="http://www.digitalrocksportal.org/projects/162"
level=error msg="cdp.Runtime: Evaluate: rpc error: Inspected target navigated or closed (code = -32000)" issue="Headless Evaluate" url="http://www.digitalrocksportal.org/projects/176"
level=error msg="cdp.Runtime: Evaluate: rpc error: Inspected target navigated or closed (code = -32000)" issue="converting json ld" url="http://www.digitalrocksportal.org/projects/250"
level=error msg="cdp.Runtime: Evaluate: rpc error: Inspected target navigated or closed (code = -32000)" issue="converting json ld" url="http://www.digitalrocksportal.org/projects/176"
level=error contentType="Direct access failed, trying headless']" url="http://www.digitalrocksportal.org/projects/161"
level=error contentType="Direct access failed, trying headless']" url="http://www.digitalrocksportal.org/projects/328"
level=error contentType="Direct access failed, trying headless']" url="http://www.digitalrocksportal.org/projects/125"
level=error contentType="Direct access failed, trying headless']" url="http://www.digitalrocksportal.org/projects/334"
level=error contentType="Direct access failed, trying headless']" url="http://www.digitalrocksportal.org/projects/310"
level=error msg="cdp.Runtime: Evaluate: rpc error: Inspected target navigated or closed (code = -32000)" issue="Headless Evaluate" url="http://www.digitalrocksportal.org/projects/328"
level=error msg="cdp.Runtime: Evaluate: rpc error: Inspected target navigated or closed (code = -32000)" issue="Headless Evaluate" url="http://www.digitalrocksportal.org/projects/161"
level=error msg="cdp.Runtime: Evaluate: rpc error: Inspected target navigated or closed (code = -32000)" issue="Headless Evaluate" url="http://www.digitalrocksportal.org/projects/334"
level=error msg="cdp.Runtime: Evaluate: rpc error: Inspected target navigated or closed (code = -32000)" issue="converting json ld" url="http://www.digitalrocksportal.org/projects/334"
level=error msg="cdp.Runtime: Evaluate: rpc error: Inspected target navigated or closed (code = -32000)" issue="Headless Evaluate" url="http://www.digitalrocksportal.org/projects/310"
level=error msg="cdp.Runtime: Evaluate: rpc error: Inspected target navigated or closed (code = -32000)" issue="converting json ld" url="http://www.digitalrocksportal.org/projects/310"
level=error msg="cdp.Runtime: Evaluate: rpc error: Inspected target navigated or closed (code = -32000)" issue="converting json ld" url="http://www.digitalrocksportal.org/projects/328"
level=error msg="cdp.Runtime: Evaluate: rpc error: Inspected target navigated or closed (code = -32000)" issue="Headless Evaluate" url="http://www.digitalrocksportal.org/projects/125"
level=error msg="cdp.Runtime: Evaluate: rpc error: Inspected target navigated or closed (code = -32000)" issue="converting json ld" url="http://www.digitalrocksportal.org/projects/161"
level=error msg="cdp.Runtime: Evaluate: rpc error: Inspected target navigated or closed (code = -32000)" issue="converting json ld" url="http://www.digitalrocksportal.org/projects/125"
level=error contentType="Direct access failed, trying headless']" url="http://www.digitalrocksportal.org/projects/122"
level=error contentType="Direct access failed, trying headless']" url="http://www.digitalrocksportal.org/projects/443"
level=error contentType="Direct access failed, trying headless']" url="http://www.digitalrocksportal.org/projects/31"
level=error contentType="Direct access failed, trying headless']" url="http://www.digitalrocksportal.org/projects/222"
level=error contentType="Direct access failed, trying headless']" url="http://www.digitalrocksportal.org/projects/169"
level=error msg="cdp.Runtime: Evaluate: rpc error: Inspected target navigated or closed (code = -32000)" issue="Headless Evaluate" url="http://www.digitalrocksportal.org/projects/122"
level=error msg="cdp.Runtime: Evaluate: rpc error: Inspected target navigated or closed (code = -32000)" issue="converting json ld" url="http://www.digitalrocksportal.org/projects/122"
level=error msg="cdp.Runtime: Evaluate: rpc error: Inspected target navigated or closed (code = -32000)" issue="Headless Evaluate" url="http://www.digitalrocksportal.org/projects/31"
level=error msg="cdp.Runtime: Evaluate: rpc error: Inspected target navigated or closed (code = -32000)" issue="Headless Evaluate" url="http://www.digitalrocksportal.org/projects/443"
level=error msg="cdp.Runtime: Evaluate: rpc error: Inspected target navigated or closed (code = -32000)" issue="Headless Evaluate" url="http://www.digitalrocksportal.org/projects/169"
level=error msg="cdp.Runtime: Evaluate: rpc error: Inspected target navigated or closed (code = -32000)" issue="converting json ld" url="http://www.digitalrocksportal.org/projects/169"
level=error msg="cdp.Runtime: Evaluate: rpc error: Inspected target navigated or closed (code = -32000)" issue="Headless Evaluate" url="http://www.digitalrocksportal.org/projects/222"
level=error msg="cdp.Runtime: Evaluate: rpc error: Inspected target navigated or closed (code = -32000)" issue="converting json ld" url="http://www.digitalrocksportal.org/projects/443"
level=error msg="cdp.Runtime: Evaluate: rpc error: Inspected target navigated or closed (code = -32000)" issue="converting json ld" url="http://www.digitalrocksportal.org/projects/222"
level=error msg="cdp.Runtime: Evaluate: rpc error: Inspected target navigated or closed (code = -32000)" issue="converting json ld" url="http://www.digitalrocksportal.org/projects/31"
level=error contentType="Direct access failed, trying headless']" url="http://www.digitalrocksportal.org/projects/307"
level=error contentType="Direct access failed, trying headless']" url="http://www.digitalrocksportal.org/projects/73"
level=error contentType="Direct access failed, trying headless']" url="http://www.digitalrocksportal.org/projects/29"
level=error contentType="Direct access failed, trying headless']" url="http://www.digitalrocksportal.org/projects/64"
level=error contentType="Direct access failed, trying headless']" url="http://www.digitalrocksportal.org/projects/274"
level=error msg="cdp.Runtime: Evaluate: rpc error: Inspected target navigated or closed (code = -32000)" issue="Headless Evaluate" url="http://www.digitalrocksportal.org/projects/307"
level=error msg="cdp.Runtime: Evaluate: rpc error: Inspected target navigated or closed (code = -32000)" issue="Headless Evaluate" url="http://www.digitalrocksportal.org/projects/29"
level=error msg="cdp.Runtime: Evaluate: rpc error: Inspected target navigated or closed (code = -32000)" issue="converting json ld" url="http://www.digitalrocksportal.org/projects/29"
level=error msg="cdp.Runtime: Evaluate: rpc error: Inspected target navigated or closed (code = -32000)" issue="Headless Evaluate" url="http://www.digitalrocksportal.org/projects/73"
level=error msg="cdp.Runtime: Evaluate: rpc error: Inspected target navigated or closed (code = -32000)" issue="Headless Evaluate" url="http://www.digitalrocksportal.org/projects/274"
level=error msg="cdp.Runtime: Evaluate: rpc error: Inspected target navigated or closed (code = -32000)" issue="converting json ld" url="http://www.digitalrocksportal.org/projects/274"
level=error msg="cdp.Runtime: Evaluate: rpc error: Inspected target navigated or closed (code = -32000)" issue="converting json ld" url="http://www.digitalrocksportal.org/projects/73"
level=error msg="cdp.Runtime: Evaluate: rpc error: Inspected target navigated or closed (code = -32000)" issue="Headless Evaluate" url="http://www.digitalrocksportal.org/projects/64"
level=error msg="cdp.Runtime: Evaluate: rpc error: Inspected target navigated or closed (code = -32000)" issue="converting json ld" url="http://www.digitalrocksportal.org/projects/64"
level=error msg="cdp.Runtime: Evaluate: rpc error: Inspected target navigated or closed (code = -32000)" issue="converting json ld" url="http://www.digitalrocksportal.org/projects/307"
level=error contentType="Direct access failed, trying headless']" url="http://www.digitalrocksportal.org/projects/247"
level=error contentType="Direct access failed, trying headless']" url="http://www.digitalrocksportal.org/projects/304"
level=error contentType="Direct access failed, trying headless']" url="http://www.digitalrocksportal.org/projects/159"
level=error contentType="Direct access failed, trying headless']" url="http://www.digitalrocksportal.org/projects/232"
level=error contentType="Direct access failed, trying headless']" url="http://www.digitalrocksportal.org/projects/359"
level=error msg="cdp.Runtime: Evaluate: rpc error: Execution context was destroyed. (code = -32000)" issue="Headless Evaluate" url="http://www.digitalrocksportal.org/projects/247"
level=error msg="cdp.Runtime: Evaluate: rpc error: Execution context was destroyed. (code = -32000)" issue="converting json ld" url="http://www.digitalrocksportal.org/projects/247"
level=error msg="cdp.Runtime: Evaluate: rpc error: Execution context was destroyed. (code = -32000)" issue="Headless Evaluate" url="http://www.digitalrocksportal.org/projects/359"
level=error msg="cdp.Runtime: Evaluate: rpc error: Execution context was destroyed. (code = -32000)" issue="converting json ld" url="http://www.digitalrocksportal.org/projects/359"
level=error msg="cdp.Runtime: Evaluate: rpc error: Execution context was destroyed. (code = -32000)" issue="Headless Evaluate" url="http://www.digitalrocksportal.org/projects/232"
level=error msg="cdp.Runtime: Evaluate: rpc error: Execution context was destroyed. (code = -32000)" issue="Headless Evaluate" url="http://www.digitalrocksportal.org/projects/304"
level=error msg="cdp.Runtime: Evaluate: rpc error: Execution context was destroyed. (code = -32000)" issue="Headless Evaluate" url="http://www.digitalrocksportal.org/projects/159"
level=error msg="cdp.Runtime: Evaluate: rpc error: Execution context was destroyed. (code = -32000)" issue="converting json ld" url="http://www.digitalrocksportal.org/projects/159"
level=error msg="cdp.Runtime: Evaluate: rpc error: Execution context was destroyed. (code = -32000)" issue="converting json ld" url="http://www.digitalrocksportal.org/projects/304"
level=error msg="cdp.Runtime: Evaluate: rpc error: Execution context was destroyed. (code = -32000)" issue="converting json ld" url="http://www.digitalrocksportal.org/projects/232"
level=error contentType="Direct access failed, trying headless']" url="http://www.digitalrocksportal.org/projects/86"
level=error contentType="Direct access failed, trying headless']" url="http://www.digitalrocksportal.org/projects/283"
level=error contentType="Direct access failed, trying headless']" url="http://www.digitalrocksportal.org/projects/305"
level=error contentType="Direct access failed, trying headless']" url="http://www.digitalrocksportal.org/projects/259"
level=error contentType="Direct access failed, trying headless']" url="http://www.digitalrocksportal.org/projects/135"
level=error msg="cdp.Runtime: Evaluate: rpc error: Inspected target navigated or closed (code = -32000)" issue="Headless Evaluate" url="http://www.digitalrocksportal.org/projects/86"
level=error msg="cdp.Runtime: Evaluate: rpc error: Inspected target navigated or closed (code = -32000)" issue="Headless Evaluate" url="http://www.digitalrocksportal.org/projects/283"
level=error msg="cdp.Runtime: Evaluate: rpc error: Inspected target navigated or closed (code = -32000)" issue="Headless Evaluate" url="http://www.digitalrocksportal.org/projects/305"
level=error msg="cdp.Runtime: Evaluate: rpc error: Inspected target navigated or closed (code = -32000)" issue="Headless Evaluate" url="http://www.digitalrocksportal.org/projects/259"
level=error msg="cdp.Runtime: Evaluate: rpc error: Inspected target navigated or closed (code = -32000)" issue="converting json ld" url="http://www.digitalrocksportal.org/projects/305"
level=error msg="cdp.Runtime: Evaluate: rpc error: Inspected target navigated or closed (code = -32000)" issue="Headless Evaluate" url="http://www.digitalrocksportal.org/projects/135"
level=error msg="cdp.Runtime: Evaluate: rpc error: Inspected target navigated or closed (code = -32000)" issue="converting json ld" url="http://www.digitalrocksportal.org/projects/86"
level=error msg="cdp.Runtime: Evaluate: rpc error: Inspected target navigated or closed (code = -32000)" issue="converting json ld" url="http://www.digitalrocksportal.org/projects/283"
level=error msg="cdp.Runtime: Evaluate: rpc error: Inspected target navigated or closed (code = -32000)" issue="converting json ld" url="http://www.digitalrocksportal.org/projects/259"
level=error msg="cdp.Runtime: Evaluate: rpc error: Inspected target navigated or closed (code = -32000)" issue="converting json ld" url="http://www.digitalrocksportal.org/projects/135"
level=error contentType="Direct access failed, trying headless']" url="http://www.digitalrocksportal.org/projects/20"
level=error contentType="Direct access failed, trying headless']" url="http://www.digitalrocksportal.org/projects/16"
level=error contentType="Direct access failed, trying headless']" url="http://www.digitalrocksportal.org/projects/49"
level=error contentType="Direct access failed, trying headless']" url="http://www.digitalrocksportal.org/projects/256"
level=error contentType="Direct access failed, trying headless']" url="http://www.digitalrocksportal.org/projects/330"
level=error msg="cdp.Runtime: Evaluate: rpc error: Execution context was destroyed. (code = -32000)" issue="Headless Evaluate" url="http://www.digitalrocksportal.org/projects/256"
level=error msg="cdp.Runtime: Evaluate: rpc error: Execution context was destroyed. (code = -32000)" issue="Headless Evaluate" url="http://www.digitalrocksportal.org/projects/16"
level=error msg="cdp.Runtime: Evaluate: rpc error: Execution context was destroyed. (code = -32000)" issue="converting json ld" url="http://www.digitalrocksportal.org/projects/256"
level=error msg="cdp.Runtime: Evaluate: rpc error: Execution context was destroyed. (code = -32000)" issue="converting json ld" url="http://www.digitalrocksportal.org/projects/16"
level=error msg="cdp.Runtime: Evaluate: rpc error: Execution context was destroyed. (code = -32000)" issue="Headless Evaluate" url="http://www.digitalrocksportal.org/projects/330"
level=error msg="cdp.Runtime: Evaluate: rpc error: Execution context was destroyed. (code = -32000)" issue="Headless Evaluate" url="http://www.digitalrocksportal.org/projects/49"
level=error msg="cdp.Runtime: Evaluate: rpc error: Execution context was destroyed. (code = -32000)" issue="Headless Evaluate" url="http://www.digitalrocksportal.org/projects/20"
level=error msg="cdp.Runtime: Evaluate: rpc error: Execution context was destroyed. (code = -32000)" issue="converting json ld" url="http://www.digitalrocksportal.org/projects/20"
level=error msg="cdp.Runtime: Evaluate: rpc error: Execution context was destroyed. (code = -32000)" issue="converting json ld" url="http://www.digitalrocksportal.org/projects/49"
level=error msg="cdp.Runtime: Evaluate: rpc error: Execution context was destroyed. (code = -32000)" issue="converting json ld" url="http://www.digitalrocksportal.org/projects/330"
level=error contentType="Direct access failed, trying headless']" url="http://www.digitalrocksportal.org/projects/244"
level=error contentType="Direct access failed, trying headless']" url="http://www.digitalrocksportal.org/projects/196"
level=error contentType="Direct access failed, trying headless']" url="http://www.digitalrocksportal.org"
level=error contentType="Direct access failed, trying headless']" url="http://www.digitalrocksportal.org/projects/5"
level=error contentType="Direct access failed, trying headless']" url="http://www.digitalrocksportal.org/projects/317"
level=error msg="cdp.Runtime: Evaluate: rpc error: Inspected target navigated or closed (code = -32000)" issue="Headless Evaluate" url="http://www.digitalrocksportal.org/projects/244"
level=error msg="cdp.Runtime: Evaluate: rpc error: Inspected target navigated or closed (code = -32000)" issue="Headless Evaluate" url="http://www.digitalrocksportal.org"
level=error msg="cdp.Runtime: Evaluate: rpc error: Inspected target navigated or closed (code = -32000)" issue="converting json ld" url="http://www.digitalrocksportal.org"
level=error msg="cdp.Runtime: Evaluate: rpc error: Inspected target navigated or closed (code = -32000)" issue="Headless Evaluate" url="http://www.digitalrocksportal.org/projects/317"
level=error msg="cdp.Runtime: Evaluate: rpc error: Inspected target navigated or closed (code = -32000)" issue="Headless Evaluate" url="http://www.digitalrocksportal.org/projects/196"
level=error msg="cdp.Runtime: Evaluate: rpc error: Inspected target navigated or closed (code = -32000)" issue="converting json ld" url="http://www.digitalrocksportal.org/projects/196"
level=error msg="cdp.Runtime: Evaluate: rpc error: Inspected target navigated or closed (code = -32000)" issue="converting json ld" url="http://www.digitalrocksportal.org/projects/317"
level=error msg="cdp.Runtime: Evaluate: rpc error: Inspected target navigated or closed (code = -32000)" issue="Headless Evaluate" url="http://www.digitalrocksportal.org/projects/5"
level=error msg="cdp.Runtime: Evaluate: rpc error: Inspected target navigated or closed (code = -32000)" issue="converting json ld" url="http://www.digitalrocksportal.org/projects/5"
level=error msg="cdp.Runtime: Evaluate: rpc error: Inspected target navigated or closed (code = -32000)" issue="converting json ld" url="http://www.digitalrocksportal.org/projects/244"
level=error contentType="Direct access failed, trying headless']" url="http://www.digitalrocksportal.org/projects/160"
level=error contentType="Direct access failed, trying headless']" url="http://www.digitalrocksportal.org/projects/214"
level=error contentType="Direct access failed, trying headless']" url="http://www.digitalrocksportal.org/projects/117"
level=error contentType="Direct access failed, trying headless']" url="http://www.digitalrocksportal.org/projects/51"
level=error contentType="Direct access failed, trying headless']" url="http://www.digitalrocksportal.org/projects/79"
level=error msg="cdp.Runtime: Evaluate: rpc error: Inspected target navigated or closed (code = -32000)" issue="Headless Evaluate" url="http://www.digitalrocksportal.org/projects/160"
level=error msg="cdp.Runtime: Evaluate: rpc error: Inspected target navigated or closed (code = -32000)" issue="converting json ld" url="http://www.digitalrocksportal.org/projects/160"
level=error msg="cdp.Runtime: Evaluate: rpc error: Inspected target navigated or closed (code = -32000)" issue="Headless Evaluate" url="http://www.digitalrocksportal.org/projects/214"
level=error msg="cdp.Runtime: Evaluate: rpc error: Inspected target navigated or closed (code = -32000)" issue="converting json ld" url="http://www.digitalrocksportal.org/projects/214"
level=error msg="cdp.Runtime: Evaluate: rpc error: Inspected target navigated or closed (code = -32000)" issue="Headless Evaluate" url="http://www.digitalrocksportal.org/projects/79"
level=error msg="cdp.Runtime: Evaluate: rpc error: Inspected target navigated or closed (code = -32000)" issue="converting json ld" url="http://www.digitalrocksportal.org/projects/79"
level=error msg="cdp.Runtime: Evaluate: rpc error: Inspected target navigated or closed (code = -32000)" issue="Headless Evaluate" url="http://www.digitalrocksportal.org/projects/51"
level=error msg="cdp.Runtime: Evaluate: rpc error: Inspected target navigated or closed (code = -32000)" issue="converting json ld" url="http://www.digitalrocksportal.org/projects/51"
level=error msg="cdp.Runtime: Evaluate: rpc error: Inspected target navigated or closed (code = -32000)" issue="Headless Evaluate" url="http://www.digitalrocksportal.org/projects/117"
level=error msg="cdp.Runtime: Evaluate: rpc error: Inspected target navigated or closed (code = -32000)" issue="converting json ld" url="http://www.digitalrocksportal.org/projects/117"
level=error contentType="Direct access failed, trying headless']" url="http://www.digitalrocksportal.org/projects/278"
level=error contentType="Direct access failed, trying headless']" url="http://www.digitalrocksportal.org/projects/189"
level=error contentType="Direct access failed, trying headless']" url="http://www.digitalrocksportal.org/projects/276"
level=error contentType="Direct access failed, trying headless']" url="http://www.digitalrocksportal.org/projects/157"
level=error contentType="Direct access failed, trying headless']" url="http://www.digitalrocksportal.org/projects/36"
level=error msg="cdp.Runtime: Evaluate: rpc error: Inspected target navigated or closed (code = -32000)" issue="Headless Evaluate" url="http://www.digitalrocksportal.org/projects/278"
level=error msg="cdp.Runtime: Evaluate: rpc error: Inspected target navigated or closed (code = -32000)" issue="converting json ld" url="http://www.digitalrocksportal.org/projects/278"
level=error msg="cdp.Runtime: Evaluate: rpc error: Inspected target navigated or closed (code = -32000)" issue="Headless Evaluate" url="http://www.digitalrocksportal.org/projects/276"
level=error msg="cdp.Runtime: Evaluate: rpc error: Inspected target navigated or closed (code = -32000)" issue="Headless Evaluate" url="http://www.digitalrocksportal.org/projects/36"
level=error msg="cdp.Runtime: Evaluate: rpc error: Inspected target navigated or closed (code = -32000)" issue="Headless Evaluate" url="http://www.digitalrocksportal.org/projects/157"
level=error msg="cdp.Runtime: Evaluate: rpc error: Inspected target navigated or closed (code = -32000)" issue="converting json ld" url="http://www.digitalrocksportal.org/projects/157"
level=error msg="cdp.Runtime: Evaluate: rpc error: Inspected target navigated or closed (code = -32000)" issue="converting json ld" url="http://www.digitalrocksportal.org/projects/36"
level=error msg="cdp.Runtime: Evaluate: rpc error: Inspected target navigated or closed (code = -32000)" issue="converting json ld" url="http://www.digitalrocksportal.org/projects/276"
level=error msg="cdp.Runtime: Evaluate: rpc error: Inspected target navigated or closed (code = -32000)" issue="Headless Evaluate" url="http://www.digitalrocksportal.org/projects/189"
level=error msg="cdp.Runtime: Evaluate: rpc error: Inspected target navigated or closed (code = -32000)" issue="converting json ld" url="http://www.digitalrocksportal.org/projects/189"
level=error contentType="Direct access failed, trying headless']" url="http://www.digitalrocksportal.org/projects/263"
level=error contentType="Direct access failed, trying headless']" url="http://www.digitalrocksportal.org/projects/364"
level=error contentType="Direct access failed, trying headless']" url="http://www.digitalrocksportal.org/projects/352"
level=error contentType="Direct access failed, trying headless']" url="http://www.digitalrocksportal.org/projects/279"
level=error contentType="Direct access failed, trying headless']" url="http://www.digitalrocksportal.org/projects/293"
level=error msg="cdp.Runtime: Evaluate: rpc error: Inspected target navigated or closed (code = -32000)" issue="Headless Evaluate" url="http://www.digitalrocksportal.org/projects/263"
level=error msg="cdp.Runtime: Evaluate: rpc error: Inspected target navigated or closed (code = -32000)" issue="Headless Evaluate" url="http://www.digitalrocksportal.org/projects/364"
level=error msg="cdp.Runtime: Evaluate: rpc error: Inspected target navigated or closed (code = -32000)" issue="Headless Evaluate" url="http://www.digitalrocksportal.org/projects/279"
level=error msg="cdp.Runtime: Evaluate: rpc error: Inspected target navigated or closed (code = -32000)" issue="converting json ld" url="http://www.digitalrocksportal.org/projects/279"
level=error msg="cdp.Runtime: Evaluate: rpc error: Inspected target navigated or closed (code = -32000)" issue="converting json ld" url="http://www.digitalrocksportal.org/projects/263"
level=error msg="cdp.Runtime: Evaluate: rpc error: Inspected target navigated or closed (code = -32000)" issue="converting json ld" url="http://www.digitalrocksportal.org/projects/364"
level=error msg="cdp.Runtime: Evaluate: rpc error: Inspected target navigated or closed (code = -32000)" issue="Headless Evaluate" url="http://www.digitalrocksportal.org/projects/293"
level=error msg="cdp.Runtime: Evaluate: rpc error: Inspected target navigated or closed (code = -32000)" issue="converting json ld" url="http://www.digitalrocksportal.org/projects/293"
level=error msg="cdp.Runtime: Evaluate: rpc error: Inspected target navigated or closed (code = -32000)" issue="Headless Evaluate" url="http://www.digitalrocksportal.org/projects/352"
level=error msg="cdp.Runtime: Evaluate: rpc error: Inspected target navigated or closed (code = -32000)" issue="converting json ld" url="http://www.digitalrocksportal.org/projects/352"
level=error contentType="Direct access failed, trying headless']" url="http://www.digitalrocksportal.org/projects/88"
level=error contentType="Direct access failed, trying headless']" url="http://www.digitalrocksportal.org/projects/319"
level=error contentType="Direct access failed, trying headless']" url="http://www.digitalrocksportal.org/projects/228"
level=error contentType="Direct access failed, trying headless']" url="http://www.digitalrocksportal.org/projects/264"
level=error contentType="Direct access failed, trying headless']" url="http://www.digitalrocksportal.org/projects/374"
level=error msg="cdp.Runtime: Evaluate: rpc error: Inspected target navigated or closed (code = -32000)" issue="Headless Evaluate" url="http://www.digitalrocksportal.org/projects/228"
level=error msg="cdp.Runtime: Evaluate: rpc error: Inspected target navigated or closed (code = -32000)" issue="Headless Evaluate" url="http://www.digitalrocksportal.org/projects/319"
level=error msg="cdp.Runtime: Evaluate: rpc error: Inspected target navigated or closed (code = -32000)" issue="Headless Evaluate" url="http://www.digitalrocksportal.org/projects/264"
level=error msg="cdp.Runtime: Evaluate: rpc error: Inspected target navigated or closed (code = -32000)" issue="converting json ld" url="http://www.digitalrocksportal.org/projects/228"
level=error msg="cdp.Runtime: Evaluate: rpc error: Inspected target navigated or closed (code = -32000)" issue="Headless Evaluate" url="http://www.digitalrocksportal.org/projects/88"
level=error msg="cdp.Runtime: Evaluate: rpc error: Inspected target navigated or closed (code = -32000)" issue="converting json ld" url="http://www.digitalrocksportal.org/projects/88"
level=error msg="cdp.Runtime: Evaluate: rpc error: Inspected target navigated or closed (code = -32000)" issue="Headless Evaluate" url="http://www.digitalrocksportal.org/projects/374"
level=error msg="cdp.Runtime: Evaluate: rpc error: Inspected target navigated or closed (code = -32000)" issue="converting json ld" url="http://www.digitalrocksportal.org/projects/319"
level=error msg="cdp.Runtime: Evaluate: rpc error: Inspected target navigated or closed (code = -32000)" issue="converting json ld" url="http://www.digitalrocksportal.org/projects/374"
level=error msg="cdp.Runtime: Evaluate: rpc error: Inspected target navigated or closed (code = -32000)" issue="converting json ld" url="http://www.digitalrocksportal.org/projects/264"
level=error contentType="Direct access failed, trying headless']" url="http://www.digitalrocksportal.org/projects/221"
level=error contentType="Direct access failed, trying headless']" url="http://www.digitalrocksportal.org/projects/72"
level=error contentType="Direct access failed, trying headless']" url="http://www.digitalrocksportal.org/projects/213"
level=error contentType="Direct access failed, trying headless']" url="http://www.digitalrocksportal.org/projects/395"
level=error contentType="Direct access failed, trying headless']" url="http://www.digitalrocksportal.org/projects/372"
level=error msg="cdp.Runtime: Evaluate: context deadline exceeded" issue="Headless Evaluate" url="http://www.digitalrocksportal.org/projects/221"
level=error msg="cdp.Runtime: Evaluate: context deadline exceeded" issue="converting json ld" url="http://www.digitalrocksportal.org/projects/221"
level=error msg="cdp.Runtime: Evaluate: context deadline exceeded" issue="Headless Evaluate" url="http://www.digitalrocksportal.org/projects/72"
level=error msg="cdp.Runtime: Evaluate: context deadline exceeded" issue="converting json ld" url="http://www.digitalrocksportal.org/projects/72"
level=error msg="cdp.Runtime: Evaluate: context deadline exceeded" issue="Headless Evaluate" url="http://www.digitalrocksportal.org/projects/213"
level=error msg="cdp.Runtime: Evaluate: context deadline exceeded" issue="converting json ld" url="http://www.digitalrocksportal.org/projects/213"
level=error msg="cdp.Runtime: Evaluate: context deadline exceeded" issue="Headless Evaluate" url="http://www.digitalrocksportal.org/projects/395"
level=error msg="cdp.Runtime: Evaluate: context deadline exceeded" issue="converting json ld" url="http://www.digitalrocksportal.org/projects/395"
level=error contentType="Direct access failed, trying headless']" url="http://www.digitalrocksportal.org/projects/219"
level=error contentType="Direct access failed, trying headless']" url="http://www.digitalrocksportal.org/projects/421"
level=error contentType="Direct access failed, trying headless']" url="http://www.digitalrocksportal.org/projects/378"
level=error contentType="Direct access failed, trying headless']" url="http://www.digitalrocksportal.org/projects/215"
level=error msg="cdp.Runtime: Evaluate: context deadline exceeded" issue="Headless Evaluate" url="http://www.digitalrocksportal.org/projects/372"
level=error msg="cdp.Runtime: Evaluate: context deadline exceeded" issue="converting json ld" url="http://www.digitalrocksportal.org/projects/372"
level=error contentType="Direct access failed, trying headless']" url="http://www.digitalrocksportal.org/projects/285"
level=error msg="cdp.Runtime: Evaluate: rpc error: Inspected target navigated or closed (code = -32000)" issue="Headless Evaluate" url="http://www.digitalrocksportal.org/projects/219"
level=error msg="cdp.Runtime: Evaluate: rpc error: Inspected target navigated or closed (code = -32000)" issue="Headless Evaluate" url="http://www.digitalrocksportal.org/projects/421"
level=error msg="cdp.Runtime: Evaluate: rpc error: Inspected target navigated or closed (code = -32000)" issue="Headless Evaluate" url="http://www.digitalrocksportal.org/projects/215"
level=error msg="cdp.Runtime: Evaluate: rpc error: Inspected target navigated or closed (code = -32000)" issue="converting json ld" url="http://www.digitalrocksportal.org/projects/421"
level=error msg="cdp.Runtime: Evaluate: rpc error: Inspected target navigated or closed (code = -32000)" issue="converting json ld" url="http://www.digitalrocksportal.org/projects/215"
level=error msg="cdp.Runtime: Evaluate: rpc error: Inspected target navigated or closed (code = -32000)" issue="converting json ld" url="http://www.digitalrocksportal.org/projects/219"
level=error msg="cdp.Runtime: Evaluate: rpc error: Inspected target navigated or closed (code = -32000)" issue="Headless Evaluate" url="http://www.digitalrocksportal.org/projects/378"
level=error msg="cdp.Runtime: Evaluate: rpc error: Inspected target navigated or closed (code = -32000)" issue="converting json ld" url="http://www.digitalrocksportal.org/projects/378"
level=error msg="cdp.Runtime: Evaluate: rpc error: Inspected target navigated or closed (code = -32000)" issue="Headless Evaluate" url="http://www.digitalrocksportal.org/projects/285"
level=error msg="cdp.Runtime: Evaluate: rpc error: Inspected target navigated or closed (code = -32000)" issue="converting json ld" url="http://www.digitalrocksportal.org/projects/285"
level=error contentType="Direct access failed, trying headless']" url="http://www.digitalrocksportal.org/projects/118"
level=error contentType="Direct access failed, trying headless']" url="http://www.digitalrocksportal.org/projects/302"
level=error contentType="Direct access failed, trying headless']" url="http://www.digitalrocksportal.org/projects/229"
level=error contentType="Direct access failed, trying headless']" url="http://www.digitalrocksportal.org/projects/362"
level=error contentType="Direct access failed, trying headless']" url="http://www.digitalrocksportal.org/projects/255"
level=error msg="cdp.Runtime: Evaluate: rpc error: Inspected target navigated or closed (code = -32000)" issue="Headless Evaluate" url="http://www.digitalrocksportal.org/projects/302"
level=error msg="cdp.Runtime: Evaluate: rpc error: Inspected target navigated or closed (code = -32000)" issue="Headless Evaluate" url="http://www.digitalrocksportal.org/projects/362"
level=error msg="cdp.Runtime: Evaluate: rpc error: Inspected target navigated or closed (code = -32000)" issue="converting json ld" url="http://www.digitalrocksportal.org/projects/362"
level=error msg="cdp.Runtime: Evaluate: rpc error: Inspected target navigated or closed (code = -32000)" issue="Headless Evaluate" url="http://www.digitalrocksportal.org/projects/255"
level=error msg="cdp.Runtime: Evaluate: rpc error: Inspected target navigated or closed (code = -32000)" issue="converting json ld" url="http://www.digitalrocksportal.org/projects/302"
level=error msg="cdp.Runtime: Evaluate: rpc error: Inspected target navigated or closed (code = -32000)" issue="converting json ld" url="http://www.digitalrocksportal.org/projects/255"
level=error msg="cdp.Runtime: Evaluate: rpc error: Inspected target navigated or closed (code = -32000)" issue="Headless Evaluate" url="http://www.digitalrocksportal.org/projects/118"
level=error msg="cdp.Runtime: Evaluate: rpc error: Inspected target navigated or closed (code = -32000)" issue="converting json ld" url="http://www.digitalrocksportal.org/projects/118"
level=error msg="cdp.Runtime: Evaluate: rpc error: Inspected target navigated or closed (code = -32000)" issue="Headless Evaluate" url="http://www.digitalrocksportal.org/projects/229"
level=error msg="cdp.Runtime: Evaluate: rpc error: Inspected target navigated or closed (code = -32000)" issue="converting json ld" url="http://www.digitalrocksportal.org/projects/229"
level=error contentType="Direct access failed, trying headless']" url="http://www.digitalrocksportal.org/projects/21"
level=error contentType="Direct access failed, trying headless']" url="http://www.digitalrocksportal.org/projects/203"
level=error contentType="Direct access failed, trying headless']" url="http://www.digitalrocksportal.org/projects/188"
level=error contentType="Direct access failed, trying headless']" url="http://www.digitalrocksportal.org/projects/69"
level=error contentType="Direct access failed, trying headless']" url="http://www.digitalrocksportal.org/projects/233"
level=error msg="cdp.Runtime: Evaluate: rpc error: Execution context was destroyed. (code = -32000)" issue="Headless Evaluate" url="http://www.digitalrocksportal.org/projects/203"
level=error msg="cdp.Runtime: Evaluate: rpc error: Execution context was destroyed. (code = -32000)" issue="Headless Evaluate" url="http://www.digitalrocksportal.org/projects/233"
level=error msg="cdp.Runtime: Evaluate: rpc error: Execution context was destroyed. (code = -32000)" issue="converting json ld" url="http://www.digitalrocksportal.org/projects/233"
level=error msg="cdp.Runtime: Evaluate: rpc error: Execution context was destroyed. (code = -32000)" issue="converting json ld" url="http://www.digitalrocksportal.org/projects/203"
level=error msg="cdp.Runtime: Evaluate: rpc error: Execution context was destroyed. (code = -32000)" issue="Headless Evaluate" url="http://www.digitalrocksportal.org/projects/188"
level=error msg="cdp.Runtime: Evaluate: rpc error: Execution context was destroyed. (code = -32000)" issue="converting json ld" url="http://www.digitalrocksportal.org/projects/188"
level=error msg="cdp.Runtime: Evaluate: rpc error: Execution context was destroyed. (code = -32000)" issue="Headless Evaluate" url="http://www.digitalrocksportal.org/projects/69"
level=error msg="cdp.Runtime: Evaluate: rpc error: Execution context was destroyed. (code = -32000)" issue="converting json ld" url="http://www.digitalrocksportal.org/projects/69"
level=error msg="cdp.Runtime: Evaluate: rpc error: Execution context was destroyed. (code = -32000)" issue="Headless Evaluate" url="http://www.digitalrocksportal.org/projects/21"
level=error msg="cdp.Runtime: Evaluate: rpc error: Execution context was destroyed. (code = -32000)" issue="converting json ld" url="http://www.digitalrocksportal.org/projects/21"
level=error contentType="Direct access failed, trying headless']" url="http://www.digitalrocksportal.org/projects/339"
level=error contentType="Direct access failed, trying headless']" url="http://www.digitalrocksportal.org/projects/98"
level=error contentType="Direct access failed, trying headless']" url="http://www.digitalrocksportal.org/projects/231"
level=error contentType="Direct access failed, trying headless']" url="http://www.digitalrocksportal.org/projects/198"
level=error contentType="Direct access failed, trying headless']" url="http://www.digitalrocksportal.org/projects/7"
level=error msg="cdp.Runtime: Evaluate: rpc error: Inspected target navigated or closed (code = -32000)" issue="Headless Evaluate" url="http://www.digitalrocksportal.org/projects/339"
level=error msg="cdp.Runtime: Evaluate: rpc error: Inspected target navigated or closed (code = -32000)" issue="Headless Evaluate" url="http://www.digitalrocksportal.org/projects/231"
level=error msg="cdp.Runtime: Evaluate: rpc error: Inspected target navigated or closed (code = -32000)" issue="Headless Evaluate" url="http://www.digitalrocksportal.org/projects/98"
level=error msg="cdp.Runtime: Evaluate: rpc error: Inspected target navigated or closed (code = -32000)" issue="converting json ld" url="http://www.digitalrocksportal.org/projects/98"
level=error msg="cdp.Runtime: Evaluate: rpc error: Inspected target navigated or closed (code = -32000)" issue="converting json ld" url="http://www.digitalrocksportal.org/projects/339"
level=error msg="cdp.Runtime: Evaluate: rpc error: Inspected target navigated or closed (code = -32000)" issue="Headless Evaluate" url="http://www.digitalrocksportal.org/projects/198"
level=error msg="cdp.Runtime: Evaluate: rpc error: Inspected target navigated or closed (code = -32000)" issue="converting json ld" url="http://www.digitalrocksportal.org/projects/198"
level=error msg="cdp.Runtime: Evaluate: rpc error: Inspected target navigated or closed (code = -32000)" issue="Headless Evaluate" url="http://www.digitalrocksportal.org/projects/7"
level=error msg="cdp.Runtime: Evaluate: rpc error: Inspected target navigated or closed (code = -32000)" issue="converting json ld" url="http://www.digitalrocksportal.org/projects/231"
level=error msg="cdp.Runtime: Evaluate: rpc error: Inspected target navigated or closed (code = -32000)" issue="converting json ld" url="http://www.digitalrocksportal.org/projects/7"
level=error contentType="Direct access failed, trying headless']" url="http://www.digitalrocksportal.org/projects/65"
level=error contentType="Direct access failed, trying headless']" url="http://www.digitalrocksportal.org/projects/268"
level=error contentType="Direct access failed, trying headless']" url="http://www.digitalrocksportal.org/projects/55"
level=error contentType="Direct access failed, trying headless']" url="http://www.digitalrocksportal.org/projects/295"
level=error contentType="Direct access failed, trying headless']" url="http://www.digitalrocksportal.org/projects/164"
level=error msg="cdp.Runtime: Evaluate: rpc error: Inspected target navigated or closed (code = -32000)" issue="Headless Evaluate" url="http://www.digitalrocksportal.org/projects/268"
level=error msg="cdp.Runtime: Evaluate: rpc error: Inspected target navigated or closed (code = -32000)" issue="converting json ld" url="http://www.digitalrocksportal.org/projects/268"
level=error msg="cdp.Runtime: Evaluate: rpc error: Inspected target navigated or closed (code = -32000)" issue="Headless Evaluate" url="http://www.digitalrocksportal.org/projects/55"
level=error msg="cdp.Runtime: Evaluate: rpc error: Inspected target navigated or closed (code = -32000)" issue="converting json ld" url="http://www.digitalrocksportal.org/projects/55"
level=error msg="cdp.Runtime: Evaluate: rpc error: Inspected target navigated or closed (code = -32000)" issue="Headless Evaluate" url="http://www.digitalrocksportal.org/projects/295"
level=error msg="cdp.Runtime: Evaluate: rpc error: Inspected target navigated or closed (code = -32000)" issue="Headless Evaluate" url="http://www.digitalrocksportal.org/projects/164"
level=error msg="cdp.Runtime: Evaluate: rpc error: Inspected target navigated or closed (code = -32000)" issue="Headless Evaluate" url="http://www.digitalrocksportal.org/projects/65"
level=error msg="cdp.Runtime: Evaluate: rpc error: Inspected target navigated or closed (code = -32000)" issue="converting json ld" url="http://www.digitalrocksportal.org/projects/65"
level=error msg="cdp.Runtime: Evaluate: rpc error: Inspected target navigated or closed (code = -32000)" issue="converting json ld" url="http://www.digitalrocksportal.org/projects/295"
level=error msg="cdp.Runtime: Evaluate: rpc error: Inspected target navigated or closed (code = -32000)" issue="converting json ld" url="http://www.digitalrocksportal.org/projects/164"
level=error contentType="Direct access failed, trying headless']" url="http://www.digitalrocksportal.org/projects/84"
level=error contentType="Direct access failed, trying headless']" url="http://www.digitalrocksportal.org/projects/92"
level=error contentType="Direct access failed, trying headless']" url="http://www.digitalrocksportal.org/projects/202"
level=error contentType="Direct access failed, trying headless']" url="http://www.digitalrocksportal.org/projects/211"
level=error contentType="Direct access failed, trying headless']" url="http://www.digitalrocksportal.org/projects/216"
level=error msg="cdp.Runtime: Evaluate: rpc error: Execution context was destroyed. (code = -32000)" issue="Headless Evaluate" url="http://www.digitalrocksportal.org/projects/84"
level=error msg="cdp.Runtime: Evaluate: rpc error: Execution context was destroyed. (code = -32000)" issue="Headless Evaluate" url="http://www.digitalrocksportal.org/projects/92"
level=error msg="cdp.Runtime: Evaluate: rpc error: Execution context was destroyed. (code = -32000)" issue="Headless Evaluate" url="http://www.digitalrocksportal.org/projects/202"
level=error msg="cdp.Runtime: Evaluate: rpc error: Execution context was destroyed. (code = -32000)" issue="converting json ld" url="http://www.digitalrocksportal.org/projects/202"
level=error msg="cdp.Runtime: Evaluate: rpc error: Execution context was destroyed. (code = -32000)" issue="Headless Evaluate" url="http://www.digitalrocksportal.org/projects/211"
level=error msg="cdp.Runtime: Evaluate: rpc error: Execution context was destroyed. (code = -32000)" issue="converting json ld" url="http://www.digitalrocksportal.org/projects/92"
level=error msg="cdp.Runtime: Evaluate: rpc error: Execution context was destroyed. (code = -32000)" issue="converting json ld" url="http://www.digitalrocksportal.org/projects/211"
level=error msg="cdp.Runtime: Evaluate: rpc error: Execution context was destroyed. (code = -32000)" issue="Headless Evaluate" url="http://www.digitalrocksportal.org/projects/216"
level=error msg="cdp.Runtime: Evaluate: rpc error: Execution context was destroyed. (code = -32000)" issue="converting json ld" url="http://www.digitalrocksportal.org/projects/216"
level=error msg="cdp.Runtime: Evaluate: rpc error: Execution context was destroyed. (code = -32000)" issue="converting json ld" url="http://www.digitalrocksportal.org/projects/84"
level=error contentType="Direct access failed, trying headless']" url="http://www.digitalrocksportal.org/projects/35"
level=error contentType="Direct access failed, trying headless']" url="http://www.digitalrocksportal.org/projects/297"
level=error contentType="Direct access failed, trying headless']" url="http://www.digitalrocksportal.org/projects/42"
level=error contentType="Direct access failed, trying headless']" url="http://www.digitalrocksportal.org/projects/44"
level=error contentType="Direct access failed, trying headless']" url="http://www.digitalrocksportal.org/projects/324"
level=error msg="cdp.Runtime: Evaluate: rpc error: Inspected target navigated or closed (code = -32000)" issue="Headless Evaluate" url="http://www.digitalrocksportal.org/projects/35"
level=error msg="cdp.Runtime: Evaluate: rpc error: Inspected target navigated or closed (code = -32000)" issue="Headless Evaluate" url="http://www.digitalrocksportal.org/projects/44"
level=error msg="cdp.Runtime: Evaluate: rpc error: Inspected target navigated or closed (code = -32000)" issue="converting json ld" url="http://www.digitalrocksportal.org/projects/44"
level=error msg="cdp.Runtime: Evaluate: rpc error: Inspected target navigated or closed (code = -32000)" issue="converting json ld" url="http://www.digitalrocksportal.org/projects/35"
level=error msg="cdp.Runtime: Evaluate: rpc error: Inspected target navigated or closed (code = -32000)" issue="Headless Evaluate" url="http://www.digitalrocksportal.org/projects/324"
level=error msg="cdp.Runtime: Evaluate: rpc error: Inspected target navigated or closed (code = -32000)" issue="converting json ld" url="http://www.digitalrocksportal.org/projects/324"
level=error msg="cdp.Runtime: Evaluate: rpc error: Inspected target navigated or closed (code = -32000)" issue="Headless Evaluate" url="http://www.digitalrocksportal.org/projects/42"
level=error msg="cdp.Runtime: Evaluate: rpc error: Inspected target navigated or closed (code = -32000)" issue="converting json ld" url="http://www.digitalrocksportal.org/projects/42"
level=error msg="cdp.Runtime: Evaluate: rpc error: Inspected target navigated or closed (code = -32000)" issue="Headless Evaluate" url="http://www.digitalrocksportal.org/projects/297"
level=error msg="cdp.Runtime: Evaluate: rpc error: Inspected target navigated or closed (code = -32000)" issue="converting json ld" url="http://www.digitalrocksportal.org/projects/297"
level=error contentType="Direct access failed, trying headless']" url="http://www.digitalrocksportal.org/projects/207"
level=error contentType="Direct access failed, trying headless']" url="http://www.digitalrocksportal.org/projects/167"
level=error contentType="Direct access failed, trying headless']" url="http://www.digitalrocksportal.org/projects/6"
level=error contentType="Direct access failed, trying headless']" url="http://www.digitalrocksportal.org/projects/218"
level=error contentType="Direct access failed, trying headless']" url="http://www.digitalrocksportal.org/projects/172"
level=error msg="cdp.Runtime: Evaluate: rpc error: Execution context was destroyed. (code = -32000)" issue="Headless Evaluate" url="http://www.digitalrocksportal.org/projects/6"
level=error msg="cdp.Runtime: Evaluate: rpc error: Execution context was destroyed. (code = -32000)" issue="Headless Evaluate" url="http://www.digitalrocksportal.org/projects/167"
level=error msg="cdp.Runtime: Evaluate: rpc error: Execution context was destroyed. (code = -32000)" issue="Headless Evaluate" url="http://www.digitalrocksportal.org/projects/172"
level=error msg="cdp.Runtime: Evaluate: rpc error: Execution context was destroyed. (code = -32000)" issue="converting json ld" url="http://www.digitalrocksportal.org/projects/167"
level=error msg="cdp.Runtime: Evaluate: rpc error: Execution context was destroyed. (code = -32000)" issue="converting json ld" url="http://www.digitalrocksportal.org/projects/172"
level=error msg="cdp.Runtime: Evaluate: rpc error: Execution context was destroyed. (code = -32000)" issue="Headless Evaluate" url="http://www.digitalrocksportal.org/projects/207"
level=error msg="cdp.Runtime: Evaluate: rpc error: Execution context was destroyed. (code = -32000)" issue="Headless Evaluate" url="http://www.digitalrocksportal.org/projects/218"
level=error msg="cdp.Runtime: Evaluate: rpc error: Execution context was destroyed. (code = -32000)" issue="converting json ld" url="http://www.digitalrocksportal.org/projects/218"
level=error msg="cdp.Runtime: Evaluate: rpc error: Execution context was destroyed. (code = -32000)" issue="converting json ld" url="http://www.digitalrocksportal.org/projects/207"
level=error msg="cdp.Runtime: Evaluate: rpc error: Execution context was destroyed. (code = -32000)" issue="converting json ld" url="http://www.digitalrocksportal.org/projects/6"
level=error contentType="Direct access failed, trying headless']" url="http://www.digitalrocksportal.org/projects/223"
level=error contentType="Direct access failed, trying headless']" url="http://www.digitalrocksportal.org/projects/158"
level=error contentType="Direct access failed, trying headless']" url="http://www.digitalrocksportal.org/projects/370"
level=error contentType="Direct access failed, trying headless']" url="http://www.digitalrocksportal.org/projects/151"
level=error contentType="Direct access failed, trying headless']" url="http://www.digitalrocksportal.org/projects/11"
level=error msg="cdp.Page: LoadEventFired Recv: context deadline exceeded" issue="converting json ld" url="http://www.digitalrocksportal.org/projects/223"
level=error msg="Not REPO FAULT. Devtools... Is Headless Container running?" url="http://www.digitalrocksportal.org/projects/158"
level=error msg="cdp.Page: Enable: context deadline exceeded" issue="converting json ld" url="http://www.digitalrocksportal.org/projects/158"
level=error msg="Not REPO FAULT. Devtools... Is Headless Container running?" url="http://www.digitalrocksportal.org/projects/370"
level=error msg="cdp.Page: Enable: context deadline exceeded" issue="converting json ld" url="http://www.digitalrocksportal.org/projects/370"
level=error msg="Not REPO FAULT. Devtools... Is Headless Container running?" url="http://www.digitalrocksportal.org/projects/151"
level=error msg="cdp.Page: Enable: context deadline exceeded" issue="converting json ld" url="http://www.digitalrocksportal.org/projects/151"
level=error msg="Not REPO FAULT. Devtools... Is Headless Container running?" url="http://www.digitalrocksportal.org/projects/11"
level=error msg="cdp.Page: Enable: context deadline exceeded" issue="converting json ld" url="http://www.digitalrocksportal.org/projects/11"
level=error contentType="Direct access failed, trying headless']" url="http://www.digitalrocksportal.org/projects/236"
level=error contentType="Direct access failed, trying headless']" url="http://www.digitalrocksportal.org/projects/326"
level=error contentType="Direct access failed, trying headless']" url="http://www.digitalrocksportal.org/projects/425"
level=error msg="cdp.Runtime: Evaluate: rpc error: Inspected target navigated or closed (code = -32000)" issue="Headless Evaluate" url="http://www.digitalrocksportal.org/projects/236"
level=error msg="cdp.Runtime: Evaluate: rpc error: Inspected target navigated or closed (code = -32000)" issue="converting json ld" url="http://www.digitalrocksportal.org/projects/236"
level=error msg="cdp.Runtime: Evaluate: rpc error: Inspected target navigated or closed (code = -32000)" issue="Headless Evaluate" url="http://www.digitalrocksportal.org/projects/326"
level=error msg="cdp.Runtime: Evaluate: rpc error: Inspected target navigated or closed (code = -32000)" issue="converting json ld" url="http://www.digitalrocksportal.org/projects/326"
level=error msg="cdp.Runtime: Evaluate: rpc error: Inspected target navigated or closed (code = -32000)" issue="Headless Evaluate" url="http://www.digitalrocksportal.org/projects/425"
level=error msg="cdp.Runtime: Evaluate: rpc error: Inspected target navigated or closed (code = -32000)" issue="converting json ld" url="http://www.digitalrocksportal.org/projects/425"
