level=info msg="Queuing URLs for cuhk"
level=info msg="URL Count 209"
level=info contentType="script[type='application/ld+json']" url="https://researchdata.cuhk.edu.hk/dataset.xhtml?persistentId=doi:10.48668/PAXAKV"
level=info contentType="script[type='application/ld+json']" url="https://researchdata.cuhk.edu.hk/dataset.xhtml?persistentId=doi:10.48668/14WHSL"
level=info contentType="script[type='application/ld+json']" url="https://researchdata.cuhk.edu.hk/dataset.xhtml?persistentId=doi:10.48668/J28PTJ"
level=info contentType="script[type='application/ld+json']" url="https://researchdata.cuhk.edu.hk/dataset.xhtml?persistentId=doi:10.48668/PNBMFV"
level=info contentType="script[type='application/ld+json']" url="https://researchdata.cuhk.edu.hk/dataset.xhtml?persistentId=doi:10.48668/GRFSVN"
level=info contentType="script[type='application/ld+json']" url="https://researchdata.cuhk.edu.hk/dataset.xhtml?persistentId=doi:10.48668/LB5TPT"
level=info contentType="script[type='application/ld+json']" url="https://researchdata.cuhk.edu.hk/dataset.xhtml?persistentId=doi:10.48668/QZNFK9"
level=info contentType="script[type='application/ld+json']" url="https://researchdata.cuhk.edu.hk/dataset.xhtml?persistentId=doi:10.48668/W81RZ5"
level=info contentType="script[type='application/ld+json']" url="https://researchdata.cuhk.edu.hk/dataset.xhtml?persistentId=doi:10.48668/LDGGE5"
level=info contentType="script[type='application/ld+json']" url="https://researchdata.cuhk.edu.hk/dataset.xhtml?persistentId=doi:10.48668/MIMTZD"
level=info contentType="script[type='application/ld+json']" url="https://researchdata.cuhk.edu.hk/dataset.xhtml?persistentId=doi:10.48668/ZGBZMY"
level=info contentType="script[type='application/ld+json']" url="https://researchdata.cuhk.edu.hk/dataset.xhtml?persistentId=doi:10.48668/YL10G2"
level=info contentType="script[type='application/ld+json']" url="https://researchdata.cuhk.edu.hk/dataset.xhtml?persistentId=doi:10.48668/JMHDJO"
level=info contentType="script[type='application/ld+json']" url="https://researchdata.cuhk.edu.hk/dataset.xhtml?persistentId=doi:10.48668/Z2K5DF"
level=info contentType="script[type='application/ld+json']" url="https://researchdata.cuhk.edu.hk/dataset.xhtml?persistentId=doi:10.48668/OBXQC1"
level=info contentType="script[type='application/ld+json']" url="https://researchdata.cuhk.edu.hk/dataset.xhtml?persistentId=doi:10.48668/GSXYK5"
level=info contentType="script[type='application/ld+json']" url="https://researchdata.cuhk.edu.hk/dataset.xhtml?persistentId=doi:10.48668/IZOENE"
level=info contentType="script[type='application/ld+json']" url="https://researchdata.cuhk.edu.hk/dataset.xhtml?persistentId=doi:10.48668/U8XOBG"
level=info contentType="script[type='application/ld+json']" url="https://researchdata.cuhk.edu.hk/dataset.xhtml?persistentId=doi:10.48668/XQH0Y5"
level=info contentType="script[type='application/ld+json']" url="https://researchdata.cuhk.edu.hk/dataset.xhtml?persistentId=doi:10.48668/KCQPRF"
level=info contentType="script[type='application/ld+json']" url="https://researchdata.cuhk.edu.hk/dataset.xhtml?persistentId=doi:10.48668/PW5DS6"
level=info contentType="script[type='application/ld+json']" url="https://researchdata.cuhk.edu.hk/dataset.xhtml?persistentId=doi:10.48668/LAQWSI"
level=info contentType="script[type='application/ld+json']" url="https://researchdata.cuhk.edu.hk/dataset.xhtml?persistentId=doi:10.48668/A2ZST9"
level=info contentType="script[type='application/ld+json']" url="https://researchdata.cuhk.edu.hk/dataset.xhtml?persistentId=doi:10.48668/KFRZFI"
level=info contentType="script[type='application/ld+json']" url="https://researchdata.cuhk.edu.hk/dataset.xhtml?persistentId=doi:10.48668/N4SFDW"
level=info contentType="script[type='application/ld+json']" url="https://researchdata.cuhk.edu.hk/dataset.xhtml?persistentId=doi:10.48668/1YAJQV"
level=info contentType="script[type='application/ld+json']" url="https://researchdata.cuhk.edu.hk/dataset.xhtml?persistentId=doi:10.48668/OYWTJN"
level=info contentType="script[type='application/ld+json']" url="https://researchdata.cuhk.edu.hk/dataset.xhtml?persistentId=doi:10.48668/W20QTA"
level=info contentType="script[type='application/ld+json']" url="https://researchdata.cuhk.edu.hk/dataset.xhtml?persistentId=doi:10.48668/CYW3BO"
level=info contentType="script[type='application/ld+json']" url="https://researchdata.cuhk.edu.hk/dataset.xhtml?persistentId=doi:10.48668/1ARKI1"
level=info contentType="script[type='application/ld+json']" url="https://researchdata.cuhk.edu.hk/dataset.xhtml?persistentId=doi:10.48668/IZPP4Q"
level=info contentType="script[type='application/ld+json']" url="https://researchdata.cuhk.edu.hk/dataset.xhtml?persistentId=doi:10.48668/OTTXNE"
level=info contentType="script[type='application/ld+json']" url="https://researchdata.cuhk.edu.hk/dataset.xhtml?persistentId=doi:10.48668/I8HK5Y"
level=info contentType="script[type='application/ld+json']" url="https://researchdata.cuhk.edu.hk/dataset.xhtml?persistentId=doi:10.48668/XKSYSO"
level=info contentType="script[type='application/ld+json']" url="https://researchdata.cuhk.edu.hk/dataset.xhtml?persistentId=doi:10.48668/XJHKZM"
level=info contentType="script[type='application/ld+json']" url="https://researchdata.cuhk.edu.hk/dataset.xhtml?persistentId=doi:10.48668/MKLKO0"
level=info contentType="script[type='application/ld+json']" url="https://researchdata.cuhk.edu.hk/dataset.xhtml?persistentId=doi:10.48668/LQYII3"
level=info contentType="script[type='application/ld+json']" url="https://researchdata.cuhk.edu.hk/dataset.xhtml?persistentId=doi:10.48668/GLEH0E"
level=info contentType="script[type='application/ld+json']" url="https://researchdata.cuhk.edu.hk/dataset.xhtml?persistentId=doi:10.48668/ABQZ4J"
level=info contentType="script[type='application/ld+json']" url="https://researchdata.cuhk.edu.hk/dataset.xhtml?persistentId=doi:10.48668/YJXBPO"
level=info contentType="script[type='application/ld+json']" url="https://researchdata.cuhk.edu.hk/dataset.xhtml?persistentId=doi:10.48668/YNPBAG"
level=info contentType="script[type='application/ld+json']" url="https://researchdata.cuhk.edu.hk/dataset.xhtml?persistentId=doi:10.48668/V6G4JM"
level=info contentType="script[type='application/ld+json']" url="https://researchdata.cuhk.edu.hk/dataset.xhtml?persistentId=doi:10.48668/WIRVKK"
level=info contentType="script[type='application/ld+json']" url="https://researchdata.cuhk.edu.hk/dataset.xhtml?persistentId=doi:10.48668/JYYEBG"
level=info contentType="script[type='application/ld+json']" url="https://researchdata.cuhk.edu.hk/dataset.xhtml?persistentId=doi:10.48668/KT1ZZR"
level=info contentType="script[type='application/ld+json']" url="https://researchdata.cuhk.edu.hk/dataset.xhtml?persistentId=doi:10.48668/E6JEKD"
level=info contentType="script[type='application/ld+json']" url="https://researchdata.cuhk.edu.hk/dataset.xhtml?persistentId=doi:10.48668/ID0KBY"
level=info contentType="script[type='application/ld+json']" url="https://researchdata.cuhk.edu.hk/dataset.xhtml?persistentId=doi:10.48668/SK0HF6"
