level=info msg="Queuing URLs for pucdp"
level=info msg="URL Count 46"
level=info contentType="script[type='application/ld+json']" url="http://datos.pucp.edu.pe/dataset.xhtml?persistentId=hdl:20.500.12534/I2VYUH"
level=info contentType="script[type='application/ld+json']" url="http://datos.pucp.edu.pe/dataset.xhtml?persistentId=hdl:20.500.12534/K5VQ5L"
level=info contentType="script[type='application/ld+json']" url="http://datos.pucp.edu.pe/dataset.xhtml?persistentId=hdl:20.500.12534/JZDZGU"
level=info contentType="script[type='application/ld+json']" url="http://datos.pucp.edu.pe/dataset.xhtml?persistentId=hdl:20.500.12534/3PTKDR"
level=info contentType="script[type='application/ld+json']" url="http://datos.pucp.edu.pe/dataset.xhtml?persistentId=hdl:20.500.12534/AALMZU"
level=info contentType="script[type='application/ld+json']" url="http://datos.pucp.edu.pe/dataset.xhtml?persistentId=hdl:20.500.12534/7MXZ1W"
level=info contentType="script[type='application/ld+json']" url="http://datos.pucp.edu.pe/dataset.xhtml?persistentId=hdl:20.500.12534/A0IVAB"
level=info contentType="script[type='application/ld+json']" url="http://datos.pucp.edu.pe/dataset.xhtml?persistentId=hdl:20.500.12534/9F5SMI"
level=info contentType="script[type='application/ld+json']" url="http://datos.pucp.edu.pe/dataset.xhtml?persistentId=hdl:20.500.12534/3HIRBA"
level=info contentType="script[type='application/ld+json']" url="http://datos.pucp.edu.pe/dataset.xhtml?persistentId=hdl:20.500.12534/YSML1D"
level=info contentType="script[type='application/ld+json']" url="http://datos.pucp.edu.pe/dataset.xhtml?persistentId=hdl:20.500.12534/MZJGCI"
level=info contentType="script[type='application/ld+json']" url="http://datos.pucp.edu.pe/dataset.xhtml?persistentId=hdl:20.500.12534/S15WAA"
level=info contentType="script[type='application/ld+json']" url="http://datos.pucp.edu.pe/dataset.xhtml?persistentId=hdl:20.500.12534/ZKCHF9"
level=info contentType="script[type='application/ld+json']" url="http://datos.pucp.edu.pe/dataset.xhtml?persistentId=hdl:20.500.12534/1RTW4N"
level=info contentType="script[type='application/ld+json']" url="http://datos.pucp.edu.pe/dataset.xhtml?persistentId=hdl:20.500.12534/SQUEYY"
level=info contentType="script[type='application/ld+json']" url="http://datos.pucp.edu.pe/dataset.xhtml?persistentId=hdl:20.500.12534/4JRYQK"
level=info contentType="script[type='application/ld+json']" url="http://datos.pucp.edu.pe/dataset.xhtml?persistentId=hdl:20.500.12534/KYCF84"
level=info contentType="script[type='application/ld+json']" url="http://datos.pucp.edu.pe/dataset.xhtml?persistentId=hdl:20.500.12534/HDLN1U"
level=info contentType="script[type='application/ld+json']" url="http://datos.pucp.edu.pe/dataset.xhtml?persistentId=hdl:20.500.12534/LVOING"
level=info contentType="script[type='application/ld+json']" url="http://datos.pucp.edu.pe/dataset.xhtml?persistentId=hdl:20.500.12534/7IHNLW"
level=info contentType="script[type='application/ld+json']" url="http://datos.pucp.edu.pe/dataset.xhtml?persistentId=hdl:20.500.12534/QJCHMI"
level=info contentType="script[type='application/ld+json']" url="http://datos.pucp.edu.pe/dataset.xhtml?persistentId=hdl:20.500.12534/ABHPGP"
level=info contentType="script[type='application/ld+json']" url="http://datos.pucp.edu.pe/dataset.xhtml?persistentId=hdl:20.500.12534/Y9IIDW"
level=info contentType="script[type='application/ld+json']" url="http://datos.pucp.edu.pe/dataset.xhtml?persistentId=hdl:20.500.12534/AZQENF"
level=info contentType="script[type='application/ld+json']" url="http://datos.pucp.edu.pe/dataset.xhtml?persistentId=hdl:20.500.12534/BMZYXU"
level=info contentType="script[type='application/ld+json']" url="http://datos.pucp.edu.pe/dataset.xhtml?persistentId=hdl:20.500.12534/W7TIIY"
level=info contentType="script[type='application/ld+json']" url="http://datos.pucp.edu.pe/dataset.xhtml?persistentId=hdl:20.500.12534/THSLUU"
level=info contentType="script[type='application/ld+json']" url="http://datos.pucp.edu.pe/dataset.xhtml?persistentId=hdl:20.500.12534/3LFPVM"
level=info contentType="script[type='application/ld+json']" url="http://datos.pucp.edu.pe/dataset.xhtml?persistentId=hdl:20.500.12534/WOJYVJ"
level=info contentType="script[type='application/ld+json']" url="http://datos.pucp.edu.pe/dataset.xhtml?persistentId=hdl:20.500.12534/VJZOYQ"
level=info contentType="script[type='application/ld+json']" url="http://datos.pucp.edu.pe/dataset.xhtml?persistentId=hdl:20.500.12534/VY4DJQ"
level=info contentType="script[type='application/ld+json']" url="http://datos.pucp.edu.pe/dataset.xhtml?persistentId=hdl:20.500.12534/D5Y0N1"
level=info contentType="script[type='application/ld+json']" url="http://datos.pucp.edu.pe/dataset.xhtml?persistentId=hdl:20.500.12534/HEAI9L"
level=info contentType="script[type='application/ld+json']" url="http://datos.pucp.edu.pe/dataset.xhtml?persistentId=hdl:20.500.12534/TOVKMR"
level=info contentType="script[type='application/ld+json']" url="http://datos.pucp.edu.pe/dataset.xhtml?persistentId=hdl:20.500.12534/JVTOZD"
level=info contentType="script[type='application/ld+json']" url="http://datos.pucp.edu.pe/dataset.xhtml?persistentId=hdl:20.500.12534/DT2PLY"
level=info contentType="script[type='application/ld+json']" url="http://datos.pucp.edu.pe/dataset.xhtml?persistentId=hdl:20.500.12534/ZPLMGI"
level=info contentType="script[type='application/ld+json']" url="http://datos.pucp.edu.pe/dataset.xhtml?persistentId=hdl:20.500.12534/VUJ2KZ"
level=info contentType="script[type='application/ld+json']" url="http://datos.pucp.edu.pe/dataset.xhtml?persistentId=hdl:20.500.12534/SS3AXE"
level=info contentType="script[type='application/ld+json']" url="http://datos.pucp.edu.pe/dataset.xhtml?persistentId=hdl:20.500.12534/TV95A5"
level=info contentType="script[type='application/ld+json']" url="http://datos.pucp.edu.pe/dataset.xhtml?persistentId=hdl:20.500.12534/DNWY1V"
level=info contentType="script[type='application/ld+json']" url="http://datos.pucp.edu.pe/dataset.xhtml?persistentId=hdl:20.500.12534/DQXPOZ"
level=info contentType="script[type='application/ld+json']" url="http://datos.pucp.edu.pe/dataset.xhtml?persistentId=hdl:20.500.12534/EWZVQB"
level=info contentType="script[type='application/ld+json']" url="http://datos.pucp.edu.pe/dataset.xhtml?persistentId=hdl:20.500.12534/1GIMSH"
