level=error contentType="Direct access failed, trying headless']" url="https://dataverse.asu.edu/dataverse/jamesstrickland"
level=error contentType="Direct access failed, trying headless']" url="https://dataverse.asu.edu/dataverse/asac"
level=error contentType="Direct access failed, trying headless']" url="https://dataverse.asu.edu/dataverse/adhs"
level=error msg="cdp.Runtime: Evaluate: rpc error: Inspected target navigated or closed (code = -32000)" issue="Headless Evaluate" url="https://dataverse.asu.edu/dataverse/jamesstrickland"
level=error msg="cdp.Runtime: Evaluate: rpc error: Inspected target navigated or closed (code = -32000)" issue="Headless Evaluate" url="https://dataverse.asu.edu/dataverse/adhs"
level=error msg="cdp.Runtime: Evaluate: rpc error: Inspected target navigated or closed (code = -32000)" issue="converting json ld" url="https://dataverse.asu.edu/dataverse/adhs"
level=error msg="cdp.Runtime: Evaluate: rpc error: Inspected target navigated or closed (code = -32000)" issue="converting json ld" url="https://dataverse.asu.edu/dataverse/jamesstrickland"
level=error msg="cdp.Runtime: Evaluate: rpc error: Inspected target navigated or closed (code = -32000)" issue="Headless Evaluate" url="https://dataverse.asu.edu/dataverse/asac"
level=error msg="cdp.Runtime: Evaluate: rpc error: Inspected target navigated or closed (code = -32000)" issue="converting json ld" url="https://dataverse.asu.edu/dataverse/asac"
level=error contentType="Direct access failed, trying headless']" url="https://dataverse.asu.edu/dataverse/AptimaAsist"
level=error contentType="Direct access failed, trying headless']" url="https://dataverse.asu.edu/dataverse/ASUCSC"
level=error contentType="Direct access failed, trying headless']" url="https://dataverse.asu.edu/dataverse/asulibrary"
level=error contentType="Direct access failed, trying headless']" url="https://dataverse.asu.edu/dataverse/libdata"
level=error contentType="Direct access failed, trying headless']" url="https://dataverse.asu.edu/dataverse/ResearchDataHub"
level=error msg="cdp.Runtime: Evaluate: rpc error: Inspected target navigated or closed (code = -32000)" issue="Headless Evaluate" url="https://dataverse.asu.edu/dataverse/ASUCSC"
level=error msg="cdp.Runtime: Evaluate: rpc error: Inspected target navigated or closed (code = -32000)" issue="converting json ld" url="https://dataverse.asu.edu/dataverse/ASUCSC"
level=error msg="cdp.Runtime: Evaluate: rpc error: Inspected target navigated or closed (code = -32000)" issue="Headless Evaluate" url="https://dataverse.asu.edu/dataverse/libdata"
level=error msg="cdp.Runtime: Evaluate: rpc error: Inspected target navigated or closed (code = -32000)" issue="Headless Evaluate" url="https://dataverse.asu.edu/dataverse/ResearchDataHub"
level=error msg="cdp.Runtime: Evaluate: rpc error: Inspected target navigated or closed (code = -32000)" issue="converting json ld" url="https://dataverse.asu.edu/dataverse/ResearchDataHub"
level=error msg="cdp.Runtime: Evaluate: rpc error: Inspected target navigated or closed (code = -32000)" issue="Headless Evaluate" url="https://dataverse.asu.edu/dataverse/AptimaAsist"
level=error msg="cdp.Runtime: Evaluate: rpc error: Inspected target navigated or closed (code = -32000)" issue="Headless Evaluate" url="https://dataverse.asu.edu/dataverse/asulibrary"
level=error msg="cdp.Runtime: Evaluate: rpc error: Inspected target navigated or closed (code = -32000)" issue="converting json ld" url="https://dataverse.asu.edu/dataverse/AptimaAsist"
level=error msg="cdp.Runtime: Evaluate: rpc error: Inspected target navigated or closed (code = -32000)" issue="converting json ld" url="https://dataverse.asu.edu/dataverse/libdata"
level=error msg="cdp.Runtime: Evaluate: rpc error: Inspected target navigated or closed (code = -32000)" issue="converting json ld" url="https://dataverse.asu.edu/dataverse/asulibrary"
level=error contentType="Direct access failed, trying headless']" url="https://dataverse.asu.edu/dataverse/MarchMammalMadness"
level=error contentType="Direct access failed, trying headless']" url="https://dataverse.asu.edu/dataverse/birkel-lab"
level=error contentType="Direct access failed, trying headless']" url="https://dataverse.asu.edu/dataverse/mary-wollstonecraft-and-influence"
level=error contentType="Direct access failed, trying headless']" url="https://dataverse.asu.edu/dataverse/ASUHealthData"
level=error contentType="Direct access failed, trying headless']" url="https://dataverse.asu.edu/dataverse/covidfuture"
level=error msg="cdp.Runtime: Evaluate: rpc error: Inspected target navigated or closed (code = -32000)" issue="Headless Evaluate" url="https://dataverse.asu.edu/dataverse/birkel-lab"
level=error msg="cdp.Runtime: Evaluate: rpc error: Inspected target navigated or closed (code = -32000)" issue="converting json ld" url="https://dataverse.asu.edu/dataverse/birkel-lab"
level=error msg="cdp.Runtime: Evaluate: rpc error: Inspected target navigated or closed (code = -32000)" issue="Headless Evaluate" url="https://dataverse.asu.edu/dataverse/mary-wollstonecraft-and-influence"
level=error msg="cdp.Runtime: Evaluate: rpc error: Inspected target navigated or closed (code = -32000)" issue="Headless Evaluate" url="https://dataverse.asu.edu/dataverse/ASUHealthData"
level=error msg="cdp.Runtime: Evaluate: rpc error: Inspected target navigated or closed (code = -32000)" issue="converting json ld" url="https://dataverse.asu.edu/dataverse/ASUHealthData"
level=error msg="cdp.Runtime: Evaluate: rpc error: Inspected target navigated or closed (code = -32000)" issue="Headless Evaluate" url="https://dataverse.asu.edu/dataverse/MarchMammalMadness"
level=error msg="cdp.Runtime: Evaluate: rpc error: Inspected target navigated or closed (code = -32000)" issue="Headless Evaluate" url="https://dataverse.asu.edu/dataverse/covidfuture"
level=error msg="cdp.Runtime: Evaluate: rpc error: Inspected target navigated or closed (code = -32000)" issue="converting json ld" url="https://dataverse.asu.edu/dataverse/mary-wollstonecraft-and-influence"
level=error msg="cdp.Runtime: Evaluate: rpc error: Inspected target navigated or closed (code = -32000)" issue="converting json ld" url="https://dataverse.asu.edu/dataverse/MarchMammalMadness"
level=error msg="cdp.Runtime: Evaluate: rpc error: Inspected target navigated or closed (code = -32000)" issue="converting json ld" url="https://dataverse.asu.edu/dataverse/covidfuture"
level=error contentType="Direct access failed, trying headless']" url="https://dataverse.asu.edu/dataverse/MichaelDorman"
level=error contentType="Direct access failed, trying headless']" url="https://dataverse.asu.edu/dataverse/thermal-manikins"
level=error contentType="Direct access failed, trying headless']" url="https://dataverse.asu.edu/dataverse/MOTHER"
level=error contentType="Direct access failed, trying headless']" url="https://dataverse.asu.edu/dataverse/Meerow"
level=error msg="cdp.Runtime: Evaluate: rpc error: Inspected target navigated or closed (code = -32000)" issue="Headless Evaluate" url="https://dataverse.asu.edu/dataverse/MichaelDorman"
level=error msg="cdp.Runtime: Evaluate: rpc error: Inspected target navigated or closed (code = -32000)" issue="Headless Evaluate" url="https://dataverse.asu.edu/dataverse/thermal-manikins"
level=error msg="cdp.Runtime: Evaluate: rpc error: Inspected target navigated or closed (code = -32000)" issue="converting json ld" url="https://dataverse.asu.edu/dataverse/thermal-manikins"
level=error msg="cdp.Runtime: Evaluate: rpc error: Inspected target navigated or closed (code = -32000)" issue="Headless Evaluate" url="https://dataverse.asu.edu/dataverse/MOTHER"
level=error msg="cdp.Runtime: Evaluate: rpc error: Inspected target navigated or closed (code = -32000)" issue="converting json ld" url="https://dataverse.asu.edu/dataverse/MichaelDorman"
level=error msg="cdp.Runtime: Evaluate: rpc error: Inspected target navigated or closed (code = -32000)" issue="converting json ld" url="https://dataverse.asu.edu/dataverse/MOTHER"
level=error contentType="Direct access failed, trying headless']" url="https://dataverse.asu.edu/dataverse/scas"
level=error contentType="Direct access failed, trying headless']" url="https://dataverse.asu.edu/dataverse/USRegClimateChgAssess"
level=error contentType="Direct access failed, trying headless']" url="https://dataverse.asu.edu/dataverse/WesternRegionalCopyrightEducationProject"
level=error msg="cdp.Runtime: Evaluate: rpc error: Inspected target navigated or closed (code = -32000)" issue="Headless Evaluate" url="https://dataverse.asu.edu/dataverse/scas"
level=error msg="cdp.Runtime: Evaluate: rpc error: Inspected target navigated or closed (code = -32000)" issue="Headless Evaluate" url="https://dataverse.asu.edu/dataverse/USRegClimateChgAssess"
level=error msg="cdp.Runtime: Evaluate: rpc error: Inspected target navigated or closed (code = -32000)" issue="converting json ld" url="https://dataverse.asu.edu/dataverse/USRegClimateChgAssess"
level=error msg="cdp.Runtime: Evaluate: rpc error: Inspected target navigated or closed (code = -32000)" issue="Headless Evaluate" url="https://dataverse.asu.edu/dataverse/Meerow"
level=error msg="cdp.Runtime: Evaluate: rpc error: Inspected target navigated or closed (code = -32000)" issue="converting json ld" url="https://dataverse.asu.edu/dataverse/scas"
level=error msg="cdp.Runtime: Evaluate: rpc error: Inspected target navigated or closed (code = -32000)" issue="Headless Evaluate" url="https://dataverse.asu.edu/dataverse/WesternRegionalCopyrightEducationProject"
level=error msg="cdp.Runtime: Evaluate: rpc error: Inspected target navigated or closed (code = -32000)" issue="converting json ld" url="https://dataverse.asu.edu/dataverse/WesternRegionalCopyrightEducationProject"
level=error msg="cdp.Runtime: Evaluate: rpc error: Inspected target navigated or closed (code = -32000)" issue="converting json ld" url="https://dataverse.asu.edu/dataverse/Meerow"
