level=error contentType="Direct access failed, trying headless']" url="https://dataverse.ird.fr/dataverse/amma-catch"
level=error contentType="Direct access failed, trying headless']" url="https://dataverse.ird.fr/dataverse/benin"
level=error contentType="Direct access failed, trying headless']" url="https://dataverse.ird.fr/dataverse/anr_bridge_cases"
level=error contentType="Direct access failed, trying headless']" url="https://dataverse.ird.fr/dataverse/new_caledonia"
level=error contentType="Direct access failed, trying headless']" url="https://dataverse.ird.fr/dataverse/ceres"
level=error msg="cdp.Runtime: Evaluate: rpc error: Inspected target navigated or closed (code = -32000)" issue="Headless Evaluate" url="https://dataverse.ird.fr/dataverse/ceres"
level=error msg="cdp.Runtime: Evaluate: rpc error: Inspected target navigated or closed (code = -32000)" issue="converting json ld" url="https://dataverse.ird.fr/dataverse/ceres"
level=error msg="cdp.Runtime: Evaluate: rpc error: Inspected target navigated or closed (code = -32000)" issue="Headless Evaluate" url="https://dataverse.ird.fr/dataverse/amma-catch"
level=error msg="cdp.Runtime: Evaluate: rpc error: Inspected target navigated or closed (code = -32000)" issue="Headless Evaluate" url="https://dataverse.ird.fr/dataverse/benin"
level=error msg="cdp.Runtime: Evaluate: rpc error: Inspected target navigated or closed (code = -32000)" issue="Headless Evaluate" url="https://dataverse.ird.fr/dataverse/anr_bridge_cases"
level=error msg="cdp.Runtime: Evaluate: rpc error: Inspected target navigated or closed (code = -32000)" issue="converting json ld" url="https://dataverse.ird.fr/dataverse/anr_bridge_cases"
level=error msg="cdp.Runtime: Evaluate: rpc error: Inspected target navigated or closed (code = -32000)" issue="converting json ld" url="https://dataverse.ird.fr/dataverse/benin"
level=error msg="cdp.Runtime: Evaluate: rpc error: Inspected target navigated or closed (code = -32000)" issue="Headless Evaluate" url="https://dataverse.ird.fr/dataverse/new_caledonia"
level=error msg="cdp.Runtime: Evaluate: rpc error: Inspected target navigated or closed (code = -32000)" issue="converting json ld" url="https://dataverse.ird.fr/dataverse/amma-catch"
level=error msg="cdp.Runtime: Evaluate: rpc error: Inspected target navigated or closed (code = -32000)" issue="converting json ld" url="https://dataverse.ird.fr/dataverse/new_caledonia"
level=error contentType="Direct access failed, trying headless']" url="https://dataverse.ird.fr/dataverse/env_rivers_saigon_dongnai"
level=error contentType="Direct access failed, trying headless']" url="https://dataverse.ird.fr/dataverse/ECOTERM"
level=error contentType="Direct access failed, trying headless']" url="https://dataverse.ird.fr/dataverse/dial"
level=error contentType="Direct access failed, trying headless']" url="https://dataverse.ird.fr/dataverse/preparation"
level=error contentType="Direct access failed, trying headless']" url="https://dataverse.ird.fr/dataverse/cerege"
level=error msg="cdp.Runtime: Evaluate: rpc error: Inspected target navigated or closed (code = -32000)" issue="Headless Evaluate" url="https://dataverse.ird.fr/dataverse/env_rivers_saigon_dongnai"
level=error msg="cdp.Runtime: Evaluate: rpc error: Inspected target navigated or closed (code = -32000)" issue="Headless Evaluate" url="https://dataverse.ird.fr/dataverse/ECOTERM"
level=error msg="cdp.Runtime: Evaluate: rpc error: Inspected target navigated or closed (code = -32000)" issue="Headless Evaluate" url="https://dataverse.ird.fr/dataverse/dial"
level=error msg="cdp.Runtime: Evaluate: rpc error: Inspected target navigated or closed (code = -32000)" issue="Headless Evaluate" url="https://dataverse.ird.fr/dataverse/preparation"
level=error msg="cdp.Runtime: Evaluate: rpc error: Inspected target navigated or closed (code = -32000)" issue="converting json ld" url="https://dataverse.ird.fr/dataverse/preparation"
level=error msg="cdp.Runtime: Evaluate: rpc error: Inspected target navigated or closed (code = -32000)" issue="Headless Evaluate" url="https://dataverse.ird.fr/dataverse/cerege"
level=error msg="cdp.Runtime: Evaluate: rpc error: Inspected target navigated or closed (code = -32000)" issue="converting json ld" url="https://dataverse.ird.fr/dataverse/ECOTERM"
level=error msg="cdp.Runtime: Evaluate: rpc error: Inspected target navigated or closed (code = -32000)" issue="converting json ld" url="https://dataverse.ird.fr/dataverse/env_rivers_saigon_dongnai"
level=error msg="cdp.Runtime: Evaluate: rpc error: Inspected target navigated or closed (code = -32000)" issue="converting json ld" url="https://dataverse.ird.fr/dataverse/dial"
level=error msg="cdp.Runtime: Evaluate: rpc error: Inspected target navigated or closed (code = -32000)" issue="converting json ld" url="https://dataverse.ird.fr/dataverse/cerege"
level=error contentType="Direct access failed, trying headless']" url="https://dataverse.ird.fr/dataverse/mapnet_study"
level=error contentType="Direct access failed, trying headless']" url="https://dataverse.ird.fr/dataverse/sysmipro_study"
level=error contentType="Direct access failed, trying headless']" url="https://dataverse.ird.fr/dataverse/oprt_brakaguhe_2019"
level=error contentType="Direct access failed, trying headless']" url="https://dataverse.ird.fr/dataverse/umr_diade"
level=error contentType="Direct access failed, trying headless']" url="https://dataverse.ird.fr/dataverse/eco-sols"
level=error msg="cdp.Runtime: Evaluate: rpc error: Inspected target navigated or closed (code = -32000)" issue="Headless Evaluate" url="https://dataverse.ird.fr/dataverse/sysmipro_study"
level=error msg="cdp.Runtime: Evaluate: rpc error: Inspected target navigated or closed (code = -32000)" issue="converting json ld" url="https://dataverse.ird.fr/dataverse/sysmipro_study"
level=error msg="cdp.Runtime: Evaluate: rpc error: Inspected target navigated or closed (code = -32000)" issue="Headless Evaluate" url="https://dataverse.ird.fr/dataverse/mapnet_study"
level=error msg="cdp.Runtime: Evaluate: rpc error: Inspected target navigated or closed (code = -32000)" issue="converting json ld" url="https://dataverse.ird.fr/dataverse/mapnet_study"
level=error msg="cdp.Runtime: Evaluate: rpc error: Inspected target navigated or closed (code = -32000)" issue="Headless Evaluate" url="https://dataverse.ird.fr/dataverse/umr_diade"
level=error msg="cdp.Runtime: Evaluate: rpc error: Inspected target navigated or closed (code = -32000)" issue="converting json ld" url="https://dataverse.ird.fr/dataverse/umr_diade"
level=error msg="cdp.Runtime: Evaluate: rpc error: Inspected target navigated or closed (code = -32000)" issue="Headless Evaluate" url="https://dataverse.ird.fr/dataverse/eco-sols"
level=error msg="cdp.Runtime: Evaluate: rpc error: Inspected target navigated or closed (code = -32000)" issue="Headless Evaluate" url="https://dataverse.ird.fr/dataverse/oprt_brakaguhe_2019"
level=error msg="cdp.Runtime: Evaluate: rpc error: Inspected target navigated or closed (code = -32000)" issue="converting json ld" url="https://dataverse.ird.fr/dataverse/eco-sols"
level=error msg="cdp.Runtime: Evaluate: rpc error: Inspected target navigated or closed (code = -32000)" issue="converting json ld" url="https://dataverse.ird.fr/dataverse/oprt_brakaguhe_2019"
level=error contentType="Direct access failed, trying headless']" url="https://dataverse.ird.fr/dataverse/umr_lisah"
level=error contentType="Direct access failed, trying headless']" url="https://dataverse.ird.fr/dataverse/ces-paysage"
level=error contentType="Direct access failed, trying headless']" url="https://dataverse.ird.fr/dataverse/oriesa"
level=error contentType="Direct access failed, trying headless']" url="https://dataverse.ird.fr/dataverse/umr_egce"
level=error contentType="Direct access failed, trying headless']" url="https://dataverse.ird.fr/dataverse/umr_lmv"
level=error msg="cdp.Runtime: Evaluate: rpc error: Inspected target navigated or closed (code = -32000)" issue="Headless Evaluate" url="https://dataverse.ird.fr/dataverse/umr_lisah"
level=error msg="cdp.Runtime: Evaluate: rpc error: Inspected target navigated or closed (code = -32000)" issue="converting json ld" url="https://dataverse.ird.fr/dataverse/umr_lisah"
level=error msg="cdp.Runtime: Evaluate: rpc error: Inspected target navigated or closed (code = -32000)" issue="Headless Evaluate" url="https://dataverse.ird.fr/dataverse/ces-paysage"
level=error msg="cdp.Runtime: Evaluate: rpc error: Inspected target navigated or closed (code = -32000)" issue="converting json ld" url="https://dataverse.ird.fr/dataverse/ces-paysage"
level=error msg="cdp.Runtime: Evaluate: rpc error: Inspected target navigated or closed (code = -32000)" issue="Headless Evaluate" url="https://dataverse.ird.fr/dataverse/oriesa"
level=error msg="cdp.Runtime: Evaluate: rpc error: Inspected target navigated or closed (code = -32000)" issue="converting json ld" url="https://dataverse.ird.fr/dataverse/oriesa"
level=error msg="cdp.Runtime: Evaluate: rpc error: Inspected target navigated or closed (code = -32000)" issue="Headless Evaluate" url="https://dataverse.ird.fr/dataverse/umr_egce"
level=error msg="cdp.Runtime: Evaluate: rpc error: Inspected target navigated or closed (code = -32000)" issue="Headless Evaluate" url="https://dataverse.ird.fr/dataverse/umr_lmv"
level=error msg="cdp.Runtime: Evaluate: rpc error: Inspected target navigated or closed (code = -32000)" issue="converting json ld" url="https://dataverse.ird.fr/dataverse/umr_egce"
level=error msg="cdp.Runtime: Evaluate: rpc error: Inspected target navigated or closed (code = -32000)" issue="converting json ld" url="https://dataverse.ird.fr/dataverse/umr_lmv"
level=error contentType="Direct access failed, trying headless']" url="https://dataverse.ird.fr/dataverse/umr_lped"
level=error contentType="Direct access failed, trying headless']" url="https://dataverse.ird.fr/dataverse/M-TROPICS_GET"
level=error contentType="Direct access failed, trying headless']" url="https://dataverse.ird.fr/dataverse/M-TROPICS"
level=error contentType="Direct access failed, trying headless']" url="https://dataverse.ird.fr/dataverse/BvAfriqueCentraleHSM"
level=error contentType="Direct access failed, trying headless']" url="https://dataverse.ird.fr/dataverse/evogec"
level=error msg="cdp.Runtime: Evaluate: rpc error: Inspected target navigated or closed (code = -32000)" issue="Headless Evaluate" url="https://dataverse.ird.fr/dataverse/umr_lped"
level=error msg="cdp.Runtime: Evaluate: rpc error: Inspected target navigated or closed (code = -32000)" issue="Headless Evaluate" url="https://dataverse.ird.fr/dataverse/M-TROPICS_GET"
level=error msg="cdp.Runtime: Evaluate: rpc error: Inspected target navigated or closed (code = -32000)" issue="converting json ld" url="https://dataverse.ird.fr/dataverse/M-TROPICS_GET"
level=error msg="cdp.Runtime: Evaluate: rpc error: Inspected target navigated or closed (code = -32000)" issue="Headless Evaluate" url="https://dataverse.ird.fr/dataverse/evogec"
level=error msg="cdp.Runtime: Evaluate: rpc error: Inspected target navigated or closed (code = -32000)" issue="converting json ld" url="https://dataverse.ird.fr/dataverse/evogec"
level=error msg="cdp.Runtime: Evaluate: rpc error: Inspected target navigated or closed (code = -32000)" issue="converting json ld" url="https://dataverse.ird.fr/dataverse/umr_lped"
level=error msg="cdp.Runtime: Evaluate: rpc error: Inspected target navigated or closed (code = -32000)" issue="Headless Evaluate" url="https://dataverse.ird.fr/dataverse/M-TROPICS"
level=error msg="cdp.Runtime: Evaluate: rpc error: Inspected target navigated or closed (code = -32000)" issue="Headless Evaluate" url="https://dataverse.ird.fr/dataverse/BvAfriqueCentraleHSM"
level=error msg="cdp.Runtime: Evaluate: rpc error: Inspected target navigated or closed (code = -32000)" issue="converting json ld" url="https://dataverse.ird.fr/dataverse/M-TROPICS"
level=error msg="cdp.Runtime: Evaluate: rpc error: Inspected target navigated or closed (code = -32000)" issue="converting json ld" url="https://dataverse.ird.fr/dataverse/BvAfriqueCentraleHSM"
level=error contentType="Direct access failed, trying headless']" url="https://dataverse.ird.fr/dataverse/guyane"
level=error contentType="Direct access failed, trying headless']" url="https://dataverse.ird.fr/dataverse/indonesia"
level=error contentType="Direct access failed, trying headless']" url="https://dataverse.ird.fr/dataverse/umr_marbec"
level=error contentType="Direct access failed, trying headless']" url="https://dataverse.ird.fr/dataverse/M-TROPICS_iEES-Paris"
level=error contentType="Direct access failed, trying headless']" url="https://dataverse.ird.fr/dataverse/inf_waste_collection"
level=error msg="cdp.Runtime: Evaluate: rpc error: Inspected target navigated or closed (code = -32000)" issue="Headless Evaluate" url="https://dataverse.ird.fr/dataverse/guyane"
level=error msg="cdp.Runtime: Evaluate: rpc error: Inspected target navigated or closed (code = -32000)" issue="converting json ld" url="https://dataverse.ird.fr/dataverse/guyane"
level=error msg="cdp.Runtime: Evaluate: rpc error: Inspected target navigated or closed (code = -32000)" issue="Headless Evaluate" url="https://dataverse.ird.fr/dataverse/indonesia"
level=error msg="cdp.Runtime: Evaluate: rpc error: Inspected target navigated or closed (code = -32000)" issue="converting json ld" url="https://dataverse.ird.fr/dataverse/indonesia"
level=error msg="cdp.Runtime: Evaluate: rpc error: Inspected target navigated or closed (code = -32000)" issue="Headless Evaluate" url="https://dataverse.ird.fr/dataverse/inf_waste_collection"
level=error msg="cdp.Runtime: Evaluate: rpc error: Inspected target navigated or closed (code = -32000)" issue="converting json ld" url="https://dataverse.ird.fr/dataverse/inf_waste_collection"
level=error msg="cdp.Runtime: Evaluate: rpc error: Inspected target navigated or closed (code = -32000)" issue="Headless Evaluate" url="https://dataverse.ird.fr/dataverse/umr_marbec"
level=error msg="cdp.Runtime: Evaluate: rpc error: Inspected target navigated or closed (code = -32000)" issue="converting json ld" url="https://dataverse.ird.fr/dataverse/umr_marbec"
level=error msg="cdp.Runtime: Evaluate: rpc error: Inspected target navigated or closed (code = -32000)" issue="Headless Evaluate" url="https://dataverse.ird.fr/dataverse/M-TROPICS_iEES-Paris"
level=error msg="cdp.Runtime: Evaluate: rpc error: Inspected target navigated or closed (code = -32000)" issue="converting json ld" url="https://dataverse.ird.fr/dataverse/M-TROPICS_iEES-Paris"
level=error contentType="Direct access failed, trying headless']" url="https://dataverse.ird.fr/dataverse/root"
level=error contentType="Direct access failed, trying headless']" url="https://dataverse.ird.fr/dataverse/raincell"
level=error msg="cdp.Runtime: Evaluate: rpc error: Inspected target navigated or closed (code = -32000)" issue="Headless Evaluate" url="https://dataverse.ird.fr/dataverse/root"
level=error msg="cdp.Runtime: Evaluate: rpc error: Inspected target navigated or closed (code = -32000)" issue="converting json ld" url="https://dataverse.ird.fr/dataverse/root"
level=error contentType="Direct access failed, trying headless']" url="https://dataverse.ird.fr/dataverse/project_react"
level=error contentType="Direct access failed, trying headless']" url="https://dataverse.ird.fr/dataverse/reunion_island"
level=error contentType="Direct access failed, trying headless']" url="https://dataverse.ird.fr/dataverse/LMI-EDD-BIODIV-Lamto"
level=error contentType="Direct access failed, trying headless']" url="https://dataverse.ird.fr/dataverse/umr_entropie"
level=error msg="cdp.Runtime: Evaluate: rpc error: Inspected target navigated or closed (code = -32000)" issue="Headless Evaluate" url="https://dataverse.ird.fr/dataverse/raincell"
level=error msg="cdp.Runtime: Evaluate: rpc error: Inspected target navigated or closed (code = -32000)" issue="Headless Evaluate" url="https://dataverse.ird.fr/dataverse/project_react"
level=error msg="cdp.Runtime: Evaluate: rpc error: Inspected target navigated or closed (code = -32000)" issue="Headless Evaluate" url="https://dataverse.ird.fr/dataverse/LMI-EDD-BIODIV-Lamto"
level=error msg="cdp.Runtime: Evaluate: rpc error: Inspected target navigated or closed (code = -32000)" issue="Headless Evaluate" url="https://dataverse.ird.fr/dataverse/umr_entropie"
level=error msg="cdp.Runtime: Evaluate: rpc error: Inspected target navigated or closed (code = -32000)" issue="converting json ld" url="https://dataverse.ird.fr/dataverse/LMI-EDD-BIODIV-Lamto"
level=error msg="cdp.Runtime: Evaluate: rpc error: Inspected target navigated or closed (code = -32000)" issue="converting json ld" url="https://dataverse.ird.fr/dataverse/umr_entropie"
level=error msg="cdp.Runtime: Evaluate: rpc error: Inspected target navigated or closed (code = -32000)" issue="converting json ld" url="https://dataverse.ird.fr/dataverse/project_react"
level=error msg="cdp.Runtime: Evaluate: rpc error: Inspected target navigated or closed (code = -32000)" issue="Headless Evaluate" url="https://dataverse.ird.fr/dataverse/reunion_island"
level=error msg="cdp.Runtime: Evaluate: rpc error: Inspected target navigated or closed (code = -32000)" issue="converting json ld" url="https://dataverse.ird.fr/dataverse/raincell"
level=error msg="cdp.Runtime: Evaluate: rpc error: Inspected target navigated or closed (code = -32000)" issue="converting json ld" url="https://dataverse.ird.fr/dataverse/reunion_island"
level=error contentType="Direct access failed, trying headless']" url="https://dataverse.ird.fr/dataverse/dugong_habitat_use_nc"
level=error contentType="Direct access failed, trying headless']" url="https://dataverse.ird.fr/dataverse/senegal"
level=error contentType="Direct access failed, trying headless']" url="https://dataverse.ird.fr/dataverse/umr_espace-dev"
level=error contentType="Direct access failed, trying headless']" url="https://dataverse.ird.fr/dataverse/umr_get"
level=error contentType="Direct access failed, trying headless']" url="https://dataverse.ird.fr/dataverse/ivory_coast"
level=error msg="cdp.Runtime: Evaluate: rpc error: Execution context was destroyed. (code = -32000)" issue="Headless Evaluate" url="https://dataverse.ird.fr/dataverse/ivory_coast"
level=error msg="cdp.Runtime: Evaluate: rpc error: Execution context was destroyed. (code = -32000)" issue="Headless Evaluate" url="https://dataverse.ird.fr/dataverse/umr_get"
level=error msg="cdp.Runtime: Evaluate: rpc error: Execution context was destroyed. (code = -32000)" issue="converting json ld" url="https://dataverse.ird.fr/dataverse/umr_get"
level=error msg="cdp.Runtime: Evaluate: rpc error: Execution context was destroyed. (code = -32000)" issue="Headless Evaluate" url="https://dataverse.ird.fr/dataverse/senegal"
level=error msg="cdp.Runtime: Evaluate: rpc error: Execution context was destroyed. (code = -32000)" issue="converting json ld" url="https://dataverse.ird.fr/dataverse/ivory_coast"
level=error msg="cdp.Runtime: Evaluate: rpc error: Execution context was destroyed. (code = -32000)" issue="converting json ld" url="https://dataverse.ird.fr/dataverse/senegal"
level=error msg="cdp.Runtime: Evaluate: rpc error: Execution context was destroyed. (code = -32000)" issue="Headless Evaluate" url="https://dataverse.ird.fr/dataverse/dugong_habitat_use_nc"
level=error msg="cdp.Runtime: Evaluate: rpc error: Execution context was destroyed. (code = -32000)" issue="Headless Evaluate" url="https://dataverse.ird.fr/dataverse/umr_espace-dev"
level=error msg="cdp.Runtime: Evaluate: rpc error: Execution context was destroyed. (code = -32000)" issue="converting json ld" url="https://dataverse.ird.fr/dataverse/dugong_habitat_use_nc"
level=error msg="cdp.Runtime: Evaluate: rpc error: Execution context was destroyed. (code = -32000)" issue="converting json ld" url="https://dataverse.ird.fr/dataverse/umr_espace-dev"
level=error contentType="Direct access failed, trying headless']" url="https://dataverse.ird.fr/dataverse/oryzagenomedata"
level=error contentType="Direct access failed, trying headless']" url="https://dataverse.ird.fr/dataverse/umr_hydrosciences"
level=error contentType="Direct access failed, trying headless']" url="https://dataverse.ird.fr/dataverse/jeai_grab"
level=error contentType="Direct access failed, trying headless']" url="https://dataverse.ird.fr/dataverse/paddle"
level=error contentType="Direct access failed, trying headless']" url="https://dataverse.ird.fr/dataverse/Ivory_Coast_Development_Knowledge_Fabric_Lab"
level=error msg="cdp.Runtime: Evaluate: rpc error: Inspected target navigated or closed (code = -32000)" issue="Headless Evaluate" url="https://dataverse.ird.fr/dataverse/oryzagenomedata"
level=error msg="cdp.Runtime: Evaluate: rpc error: Inspected target navigated or closed (code = -32000)" issue="Headless Evaluate" url="https://dataverse.ird.fr/dataverse/paddle"
level=error msg="cdp.Runtime: Evaluate: rpc error: Inspected target navigated or closed (code = -32000)" issue="Headless Evaluate" url="https://dataverse.ird.fr/dataverse/jeai_grab"
level=error msg="cdp.Runtime: Evaluate: rpc error: Inspected target navigated or closed (code = -32000)" issue="Headless Evaluate" url="https://dataverse.ird.fr/dataverse/umr_hydrosciences"
level=error msg="cdp.Runtime: Evaluate: rpc error: Inspected target navigated or closed (code = -32000)" issue="converting json ld" url="https://dataverse.ird.fr/dataverse/jeai_grab"
level=error msg="cdp.Runtime: Evaluate: rpc error: Inspected target navigated or closed (code = -32000)" issue="converting json ld" url="https://dataverse.ird.fr/dataverse/umr_hydrosciences"
level=error msg="cdp.Runtime: Evaluate: rpc error: Inspected target navigated or closed (code = -32000)" issue="Headless Evaluate" url="https://dataverse.ird.fr/dataverse/Ivory_Coast_Development_Knowledge_Fabric_Lab"
level=error msg="cdp.Runtime: Evaluate: rpc error: Inspected target navigated or closed (code = -32000)" issue="converting json ld" url="https://dataverse.ird.fr/dataverse/Ivory_Coast_Development_Knowledge_Fabric_Lab"
level=error msg="cdp.Runtime: Evaluate: rpc error: Inspected target navigated or closed (code = -32000)" issue="converting json ld" url="https://dataverse.ird.fr/dataverse/paddle"
level=error msg="cdp.Runtime: Evaluate: rpc error: Inspected target navigated or closed (code = -32000)" issue="converting json ld" url="https://dataverse.ird.fr/dataverse/oryzagenomedata"
level=error contentType="Direct access failed, trying headless']" url="https://dataverse.ird.fr/dataverse/umr_ige"
level=error contentType="Direct access failed, trying headless']" url="https://dataverse.ird.fr/dataverse/iEES-Paris"
level=error contentType="Direct access failed, trying headless']" url="https://dataverse.ird.fr/dataverse/jeai_tanit"
level=error contentType="Direct access failed, trying headless']" url="https://dataverse.ird.fr/dataverse/PAPREDATA"
level=error contentType="Direct access failed, trying headless']" url="https://dataverse.ird.fr/dataverse/partnerships"
level=error msg="cdp.Runtime: Evaluate: rpc error: Inspected target navigated or closed (code = -32000)" issue="Headless Evaluate" url="https://dataverse.ird.fr/dataverse/umr_ige"
level=error msg="cdp.Runtime: Evaluate: rpc error: Inspected target navigated or closed (code = -32000)" issue="converting json ld" url="https://dataverse.ird.fr/dataverse/umr_ige"
level=error msg="cdp.Runtime: Evaluate: rpc error: Inspected target navigated or closed (code = -32000)" issue="Headless Evaluate" url="https://dataverse.ird.fr/dataverse/iEES-Paris"
level=error msg="cdp.Runtime: Evaluate: rpc error: Inspected target navigated or closed (code = -32000)" issue="Headless Evaluate" url="https://dataverse.ird.fr/dataverse/jeai_tanit"
level=error msg="cdp.Runtime: Evaluate: rpc error: Inspected target navigated or closed (code = -32000)" issue="converting json ld" url="https://dataverse.ird.fr/dataverse/iEES-Paris"
level=error msg="cdp.Runtime: Evaluate: rpc error: Inspected target navigated or closed (code = -32000)" issue="Headless Evaluate" url="https://dataverse.ird.fr/dataverse/partnerships"
level=error msg="cdp.Runtime: Evaluate: rpc error: Inspected target navigated or closed (code = -32000)" issue="converting json ld" url="https://dataverse.ird.fr/dataverse/jeai_tanit"
level=error msg="cdp.Runtime: Evaluate: rpc error: Inspected target navigated or closed (code = -32000)" issue="Headless Evaluate" url="https://dataverse.ird.fr/dataverse/PAPREDATA"
level=error msg="cdp.Runtime: Evaluate: rpc error: Inspected target navigated or closed (code = -32000)" issue="converting json ld" url="https://dataverse.ird.fr/dataverse/partnerships"
level=error msg="cdp.Runtime: Evaluate: rpc error: Inspected target navigated or closed (code = -32000)" issue="converting json ld" url="https://dataverse.ird.fr/dataverse/PAPREDATA"
level=error contentType="Direct access failed, trying headless']" url="https://dataverse.ird.fr/dataverse/marine_mammal_photo-id-catalog"
level=error contentType="Direct access failed, trying headless']" url="https://dataverse.ird.fr/dataverse/lmi_trema"
level=error contentType="Direct access failed, trying headless']" url="https://dataverse.ird.fr/dataverse/porpoise_genomics"
level=error contentType="Direct access failed, trying headless']" url="https://dataverse.ird.fr/dataverse/lmi_pathobios"
level=error contentType="Direct access failed, trying headless']" url="https://dataverse.ird.fr/dataverse/team_sand"
level=error msg="cdp.Runtime: Evaluate: rpc error: Inspected target navigated or closed (code = -32000)" issue="Headless Evaluate" url="https://dataverse.ird.fr/dataverse/marine_mammal_photo-id-catalog"
level=error msg="cdp.Runtime: Evaluate: rpc error: Inspected target navigated or closed (code = -32000)" issue="converting json ld" url="https://dataverse.ird.fr/dataverse/marine_mammal_photo-id-catalog"
level=error msg="cdp.Runtime: Evaluate: rpc error: Inspected target navigated or closed (code = -32000)" issue="Headless Evaluate" url="https://dataverse.ird.fr/dataverse/porpoise_genomics"
level=error msg="cdp.Runtime: Evaluate: rpc error: Inspected target navigated or closed (code = -32000)" issue="converting json ld" url="https://dataverse.ird.fr/dataverse/porpoise_genomics"
level=error msg="cdp.Runtime: Evaluate: rpc error: Inspected target navigated or closed (code = -32000)" issue="Headless Evaluate" url="https://dataverse.ird.fr/dataverse/lmi_pathobios"
level=error msg="cdp.Runtime: Evaluate: rpc error: Inspected target navigated or closed (code = -32000)" issue="Headless Evaluate" url="https://dataverse.ird.fr/dataverse/team_sand"
level=error msg="cdp.Runtime: Evaluate: rpc error: Inspected target navigated or closed (code = -32000)" issue="converting json ld" url="https://dataverse.ird.fr/dataverse/team_sand"
level=error msg="cdp.Runtime: Evaluate: rpc error: Inspected target navigated or closed (code = -32000)" issue="Headless Evaluate" url="https://dataverse.ird.fr/dataverse/lmi_trema"
level=error msg="cdp.Runtime: Evaluate: rpc error: Inspected target navigated or closed (code = -32000)" issue="converting json ld" url="https://dataverse.ird.fr/dataverse/lmi_trema"
level=error msg="cdp.Runtime: Evaluate: rpc error: Inspected target navigated or closed (code = -32000)" issue="converting json ld" url="https://dataverse.ird.fr/dataverse/lmi_pathobios"
level=error contentType="Direct access failed, trying headless']" url="https://dataverse.ird.fr/dataverse/protect_project"
level=error contentType="Direct access failed, trying headless']" url="https://dataverse.ird.fr/dataverse/BDViaSahelHydrogeologie"
level=error contentType="Direct access failed, trying headless']" url="https://dataverse.ird.fr/dataverse/cirad_umr_moisa"
level=error contentType="Direct access failed, trying headless']" url="https://dataverse.ird.fr/dataverse/project_medo"
level=error contentType="Direct access failed, trying headless']" url="https://dataverse.ird.fr/dataverse/pi2p"
level=error msg="cdp.Runtime: Evaluate: rpc error: Inspected target navigated or closed (code = -32000)" issue="Headless Evaluate" url="https://dataverse.ird.fr/dataverse/protect_project"
level=error msg="cdp.Runtime: Evaluate: rpc error: Inspected target navigated or closed (code = -32000)" issue="converting json ld" url="https://dataverse.ird.fr/dataverse/protect_project"
level=error msg="cdp.Runtime: Evaluate: rpc error: Inspected target navigated or closed (code = -32000)" issue="Headless Evaluate" url="https://dataverse.ird.fr/dataverse/BDViaSahelHydrogeologie"
level=error msg="cdp.Runtime: Evaluate: rpc error: Inspected target navigated or closed (code = -32000)" issue="Headless Evaluate" url="https://dataverse.ird.fr/dataverse/pi2p"
level=error msg="cdp.Runtime: Evaluate: rpc error: Inspected target navigated or closed (code = -32000)" issue="Headless Evaluate" url="https://dataverse.ird.fr/dataverse/cirad_umr_moisa"
level=error msg="cdp.Runtime: Evaluate: rpc error: Inspected target navigated or closed (code = -32000)" issue="converting json ld" url="https://dataverse.ird.fr/dataverse/cirad_umr_moisa"
level=error msg="cdp.Runtime: Evaluate: rpc error: Inspected target navigated or closed (code = -32000)" issue="Headless Evaluate" url="https://dataverse.ird.fr/dataverse/project_medo"
level=error msg="cdp.Runtime: Evaluate: rpc error: Inspected target navigated or closed (code = -32000)" issue="converting json ld" url="https://dataverse.ird.fr/dataverse/project_medo"
level=error msg="cdp.Runtime: Evaluate: rpc error: Inspected target navigated or closed (code = -32000)" issue="converting json ld" url="https://dataverse.ird.fr/dataverse/BDViaSahelHydrogeologie"
level=error msg="cdp.Runtime: Evaluate: rpc error: Inspected target navigated or closed (code = -32000)" issue="converting json ld" url="https://dataverse.ird.fr/dataverse/pi2p"
level=error contentType="Direct access failed, trying headless']" url="https://dataverse.ird.fr/dataverse/umr_imbe"
level=error contentType="Direct access failed, trying headless']" url="https://dataverse.ird.fr/dataverse/umr_merit"
level=error contentType="Direct access failed, trying headless']" url="https://dataverse.ird.fr/dataverse/umr_mio"
level=error contentType="Direct access failed, trying headless']" url="https://dataverse.ird.fr/dataverse/umr_intertryp"
level=error msg="cdp.Runtime: Evaluate: rpc error: Execution context was destroyed. (code = -32000)" issue="Headless Evaluate" url="https://dataverse.ird.fr/dataverse/umr_intertryp"
level=error msg="cdp.Runtime: Evaluate: rpc error: Execution context was destroyed. (code = -32000)" issue="converting json ld" url="https://dataverse.ird.fr/dataverse/umr_intertryp"
level=error msg="cdp.Runtime: Evaluate: rpc error: Execution context was destroyed. (code = -32000)" issue="Headless Evaluate" url="https://dataverse.ird.fr/dataverse/umr_imbe"
level=error msg="cdp.Runtime: Evaluate: rpc error: Execution context was destroyed. (code = -32000)" issue="Headless Evaluate" url="https://dataverse.ird.fr/dataverse/umr_merit"
level=error msg="cdp.Runtime: Evaluate: rpc error: Execution context was destroyed. (code = -32000)" issue="Headless Evaluate" url="https://dataverse.ird.fr/dataverse/umr_mio"
level=error msg="cdp.Runtime: Evaluate: rpc error: Execution context was destroyed. (code = -32000)" issue="converting json ld" url="https://dataverse.ird.fr/dataverse/umr_imbe"
level=error msg="cdp.Runtime: Evaluate: rpc error: Execution context was destroyed. (code = -32000)" issue="converting json ld" url="https://dataverse.ird.fr/dataverse/umr_mio"
level=error msg="cdp.Runtime: Evaluate: rpc error: Execution context was destroyed. (code = -32000)" issue="converting json ld" url="https://dataverse.ird.fr/dataverse/umr_merit"
level=error contentType="Direct access failed, trying headless']" url="https://dataverse.ird.fr/dataverse/cirad_umr_amap"
level=error contentType="Direct access failed, trying headless']" url="https://dataverse.ird.fr/dataverse/mso"
level=error contentType="Direct access failed, trying headless']" url="https://dataverse.ird.fr/dataverse/microplastic"
level=error contentType="Direct access failed, trying headless']" url="https://dataverse.ird.fr/dataverse/inrae_umr_amap"
level=error contentType="Direct access failed, trying headless']" url="https://dataverse.ird.fr/dataverse/development_knowledge_fabric_lab"
level=error msg="cdp.Runtime: Evaluate: rpc error: Inspected target navigated or closed (code = -32000)" issue="Headless Evaluate" url="https://dataverse.ird.fr/dataverse/cirad_umr_amap"
level=error msg="cdp.Runtime: Evaluate: rpc error: Inspected target navigated or closed (code = -32000)" issue="Headless Evaluate" url="https://dataverse.ird.fr/dataverse/mso"
level=error msg="cdp.Runtime: Evaluate: rpc error: Inspected target navigated or closed (code = -32000)" issue="converting json ld" url="https://dataverse.ird.fr/dataverse/mso"
level=error msg="cdp.Runtime: Evaluate: rpc error: Inspected target navigated or closed (code = -32000)" issue="Headless Evaluate" url="https://dataverse.ird.fr/dataverse/inrae_umr_amap"
level=error msg="cdp.Runtime: Evaluate: rpc error: Inspected target navigated or closed (code = -32000)" issue="converting json ld" url="https://dataverse.ird.fr/dataverse/inrae_umr_amap"
level=error msg="cdp.Runtime: Evaluate: rpc error: Inspected target navigated or closed (code = -32000)" issue="converting json ld" url="https://dataverse.ird.fr/dataverse/cirad_umr_amap"
level=error msg="cdp.Runtime: Evaluate: rpc error: Inspected target navigated or closed (code = -32000)" issue="Headless Evaluate" url="https://dataverse.ird.fr/dataverse/development_knowledge_fabric_lab"
level=error msg="cdp.Runtime: Evaluate: rpc error: Inspected target navigated or closed (code = -32000)" issue="Headless Evaluate" url="https://dataverse.ird.fr/dataverse/microplastic"
level=error msg="cdp.Runtime: Evaluate: rpc error: Inspected target navigated or closed (code = -32000)" issue="converting json ld" url="https://dataverse.ird.fr/dataverse/development_knowledge_fabric_lab"
level=error msg="cdp.Runtime: Evaluate: rpc error: Inspected target navigated or closed (code = -32000)" issue="converting json ld" url="https://dataverse.ird.fr/dataverse/microplastic"
level=error contentType="Direct access failed, trying headless']" url="https://dataverse.ird.fr/dataverse/umr_isem"
level=error contentType="Direct access failed, trying headless']" url="https://dataverse.ird.fr/dataverse/umr_legos"
level=error contentType="Direct access failed, trying headless']" url="https://dataverse.ird.fr/dataverse/these"
level=error contentType="Direct access failed, trying headless']" url="https://dataverse.ird.fr/dataverse/advens_team"
level=error contentType="Direct access failed, trying headless']" url="https://dataverse.ird.fr/dataverse/umr_leda"
level=error msg="cdp.Runtime: Evaluate: rpc error: Execution context was destroyed. (code = -32000)" issue="Headless Evaluate" url="https://dataverse.ird.fr/dataverse/umr_legos"
level=error msg="cdp.Runtime: Evaluate: rpc error: Execution context was destroyed. (code = -32000)" issue="converting json ld" url="https://dataverse.ird.fr/dataverse/umr_legos"
level=error msg="cdp.Runtime: Evaluate: rpc error: Execution context was destroyed. (code = -32000)" issue="Headless Evaluate" url="https://dataverse.ird.fr/dataverse/advens_team"
level=error msg="cdp.Runtime: Evaluate: rpc error: Execution context was destroyed. (code = -32000)" issue="Headless Evaluate" url="https://dataverse.ird.fr/dataverse/umr_leda"
level=error msg="cdp.Runtime: Evaluate: rpc error: Execution context was destroyed. (code = -32000)" issue="Headless Evaluate" url="https://dataverse.ird.fr/dataverse/these"
level=error msg="cdp.Runtime: Evaluate: rpc error: Execution context was destroyed. (code = -32000)" issue="converting json ld" url="https://dataverse.ird.fr/dataverse/these"
level=error msg="cdp.Runtime: Evaluate: rpc error: Execution context was destroyed. (code = -32000)" issue="Headless Evaluate" url="https://dataverse.ird.fr/dataverse/umr_isem"
level=error msg="cdp.Runtime: Evaluate: rpc error: Execution context was destroyed. (code = -32000)" issue="converting json ld" url="https://dataverse.ird.fr/dataverse/advens_team"
level=error msg="cdp.Runtime: Evaluate: rpc error: Execution context was destroyed. (code = -32000)" issue="converting json ld" url="https://dataverse.ird.fr/dataverse/umr_isem"
level=error msg="cdp.Runtime: Evaluate: rpc error: Execution context was destroyed. (code = -32000)" issue="converting json ld" url="https://dataverse.ird.fr/dataverse/umr_leda"
level=error contentType="Direct access failed, trying headless']" url="https://dataverse.ird.fr/dataverse/agrold"
level=error contentType="Direct access failed, trying headless']" url="https://dataverse.ird.fr/dataverse/umr_lemar"
level=error contentType="Direct access failed, trying headless']" url="https://dataverse.ird.fr/dataverse/amapbdd"
level=error contentType="Direct access failed, trying headless']" url="https://dataverse.ird.fr/dataverse/amapvox"
level=error contentType="Direct access failed, trying headless']" url="https://dataverse.ird.fr/dataverse/tremolo_data"
level=error msg="cdp.Runtime: Evaluate: rpc error: Inspected target navigated or closed (code = -32000)" issue="Headless Evaluate" url="https://dataverse.ird.fr/dataverse/agrold"
level=error msg="cdp.Runtime: Evaluate: rpc error: Inspected target navigated or closed (code = -32000)" issue="Headless Evaluate" url="https://dataverse.ird.fr/dataverse/amapbdd"
level=error msg="cdp.Runtime: Evaluate: rpc error: Inspected target navigated or closed (code = -32000)" issue="Headless Evaluate" url="https://dataverse.ird.fr/dataverse/amapvox"
level=error msg="cdp.Runtime: Evaluate: rpc error: Inspected target navigated or closed (code = -32000)" issue="Headless Evaluate" url="https://dataverse.ird.fr/dataverse/tremolo_data"
level=error msg="cdp.Runtime: Evaluate: rpc error: Inspected target navigated or closed (code = -32000)" issue="converting json ld" url="https://dataverse.ird.fr/dataverse/tremolo_data"
level=error msg="cdp.Runtime: Evaluate: rpc error: Inspected target navigated or closed (code = -32000)" issue="Headless Evaluate" url="https://dataverse.ird.fr/dataverse/umr_lemar"
level=error msg="cdp.Runtime: Evaluate: rpc error: Inspected target navigated or closed (code = -32000)" issue="converting json ld" url="https://dataverse.ird.fr/dataverse/umr_lemar"
level=error msg="cdp.Runtime: Evaluate: rpc error: Inspected target navigated or closed (code = -32000)" issue="converting json ld" url="https://dataverse.ird.fr/dataverse/agrold"
level=error msg="cdp.Runtime: Evaluate: rpc error: Inspected target navigated or closed (code = -32000)" issue="converting json ld" url="https://dataverse.ird.fr/dataverse/amapvox"
level=error msg="cdp.Runtime: Evaluate: rpc error: Inspected target navigated or closed (code = -32000)" issue="converting json ld" url="https://dataverse.ird.fr/dataverse/amapbdd"
level=error contentType="Direct access failed, trying headless']" url="https://dataverse.ird.fr/dataverse/tunisia"
level=error contentType="Direct access failed, trying headless']" url="https://dataverse.ird.fr/dataverse/umi_transvihmi"
level=error contentType="Direct access failed, trying headless']" url="https://dataverse.ird.fr/dataverse/ucmm"
level=error contentType="Direct access failed, trying headless']" url="https://dataverse.ird.fr/dataverse/ummisco"
level=error contentType="Direct access failed, trying headless']" url="https://dataverse.ird.fr/dataverse/morocco"
level=error msg="cdp.Runtime: Evaluate: rpc error: Inspected target navigated or closed (code = -32000)" issue="Headless Evaluate" url="https://dataverse.ird.fr/dataverse/tunisia"
level=error msg="cdp.Runtime: Evaluate: rpc error: Inspected target navigated or closed (code = -32000)" issue="converting json ld" url="https://dataverse.ird.fr/dataverse/tunisia"
level=error msg="cdp.Runtime: Evaluate: rpc error: Inspected target navigated or closed (code = -32000)" issue="Headless Evaluate" url="https://dataverse.ird.fr/dataverse/umi_transvihmi"
level=error msg="cdp.Runtime: Evaluate: rpc error: Inspected target navigated or closed (code = -32000)" issue="Headless Evaluate" url="https://dataverse.ird.fr/dataverse/ucmm"
level=error msg="cdp.Runtime: Evaluate: rpc error: Inspected target navigated or closed (code = -32000)" issue="Headless Evaluate" url="https://dataverse.ird.fr/dataverse/morocco"
level=error msg="cdp.Runtime: Evaluate: rpc error: Inspected target navigated or closed (code = -32000)" issue="converting json ld" url="https://dataverse.ird.fr/dataverse/morocco"
level=error msg="cdp.Runtime: Evaluate: rpc error: Inspected target navigated or closed (code = -32000)" issue="converting json ld" url="https://dataverse.ird.fr/dataverse/ucmm"
level=error msg="cdp.Runtime: Evaluate: rpc error: Inspected target navigated or closed (code = -32000)" issue="converting json ld" url="https://dataverse.ird.fr/dataverse/umi_transvihmi"
level=error msg="cdp.Runtime: Evaluate: rpc error: Inspected target navigated or closed (code = -32000)" issue="Headless Evaluate" url="https://dataverse.ird.fr/dataverse/ummisco"
level=error msg="cdp.Runtime: Evaluate: rpc error: Inspected target navigated or closed (code = -32000)" issue="converting json ld" url="https://dataverse.ird.fr/dataverse/ummisco"
level=error contentType="Direct access failed, trying headless']" url="https://dataverse.ird.fr/dataverse/umr_cbgp"
level=error contentType="Direct access failed, trying headless']" url="https://dataverse.ird.fr/dataverse/umr_amap"
level=error contentType="Direct access failed, trying headless']" url="https://dataverse.ird.fr/dataverse/datathon_juin_2022"
level=error contentType="Direct access failed, trying headless']" url="https://dataverse.ird.fr/dataverse/datathon_mars_2022"
level=error contentType="Direct access failed, trying headless']" url="https://dataverse.ird.fr/dataverse/raincell_mali"
level=error msg="cdp.Runtime: Evaluate: rpc error: Inspected target navigated or closed (code = -32000)" issue="Headless Evaluate" url="https://dataverse.ird.fr/dataverse/datathon_mars_2022"
level=error msg="cdp.Runtime: Evaluate: rpc error: Inspected target navigated or closed (code = -32000)" issue="converting json ld" url="https://dataverse.ird.fr/dataverse/datathon_mars_2022"
level=error msg="cdp.Runtime: Evaluate: rpc error: Inspected target navigated or closed (code = -32000)" issue="Headless Evaluate" url="https://dataverse.ird.fr/dataverse/raincell_mali"
level=error msg="cdp.Runtime: Evaluate: rpc error: Inspected target navigated or closed (code = -32000)" issue="Headless Evaluate" url="https://dataverse.ird.fr/dataverse/datathon_juin_2022"
level=error msg="cdp.Runtime: Evaluate: rpc error: Inspected target navigated or closed (code = -32000)" issue="converting json ld" url="https://dataverse.ird.fr/dataverse/datathon_juin_2022"
level=error msg="cdp.Runtime: Evaluate: rpc error: Inspected target navigated or closed (code = -32000)" issue="converting json ld" url="https://dataverse.ird.fr/dataverse/raincell_mali"
level=error msg="cdp.Runtime: Evaluate: rpc error: Inspected target navigated or closed (code = -32000)" issue="Headless Evaluate" url="https://dataverse.ird.fr/dataverse/umr_cbgp"
level=error msg="cdp.Runtime: Evaluate: rpc error: Inspected target navigated or closed (code = -32000)" issue="converting json ld" url="https://dataverse.ird.fr/dataverse/umr_cbgp"
level=error msg="cdp.Runtime: Evaluate: rpc error: Inspected target navigated or closed (code = -32000)" issue="Headless Evaluate" url="https://dataverse.ird.fr/dataverse/umr_amap"
level=error msg="cdp.Runtime: Evaluate: rpc error: Inspected target navigated or closed (code = -32000)" issue="converting json ld" url="https://dataverse.ird.fr/dataverse/umr_amap"
level=error contentType="Direct access failed, trying headless']" url="https://dataverse.ird.fr/dataverse/umr_pharmadev"
level=error contentType="Direct access failed, trying headless']" url="https://dataverse.ird.fr/dataverse/umr_paloc"
level=error contentType="Direct access failed, trying headless']" url="https://dataverse.ird.fr/dataverse/umr_moisa"
level=error contentType="Direct access failed, trying headless']" url="https://dataverse.ird.fr/dataverse/umr_mivegec"
level=error contentType="Direct access failed, trying headless']" url="https://dataverse.ird.fr/dataverse/umr_nutripass"
level=error msg="cdp.Runtime: Evaluate: rpc error: Inspected target navigated or closed (code = -32000)" issue="Headless Evaluate" url="https://dataverse.ird.fr/dataverse/umr_pharmadev"
level=error msg="cdp.Runtime: Evaluate: rpc error: Inspected target navigated or closed (code = -32000)" issue="Headless Evaluate" url="https://dataverse.ird.fr/dataverse/umr_paloc"
level=error msg="cdp.Runtime: Evaluate: rpc error: Inspected target navigated or closed (code = -32000)" issue="converting json ld" url="https://dataverse.ird.fr/dataverse/umr_paloc"
level=error msg="cdp.Runtime: Evaluate: rpc error: Inspected target navigated or closed (code = -32000)" issue="Headless Evaluate" url="https://dataverse.ird.fr/dataverse/umr_moisa"
level=error msg="cdp.Runtime: Evaluate: rpc error: Inspected target navigated or closed (code = -32000)" issue="converting json ld" url="https://dataverse.ird.fr/dataverse/umr_moisa"
level=error msg="cdp.Runtime: Evaluate: rpc error: Inspected target navigated or closed (code = -32000)" issue="Headless Evaluate" url="https://dataverse.ird.fr/dataverse/umr_mivegec"
level=error msg="cdp.Runtime: Evaluate: rpc error: Inspected target navigated or closed (code = -32000)" issue="converting json ld" url="https://dataverse.ird.fr/dataverse/umr_mivegec"
level=error msg="cdp.Runtime: Evaluate: rpc error: Inspected target navigated or closed (code = -32000)" issue="Headless Evaluate" url="https://dataverse.ird.fr/dataverse/umr_nutripass"
level=error msg="cdp.Runtime: Evaluate: rpc error: Inspected target navigated or closed (code = -32000)" issue="converting json ld" url="https://dataverse.ird.fr/dataverse/umr_nutripass"
level=error msg="cdp.Runtime: Evaluate: rpc error: Inspected target navigated or closed (code = -32000)" issue="converting json ld" url="https://dataverse.ird.fr/dataverse/umr_pharmadev"
level=error contentType="Direct access failed, trying headless']" url="https://dataverse.ird.fr/dataverse/umr_cefe"
level=error contentType="Direct access failed, trying headless']" url="https://dataverse.ird.fr/dataverse/dfk_lab_tp"
level=error contentType="Direct access failed, trying headless']" url="https://dataverse.ird.fr/dataverse/umr_prodig"
level=error contentType="Direct access failed, trying headless']" url="https://dataverse.ird.fr/dataverse/umr_ceped"
level=error contentType="Direct access failed, trying headless']" url="https://dataverse.ird.fr/dataverse/umr_phim"
level=error msg="cdp.Runtime: Evaluate: rpc error: Inspected target navigated or closed (code = -32000)" issue="Headless Evaluate" url="https://dataverse.ird.fr/dataverse/umr_cefe"
level=error msg="cdp.Runtime: Evaluate: rpc error: Inspected target navigated or closed (code = -32000)" issue="Headless Evaluate" url="https://dataverse.ird.fr/dataverse/dfk_lab_tp"
level=error msg="cdp.Runtime: Evaluate: rpc error: Inspected target navigated or closed (code = -32000)" issue="converting json ld" url="https://dataverse.ird.fr/dataverse/umr_cefe"
level=error msg="cdp.Runtime: Evaluate: rpc error: Inspected target navigated or closed (code = -32000)" issue="converting json ld" url="https://dataverse.ird.fr/dataverse/dfk_lab_tp"
level=error msg="cdp.Runtime: Evaluate: rpc error: Inspected target navigated or closed (code = -32000)" issue="Headless Evaluate" url="https://dataverse.ird.fr/dataverse/umr_prodig"
level=error msg="cdp.Runtime: Evaluate: rpc error: Inspected target navigated or closed (code = -32000)" issue="converting json ld" url="https://dataverse.ird.fr/dataverse/umr_prodig"
level=error msg="cdp.Runtime: Evaluate: rpc error: Inspected target navigated or closed (code = -32000)" issue="Headless Evaluate" url="https://dataverse.ird.fr/dataverse/umr_phim"
level=error msg="cdp.Runtime: Evaluate: rpc error: Inspected target navigated or closed (code = -32000)" issue="converting json ld" url="https://dataverse.ird.fr/dataverse/umr_phim"
level=error msg="cdp.Runtime: Evaluate: rpc error: Inspected target navigated or closed (code = -32000)" issue="Headless Evaluate" url="https://dataverse.ird.fr/dataverse/umr_ceped"
level=error msg="cdp.Runtime: Evaluate: rpc error: Inspected target navigated or closed (code = -32000)" issue="converting json ld" url="https://dataverse.ird.fr/dataverse/umr_ceped"
level=error contentType="Direct access failed, trying headless']" url="https://dataverse.ird.fr/dataverse/umr_qualisud"
level=error contentType="Direct access failed, trying headless']" url="https://dataverse.ird.fr/dataverse/ditect-hat-wp2"
level=error contentType="Direct access failed, trying headless']" url="https://dataverse.ird.fr/dataverse/ditect-hat"
level=error contentType="Direct access failed, trying headless']" url="https://dataverse.ird.fr/dataverse/project_tacled"
level=error contentType="Direct access failed, trying headless']" url="https://dataverse.ird.fr/dataverse/diet_trans_ghana"
level=error msg="cdp.Runtime: Evaluate: context deadline exceeded" issue="Headless Evaluate" url="https://dataverse.ird.fr/dataverse/umr_qualisud"
level=error msg="cdp.Runtime: Evaluate: context deadline exceeded" issue="converting json ld" url="https://dataverse.ird.fr/dataverse/umr_qualisud"
level=error msg="cdp.Runtime: Evaluate: context deadline exceeded" issue="Headless Evaluate" url="https://dataverse.ird.fr/dataverse/ditect-hat-wp2"
level=error msg="cdp.Runtime: Evaluate: context deadline exceeded" issue="converting json ld" url="https://dataverse.ird.fr/dataverse/ditect-hat-wp2"
level=error msg="cdp.Runtime: Evaluate: context deadline exceeded" issue="Headless Evaluate" url="https://dataverse.ird.fr/dataverse/ditect-hat"
level=error msg="cdp.Runtime: Evaluate: context deadline exceeded" issue="converting json ld" url="https://dataverse.ird.fr/dataverse/ditect-hat"
level=error msg="cdp.Runtime: Evaluate: context deadline exceeded" issue="Headless Evaluate" url="https://dataverse.ird.fr/dataverse/project_tacled"
level=error msg="cdp.Runtime: Evaluate: context deadline exceeded" issue="converting json ld" url="https://dataverse.ird.fr/dataverse/project_tacled"
level=error msg="cdp.Runtime: Evaluate: context deadline exceeded" issue="Headless Evaluate" url="https://dataverse.ird.fr/dataverse/diet_trans_ghana"
level=error msg="cdp.Runtime: Evaluate: context deadline exceeded" issue="converting json ld" url="https://dataverse.ird.fr/dataverse/diet_trans_ghana"
level=error contentType="Direct access failed, trying headless']" url="https://dataverse.ird.fr/dataverse/umr-sens"
level=error contentType="Direct access failed, trying headless']" url="https://dataverse.ird.fr/dataverse/umr_vitrome"
level=error contentType="Direct access failed, trying headless']" url="https://dataverse.ird.fr/dataverse/dynadiv"
level=error contentType="Direct access failed, trying headless']" url="https://dataverse.ird.fr/dataverse/vietnam"
level=error msg="cdp.Runtime: Evaluate: rpc error: Inspected target navigated or closed (code = -32000)" issue="Headless Evaluate" url="https://dataverse.ird.fr/dataverse/umr-sens"
level=error msg="cdp.Runtime: Evaluate: rpc error: Inspected target navigated or closed (code = -32000)" issue="Headless Evaluate" url="https://dataverse.ird.fr/dataverse/dynadiv"
level=error msg="cdp.Runtime: Evaluate: rpc error: Inspected target navigated or closed (code = -32000)" issue="converting json ld" url="https://dataverse.ird.fr/dataverse/dynadiv"
level=error msg="cdp.Runtime: Evaluate: rpc error: Inspected target navigated or closed (code = -32000)" issue="Headless Evaluate" url="https://dataverse.ird.fr/dataverse/vietnam"
level=error msg="cdp.Runtime: Evaluate: rpc error: Inspected target navigated or closed (code = -32000)" issue="converting json ld" url="https://dataverse.ird.fr/dataverse/vietnam"
level=error msg="cdp.Runtime: Evaluate: rpc error: Inspected target navigated or closed (code = -32000)" issue="converting json ld" url="https://dataverse.ird.fr/dataverse/umr-sens"
level=error msg="cdp.Runtime: Evaluate: rpc error: Inspected target navigated or closed (code = -32000)" issue="Headless Evaluate" url="https://dataverse.ird.fr/dataverse/umr_vitrome"
level=error msg="cdp.Runtime: Evaluate: rpc error: Inspected target navigated or closed (code = -32000)" issue="converting json ld" url="https://dataverse.ird.fr/dataverse/umr_vitrome"
level=error contentType="Direct access failed, trying headless']" url="https://dataverse.ird.fr/dataverse/ecomed"
level=error contentType="Direct access failed, trying headless']" url="https://dataverse.ird.fr/dataverse/ecomed_database"
level=error msg="cdp.Runtime: Evaluate: rpc error: Inspected target navigated or closed (code = -32000)" issue="Headless Evaluate" url="https://dataverse.ird.fr/dataverse/ecomed_database"
level=error msg="cdp.Runtime: Evaluate: rpc error: Inspected target navigated or closed (code = -32000)" issue="Headless Evaluate" url="https://dataverse.ird.fr/dataverse/ecomed"
level=error msg="cdp.Runtime: Evaluate: rpc error: Inspected target navigated or closed (code = -32000)" issue="converting json ld" url="https://dataverse.ird.fr/dataverse/ecomed_database"
level=error msg="cdp.Runtime: Evaluate: rpc error: Inspected target navigated or closed (code = -32000)" issue="converting json ld" url="https://dataverse.ird.fr/dataverse/ecomed"
level=error msg="error checking for valid json: Error in unmarshaling json: unexpected end of JSON input" contentType="script[type='application/ld+json']" url="https://dataverse.ird.fr/dataset.xhtml?persistentId=doi:10.23708/4X6ZKY"
level=error contentType="Direct access failed, trying headless']" url="https://dataverse.ird.fr/dataset.xhtml?persistentId=doi:10.23708/4X6ZKY"
level=error msg="cdp.Runtime: Evaluate: rpc error: Inspected target navigated or closed (code = -32000)" issue="Headless Evaluate" url="https://dataverse.ird.fr/dataset.xhtml?persistentId=doi:10.23708/4X6ZKY"
level=error msg="cdp.Runtime: Evaluate: rpc error: Inspected target navigated or closed (code = -32000)" issue="converting json ld" url="https://dataverse.ird.fr/dataset.xhtml?persistentId=doi:10.23708/4X6ZKY"
