level=error contentType="Direct access failed, trying headless']" url="https://dataverse.no/dataverse/alt"
level=error contentType="Direct access failed, trying headless']" url="https://dataverse.no/dataverse/mf"
level=error contentType="Direct access failed, trying headless']" url="https://dataverse.no/dataverse/nmdc"
level=error contentType="Direct access failed, trying headless']" url="https://dataverse.no/dataverse/hvl"
level=error contentType="Direct access failed, trying headless']" url="https://dataverse.no/dataverse/ntnu"
level=error msg="cdp.Runtime: Evaluate: rpc error: Inspected target navigated or closed (code = -32000)" issue="Headless Evaluate" url="https://dataverse.no/dataverse/nmdc"
level=error msg="cdp.Runtime: Evaluate: rpc error: Inspected target navigated or closed (code = -32000)" issue="Headless Evaluate" url="https://dataverse.no/dataverse/hvl"
level=error msg="cdp.Runtime: Evaluate: rpc error: Inspected target navigated or closed (code = -32000)" issue="converting json ld" url="https://dataverse.no/dataverse/hvl"
level=error msg="cdp.Runtime: Evaluate: rpc error: Inspected target navigated or closed (code = -32000)" issue="Headless Evaluate" url="https://dataverse.no/dataverse/alt"
level=error msg="cdp.Runtime: Evaluate: rpc error: Inspected target navigated or closed (code = -32000)" issue="converting json ld" url="https://dataverse.no/dataverse/alt"
level=error msg="cdp.Runtime: Evaluate: rpc error: Inspected target navigated or closed (code = -32000)" issue="converting json ld" url="https://dataverse.no/dataverse/nmdc"
level=error msg="cdp.Runtime: Evaluate: rpc error: Inspected target navigated or closed (code = -32000)" issue="Headless Evaluate" url="https://dataverse.no/dataverse/mf"
level=error msg="cdp.Runtime: Evaluate: rpc error: Inspected target navigated or closed (code = -32000)" issue="Headless Evaluate" url="https://dataverse.no/dataverse/ntnu"
level=error msg="cdp.Runtime: Evaluate: rpc error: Inspected target navigated or closed (code = -32000)" issue="converting json ld" url="https://dataverse.no/dataverse/mf"
level=error msg="cdp.Runtime: Evaluate: rpc error: Inspected target navigated or closed (code = -32000)" issue="converting json ld" url="https://dataverse.no/dataverse/ntnu"
level=error contentType="Direct access failed, trying headless']" url="https://dataverse.no/dataverse/nmbu"
level=error contentType="Direct access failed, trying headless']" url="https://dataverse.no/dataverse/uit"
level=error contentType="Direct access failed, trying headless']" url="https://dataverse.no/dataverse/nord"
level=error contentType="Direct access failed, trying headless']" url="https://dataverse.no/dataverse/inn"
level=error contentType="Direct access failed, trying headless']" url="https://dataverse.no/dataverse/hiof"
level=error msg="cdp.Runtime: Evaluate: rpc error: Inspected target navigated or closed (code = -32000)" issue="Headless Evaluate" url="https://dataverse.no/dataverse/nmbu"
level=error msg="cdp.Runtime: Evaluate: rpc error: Inspected target navigated or closed (code = -32000)" issue="Headless Evaluate" url="https://dataverse.no/dataverse/nord"
level=error msg="cdp.Runtime: Evaluate: rpc error: Inspected target navigated or closed (code = -32000)" issue="converting json ld" url="https://dataverse.no/dataverse/nmbu"
level=error msg="cdp.Runtime: Evaluate: rpc error: Inspected target navigated or closed (code = -32000)" issue="Headless Evaluate" url="https://dataverse.no/dataverse/hiof"
level=error msg="cdp.Runtime: Evaluate: rpc error: Inspected target navigated or closed (code = -32000)" issue="converting json ld" url="https://dataverse.no/dataverse/hiof"
level=error msg="cdp.Runtime: Evaluate: rpc error: Inspected target navigated or closed (code = -32000)" issue="converting json ld" url="https://dataverse.no/dataverse/nord"
level=error msg="cdp.Runtime: Evaluate: rpc error: Inspected target navigated or closed (code = -32000)" issue="Headless Evaluate" url="https://dataverse.no/dataverse/inn"
level=error msg="cdp.Runtime: Evaluate: rpc error: Inspected target navigated or closed (code = -32000)" issue="converting json ld" url="https://dataverse.no/dataverse/inn"
level=error msg="cdp.Runtime: Evaluate: rpc error: Inspected target navigated or closed (code = -32000)" issue="Headless Evaluate" url="https://dataverse.no/dataverse/uit"
level=error msg="cdp.Runtime: Evaluate: rpc error: Inspected target navigated or closed (code = -32000)" issue="converting json ld" url="https://dataverse.no/dataverse/uit"
level=error contentType="Direct access failed, trying headless']" url="https://dataverse.no/dataverse/vardoepotsherds"
level=error contentType="Direct access failed, trying headless']" url="https://dataverse.no/dataverse/tgo"
level=error contentType="Direct access failed, trying headless']" url="https://dataverse.no/dataverse/root"
level=error contentType="Direct access failed, trying headless']" url="https://dataverse.no/dataverse/trolling"
level=error contentType="Direct access failed, trying headless']" url="https://dataverse.no/dataverse/uib"
level=error msg="cdp.Runtime: Evaluate: rpc error: Inspected target navigated or closed (code = -32000)" issue="Headless Evaluate" url="https://dataverse.no/dataverse/vardoepotsherds"
level=error msg="cdp.Runtime: Evaluate: rpc error: Inspected target navigated or closed (code = -32000)" issue="converting json ld" url="https://dataverse.no/dataverse/vardoepotsherds"
level=error msg="cdp.Runtime: Evaluate: rpc error: Inspected target navigated or closed (code = -32000)" issue="Headless Evaluate" url="https://dataverse.no/dataverse/tgo"
level=error msg="cdp.Runtime: Evaluate: rpc error: Inspected target navigated or closed (code = -32000)" issue="converting json ld" url="https://dataverse.no/dataverse/tgo"
level=error msg="cdp.Runtime: Evaluate: rpc error: Inspected target navigated or closed (code = -32000)" issue="Headless Evaluate" url="https://dataverse.no/dataverse/trolling"
level=error msg="cdp.Runtime: Evaluate: rpc error: Inspected target navigated or closed (code = -32000)" issue="converting json ld" url="https://dataverse.no/dataverse/trolling"
level=error msg="cdp.Runtime: Evaluate: rpc error: Inspected target navigated or closed (code = -32000)" issue="Headless Evaluate" url="https://dataverse.no/dataverse/uib"
level=error msg="cdp.Runtime: Evaluate: rpc error: Inspected target navigated or closed (code = -32000)" issue="converting json ld" url="https://dataverse.no/dataverse/uib"
level=error msg="cdp.Runtime: Evaluate: rpc error: Inspected target navigated or closed (code = -32000)" issue="Headless Evaluate" url="https://dataverse.no/dataverse/root"
level=error msg="cdp.Runtime: Evaluate: rpc error: Inspected target navigated or closed (code = -32000)" issue="converting json ld" url="https://dataverse.no/dataverse/root"
level=error contentType="Direct access failed, trying headless']" url="https://dataverse.no/dataverse/vid"
level=error contentType="Direct access failed, trying headless']" url="https://dataverse.no/dataverse/arcticcharr"
level=error contentType="Direct access failed, trying headless']" url="https://dataverse.no/dataverse/gnss"
level=error contentType="Direct access failed, trying headless']" url="https://dataverse.no/dataverse/mechatronics"
level=error msg="cdp.Runtime: Evaluate: rpc error: Inspected target navigated or closed (code = -32000)" issue="Headless Evaluate" url="https://dataverse.no/dataverse/vid"
level=error msg="cdp.Runtime: Evaluate: rpc error: Inspected target navigated or closed (code = -32000)" issue="Headless Evaluate" url="https://dataverse.no/dataverse/arcticcharr"
level=error msg="cdp.Runtime: Evaluate: rpc error: Inspected target navigated or closed (code = -32000)" issue="Headless Evaluate" url="https://dataverse.no/dataverse/gnss"
level=error msg="cdp.Runtime: Evaluate: rpc error: Inspected target navigated or closed (code = -32000)" issue="converting json ld" url="https://dataverse.no/dataverse/gnss"
level=error msg="cdp.Runtime: Evaluate: rpc error: Inspected target navigated or closed (code = -32000)" issue="converting json ld" url="https://dataverse.no/dataverse/arcticcharr"
level=error msg="cdp.Runtime: Evaluate: rpc error: Inspected target navigated or closed (code = -32000)" issue="Headless Evaluate" url="https://dataverse.no/dataverse/mechatronics"
level=error msg="cdp.Runtime: Evaluate: rpc error: Inspected target navigated or closed (code = -32000)" issue="converting json ld" url="https://dataverse.no/dataverse/vid"
level=error msg="cdp.Runtime: Evaluate: rpc error: Inspected target navigated or closed (code = -32000)" issue="converting json ld" url="https://dataverse.no/dataverse/mechatronics"
level=error contentType="Direct access failed, trying headless']" url="https://dataverse.no/dataverse/acqva"
level=error contentType="Direct access failed, trying headless']" url="https://dataverse.no/dataverse/uia"
level=error contentType="Direct access failed, trying headless']" url="https://dataverse.no/dataverse/uis"
level=error contentType="Direct access failed, trying headless']" url="https://dataverse.no/dataverse/polarfront"
level=error msg="cdp.Runtime: Evaluate: rpc error: Inspected target navigated or closed (code = -32000)" issue="Headless Evaluate" url="https://dataverse.no/dataverse/uia"
level=error msg="cdp.Runtime: Evaluate: rpc error: Inspected target navigated or closed (code = -32000)" issue="Headless Evaluate" url="https://dataverse.no/dataverse/acqva"
level=error msg="cdp.Runtime: Evaluate: rpc error: Inspected target navigated or closed (code = -32000)" issue="Headless Evaluate" url="https://dataverse.no/dataverse/uis"
level=error msg="cdp.Runtime: Evaluate: rpc error: Inspected target navigated or closed (code = -32000)" issue="converting json ld" url="https://dataverse.no/dataverse/uis"
level=error msg="cdp.Runtime: Evaluate: rpc error: Inspected target navigated or closed (code = -32000)" issue="Headless Evaluate" url="https://dataverse.no/dataverse/polarfront"
level=error msg="cdp.Runtime: Evaluate: rpc error: Inspected target navigated or closed (code = -32000)" issue="converting json ld" url="https://dataverse.no/dataverse/uia"
level=error msg="cdp.Runtime: Evaluate: rpc error: Inspected target navigated or closed (code = -32000)" issue="converting json ld" url="https://dataverse.no/dataverse/acqva"
level=error msg="cdp.Runtime: Evaluate: rpc error: Inspected target navigated or closed (code = -32000)" issue="converting json ld" url="https://dataverse.no/dataverse/polarfront"
level=error contentType="Direct access failed, trying headless']" url="https://dataverse.no/dataverse/rokkan"
level=error contentType="Direct access failed, trying headless']" url="https://dataverse.no/dataset.xhtml?persistentId=doi:10.5072/FK2/VA3BVU"
level=error msg="cdp.Runtime: Evaluate: rpc error: Inspected target navigated or closed (code = -32000)" issue="Headless Evaluate" url="https://dataverse.no/dataverse/rokkan"
level=error msg="cdp.Runtime: Evaluate: rpc error: Inspected target navigated or closed (code = -32000)" issue="converting json ld" url="https://dataverse.no/dataverse/rokkan"
level=error msg="cdp.Runtime: Evaluate: rpc error: Inspected target navigated or closed (code = -32000)" issue="Headless Evaluate" url="https://dataverse.no/dataset.xhtml?persistentId=doi:10.5072/FK2/VA3BVU"
level=error msg="cdp.Runtime: Evaluate: rpc error: Inspected target navigated or closed (code = -32000)" issue="converting json ld" url="https://dataverse.no/dataset.xhtml?persistentId=doi:10.5072/FK2/VA3BVU"
