level=info msg="Queuing URLs for julich"
level=info msg="URL Count 123"
level=info contentType="script[type='application/ld+json']" url="https://data.fz-juelich.de/dataset.xhtml?persistentId=doi:10.26165/JUELICH-DATA/OFQWGZ"
level=info contentType="script[type='application/ld+json']" url="https://data.fz-juelich.de/dataset.xhtml?persistentId=doi:10.26165/JUELICH-DATA/TVWUUP"
level=info contentType="script[type='application/ld+json']" url="https://data.fz-juelich.de/dataset.xhtml?persistentId=doi:10.26165/JUELICH-DATA/KET287"
level=info contentType="script[type='application/ld+json']" url="https://data.fz-juelich.de/dataset.xhtml?persistentId=doi:10.26165/JUELICH-DATA/MGRYJV"
level=info contentType="script[type='application/ld+json']" url="https://data.fz-juelich.de/dataset.xhtml?persistentId=doi:10.26165/JUELICH-DATA/2GRSPN"
level=info contentType="script[type='application/ld+json']" url="https://data.fz-juelich.de/dataset.xhtml?persistentId=doi:10.26165/JUELICH-DATA/NJJZPL"
level=info contentType="script[type='application/ld+json']" url="https://data.fz-juelich.de/dataset.xhtml?persistentId=doi:10.26165/JUELICH-DATA/T1PKNZ"
level=info contentType="script[type='application/ld+json']" url="https://data.fz-juelich.de/dataset.xhtml?persistentId=doi:10.26165/JUELICH-DATA/4ZJTZK"
level=info contentType="script[type='application/ld+json']" url="https://data.fz-juelich.de/dataset.xhtml?persistentId=doi:10.26165/JUELICH-DATA/YXLFKJ"
level=info contentType="script[type='application/ld+json']" url="https://data.fz-juelich.de/dataset.xhtml?persistentId=doi:10.26165/JUELICH-DATA/BRXHZ9"
level=info contentType="script[type='application/ld+json']" url="https://data.fz-juelich.de/dataset.xhtml?persistentId=doi:10.26165/JUELICH-DATA/BQOLQF"
level=info contentType="script[type='application/ld+json']" url="https://data.fz-juelich.de/dataset.xhtml?persistentId=doi:10.26165/JUELICH-DATA/BMNAGT"
level=info contentType="script[type='application/ld+json']" url="https://data.fz-juelich.de/dataset.xhtml?persistentId=doi:10.26165/JUELICH-DATA/1UJNU8"
level=info contentType="script[type='application/ld+json']" url="https://data.fz-juelich.de/dataset.xhtml?persistentId=doi:10.26165/JUELICH-DATA/UVHBRU"
level=info contentType="script[type='application/ld+json']" url="https://data.fz-juelich.de/dataset.xhtml?persistentId=doi:10.26165/JUELICH-DATA/GK7PJQ"
level=info contentType="script[type='application/ld+json']" url="https://data.fz-juelich.de/dataset.xhtml?persistentId=doi:10.26165/JUELICH-DATA/GGXJ5D"
level=info contentType="script[type='application/ld+json']" url="https://data.fz-juelich.de/dataset.xhtml?persistentId=doi:10.26165/JUELICH-DATA/ATC1MZ"
level=info contentType="script[type='application/ld+json']" url="https://data.fz-juelich.de/dataset.xhtml?persistentId=doi:10.26165/JUELICH-DATA/VE2KNS"
level=info contentType="script[type='application/ld+json']" url="https://data.fz-juelich.de/dataset.xhtml?persistentId=doi:10.26165/JUELICH-DATA/NRONV1"
level=info contentType="script[type='application/ld+json']" url="https://data.fz-juelich.de/dataset.xhtml?persistentId=doi:10.26165/JUELICH-DATA/CX10EO"
level=info contentType="script[type='application/ld+json']" url="https://data.fz-juelich.de/dataset.xhtml?persistentId=doi:10.26165/JUELICH-DATA/HDVEEF"
level=info contentType="script[type='application/ld+json']" url="https://data.fz-juelich.de/dataset.xhtml?persistentId=doi:10.26165/JUELICH-DATA/4JCZ9O"
level=info contentType="script[type='application/ld+json']" url="https://data.fz-juelich.de/dataset.xhtml?persistentId=doi:10.26165/JUELICH-DATA/UJ8OUQ"
level=info contentType="script[type='application/ld+json']" url="https://data.fz-juelich.de/dataset.xhtml?persistentId=doi:10.26165/JUELICH-DATA/7ZZIXJ"
level=info contentType="script[type='application/ld+json']" url="https://data.fz-juelich.de/dataset.xhtml?persistentId=doi:10.26165/JUELICH-DATA/M1IQVG"
level=info contentType="script[type='application/ld+json']" url="https://data.fz-juelich.de/dataset.xhtml?persistentId=doi:10.26165/JUELICH-DATA/VDTWYD"
level=info contentType="script[type='application/ld+json']" url="https://data.fz-juelich.de/dataset.xhtml?persistentId=doi:10.26165/JUELICH-DATA/TPHMSN"
level=info contentType="script[type='application/ld+json']" url="https://data.fz-juelich.de/dataset.xhtml?persistentId=doi:10.26165/JUELICH-DATA/9U1IPE"
level=info contentType="script[type='application/ld+json']" url="https://data.fz-juelich.de/dataset.xhtml?persistentId=doi:10.26165/JUELICH-DATA/OWA443"
level=info contentType="script[type='application/ld+json']" url="https://data.fz-juelich.de/dataset.xhtml?persistentId=doi:10.26165/JUELICH-DATA/27S6HG"
level=info contentType="script[type='application/ld+json']" url="https://data.fz-juelich.de/dataset.xhtml?persistentId=doi:10.26165/JUELICH-DATA/CXWKMJ"
level=info contentType="script[type='application/ld+json']" url="https://data.fz-juelich.de/dataset.xhtml?persistentId=doi:10.26165/JUELICH-DATA/YO3JCM"
level=info contentType="script[type='application/ld+json']" url="https://data.fz-juelich.de/dataset.xhtml?persistentId=doi:10.26165/JUELICH-DATA/D8GNJM"
level=info contentType="script[type='application/ld+json']" url="https://data.fz-juelich.de/dataset.xhtml?persistentId=doi:10.26165/JUELICH-DATA/GLU9BW"
level=info contentType="script[type='application/ld+json']" url="https://data.fz-juelich.de/dataset.xhtml?persistentId=doi:10.26165/JUELICH-DATA/2C1HTE"
level=info contentType="script[type='application/ld+json']" url="https://data.fz-juelich.de/dataset.xhtml?persistentId=doi:10.26165/JUELICH-DATA/HS8RFY"
level=info contentType="script[type='application/ld+json']" url="https://data.fz-juelich.de/dataset.xhtml?persistentId=doi:10.26165/JUELICH-DATA/XOCEBN"
level=info contentType="script[type='application/ld+json']" url="https://data.fz-juelich.de/dataset.xhtml?persistentId=doi:10.26165/JUELICH-DATA/8INBXK"
level=info contentType="script[type='application/ld+json']" url="https://data.fz-juelich.de/dataset.xhtml?persistentId=doi:10.26165/JUELICH-DATA/TVATSK"
level=info contentType="script[type='application/ld+json']" url="https://data.fz-juelich.de/dataset.xhtml?persistentId=doi:10.26165/JUELICH-DATA/POJQGJ"
level=info contentType="script[type='application/ld+json']" url="https://data.fz-juelich.de/dataset.xhtml?persistentId=doi:10.26165/JUELICH-DATA/YWB5P1"
level=info contentType="script[type='application/ld+json']" url="https://data.fz-juelich.de/dataset.xhtml?persistentId=doi:10.26165/JUELICH-DATA/DWABVZ"
level=info contentType="script[type='application/ld+json']" url="https://data.fz-juelich.de/dataset.xhtml?persistentId=doi:10.26165/JUELICH-DATA/DJ3LIN"
level=info contentType="script[type='application/ld+json']" url="https://data.fz-juelich.de/dataset.xhtml?persistentId=doi:10.26165/JUELICH-DATA/VTQXLM"
level=info contentType="script[type='application/ld+json']" url="https://data.fz-juelich.de/dataset.xhtml?persistentId=doi:10.26165/JUELICH-DATA/3MPPCO"
level=info contentType="script[type='application/ld+json']" url="https://data.fz-juelich.de/dataset.xhtml?persistentId=doi:10.26165/JUELICH-DATA/9TAJ4D"
level=info contentType="script[type='application/ld+json']" url="https://data.fz-juelich.de/dataset.xhtml?persistentId=doi:10.26165/JUELICH-DATA/QLJK8D"
level=info contentType="script[type='application/ld+json']" url="https://data.fz-juelich.de/dataset.xhtml?persistentId=doi:10.26165/JUELICH-DATA/YRLPL0"
level=info contentType="script[type='application/ld+json']" url="https://data.fz-juelich.de/dataset.xhtml?persistentId=doi:10.26165/JUELICH-DATA/SECCU6"
level=info contentType="script[type='application/ld+json']" url="https://data.fz-juelich.de/dataset.xhtml?persistentId=doi:10.26165/JUELICH-DATA/AMQ6NI"
level=info contentType="script[type='application/ld+json']" url="https://data.fz-juelich.de/dataset.xhtml?persistentId=doi:10.26165/JUELICH-DATA/ZBLDIR"
level=info contentType="script[type='application/ld+json']" url="https://data.fz-juelich.de/dataset.xhtml?persistentId=doi:10.26165/JUELICH-DATA/LZOYYD"
level=info contentType="script[type='application/ld+json']" url="https://data.fz-juelich.de/dataset.xhtml?persistentId=doi:10.26165/JUELICH-DATA/PHL4EE"
level=info contentType="script[type='application/ld+json']" url="https://data.fz-juelich.de/dataset.xhtml?persistentId=doi:10.26165/JUELICH-DATA/KKEXFT"
level=info contentType="script[type='application/ld+json']" url="https://data.fz-juelich.de/dataset.xhtml?persistentId=doi:10.26165/JUELICH-DATA/HQXCXC"
level=info contentType="script[type='application/ld+json']" url="https://data.fz-juelich.de/dataset.xhtml?persistentId=doi:10.26165/JUELICH-DATA/QIIBZV"
level=info contentType="script[type='application/ld+json']" url="https://data.fz-juelich.de/dataset.xhtml?persistentId=doi:10.26165/JUELICH-DATA/RP4END"
level=info contentType="script[type='application/ld+json']" url="https://data.fz-juelich.de/dataset.xhtml?persistentId=doi:10.26165/JUELICH-DATA/IHO9NP"
level=info contentType="script[type='application/ld+json']" url="https://data.fz-juelich.de/dataset.xhtml?persistentId=doi:10.26165/JUELICH-DATA/BROPEL"
level=info contentType="script[type='application/ld+json']" url="https://data.fz-juelich.de/dataset.xhtml?persistentId=doi:10.26165/JUELICH-DATA/YYXPBF"
level=info contentType="script[type='application/ld+json']" url="https://data.fz-juelich.de/dataset.xhtml?persistentId=doi:10.26165/JUELICH-DATA/PV2LY1"
level=info contentType="script[type='application/ld+json']" url="https://data.fz-juelich.de/dataset.xhtml?persistentId=doi:10.26165/JUELICH-DATA/UHTXCG"
level=info contentType="script[type='application/ld+json']" url="https://data.fz-juelich.de/dataset.xhtml?persistentId=doi:10.26165/JUELICH-DATA/OMK2I9"
level=info contentType="script[type='application/ld+json']" url="https://data.fz-juelich.de/dataset.xhtml?persistentId=doi:10.26165/JUELICH-DATA/EIH8FB"
level=info contentType="script[type='application/ld+json']" url="https://data.fz-juelich.de/dataset.xhtml?persistentId=doi:10.26165/JUELICH-DATA/3J80BW"
level=info contentType="script[type='application/ld+json']" url="https://data.fz-juelich.de/dataset.xhtml?persistentId=doi:10.26165/JUELICH-DATA/SD9F6B"
level=info contentType="script[type='application/ld+json']" url="https://data.fz-juelich.de/dataset.xhtml?persistentId=doi:10.26165/JUELICH-DATA/MCZDGS"
level=info contentType="script[type='application/ld+json']" url="https://data.fz-juelich.de/dataset.xhtml?persistentId=doi:10.26165/JUELICH-DATA/A6DGGW"
level=info contentType="script[type='application/ld+json']" url="https://data.fz-juelich.de/dataset.xhtml?persistentId=doi:10.26165/JUELICH-DATA/MWHIW5"
level=info contentType="script[type='application/ld+json']" url="https://data.fz-juelich.de/dataset.xhtml?persistentId=doi:10.26165/JUELICH-DATA/ZEA4SV"
level=info contentType="script[type='application/ld+json']" url="https://data.fz-juelich.de/dataset.xhtml?persistentId=doi:10.26165/JUELICH-DATA/WLCJ4X"
level=info contentType="script[type='application/ld+json']" url="https://data.fz-juelich.de/dataset.xhtml?persistentId=doi:10.26165/JUELICH-DATA/GCBNMA"
level=info contentType="script[type='application/ld+json']" url="https://data.fz-juelich.de/dataset.xhtml?persistentId=doi:10.26165/JUELICH-DATA/RDWNFU"
level=info contentType="script[type='application/ld+json']" url="https://data.fz-juelich.de/dataset.xhtml?persistentId=doi:10.26165/JUELICH-DATA/WPRA1F"
level=info contentType="script[type='application/ld+json']" url="https://data.fz-juelich.de/dataset.xhtml?persistentId=doi:10.26165/JUELICH-DATA/XG6YGZ"
level=info contentType="script[type='application/ld+json']" url="https://data.fz-juelich.de/dataset.xhtml?persistentId=doi:10.26165/JUELICH-DATA/VGEHRD"
level=info contentType="script[type='application/ld+json']" url="https://data.fz-juelich.de/dataset.xhtml?persistentId=doi:10.26165/JUELICH-DATA/LQAAJA"
level=info contentType="script[type='application/ld+json']" url="https://data.fz-juelich.de/dataset.xhtml?persistentId=doi:10.26165/JUELICH-DATA/Q3FRHR"
level=info contentType="script[type='application/ld+json']" url="https://data.fz-juelich.de/dataset.xhtml?persistentId=doi:10.26165/JUELICH-DATA/6D8B70"
level=info contentType="script[type='application/ld+json']" url="https://data.fz-juelich.de/dataset.xhtml?persistentId=doi:10.26165/JUELICH-DATA/X5HPXP"
level=info contentType="script[type='application/ld+json']" url="https://data.fz-juelich.de/dataset.xhtml?persistentId=doi:10.26165/JUELICH-DATA/FBZRVO"
level=info contentType="script[type='application/ld+json']" url="https://data.fz-juelich.de/dataset.xhtml?persistentId=doi:10.26165/JUELICH-DATA/WDRGAX"
level=info contentType="script[type='application/ld+json']" url="https://data.fz-juelich.de/dataset.xhtml?persistentId=doi:10.26165/JUELICH-DATA/VPHA3R"
level=info contentType="script[type='application/ld+json']" url="https://data.fz-juelich.de/dataset.xhtml?persistentId=doi:10.26165/JUELICH-DATA/UBNGI2"
level=info contentType="script[type='application/ld+json']" url="https://data.fz-juelich.de/dataset.xhtml?persistentId=doi:10.26165/JUELICH-DATA/LCUQZC"
level=info contentType="script[type='application/ld+json']" url="https://data.fz-juelich.de/dataset.xhtml?persistentId=doi:10.26165/JUELICH-DATA/OM1JKZ"
level=info contentType="script[type='application/ld+json']" url="https://data.fz-juelich.de/dataset.xhtml?persistentId=doi:10.26165/JUELICH-DATA/ONOVYK"
level=info contentType="script[type='application/ld+json']" url="https://data.fz-juelich.de/dataset.xhtml?persistentId=doi:10.26165/JUELICH-DATA/HHNVQ3"
level=info contentType="script[type='application/ld+json']" url="https://data.fz-juelich.de/dataset.xhtml?persistentId=doi:10.26165/JUELICH-DATA/JN1OOT"
level=info contentType="script[type='application/ld+json']" url="https://data.fz-juelich.de/dataset.xhtml?persistentId=doi:10.26165/JUELICH-DATA/JRBK07"
level=info contentType="script[type='application/ld+json']" url="https://data.fz-juelich.de/dataset.xhtml?persistentId=doi:10.26165/JUELICH-DATA/6UG0DS"
