level=error contentType="Direct access failed, trying headless']" url="https://arcadados.fiocruz.br/dataverse/Farmanguinhos"
level=error contentType="Direct access failed, trying headless']" url="https://arcadados.fiocruz.br/dataverse/ICICT"
level=error contentType="Direct access failed, trying headless']" url="https://arcadados.fiocruz.br/dataverse/Bio-Manguinhos"
level=error contentType="Direct access failed, trying headless']" url="https://arcadados.fiocruz.br/dataverse/VPDGI"
level=error contentType="Direct access failed, trying headless']" url="https://arcadados.fiocruz.br/dataverse/INCQS"
level=error msg="cdp.Runtime: Evaluate: rpc error: Inspected target navigated or closed (code = -32000)" issue="Headless Evaluate" url="https://arcadados.fiocruz.br/dataverse/Farmanguinhos"
level=error msg="cdp.Runtime: Evaluate: rpc error: Inspected target navigated or closed (code = -32000)" issue="Headless Evaluate" url="https://arcadados.fiocruz.br/dataverse/Bio-Manguinhos"
level=error msg="cdp.Runtime: Evaluate: rpc error: Inspected target navigated or closed (code = -32000)" issue="converting json ld" url="https://arcadados.fiocruz.br/dataverse/Bio-Manguinhos"
level=error msg="cdp.Runtime: Evaluate: rpc error: Inspected target navigated or closed (code = -32000)" issue="Headless Evaluate" url="https://arcadados.fiocruz.br/dataverse/INCQS"
level=error msg="cdp.Runtime: Evaluate: rpc error: Inspected target navigated or closed (code = -32000)" issue="converting json ld" url="https://arcadados.fiocruz.br/dataverse/INCQS"
level=error msg="cdp.Runtime: Evaluate: rpc error: Inspected target navigated or closed (code = -32000)" issue="Headless Evaluate" url="https://arcadados.fiocruz.br/dataverse/VPDGI"
level=error msg="cdp.Runtime: Evaluate: rpc error: Inspected target navigated or closed (code = -32000)" issue="converting json ld" url="https://arcadados.fiocruz.br/dataverse/VPDGI"
level=error msg="cdp.Runtime: Evaluate: rpc error: Inspected target navigated or closed (code = -32000)" issue="Headless Evaluate" url="https://arcadados.fiocruz.br/dataverse/ICICT"
level=error msg="cdp.Runtime: Evaluate: rpc error: Inspected target navigated or closed (code = -32000)" issue="converting json ld" url="https://arcadados.fiocruz.br/dataverse/Farmanguinhos"
level=error msg="cdp.Runtime: Evaluate: rpc error: Inspected target navigated or closed (code = -32000)" issue="converting json ld" url="https://arcadados.fiocruz.br/dataverse/ICICT"
level=error contentType="Direct access failed, trying headless']" url="https://arcadados.fiocruz.br/dataverse/LACIFF"
level=error contentType="Direct access failed, trying headless']" url="https://arcadados.fiocruz.br/dataverse/LE"
level=error contentType="Direct access failed, trying headless']" url="https://arcadados.fiocruz.br/dataverse/INI"
level=error contentType="Direct access failed, trying headless']" url="https://arcadados.fiocruz.br/dataverse/IFF"
level=error contentType="Direct access failed, trying headless']" url="https://arcadados.fiocruz.br/dataverse/IOC"
level=error msg="cdp.Runtime: Evaluate: rpc error: Inspected target navigated or closed (code = -32000)" issue="Headless Evaluate" url="https://arcadados.fiocruz.br/dataverse/LE"
level=error msg="cdp.Runtime: Evaluate: rpc error: Inspected target navigated or closed (code = -32000)" issue="Headless Evaluate" url="https://arcadados.fiocruz.br/dataverse/INI"
level=error msg="cdp.Runtime: Evaluate: rpc error: Inspected target navigated or closed (code = -32000)" issue="converting json ld" url="https://arcadados.fiocruz.br/dataverse/LE"
level=error msg="cdp.Runtime: Evaluate: rpc error: Inspected target navigated or closed (code = -32000)" issue="Headless Evaluate" url="https://arcadados.fiocruz.br/dataverse/IFF"
level=error msg="cdp.Runtime: Evaluate: rpc error: Inspected target navigated or closed (code = -32000)" issue="Headless Evaluate" url="https://arcadados.fiocruz.br/dataverse/IOC"
level=error msg="cdp.Runtime: Evaluate: rpc error: Inspected target navigated or closed (code = -32000)" issue="converting json ld" url="https://arcadados.fiocruz.br/dataverse/IOC"
level=error msg="cdp.Runtime: Evaluate: rpc error: Inspected target navigated or closed (code = -32000)" issue="Headless Evaluate" url="https://arcadados.fiocruz.br/dataverse/LACIFF"
level=error msg="cdp.Runtime: Evaluate: rpc error: Inspected target navigated or closed (code = -32000)" issue="converting json ld" url="https://arcadados.fiocruz.br/dataverse/IFF"
level=error msg="cdp.Runtime: Evaluate: rpc error: Inspected target navigated or closed (code = -32000)" issue="converting json ld" url="https://arcadados.fiocruz.br/dataverse/INI"
level=error msg="cdp.Runtime: Evaluate: rpc error: Inspected target navigated or closed (code = -32000)" issue="converting json ld" url="https://arcadados.fiocruz.br/dataverse/LACIFF"
level=error contentType="Direct access failed, trying headless']" url="https://arcadados.fiocruz.br/dataverse/VPGDI"
level=error contentType="Direct access failed, trying headless']" url="https://arcadados.fiocruz.br/dataverse/LAPEX"
level=error contentType="Direct access failed, trying headless']" url="https://arcadados.fiocruz.br/dataverse/LPCDI"
level=error contentType="Direct access failed, trying headless']" url="https://arcadados.fiocruz.br/dataverse/hanseniase"
level=error msg="cdp.Runtime: Evaluate: rpc error: Inspected target navigated or closed (code = -32000)" issue="Headless Evaluate" url="https://arcadados.fiocruz.br/dataverse/VPGDI"
level=error msg="cdp.Runtime: Evaluate: rpc error: Inspected target navigated or closed (code = -32000)" issue="converting json ld" url="https://arcadados.fiocruz.br/dataverse/VPGDI"
level=error msg="cdp.Runtime: Evaluate: rpc error: Inspected target navigated or closed (code = -32000)" issue="Headless Evaluate" url="https://arcadados.fiocruz.br/dataverse/LPCDI"
level=error msg="cdp.Runtime: Evaluate: rpc error: Inspected target navigated or closed (code = -32000)" issue="Headless Evaluate" url="https://arcadados.fiocruz.br/dataverse/LAPEX"
level=error msg="cdp.Runtime: Evaluate: rpc error: Inspected target navigated or closed (code = -32000)" issue="converting json ld" url="https://arcadados.fiocruz.br/dataverse/LAPEX"
level=error msg="cdp.Runtime: Evaluate: rpc error: Inspected target navigated or closed (code = -32000)" issue="converting json ld" url="https://arcadados.fiocruz.br/dataverse/LPCDI"
level=error msg="cdp.Runtime: Evaluate: rpc error: Inspected target navigated or closed (code = -32000)" issue="Headless Evaluate" url="https://arcadados.fiocruz.br/dataverse/hanseniase"
level=error msg="cdp.Runtime: Evaluate: rpc error: Inspected target navigated or closed (code = -32000)" issue="converting json ld" url="https://arcadados.fiocruz.br/dataverse/hanseniase"
level=error contentType="Direct access failed, trying headless']" url="https://arcadados.fiocruz.br/dataverse/VPPCB"
level=error contentType="Direct access failed, trying headless']" url="https://arcadados.fiocruz.br/dataverse/LPCVL"
level=error contentType="Direct access failed, trying headless']" url="https://arcadados.fiocruz.br/dataverse/VPPIS"
level=error contentType="Direct access failed, trying headless']" url="https://arcadados.fiocruz.br/dataverse/SAGESPI"
level=error msg="cdp.Runtime: Evaluate: rpc error: Inspected target navigated or closed (code = -32000)" issue="Headless Evaluate" url="https://arcadados.fiocruz.br/dataverse/VPPCB"
level=error msg="cdp.Runtime: Evaluate: rpc error: Inspected target navigated or closed (code = -32000)" issue="converting json ld" url="https://arcadados.fiocruz.br/dataverse/VPPCB"
level=error msg="cdp.Runtime: Evaluate: rpc error: Inspected target navigated or closed (code = -32000)" issue="Headless Evaluate" url="https://arcadados.fiocruz.br/dataverse/LPCVL"
level=error msg="cdp.Runtime: Evaluate: rpc error: Inspected target navigated or closed (code = -32000)" issue="converting json ld" url="https://arcadados.fiocruz.br/dataverse/LPCVL"
level=error msg="cdp.Runtime: Evaluate: rpc error: Inspected target navigated or closed (code = -32000)" issue="Headless Evaluate" url="https://arcadados.fiocruz.br/dataverse/VPPIS"
level=error msg="cdp.Runtime: Evaluate: rpc error: Inspected target navigated or closed (code = -32000)" issue="Headless Evaluate" url="https://arcadados.fiocruz.br/dataverse/SAGESPI"
level=error msg="cdp.Runtime: Evaluate: rpc error: Inspected target navigated or closed (code = -32000)" issue="converting json ld" url="https://arcadados.fiocruz.br/dataverse/SAGESPI"
level=error msg="cdp.Runtime: Evaluate: rpc error: Inspected target navigated or closed (code = -32000)" issue="converting json ld" url="https://arcadados.fiocruz.br/dataverse/VPPIS"
level=error contentType="Direct access failed, trying headless']" url="https://arcadados.fiocruz.br/dataverse/LVM"
level=error contentType="Direct access failed, trying headless']" url="https://arcadados.fiocruz.br/dataverse/Latev"
level=error contentType="Direct access failed, trying headless']" url="https://arcadados.fiocruz.br/dataverse/LP"
level=error contentType="Direct access failed, trying headless']" url="https://arcadados.fiocruz.br/dataverse/NUSMAD_Memorias"
level=error msg="cdp.Runtime: Evaluate: rpc error: Inspected target navigated or closed (code = -32000)" issue="Headless Evaluate" url="https://arcadados.fiocruz.br/dataverse/LVM"
level=error msg="cdp.Runtime: Evaluate: rpc error: Inspected target navigated or closed (code = -32000)" issue="converting json ld" url="https://arcadados.fiocruz.br/dataverse/LVM"
level=error msg="cdp.Runtime: Evaluate: rpc error: Inspected target navigated or closed (code = -32000)" issue="Headless Evaluate" url="https://arcadados.fiocruz.br/dataverse/Latev"
level=error msg="cdp.Runtime: Evaluate: rpc error: Inspected target navigated or closed (code = -32000)" issue="Headless Evaluate" url="https://arcadados.fiocruz.br/dataverse/LP"
level=error msg="cdp.Runtime: Evaluate: rpc error: Inspected target navigated or closed (code = -32000)" issue="converting json ld" url="https://arcadados.fiocruz.br/dataverse/LP"
level=error msg="cdp.Runtime: Evaluate: rpc error: Inspected target navigated or closed (code = -32000)" issue="converting json ld" url="https://arcadados.fiocruz.br/dataverse/Latev"
level=error contentType="Direct access failed, trying headless']" url="https://arcadados.fiocruz.br/dataverse/root"
level=error contentType="Direct access failed, trying headless']" url="https://arcadados.fiocruz.br/dataverse/NUSMAD"
level=error contentType="Direct access failed, trying headless']" url="https://arcadados.fiocruz.br/dataverse/ObservaPICS"
level=error msg="cdp.Runtime: Evaluate: rpc error: Inspected target navigated or closed (code = -32000)" issue="Headless Evaluate" url="https://arcadados.fiocruz.br/dataverse/NUSMAD_Memorias"
level=error msg="cdp.Runtime: Evaluate: rpc error: Inspected target navigated or closed (code = -32000)" issue="Headless Evaluate" url="https://arcadados.fiocruz.br/dataverse/root"
level=error msg="cdp.Runtime: Evaluate: rpc error: Inspected target navigated or closed (code = -32000)" issue="Headless Evaluate" url="https://arcadados.fiocruz.br/dataverse/ObservaPICS"
level=error msg="cdp.Runtime: Evaluate: rpc error: Inspected target navigated or closed (code = -32000)" issue="Headless Evaluate" url="https://arcadados.fiocruz.br/dataverse/NUSMAD"
level=error msg="cdp.Runtime: Evaluate: rpc error: Inspected target navigated or closed (code = -32000)" issue="converting json ld" url="https://arcadados.fiocruz.br/dataverse/NUSMAD"
level=error msg="cdp.Runtime: Evaluate: rpc error: Inspected target navigated or closed (code = -32000)" issue="converting json ld" url="https://arcadados.fiocruz.br/dataverse/root"
level=error msg="cdp.Runtime: Evaluate: rpc error: Inspected target navigated or closed (code = -32000)" issue="converting json ld" url="https://arcadados.fiocruz.br/dataverse/ObservaPICS"
level=error msg="cdp.Runtime: Evaluate: rpc error: Inspected target navigated or closed (code = -32000)" issue="converting json ld" url="https://arcadados.fiocruz.br/dataverse/NUSMAD_Memorias"
level=error contentType="Direct access failed, trying headless']" url="https://arcadados.fiocruz.br/dataverse/PPC"
level=error contentType="Direct access failed, trying headless']" url="https://arcadados.fiocruz.br/dataverse/PICSnoSUS"
level=error contentType="Direct access failed, trying headless']" url="https://arcadados.fiocruz.br/dataverse/educacaocomunicacaoprisional"
level=error contentType="Direct access failed, trying headless']" url="https://arcadados.fiocruz.br/dataverse/ACCM"
level=error contentType="Direct access failed, trying headless']" url="https://arcadados.fiocruz.br/dataverse/portraitswebseries"
level=error msg="cdp.Runtime: Evaluate: rpc error: Inspected target navigated or closed (code = -32000)" issue="Headless Evaluate" url="https://arcadados.fiocruz.br/dataverse/PICSnoSUS"
level=error msg="cdp.Runtime: Evaluate: rpc error: Inspected target navigated or closed (code = -32000)" issue="converting json ld" url="https://arcadados.fiocruz.br/dataverse/PICSnoSUS"
level=error msg="cdp.Runtime: Evaluate: rpc error: Inspected target navigated or closed (code = -32000)" issue="Headless Evaluate" url="https://arcadados.fiocruz.br/dataverse/educacaocomunicacaoprisional"
level=error msg="cdp.Runtime: Evaluate: rpc error: Inspected target navigated or closed (code = -32000)" issue="Headless Evaluate" url="https://arcadados.fiocruz.br/dataverse/portraitswebseries"
level=error msg="cdp.Runtime: Evaluate: rpc error: Inspected target navigated or closed (code = -32000)" issue="converting json ld" url="https://arcadados.fiocruz.br/dataverse/portraitswebseries"
level=error msg="cdp.Runtime: Evaluate: rpc error: Inspected target navigated or closed (code = -32000)" issue="converting json ld" url="https://arcadados.fiocruz.br/dataverse/educacaocomunicacaoprisional"
level=error msg="cdp.Runtime: Evaluate: rpc error: Inspected target navigated or closed (code = -32000)" issue="Headless Evaluate" url="https://arcadados.fiocruz.br/dataverse/ACCM"
level=error msg="cdp.Runtime: Evaluate: rpc error: Inspected target navigated or closed (code = -32000)" issue="Headless Evaluate" url="https://arcadados.fiocruz.br/dataverse/PPC"
level=error msg="cdp.Runtime: Evaluate: rpc error: Inspected target navigated or closed (code = -32000)" issue="converting json ld" url="https://arcadados.fiocruz.br/dataverse/PPC"
level=error msg="cdp.Runtime: Evaluate: rpc error: Inspected target navigated or closed (code = -32000)" issue="converting json ld" url="https://arcadados.fiocruz.br/dataverse/ACCM"
level=error contentType="Direct access failed, trying headless']" url="https://arcadados.fiocruz.br/dataverse/ATS"
level=error contentType="Direct access failed, trying headless']" url="https://arcadados.fiocruz.br/dataverse/PCDCh_Minas"
level=error contentType="Direct access failed, trying headless']" url="https://arcadados.fiocruz.br/dataverse/Presidencia"
level=error contentType="Direct access failed, trying headless']" url="https://arcadados.fiocruz.br/dataverse/ArticulaFito"
level=error contentType="Direct access failed, trying headless']" url="https://arcadados.fiocruz.br/dataverse/COC"
level=error msg="cdp.Runtime: Evaluate: rpc error: Inspected target navigated or closed (code = -32000)" issue="Headless Evaluate" url="https://arcadados.fiocruz.br/dataverse/PCDCh_Minas"
level=error msg="cdp.Runtime: Evaluate: rpc error: Inspected target navigated or closed (code = -32000)" issue="converting json ld" url="https://arcadados.fiocruz.br/dataverse/PCDCh_Minas"
level=error msg="cdp.Runtime: Evaluate: rpc error: Inspected target navigated or closed (code = -32000)" issue="Headless Evaluate" url="https://arcadados.fiocruz.br/dataverse/Presidencia"
level=error msg="cdp.Runtime: Evaluate: rpc error: Inspected target navigated or closed (code = -32000)" issue="converting json ld" url="https://arcadados.fiocruz.br/dataverse/Presidencia"
level=error msg="cdp.Runtime: Evaluate: rpc error: Inspected target navigated or closed (code = -32000)" issue="Headless Evaluate" url="https://arcadados.fiocruz.br/dataverse/ArticulaFito"
level=error msg="cdp.Runtime: Evaluate: rpc error: Inspected target navigated or closed (code = -32000)" issue="converting json ld" url="https://arcadados.fiocruz.br/dataverse/ArticulaFito"
level=error msg="cdp.Runtime: Evaluate: rpc error: Inspected target navigated or closed (code = -32000)" issue="Headless Evaluate" url="https://arcadados.fiocruz.br/dataverse/ATS"
level=error msg="cdp.Runtime: Evaluate: rpc error: Inspected target navigated or closed (code = -32000)" issue="converting json ld" url="https://arcadados.fiocruz.br/dataverse/ATS"
level=error contentType="Direct access failed, trying headless']" url="https://arcadados.fiocruz.br/dataverse/CSEGSF"
level=error msg="cdp.Runtime: Evaluate: rpc error: Execution context was destroyed. (code = -32000)" issue="Headless Evaluate" url="https://arcadados.fiocruz.br/dataverse/CSEGSF"
level=error msg="cdp.Runtime: Evaluate: rpc error: Execution context was destroyed. (code = -32000)" issue="converting json ld" url="https://arcadados.fiocruz.br/dataverse/CSEGSF"
level=error msg="cdp.Runtime: Evaluate: rpc error: Execution context was destroyed. (code = -32000)" issue="Headless Evaluate" url="https://arcadados.fiocruz.br/dataverse/COC"
level=error msg="cdp.Runtime: Evaluate: rpc error: Execution context was destroyed. (code = -32000)" issue="converting json ld" url="https://arcadados.fiocruz.br/dataverse/COC"
level=error contentType="Direct access failed, trying headless']" url="https://arcadados.fiocruz.br/dataverse/PPGVS"
level=error contentType="Direct access failed, trying headless']" url="https://arcadados.fiocruz.br/dataverse/NUSMAD_PVC"
level=error contentType="Direct access failed, trying headless']" url="https://arcadados.fiocruz.br/dataverse/oficinas"
level=error msg="cdp.Runtime: Evaluate: rpc error: Inspected target navigated or closed (code = -32000)" issue="Headless Evaluate" url="https://arcadados.fiocruz.br/dataverse/PPGVS"
level=error msg="cdp.Runtime: Evaluate: rpc error: Inspected target navigated or closed (code = -32000)" issue="converting json ld" url="https://arcadados.fiocruz.br/dataverse/PPGVS"
level=error msg="cdp.Runtime: Evaluate: rpc error: Inspected target navigated or closed (code = -32000)" issue="Headless Evaluate" url="https://arcadados.fiocruz.br/dataverse/oficinas"
level=error msg="cdp.Runtime: Evaluate: rpc error: Inspected target navigated or closed (code = -32000)" issue="converting json ld" url="https://arcadados.fiocruz.br/dataverse/oficinas"
level=error msg="cdp.Runtime: Evaluate: rpc error: Inspected target navigated or closed (code = -32000)" issue="Headless Evaluate" url="https://arcadados.fiocruz.br/dataverse/NUSMAD_PVC"
level=error msg="cdp.Runtime: Evaluate: rpc error: Inspected target navigated or closed (code = -32000)" issue="converting json ld" url="https://arcadados.fiocruz.br/dataverse/NUSMAD_PVC"
level=error contentType="Direct access failed, trying headless']" url="https://arcadados.fiocruz.br/dataverse/Saberes"
level=error contentType="Direct access failed, trying headless']" url="https://arcadados.fiocruz.br/dataverse/Nascer"
level=error contentType="Direct access failed, trying headless']" url="https://arcadados.fiocruz.br/dataverse/SEFAR"
level=error contentType="Direct access failed, trying headless']" url="https://arcadados.fiocruz.br/dataverse/sujeitoshistoricosrpb"
level=error msg="cdp.Runtime: Evaluate: rpc error: Inspected target navigated or closed (code = -32000)" issue="Headless Evaluate" url="https://arcadados.fiocruz.br/dataverse/Saberes"
level=error msg="cdp.Runtime: Evaluate: rpc error: Inspected target navigated or closed (code = -32000)" issue="converting json ld" url="https://arcadados.fiocruz.br/dataverse/Saberes"
level=error msg="cdp.Runtime: Evaluate: rpc error: Inspected target navigated or closed (code = -32000)" issue="Headless Evaluate" url="https://arcadados.fiocruz.br/dataverse/SEFAR"
level=error msg="cdp.Runtime: Evaluate: rpc error: Inspected target navigated or closed (code = -32000)" issue="Headless Evaluate" url="https://arcadados.fiocruz.br/dataverse/sujeitoshistoricosrpb"
level=error msg="cdp.Runtime: Evaluate: rpc error: Inspected target navigated or closed (code = -32000)" issue="converting json ld" url="https://arcadados.fiocruz.br/dataverse/sujeitoshistoricosrpb"
level=error msg="cdp.Runtime: Evaluate: rpc error: Inspected target navigated or closed (code = -32000)" issue="converting json ld" url="https://arcadados.fiocruz.br/dataverse/SEFAR"
level=error msg="cdp.Runtime: Evaluate: rpc error: Inspected target navigated or closed (code = -32000)" issue="Headless Evaluate" url="https://arcadados.fiocruz.br/dataverse/Nascer"
level=error msg="cdp.Runtime: Evaluate: rpc error: Inspected target navigated or closed (code = -32000)" issue="converting json ld" url="https://arcadados.fiocruz.br/dataverse/Nascer"
level=error contentType="Direct access failed, trying headless']" url="https://arcadados.fiocruz.br/dataverse/UPG"
level=error contentType="Direct access failed, trying headless']" url="https://arcadados.fiocruz.br/dataverse/Triatomineos"
level=error contentType="Direct access failed, trying headless']" url="https://arcadados.fiocruz.br/dataverse/vddig"
level=error contentType="Direct access failed, trying headless']" url="https://arcadados.fiocruz.br/dataverse/VDTEC"
level=error msg="cdp.Runtime: Evaluate: rpc error: Inspected target navigated or closed (code = -32000)" issue="Headless Evaluate" url="https://arcadados.fiocruz.br/dataverse/Triatomineos"
level=error msg="cdp.Runtime: Evaluate: rpc error: Inspected target navigated or closed (code = -32000)" issue="converting json ld" url="https://arcadados.fiocruz.br/dataverse/Triatomineos"
level=error msg="cdp.Runtime: Evaluate: rpc error: Inspected target navigated or closed (code = -32000)" issue="Headless Evaluate" url="https://arcadados.fiocruz.br/dataverse/vddig"
level=error msg="cdp.Runtime: Evaluate: rpc error: Inspected target navigated or closed (code = -32000)" issue="converting json ld" url="https://arcadados.fiocruz.br/dataverse/vddig"
level=error msg="cdp.Runtime: Evaluate: rpc error: Inspected target navigated or closed (code = -32000)" issue="Headless Evaluate" url="https://arcadados.fiocruz.br/dataverse/UPG"
level=error msg="cdp.Runtime: Evaluate: rpc error: Inspected target navigated or closed (code = -32000)" issue="converting json ld" url="https://arcadados.fiocruz.br/dataverse/UPG"
level=error contentType="Direct access failed, trying headless']" url="https://arcadados.fiocruz.br/dataverse/VPAAPS"
level=error contentType="Direct access failed, trying headless']" url="https://arcadados.fiocruz.br/dataverse/CienciaePics"
level=error contentType="Direct access failed, trying headless']" url="https://arcadados.fiocruz.br/dataverse/VPEIC"
level=error contentType="Direct access failed, trying headless']" url="https://arcadados.fiocruz.br/dataverse/CDI"
level=error msg="cdp.Runtime: Evaluate: rpc error: Inspected target navigated or closed (code = -32000)" issue="Headless Evaluate" url="https://arcadados.fiocruz.br/dataverse/CienciaePics"
level=error msg="cdp.Runtime: Evaluate: rpc error: Inspected target navigated or closed (code = -32000)" issue="Headless Evaluate" url="https://arcadados.fiocruz.br/dataverse/CDI"
level=error msg="cdp.Runtime: Evaluate: rpc error: Inspected target navigated or closed (code = -32000)" issue="converting json ld" url="https://arcadados.fiocruz.br/dataverse/CDI"
level=error msg="cdp.Runtime: Evaluate: rpc error: Inspected target navigated or closed (code = -32000)" issue="Headless Evaluate" url="https://arcadados.fiocruz.br/dataverse/VPEIC"
level=error msg="cdp.Runtime: Evaluate: rpc error: Inspected target navigated or closed (code = -32000)" issue="converting json ld" url="https://arcadados.fiocruz.br/dataverse/VPEIC"
level=error msg="cdp.Runtime: Evaluate: rpc error: Inspected target navigated or closed (code = -32000)" issue="Headless Evaluate" url="https://arcadados.fiocruz.br/dataverse/VDTEC"
level=error msg="cdp.Runtime: Evaluate: rpc error: Inspected target navigated or closed (code = -32000)" issue="converting json ld" url="https://arcadados.fiocruz.br/dataverse/VDTEC"
level=error msg="cdp.Runtime: Evaluate: rpc error: Inspected target navigated or closed (code = -32000)" issue="Headless Evaluate" url="https://arcadados.fiocruz.br/dataverse/VPAAPS"
level=error msg="cdp.Runtime: Evaluate: rpc error: Inspected target navigated or closed (code = -32000)" issue="converting json ld" url="https://arcadados.fiocruz.br/dataverse/VPAAPS"
level=error msg="cdp.Runtime: Evaluate: rpc error: Inspected target navigated or closed (code = -32000)" issue="converting json ld" url="https://arcadados.fiocruz.br/dataverse/CienciaePics"
level=error contentType="Direct access failed, trying headless']" url="https://arcadados.fiocruz.br/dataverse/DAPS"
level=error contentType="Direct access failed, trying headless']" url="https://arcadados.fiocruz.br/dataverse/DEMQS"
level=error contentType="Direct access failed, trying headless']" url="https://arcadados.fiocruz.br/dataverse/cinco"
level=error msg="cdp.Runtime: Evaluate: rpc error: Execution context was destroyed. (code = -32000)" issue="Headless Evaluate" url="https://arcadados.fiocruz.br/dataverse/cinco"
level=error msg="cdp.Runtime: Evaluate: rpc error: Execution context was destroyed. (code = -32000)" issue="Headless Evaluate" url="https://arcadados.fiocruz.br/dataverse/DAPS"
level=error msg="cdp.Runtime: Evaluate: rpc error: Execution context was destroyed. (code = -32000)" issue="Headless Evaluate" url="https://arcadados.fiocruz.br/dataverse/DEMQS"
level=error msg="cdp.Runtime: Evaluate: rpc error: Execution context was destroyed. (code = -32000)" issue="converting json ld" url="https://arcadados.fiocruz.br/dataverse/DAPS"
level=error msg="cdp.Runtime: Evaluate: rpc error: Execution context was destroyed. (code = -32000)" issue="converting json ld" url="https://arcadados.fiocruz.br/dataverse/DEMQS"
level=error msg="cdp.Runtime: Evaluate: rpc error: Execution context was destroyed. (code = -32000)" issue="converting json ld" url="https://arcadados.fiocruz.br/dataverse/cinco"
level=error contentType="Direct access failed, trying headless']" url="https://arcadados.fiocruz.br/dataverse/DepPediatria"
level=error contentType="Direct access failed, trying headless']" url="https://arcadados.fiocruz.br/dataverse/DEPES"
level=error contentType="Direct access failed, trying headless']" url="https://arcadados.fiocruz.br/dataverse/NAF"
level=error contentType="Direct access failed, trying headless']" url="https://arcadados.fiocruz.br/dataverse/Chagas"
level=error contentType="Direct access failed, trying headless']" url="https://arcadados.fiocruz.br/dataverse/Entomol"
level=error msg="cdp.Runtime: Evaluate: rpc error: Inspected target navigated or closed (code = -32000)" issue="Headless Evaluate" url="https://arcadados.fiocruz.br/dataverse/DEPES"
level=error msg="cdp.Runtime: Evaluate: rpc error: Inspected target navigated or closed (code = -32000)" issue="converting json ld" url="https://arcadados.fiocruz.br/dataverse/DEPES"
level=error msg="cdp.Runtime: Evaluate: rpc error: Inspected target navigated or closed (code = -32000)" issue="Headless Evaluate" url="https://arcadados.fiocruz.br/dataverse/NAF"
level=error msg="cdp.Runtime: Evaluate: rpc error: Inspected target navigated or closed (code = -32000)" issue="converting json ld" url="https://arcadados.fiocruz.br/dataverse/NAF"
level=error msg="cdp.Runtime: Evaluate: rpc error: Inspected target navigated or closed (code = -32000)" issue="Headless Evaluate" url="https://arcadados.fiocruz.br/dataverse/DepPediatria"
level=error msg="cdp.Runtime: Evaluate: rpc error: Inspected target navigated or closed (code = -32000)" issue="converting json ld" url="https://arcadados.fiocruz.br/dataverse/DepPediatria"
level=error contentType="Direct access failed, trying headless']" url="https://arcadados.fiocruz.br/dataverse/ENSP"
level=error msg="cdp.Runtime: Evaluate: rpc error: Execution context was destroyed. (code = -32000)" issue="Headless Evaluate" url="https://arcadados.fiocruz.br/dataverse/Chagas"
level=error msg="cdp.Runtime: Evaluate: rpc error: Execution context was destroyed. (code = -32000)" issue="converting json ld" url="https://arcadados.fiocruz.br/dataverse/Chagas"
level=error msg="cdp.Runtime: Evaluate: rpc error: Execution context was destroyed. (code = -32000)" issue="Headless Evaluate" url="https://arcadados.fiocruz.br/dataverse/Entomol"
level=error msg="cdp.Runtime: Evaluate: rpc error: Execution context was destroyed. (code = -32000)" issue="converting json ld" url="https://arcadados.fiocruz.br/dataverse/Entomol"
level=error msg="cdp.Runtime: Evaluate: rpc error: Execution context was destroyed. (code = -32000)" issue="Headless Evaluate" url="https://arcadados.fiocruz.br/dataverse/ENSP"
level=error msg="cdp.Runtime: Evaluate: rpc error: Execution context was destroyed. (code = -32000)" issue="converting json ld" url="https://arcadados.fiocruz.br/dataverse/ENSP"
level=error contentType="Direct access failed, trying headless']" url="https://arcadados.fiocruz.br/dataverse/EPSJV"
level=error contentType="Direct access failed, trying headless']" url="https://arcadados.fiocruz.br/dataverse/EFH"
level=error contentType="Direct access failed, trying headless']" url="https://arcadados.fiocruz.br/dataverse/ILMD"
level=error contentType="Direct access failed, trying headless']" url="https://arcadados.fiocruz.br/dataverse/IGM"
level=error contentType="Direct access failed, trying headless']" url="https://arcadados.fiocruz.br/dataverse/Fiocruz_BSB"
level=error msg="cdp.Runtime: Evaluate: rpc error: Inspected target navigated or closed (code = -32000)" issue="Headless Evaluate" url="https://arcadados.fiocruz.br/dataverse/IGM"
level=error msg="cdp.Runtime: Evaluate: rpc error: Inspected target navigated or closed (code = -32000)" issue="converting json ld" url="https://arcadados.fiocruz.br/dataverse/IGM"
level=error msg="cdp.Runtime: Evaluate: rpc error: Inspected target navigated or closed (code = -32000)" issue="Headless Evaluate" url="https://arcadados.fiocruz.br/dataverse/EPSJV"
level=error msg="cdp.Runtime: Evaluate: rpc error: Inspected target navigated or closed (code = -32000)" issue="converting json ld" url="https://arcadados.fiocruz.br/dataverse/EPSJV"
level=error msg="cdp.Runtime: Evaluate: rpc error: Inspected target navigated or closed (code = -32000)" issue="Headless Evaluate" url="https://arcadados.fiocruz.br/dataverse/ILMD"
level=error msg="cdp.Runtime: Evaluate: rpc error: Inspected target navigated or closed (code = -32000)" issue="converting json ld" url="https://arcadados.fiocruz.br/dataverse/ILMD"
level=error msg="cdp.Runtime: Evaluate: rpc error: Inspected target navigated or closed (code = -32000)" issue="Headless Evaluate" url="https://arcadados.fiocruz.br/dataverse/EFH"
level=error msg="cdp.Runtime: Evaluate: rpc error: Inspected target navigated or closed (code = -32000)" issue="converting json ld" url="https://arcadados.fiocruz.br/dataverse/EFH"
level=error contentType="Direct access failed, trying headless']" url="https://arcadados.fiocruz.br/dataverse/ICC"
level=error contentType="Direct access failed, trying headless']" url="https://arcadados.fiocruz.br/dataverse/IAM"
level=error contentType="Direct access failed, trying headless']" url="https://arcadados.fiocruz.br/dataverse/Fiocruz_Minas"
level=error msg="cdp.Runtime: Evaluate: rpc error: Inspected target navigated or closed (code = -32000)" issue="Headless Evaluate" url="https://arcadados.fiocruz.br/dataverse/Fiocruz_BSB"
level=error msg="cdp.Runtime: Evaluate: rpc error: Inspected target navigated or closed (code = -32000)" issue="converting json ld" url="https://arcadados.fiocruz.br/dataverse/Fiocruz_BSB"
level=error contentType="Direct access failed, trying headless']" url="https://arcadados.fiocruz.br/dataverse/ICTB"
level=error msg="cdp.Runtime: Evaluate: rpc error: Inspected target navigated or closed (code = -32000)" issue="Headless Evaluate" url="https://arcadados.fiocruz.br/dataverse/IAM"
level=error msg="cdp.Runtime: Evaluate: rpc error: Inspected target navigated or closed (code = -32000)" issue="Headless Evaluate" url="https://arcadados.fiocruz.br/dataverse/Fiocruz_Minas"
level=error msg="cdp.Runtime: Evaluate: rpc error: Inspected target navigated or closed (code = -32000)" issue="converting json ld" url="https://arcadados.fiocruz.br/dataverse/Fiocruz_Minas"
level=error msg="cdp.Runtime: Evaluate: rpc error: Inspected target navigated or closed (code = -32000)" issue="converting json ld" url="https://arcadados.fiocruz.br/dataverse/IAM"
level=error msg="cdp.Runtime: Evaluate: rpc error: Inspected target navigated or closed (code = -32000)" issue="Headless Evaluate" url="https://arcadados.fiocruz.br/dataverse/ICC"
level=error msg="cdp.Runtime: Evaluate: rpc error: Inspected target navigated or closed (code = -32000)" issue="converting json ld" url="https://arcadados.fiocruz.br/dataverse/ICC"
level=error msg="cdp.Runtime: Evaluate: rpc error: Inspected target navigated or closed (code = -32000)" issue="Headless Evaluate" url="https://arcadados.fiocruz.br/dataverse/ICTB"
level=error msg="cdp.Runtime: Evaluate: rpc error: Inspected target navigated or closed (code = -32000)" issue="converting json ld" url="https://arcadados.fiocruz.br/dataverse/ICTB"
