level=error contentType="Direct access failed, trying headless']" url="https://data.aussda.at/dataverse/AUSSDA"
level=error contentType="Direct access failed, trying headless']" url="https://data.aussda.at/dataverse/autnes"
level=error contentType="Direct access failed, trying headless']" url="https://data.aussda.at/dataverse/covid19"
level=error contentType="Direct access failed, trying headless']" url="https://data.aussda.at/dataverse/gfk"
level=error contentType="Direct access failed, trying headless']" url="https://data.aussda.at/dataverse/medienjournal"
level=error msg="cdp.Runtime: Evaluate: rpc error: Inspected target navigated or closed (code = -32000)" issue="Headless Evaluate" url="https://data.aussda.at/dataverse/autnes"
level=error msg="cdp.Runtime: Evaluate: rpc error: Inspected target navigated or closed (code = -32000)" issue="converting json ld" url="https://data.aussda.at/dataverse/autnes"
level=error msg="cdp.Runtime: Evaluate: rpc error: Inspected target navigated or closed (code = -32000)" issue="Headless Evaluate" url="https://data.aussda.at/dataverse/medienjournal"
level=error msg="cdp.Runtime: Evaluate: rpc error: Inspected target navigated or closed (code = -32000)" issue="converting json ld" url="https://data.aussda.at/dataverse/medienjournal"
level=error msg="cdp.Runtime: Evaluate: rpc error: Inspected target navigated or closed (code = -32000)" issue="Headless Evaluate" url="https://data.aussda.at/dataverse/AUSSDA"
level=error msg="cdp.Runtime: Evaluate: rpc error: Inspected target navigated or closed (code = -32000)" issue="converting json ld" url="https://data.aussda.at/dataverse/AUSSDA"
level=error msg="cdp.Runtime: Evaluate: rpc error: Inspected target navigated or closed (code = -32000)" issue="Headless Evaluate" url="https://data.aussda.at/dataverse/gfk"
level=error msg="cdp.Runtime: Evaluate: rpc error: Inspected target navigated or closed (code = -32000)" issue="converting json ld" url="https://data.aussda.at/dataverse/gfk"
level=error msg="cdp.Runtime: Evaluate: rpc error: Inspected target navigated or closed (code = -32000)" issue="Headless Evaluate" url="https://data.aussda.at/dataverse/covid19"
level=error msg="cdp.Runtime: Evaluate: rpc error: Inspected target navigated or closed (code = -32000)" issue="converting json ld" url="https://data.aussda.at/dataverse/covid19"
level=error contentType="Direct access failed, trying headless']" url="https://data.aussda.at/dataverse/newmusicfestivals"
level=error contentType="Direct access failed, trying headless']" url="https://data.aussda.at/dataverse/public"
level=error contentType="Direct access failed, trying headless']" url="https://data.aussda.at/dataverse/puma"
level=error contentType="Direct access failed, trying headless']" url="https://data.aussda.at/dataverse/reconnect"
level=error contentType="Direct access failed, trying headless']" url="https://data.aussda.at/dataverse/reminder"
level=error msg="cdp.Runtime: Evaluate: rpc error: Inspected target navigated or closed (code = -32000)" issue="Headless Evaluate" url="https://data.aussda.at/dataverse/newmusicfestivals"
level=error msg="cdp.Runtime: Evaluate: rpc error: Inspected target navigated or closed (code = -32000)" issue="converting json ld" url="https://data.aussda.at/dataverse/newmusicfestivals"
level=error msg="cdp.Runtime: Evaluate: rpc error: Inspected target navigated or closed (code = -32000)" issue="Headless Evaluate" url="https://data.aussda.at/dataverse/public"
level=error msg="cdp.Runtime: Evaluate: rpc error: Inspected target navigated or closed (code = -32000)" issue="converting json ld" url="https://data.aussda.at/dataverse/public"
level=error msg="cdp.Runtime: Evaluate: rpc error: Inspected target navigated or closed (code = -32000)" issue="Headless Evaluate" url="https://data.aussda.at/dataverse/reconnect"
level=error msg="cdp.Runtime: Evaluate: rpc error: Inspected target navigated or closed (code = -32000)" issue="Headless Evaluate" url="https://data.aussda.at/dataverse/reminder"
level=error msg="cdp.Runtime: Evaluate: rpc error: Inspected target navigated or closed (code = -32000)" issue="converting json ld" url="https://data.aussda.at/dataverse/reconnect"
level=error msg="cdp.Runtime: Evaluate: rpc error: Inspected target navigated or closed (code = -32000)" issue="converting json ld" url="https://data.aussda.at/dataverse/reminder"
level=error msg="cdp.Runtime: Evaluate: rpc error: Inspected target navigated or closed (code = -32000)" issue="Headless Evaluate" url="https://data.aussda.at/dataverse/puma"
level=error msg="cdp.Runtime: Evaluate: rpc error: Inspected target navigated or closed (code = -32000)" issue="converting json ld" url="https://data.aussda.at/dataverse/puma"
level=error contentType="Direct access failed, trying headless']" url="https://data.aussda.at/dataverse/self-deposit"
level=error contentType="Direct access failed, trying headless']" url="https://data.aussda.at/dataverse/sora"
level=error contentType="Direct access failed, trying headless']" url="https://data.aussda.at/dataverse/SWS"
level=error contentType="Direct access failed, trying headless']" url="https://data.aussda.at/dataverse/ssoe-issp"
level=error contentType="Direct access failed, trying headless']" url="https://data.aussda.at/dataverse/statistikaustria"
level=error msg="cdp.Runtime: Evaluate: rpc error: Inspected target navigated or closed (code = -32000)" issue="Headless Evaluate" url="https://data.aussda.at/dataverse/self-deposit"
level=error msg="cdp.Runtime: Evaluate: rpc error: Inspected target navigated or closed (code = -32000)" issue="Headless Evaluate" url="https://data.aussda.at/dataverse/SWS"
level=error msg="cdp.Runtime: Evaluate: rpc error: Inspected target navigated or closed (code = -32000)" issue="converting json ld" url="https://data.aussda.at/dataverse/SWS"
level=error msg="cdp.Runtime: Evaluate: rpc error: Inspected target navigated or closed (code = -32000)" issue="Headless Evaluate" url="https://data.aussda.at/dataverse/ssoe-issp"
level=error msg="cdp.Runtime: Evaluate: rpc error: Inspected target navigated or closed (code = -32000)" issue="converting json ld" url="https://data.aussda.at/dataverse/ssoe-issp"
level=error msg="cdp.Runtime: Evaluate: rpc error: Inspected target navigated or closed (code = -32000)" issue="Headless Evaluate" url="https://data.aussda.at/dataverse/statistikaustria"
level=error msg="cdp.Runtime: Evaluate: rpc error: Inspected target navigated or closed (code = -32000)" issue="converting json ld" url="https://data.aussda.at/dataverse/statistikaustria"
level=error msg="cdp.Runtime: Evaluate: rpc error: Inspected target navigated or closed (code = -32000)" issue="Headless Evaluate" url="https://data.aussda.at/dataverse/sora"
level=error msg="cdp.Runtime: Evaluate: rpc error: Inspected target navigated or closed (code = -32000)" issue="converting json ld" url="https://data.aussda.at/dataverse/self-deposit"
level=error msg="cdp.Runtime: Evaluate: rpc error: Inspected target navigated or closed (code = -32000)" issue="converting json ld" url="https://data.aussda.at/dataverse/sora"
level=error contentType="Direct access failed, trying headless']" url="https://data.aussda.at/dataverse/SWS-Rundschau"
level=error contentType="Direct access failed, trying headless']" url="https://data.aussda.at/dataverse/smif"
level=error contentType="Direct access failed, trying headless']" url="https://data.aussda.at/dataverse/zsi"
level=error msg="cdp.Runtime: Evaluate: rpc error: Inspected target navigated or closed (code = -32000)" issue="Headless Evaluate" url="https://data.aussda.at/dataverse/SWS-Rundschau"
level=error msg="cdp.Runtime: Evaluate: rpc error: Inspected target navigated or closed (code = -32000)" issue="converting json ld" url="https://data.aussda.at/dataverse/SWS-Rundschau"
level=error msg="cdp.Runtime: Evaluate: rpc error: Inspected target navigated or closed (code = -32000)" issue="Headless Evaluate" url="https://data.aussda.at/dataverse/smif"
level=error msg="cdp.Runtime: Evaluate: rpc error: Inspected target navigated or closed (code = -32000)" issue="Headless Evaluate" url="https://data.aussda.at/dataverse/zsi"
level=error msg="cdp.Runtime: Evaluate: rpc error: Inspected target navigated or closed (code = -32000)" issue="converting json ld" url="https://data.aussda.at/dataverse/zsi"
level=error msg="cdp.Runtime: Evaluate: rpc error: Inspected target navigated or closed (code = -32000)" issue="converting json ld" url="https://data.aussda.at/dataverse/smif"
