level=error contentType="Direct access failed, trying headless']" url="https://dataverse.lib.virginia.edu/dataverse/cvrc"
level=error contentType="Direct access failed, trying headless']" url="https://dataverse.lib.virginia.edu/dataverse/aperio"
level=error contentType="Direct access failed, trying headless']" url="https://dataverse.lib.virginia.edu/dataverse/biocomplexity"
level=error contentType="Direct access failed, trying headless']" url="https://dataverse.lib.virginia.edu/dataverse/cama"
level=error contentType="Direct access failed, trying headless']" url="https://dataverse.lib.virginia.edu/dataverse/centerforpolitics"
level=error msg="cdp.Runtime: Evaluate: rpc error: Inspected target navigated or closed (code = -32000)" issue="Headless Evaluate" url="https://dataverse.lib.virginia.edu/dataverse/cvrc"
level=error msg="cdp.Runtime: Evaluate: rpc error: Inspected target navigated or closed (code = -32000)" issue="converting json ld" url="https://dataverse.lib.virginia.edu/dataverse/cvrc"
level=error msg="cdp.Runtime: Evaluate: rpc error: Inspected target navigated or closed (code = -32000)" issue="Headless Evaluate" url="https://dataverse.lib.virginia.edu/dataverse/aperio"
level=error msg="cdp.Runtime: Evaluate: rpc error: Inspected target navigated or closed (code = -32000)" issue="converting json ld" url="https://dataverse.lib.virginia.edu/dataverse/aperio"
level=error msg="cdp.Runtime: Evaluate: rpc error: Inspected target navigated or closed (code = -32000)" issue="Headless Evaluate" url="https://dataverse.lib.virginia.edu/dataverse/biocomplexity"
level=error msg="cdp.Runtime: Evaluate: rpc error: Inspected target navigated or closed (code = -32000)" issue="Headless Evaluate" url="https://dataverse.lib.virginia.edu/dataverse/cama"
level=error msg="cdp.Runtime: Evaluate: rpc error: Inspected target navigated or closed (code = -32000)" issue="converting json ld" url="https://dataverse.lib.virginia.edu/dataverse/cama"
level=error msg="cdp.Runtime: Evaluate: rpc error: Inspected target navigated or closed (code = -32000)" issue="converting json ld" url="https://dataverse.lib.virginia.edu/dataverse/biocomplexity"
level=error msg="cdp.Runtime: Evaluate: rpc error: Inspected target navigated or closed (code = -32000)" issue="Headless Evaluate" url="https://dataverse.lib.virginia.edu/dataverse/centerforpolitics"
level=error msg="cdp.Runtime: Evaluate: rpc error: Inspected target navigated or closed (code = -32000)" issue="converting json ld" url="https://dataverse.lib.virginia.edu/dataverse/centerforpolitics"
level=error contentType="Direct access failed, trying headless']" url="https://dataverse.lib.virginia.edu/dataverse/darden"
level=error contentType="Direct access failed, trying headless']" url="https://dataverse.lib.virginia.edu/dataverse/astronomy"
level=error contentType="Direct access failed, trying headless']" url="https://dataverse.lib.virginia.edu/dataverse/biology"
level=error contentType="Direct access failed, trying headless']" url="https://dataverse.lib.virginia.edu/dataverse/chemistry"
level=error contentType="Direct access failed, trying headless']" url="https://dataverse.lib.virginia.edu/dataverse/culturalheritage"
level=error msg="cdp.Runtime: Evaluate: rpc error: Inspected target navigated or closed (code = -32000)" issue="Headless Evaluate" url="https://dataverse.lib.virginia.edu/dataverse/darden"
level=error msg="cdp.Runtime: Evaluate: rpc error: Inspected target navigated or closed (code = -32000)" issue="Headless Evaluate" url="https://dataverse.lib.virginia.edu/dataverse/astronomy"
level=error msg="cdp.Runtime: Evaluate: rpc error: Inspected target navigated or closed (code = -32000)" issue="Headless Evaluate" url="https://dataverse.lib.virginia.edu/dataverse/biology"
level=error msg="cdp.Runtime: Evaluate: rpc error: Inspected target navigated or closed (code = -32000)" issue="Headless Evaluate" url="https://dataverse.lib.virginia.edu/dataverse/culturalheritage"
level=error msg="cdp.Runtime: Evaluate: rpc error: Inspected target navigated or closed (code = -32000)" issue="converting json ld" url="https://dataverse.lib.virginia.edu/dataverse/culturalheritage"
level=error msg="cdp.Runtime: Evaluate: rpc error: Inspected target navigated or closed (code = -32000)" issue="converting json ld" url="https://dataverse.lib.virginia.edu/dataverse/darden"
level=error msg="cdp.Runtime: Evaluate: rpc error: Inspected target navigated or closed (code = -32000)" issue="Headless Evaluate" url="https://dataverse.lib.virginia.edu/dataverse/chemistry"
level=error msg="cdp.Runtime: Evaluate: rpc error: Inspected target navigated or closed (code = -32000)" issue="converting json ld" url="https://dataverse.lib.virginia.edu/dataverse/astronomy"
level=error msg="cdp.Runtime: Evaluate: rpc error: Inspected target navigated or closed (code = -32000)" issue="converting json ld" url="https://dataverse.lib.virginia.edu/dataverse/biology"
level=error msg="cdp.Runtime: Evaluate: rpc error: Inspected target navigated or closed (code = -32000)" issue="converting json ld" url="https://dataverse.lib.virginia.edu/dataverse/chemistry"
level=error contentType="Direct access failed, trying headless']" url="https://dataverse.lib.virginia.edu/dataverse/econ"
level=error contentType="Direct access failed, trying headless']" url="https://dataverse.lib.virginia.edu/dataverse/mse"
level=error contentType="Direct access failed, trying headless']" url="https://dataverse.lib.virginia.edu/dataverse/cs"
level=error contentType="Direct access failed, trying headless']" url="https://dataverse.lib.virginia.edu/dataverse/ece"
level=error contentType="Direct access failed, trying headless']" url="https://dataverse.lib.virginia.edu/dataverse/envisci"
level=error msg="cdp.Runtime: Evaluate: rpc error: Inspected target navigated or closed (code = -32000)" issue="Headless Evaluate" url="https://dataverse.lib.virginia.edu/dataverse/ece"
level=error msg="cdp.Runtime: Evaluate: rpc error: Inspected target navigated or closed (code = -32000)" issue="Headless Evaluate" url="https://dataverse.lib.virginia.edu/dataverse/cs"
level=error msg="cdp.Runtime: Evaluate: rpc error: Inspected target navigated or closed (code = -32000)" issue="converting json ld" url="https://dataverse.lib.virginia.edu/dataverse/cs"
level=error msg="cdp.Runtime: Evaluate: rpc error: Inspected target navigated or closed (code = -32000)" issue="converting json ld" url="https://dataverse.lib.virginia.edu/dataverse/ece"
level=error msg="cdp.Runtime: Evaluate: rpc error: Inspected target navigated or closed (code = -32000)" issue="Headless Evaluate" url="https://dataverse.lib.virginia.edu/dataverse/econ"
level=error msg="cdp.Runtime: Evaluate: rpc error: Inspected target navigated or closed (code = -32000)" issue="converting json ld" url="https://dataverse.lib.virginia.edu/dataverse/econ"
level=error msg="cdp.Runtime: Evaluate: rpc error: Inspected target navigated or closed (code = -32000)" issue="Headless Evaluate" url="https://dataverse.lib.virginia.edu/dataverse/mse"
level=error msg="cdp.Runtime: Evaluate: rpc error: Inspected target navigated or closed (code = -32000)" issue="Headless Evaluate" url="https://dataverse.lib.virginia.edu/dataverse/envisci"
level=error msg="cdp.Runtime: Evaluate: rpc error: Inspected target navigated or closed (code = -32000)" issue="converting json ld" url="https://dataverse.lib.virginia.edu/dataverse/envisci"
level=error msg="cdp.Runtime: Evaluate: rpc error: Inspected target navigated or closed (code = -32000)" issue="converting json ld" url="https://dataverse.lib.virginia.edu/dataverse/mse"
level=error contentType="Direct access failed, trying headless']" url="https://dataverse.lib.virginia.edu/dataverse/politics"
level=error contentType="Direct access failed, trying headless']" url="https://dataverse.lib.virginia.edu/dataverse/ldd"
level=error contentType="Direct access failed, trying headless']" url="https://dataverse.lib.virginia.edu/dataverse/lasp"
level=error contentType="Direct access failed, trying headless']" url="https://dataverse.lib.virginia.edu/dataverse/batten"
level=error contentType="Direct access failed, trying headless']" url="https://dataverse.lib.virginia.edu/dataverse/ihlefeld"
level=error msg="cdp.Runtime: Evaluate: rpc error: Inspected target navigated or closed (code = -32000)" issue="Headless Evaluate" url="https://dataverse.lib.virginia.edu/dataverse/politics"
level=error msg="cdp.Runtime: Evaluate: rpc error: Inspected target navigated or closed (code = -32000)" issue="Headless Evaluate" url="https://dataverse.lib.virginia.edu/dataverse/lasp"
level=error msg="cdp.Runtime: Evaluate: rpc error: Inspected target navigated or closed (code = -32000)" issue="Headless Evaluate" url="https://dataverse.lib.virginia.edu/dataverse/ihlefeld"
level=error msg="cdp.Runtime: Evaluate: rpc error: Inspected target navigated or closed (code = -32000)" issue="converting json ld" url="https://dataverse.lib.virginia.edu/dataverse/ihlefeld"
level=error msg="cdp.Runtime: Evaluate: rpc error: Inspected target navigated or closed (code = -32000)" issue="converting json ld" url="https://dataverse.lib.virginia.edu/dataverse/politics"
level=error msg="cdp.Runtime: Evaluate: rpc error: Inspected target navigated or closed (code = -32000)" issue="converting json ld" url="https://dataverse.lib.virginia.edu/dataverse/lasp"
level=error msg="cdp.Runtime: Evaluate: rpc error: Inspected target navigated or closed (code = -32000)" issue="Headless Evaluate" url="https://dataverse.lib.virginia.edu/dataverse/batten"
level=error msg="cdp.Runtime: Evaluate: rpc error: Inspected target navigated or closed (code = -32000)" issue="converting json ld" url="https://dataverse.lib.virginia.edu/dataverse/batten"
level=error msg="cdp.Runtime: Evaluate: rpc error: Inspected target navigated or closed (code = -32000)" issue="Headless Evaluate" url="https://dataverse.lib.virginia.edu/dataverse/ldd"
level=error msg="cdp.Runtime: Evaluate: rpc error: Inspected target navigated or closed (code = -32000)" issue="converting json ld" url="https://dataverse.lib.virginia.edu/dataverse/ldd"
level=error contentType="Direct access failed, trying headless']" url="https://dataverse.lib.virginia.edu/dataverse/commerce"
level=error contentType="Direct access failed, trying headless']" url="https://dataverse.lib.virginia.edu/dataverse/education"
level=error contentType="Direct access failed, trying headless']" url="https://dataverse.lib.virginia.edu/dataverse/PompanoLab"
level=error contentType="Direct access failed, trying headless']" url="https://dataverse.lib.virginia.edu/dataverse/libradata"
level=error contentType="Direct access failed, trying headless']" url="https://dataverse.lib.virginia.edu/dataverse/sds"
level=error msg="cdp.Runtime: Evaluate: rpc error: Inspected target navigated or closed (code = -32000)" issue="Headless Evaluate" url="https://dataverse.lib.virginia.edu/dataverse/education"
level=error msg="cdp.Runtime: Evaluate: rpc error: Inspected target navigated or closed (code = -32000)" issue="converting json ld" url="https://dataverse.lib.virginia.edu/dataverse/education"
level=error msg="cdp.Runtime: Evaluate: rpc error: Inspected target navigated or closed (code = -32000)" issue="Headless Evaluate" url="https://dataverse.lib.virginia.edu/dataverse/libradata"
level=error msg="cdp.Runtime: Evaluate: rpc error: Inspected target navigated or closed (code = -32000)" issue="Headless Evaluate" url="https://dataverse.lib.virginia.edu/dataverse/sds"
level=error msg="cdp.Runtime: Evaluate: rpc error: Inspected target navigated or closed (code = -32000)" issue="Headless Evaluate" url="https://dataverse.lib.virginia.edu/dataverse/commerce"
level=error msg="cdp.Runtime: Evaluate: rpc error: Inspected target navigated or closed (code = -32000)" issue="Headless Evaluate" url="https://dataverse.lib.virginia.edu/dataverse/PompanoLab"
level=error msg="cdp.Runtime: Evaluate: rpc error: Inspected target navigated or closed (code = -32000)" issue="converting json ld" url="https://dataverse.lib.virginia.edu/dataverse/PompanoLab"
level=error msg="cdp.Runtime: Evaluate: rpc error: Inspected target navigated or closed (code = -32000)" issue="converting json ld" url="https://dataverse.lib.virginia.edu/dataverse/sds"
level=error msg="cdp.Runtime: Evaluate: rpc error: Inspected target navigated or closed (code = -32000)" issue="converting json ld" url="https://dataverse.lib.virginia.edu/dataverse/commerce"
level=error msg="cdp.Runtime: Evaluate: rpc error: Inspected target navigated or closed (code = -32000)" issue="converting json ld" url="https://dataverse.lib.virginia.edu/dataverse/libradata"
level=error contentType="Direct access failed, trying headless']" url="https://dataverse.lib.virginia.edu/dataverse/cde"
level=error contentType="Direct access failed, trying headless']" url="https://dataverse.lib.virginia.edu/dataverse/bond"
level=error contentType="Direct access failed, trying headless']" url="https://dataverse.lib.virginia.edu/dataverse/uva"
level=error contentType="Direct access failed, trying headless']" url="https://dataverse.lib.virginia.edu/dataverse/seas"
level=error contentType="Direct access failed, trying headless']" url="https://dataverse.lib.virginia.edu/dataverse/som"
level=error msg="cdp.Runtime: Evaluate: rpc error: Inspected target navigated or closed (code = -32000)" issue="Headless Evaluate" url="https://dataverse.lib.virginia.edu/dataverse/bond"
level=error msg="cdp.Runtime: Evaluate: rpc error: Inspected target navigated or closed (code = -32000)" issue="converting json ld" url="https://dataverse.lib.virginia.edu/dataverse/bond"
level=error msg="cdp.Runtime: Evaluate: rpc error: Inspected target navigated or closed (code = -32000)" issue="Headless Evaluate" url="https://dataverse.lib.virginia.edu/dataverse/uva"
level=error msg="cdp.Runtime: Evaluate: rpc error: Inspected target navigated or closed (code = -32000)" issue="converting json ld" url="https://dataverse.lib.virginia.edu/dataverse/uva"
level=error msg="cdp.Runtime: Evaluate: rpc error: Inspected target navigated or closed (code = -32000)" issue="Headless Evaluate" url="https://dataverse.lib.virginia.edu/dataverse/seas"
level=error msg="cdp.Runtime: Evaluate: rpc error: Inspected target navigated or closed (code = -32000)" issue="converting json ld" url="https://dataverse.lib.virginia.edu/dataverse/seas"
level=error msg="cdp.Runtime: Evaluate: rpc error: Inspected target navigated or closed (code = -32000)" issue="Headless Evaluate" url="https://dataverse.lib.virginia.edu/dataverse/som"
level=error msg="cdp.Runtime: Evaluate: rpc error: Inspected target navigated or closed (code = -32000)" issue="converting json ld" url="https://dataverse.lib.virginia.edu/dataverse/som"
level=error msg="cdp.Runtime: Evaluate: rpc error: Inspected target navigated or closed (code = -32000)" issue="Headless Evaluate" url="https://dataverse.lib.virginia.edu/dataverse/cde"
level=error msg="cdp.Runtime: Evaluate: rpc error: Inspected target navigated or closed (code = -32000)" issue="converting json ld" url="https://dataverse.lib.virginia.edu/dataverse/cde"
level=error contentType="Direct access failed, trying headless']" url="https://dataverse.lib.virginia.edu/dataverse/licensedata"
level=error contentType="Direct access failed, trying headless']" url="https://dataverse.lib.virginia.edu/dataverse/uvalibrary"
level=error contentType="Direct access failed, trying headless']" url="https://dataverse.lib.virginia.edu/dataverse/uva-law"
level=error contentType="Direct access failed, trying headless']" url="https://dataverse.lib.virginia.edu/dataverse/uvaharvard"
level=error msg="error checking for valid json: Error in unmarshaling json: unexpected end of JSON input" contentType="script[type='application/ld+json']" url="https://dataverse.lib.virginia.edu/dataset.xhtml?persistentId=doi:10.5072/FK2/VPPDLU"
level=error contentType="Direct access failed, trying headless']" url="https://dataverse.lib.virginia.edu/dataset.xhtml?persistentId=doi:10.5072/FK2/VPPDLU"
level=error msg="cdp.Runtime: Evaluate: rpc error: Inspected target navigated or closed (code = -32000)" issue="Headless Evaluate" url="https://dataverse.lib.virginia.edu/dataverse/licensedata"
level=error msg="cdp.Runtime: Evaluate: rpc error: Inspected target navigated or closed (code = -32000)" issue="converting json ld" url="https://dataverse.lib.virginia.edu/dataverse/licensedata"
level=error msg="cdp.Runtime: Evaluate: rpc error: Inspected target navigated or closed (code = -32000)" issue="Headless Evaluate" url="https://dataverse.lib.virginia.edu/dataverse/uva-law"
level=error msg="cdp.Runtime: Evaluate: rpc error: Inspected target navigated or closed (code = -32000)" issue="converting json ld" url="https://dataverse.lib.virginia.edu/dataverse/uva-law"
level=error msg="cdp.Runtime: Evaluate: rpc error: Inspected target navigated or closed (code = -32000)" issue="Headless Evaluate" url="https://dataverse.lib.virginia.edu/dataset.xhtml?persistentId=doi:10.5072/FK2/VPPDLU"
level=error msg="cdp.Runtime: Evaluate: rpc error: Inspected target navigated or closed (code = -32000)" issue="converting json ld" url="https://dataverse.lib.virginia.edu/dataset.xhtml?persistentId=doi:10.5072/FK2/VPPDLU"
level=error msg="cdp.Runtime: Evaluate: rpc error: Inspected target navigated or closed (code = -32000)" issue="Headless Evaluate" url="https://dataverse.lib.virginia.edu/dataverse/uvaharvard"
level=error msg="cdp.Runtime: Evaluate: rpc error: Inspected target navigated or closed (code = -32000)" issue="Headless Evaluate" url="https://dataverse.lib.virginia.edu/dataverse/uvalibrary"
level=error msg="cdp.Runtime: Evaluate: rpc error: Inspected target navigated or closed (code = -32000)" issue="converting json ld" url="https://dataverse.lib.virginia.edu/dataverse/uvalibrary"
level=error msg="cdp.Runtime: Evaluate: rpc error: Inspected target navigated or closed (code = -32000)" issue="converting json ld" url="https://dataverse.lib.virginia.edu/dataverse/uvaharvard"
