level=info msg="Queuing URLs for uva"
level=info msg="URL Count 176"
level=info contentType="script[type='application/ld+json']" url="https://dataverse.lib.virginia.edu/dataset.xhtml?persistentId=doi:10.18130/V3/BWSRSL"
level=info contentType="script[type='application/ld+json']" url="https://dataverse.lib.virginia.edu/dataset.xhtml?persistentId=doi:10.5072/FK2/VPPDLU"
level=info contentType="script[type='application/ld+json']" url="https://dataverse.lib.virginia.edu/dataset.xhtml?persistentId=doi:10.18130/V3/QAIK3R"
level=info contentType="script[type='application/ld+json']" url="https://dataverse.lib.virginia.edu/dataset.xhtml?persistentId=doi:10.18130/V3/XZ2YLD"
level=info contentType="script[type='application/ld+json']" url="https://dataverse.lib.virginia.edu/dataset.xhtml?persistentId=doi:10.18130/V3/2IVQ9Z"
level=info contentType="script[type='application/ld+json']" url="https://dataverse.lib.virginia.edu/dataset.xhtml?persistentId=doi:10.18130/V3/LWPBIY"
level=info contentType="script[type='application/ld+json']" url="https://dataverse.lib.virginia.edu/dataset.xhtml?persistentId=doi:10.18130/V3/HDBXVY"
level=info contentType="script[type='application/ld+json']" url="https://dataverse.lib.virginia.edu/dataset.xhtml?persistentId=doi:10.18130/V3/YIZOVR"
level=info contentType="script[type='application/ld+json']" url="https://dataverse.lib.virginia.edu/dataset.xhtml?persistentId=doi:10.18130/V3/HOOJSE"
level=info contentType="script[type='application/ld+json']" url="https://dataverse.lib.virginia.edu/dataset.xhtml?persistentId=doi:10.18130/V3/NEPGOL"
level=info contentType="script[type='application/ld+json']" url="https://dataverse.lib.virginia.edu/dataset.xhtml?persistentId=doi:10.18130/V3/3I825Q"
level=info contentType="script[type='application/ld+json']" url="https://dataverse.lib.virginia.edu/dataset.xhtml?persistentId=doi:10.18130/V3/ZQ8IKS"
level=info contentType="script[type='application/ld+json']" url="https://dataverse.lib.virginia.edu/dataset.xhtml?persistentId=doi:10.18130/V3/XTPE6I"
level=info contentType="script[type='application/ld+json']" url="https://dataverse.lib.virginia.edu/dataset.xhtml?persistentId=doi:10.18130/V3/IPILEL"
level=info contentType="script[type='application/ld+json']" url="https://dataverse.lib.virginia.edu/dataset.xhtml?persistentId=doi:10.18130/V3/TWDT8L"
level=info contentType="script[type='application/ld+json']" url="https://dataverse.lib.virginia.edu/dataset.xhtml?persistentId=doi:10.18130/V3/BJKKXN"
level=info contentType="script[type='application/ld+json']" url="https://dataverse.lib.virginia.edu/dataset.xhtml?persistentId=doi:10.18130/V3/RM6IUG"
level=info contentType="script[type='application/ld+json']" url="https://dataverse.lib.virginia.edu/dataset.xhtml?persistentId=doi:10.18130/V3/MJCMXM"
level=info contentType="script[type='application/ld+json']" url="https://dataverse.lib.virginia.edu/dataset.xhtml?persistentId=doi:10.18130/V3/1ZGO2C"
level=info contentType="script[type='application/ld+json']" url="https://dataverse.lib.virginia.edu/dataset.xhtml?persistentId=doi:10.18130/V3/KA3DZD"
level=info contentType="script[type='application/ld+json']" url="https://dataverse.lib.virginia.edu/dataset.xhtml?persistentId=doi:10.18130/V3/W96U7W"
level=info contentType="script[type='application/ld+json']" url="https://dataverse.lib.virginia.edu/dataset.xhtml?persistentId=doi:10.18130/V3/WR4RF9"
level=info contentType="script[type='application/ld+json']" url="https://dataverse.lib.virginia.edu/dataset.xhtml?persistentId=doi:10.18130/V3/MSCNLT"
level=info contentType="script[type='application/ld+json']" url="https://dataverse.lib.virginia.edu/dataset.xhtml?persistentId=doi:10.18130/V3/CGUZUV"
level=info contentType="script[type='application/ld+json']" url="https://dataverse.lib.virginia.edu/dataset.xhtml?persistentId=doi:10.18130/V3/MKY17T"
level=info contentType="script[type='application/ld+json']" url="https://dataverse.lib.virginia.edu/dataset.xhtml?persistentId=doi:10.18130/V3/KEVCF8"
level=info contentType="script[type='application/ld+json']" url="https://dataverse.lib.virginia.edu/dataset.xhtml?persistentId=doi:10.18130/V3/VUTR26"
level=info contentType="script[type='application/ld+json']" url="https://dataverse.lib.virginia.edu/dataset.xhtml?persistentId=doi:10.18130/V3/TZNJXP"
level=info contentType="script[type='application/ld+json']" url="https://dataverse.lib.virginia.edu/dataset.xhtml?persistentId=doi:10.18130/V3/4IFDBP"
level=info contentType="script[type='application/ld+json']" url="https://dataverse.lib.virginia.edu/dataset.xhtml?persistentId=doi:10.18130/V3/ORE4QN"
level=info contentType="script[type='application/ld+json']" url="https://dataverse.lib.virginia.edu/dataset.xhtml?persistentId=doi:10.18130/V3/JZ1M8H"
level=info contentType="script[type='application/ld+json']" url="https://dataverse.lib.virginia.edu/dataset.xhtml?persistentId=doi:10.18130/V3/LL4OXO"
level=info contentType="script[type='application/ld+json']" url="https://dataverse.lib.virginia.edu/dataset.xhtml?persistentId=doi:10.18130/V3/SXNUE1"
level=info contentType="script[type='application/ld+json']" url="https://dataverse.lib.virginia.edu/dataset.xhtml?persistentId=doi:10.18130/V3/TSS1JF"
level=info contentType="script[type='application/ld+json']" url="https://dataverse.lib.virginia.edu/dataset.xhtml?persistentId=doi:10.18130/V3/FYXONB"
level=info contentType="script[type='application/ld+json']" url="https://dataverse.lib.virginia.edu/dataset.xhtml?persistentId=doi:10.18130/V3/SX80Y3"
level=info contentType="script[type='application/ld+json']" url="https://dataverse.lib.virginia.edu/dataset.xhtml?persistentId=doi:10.18130/V3/4APGVM"
level=info contentType="script[type='application/ld+json']" url="https://dataverse.lib.virginia.edu/dataset.xhtml?persistentId=doi:10.18130/V3/AFKEDG"
level=info contentType="script[type='application/ld+json']" url="https://dataverse.lib.virginia.edu/dataset.xhtml?persistentId=doi:10.18130/V3/DQQZOG"
level=info contentType="script[type='application/ld+json']" url="https://dataverse.lib.virginia.edu/dataset.xhtml?persistentId=doi:10.18130/V3/OPUUGY"
level=info contentType="script[type='application/ld+json']" url="https://dataverse.lib.virginia.edu/dataset.xhtml?persistentId=doi:10.18130/V3/YWTLHC"
level=info contentType="script[type='application/ld+json']" url="https://dataverse.lib.virginia.edu/dataset.xhtml?persistentId=doi:10.18130/V3/CS8ZQH"
level=info contentType="script[type='application/ld+json']" url="https://dataverse.lib.virginia.edu/dataset.xhtml?persistentId=doi:10.18130/V3/8GTDST"
level=info contentType="script[type='application/ld+json']" url="https://dataverse.lib.virginia.edu/dataset.xhtml?persistentId=doi:10.18130/V3/R9DDOR"
level=info contentType="script[type='application/ld+json']" url="https://dataverse.lib.virginia.edu/dataset.xhtml?persistentId=doi:10.18130/V3/DWYNWF"
level=info contentType="script[type='application/ld+json']" url="https://dataverse.lib.virginia.edu/dataset.xhtml?persistentId=doi:10.18130/V3/XF0AVD"
level=info contentType="script[type='application/ld+json']" url="https://dataverse.lib.virginia.edu/dataset.xhtml?persistentId=doi:10.18130/V3/NXYRB9"
level=info contentType="script[type='application/ld+json']" url="https://dataverse.lib.virginia.edu/dataset.xhtml?persistentId=doi:10.18130/V3/DYVQ4C"
level=info contentType="script[type='application/ld+json']" url="https://dataverse.lib.virginia.edu/dataset.xhtml?persistentId=doi:10.18130/V3/LFQYU7"
level=info contentType="script[type='application/ld+json']" url="https://dataverse.lib.virginia.edu/dataset.xhtml?persistentId=doi:10.18130/V3/RFOQGN"
level=info contentType="script[type='application/ld+json']" url="https://dataverse.lib.virginia.edu/dataset.xhtml?persistentId=doi:10.18130/V3/OQN3J0"
level=info contentType="script[type='application/ld+json']" url="https://dataverse.lib.virginia.edu/dataset.xhtml?persistentId=doi:10.18130/V3/IKPFBV"
level=info contentType="script[type='application/ld+json']" url="https://dataverse.lib.virginia.edu/dataset.xhtml?persistentId=doi:10.18130/V3/TSJ8IC"
level=info contentType="script[type='application/ld+json']" url="https://dataverse.lib.virginia.edu/dataset.xhtml?persistentId=doi:10.18130/V3/5W96LX"
level=info contentType="script[type='application/ld+json']" url="https://dataverse.lib.virginia.edu/dataset.xhtml?persistentId=doi:10.18130/V3/TMRP2D"
level=info contentType="script[type='application/ld+json']" url="https://dataverse.lib.virginia.edu/dataset.xhtml?persistentId=doi:10.18130/V3/2DWFSE"
level=info contentType="script[type='application/ld+json']" url="https://dataverse.lib.virginia.edu/dataset.xhtml?persistentId=doi:10.18130/V3/8QZTVI"
level=info contentType="script[type='application/ld+json']" url="https://dataverse.lib.virginia.edu/dataset.xhtml?persistentId=doi:10.18130/V3/N56FBE"
level=info contentType="script[type='application/ld+json']" url="https://dataverse.lib.virginia.edu/dataset.xhtml?persistentId=doi:10.18130/V3/840LLR"
level=info contentType="script[type='application/ld+json']" url="https://dataverse.lib.virginia.edu/dataset.xhtml?persistentId=doi:10.18130/V3/EVZH8B"
level=info contentType="script[type='application/ld+json']" url="https://dataverse.lib.virginia.edu/dataset.xhtml?persistentId=doi:10.18130/V3/2BM6LO"
level=info contentType="script[type='application/ld+json']" url="https://dataverse.lib.virginia.edu/dataset.xhtml?persistentId=doi:10.18130/V3/MBZ7SN"
level=info contentType="script[type='application/ld+json']" url="https://dataverse.lib.virginia.edu/dataset.xhtml?persistentId=doi:10.18130/V3/KCAQNO"
level=info contentType="script[type='application/ld+json']" url="https://dataverse.lib.virginia.edu/dataset.xhtml?persistentId=doi:10.18130/V3/EGF7WT"
level=info contentType="script[type='application/ld+json']" url="https://dataverse.lib.virginia.edu/dataset.xhtml?persistentId=doi:10.18130/V3/Z6524P"
level=info contentType="script[type='application/ld+json']" url="https://dataverse.lib.virginia.edu/dataset.xhtml?persistentId=doi:10.18130/V3/YQLJ5W"
level=info contentType="script[type='application/ld+json']" url="https://dataverse.lib.virginia.edu/dataset.xhtml?persistentId=doi:10.18130/V3/C4RD06"
level=info contentType="script[type='application/ld+json']" url="https://dataverse.lib.virginia.edu/dataset.xhtml?persistentId=doi:10.18130/V3/OMEPOT"
level=info contentType="script[type='application/ld+json']" url="https://dataverse.lib.virginia.edu/dataset.xhtml?persistentId=doi:10.18130/V3/PMWP2C"
level=info contentType="script[type='application/ld+json']" url="https://dataverse.lib.virginia.edu/dataset.xhtml?persistentId=doi:10.18130/V3/FRZYXV"
level=info contentType="script[type='application/ld+json']" url="https://dataverse.lib.virginia.edu/dataset.xhtml?persistentId=doi:10.18130/V3/KGK8MW"
level=info contentType="script[type='application/ld+json']" url="https://dataverse.lib.virginia.edu/dataset.xhtml?persistentId=doi:10.18130/V3/1UOVKO"
level=info contentType="script[type='application/ld+json']" url="https://dataverse.lib.virginia.edu/dataset.xhtml?persistentId=doi:10.18130/V3/QLBNQJ"
level=info contentType="script[type='application/ld+json']" url="https://dataverse.lib.virginia.edu/dataset.xhtml?persistentId=doi:10.18130/V3/2XENWC"
level=info contentType="script[type='application/ld+json']" url="https://dataverse.lib.virginia.edu/dataset.xhtml?persistentId=doi:10.18130/V3/QB0NPX"
level=info contentType="script[type='application/ld+json']" url="https://dataverse.lib.virginia.edu/dataset.xhtml?persistentId=doi:10.18130/V3/N6ODLJ"
level=info contentType="script[type='application/ld+json']" url="https://dataverse.lib.virginia.edu/dataset.xhtml?persistentId=doi:10.18130/V3/XBYWYO"
level=info contentType="script[type='application/ld+json']" url="https://dataverse.lib.virginia.edu/dataset.xhtml?persistentId=doi:10.18130/V3/JF0XXK"
level=info contentType="script[type='application/ld+json']" url="https://dataverse.lib.virginia.edu/dataset.xhtml?persistentId=doi:10.18130/V3/JKJAOG"
level=info contentType="script[type='application/ld+json']" url="https://dataverse.lib.virginia.edu/dataset.xhtml?persistentId=doi:10.18130/V3/TRTTIS"
level=info contentType="script[type='application/ld+json']" url="https://dataverse.lib.virginia.edu/dataset.xhtml?persistentId=doi:10.18130/V3/KGUVYS"
level=info contentType="script[type='application/ld+json']" url="https://dataverse.lib.virginia.edu/dataset.xhtml?persistentId=doi:10.18130/V3/4MMOLV"
level=info contentType="script[type='application/ld+json']" url="https://dataverse.lib.virginia.edu/dataset.xhtml?persistentId=doi:10.18130/V3/HDTHSN"
level=info contentType="script[type='application/ld+json']" url="https://dataverse.lib.virginia.edu/dataset.xhtml?persistentId=doi:10.18130/V3/UVTOHO"
level=info contentType="script[type='application/ld+json']" url="https://dataverse.lib.virginia.edu/dataset.xhtml?persistentId=doi:10.18130/V3/FZ8DGS"
level=info contentType="script[type='application/ld+json']" url="https://dataverse.lib.virginia.edu/dataset.xhtml?persistentId=doi:10.18130/V3/SKAB9Z"
level=info contentType="script[type='application/ld+json']" url="https://dataverse.lib.virginia.edu/dataset.xhtml?persistentId=doi:10.18130/V3/0UBASF"
level=info contentType="script[type='application/ld+json']" url="https://dataverse.lib.virginia.edu/dataset.xhtml?persistentId=doi:10.18130/V3/IATZCA"
level=info contentType="script[type='application/ld+json']" url="https://dataverse.lib.virginia.edu/dataset.xhtml?persistentId=doi:10.18130/V3/DEHFD7"
level=info contentType="script[type='application/ld+json']" url="https://dataverse.lib.virginia.edu/dataset.xhtml?persistentId=doi:10.18130/V3/9ESZUZ"
level=info contentType="script[type='application/ld+json']" url="https://dataverse.lib.virginia.edu/dataset.xhtml?persistentId=doi:10.18130/V3/WQ3AFX"
level=info contentType="script[type='application/ld+json']" url="https://dataverse.lib.virginia.edu/dataset.xhtml?persistentId=doi:10.18130/V3/TEXS7K"
level=info contentType="script[type='application/ld+json']" url="https://dataverse.lib.virginia.edu/dataset.xhtml?persistentId=doi:10.18130/V3/CVKEMV"
level=info contentType="script[type='application/ld+json']" url="https://dataverse.lib.virginia.edu/dataset.xhtml?persistentId=doi:10.18130/V3/BJJUE7"
level=info contentType="script[type='application/ld+json']" url="https://dataverse.lib.virginia.edu/dataset.xhtml?persistentId=doi:10.18130/V3/VSZ4AF"
level=info contentType="script[type='application/ld+json']" url="https://dataverse.lib.virginia.edu/dataset.xhtml?persistentId=doi:10.18130/V3/IHCHYM"
level=info contentType="script[type='application/ld+json']" url="https://dataverse.lib.virginia.edu/dataset.xhtml?persistentId=doi:10.18130/V3/AAFY8N"
level=info contentType="script[type='application/ld+json']" url="https://dataverse.lib.virginia.edu/dataset.xhtml?persistentId=doi:10.18130/V3/SX7JNS"
level=info contentType="script[type='application/ld+json']" url="https://dataverse.lib.virginia.edu/dataset.xhtml?persistentId=doi:10.18130/V3/HHTAYI"
level=info contentType="script[type='application/ld+json']" url="https://dataverse.lib.virginia.edu/dataset.xhtml?persistentId=doi:10.18130/V3/7UAPHU"
level=info contentType="script[type='application/ld+json']" url="https://dataverse.lib.virginia.edu/dataset.xhtml?persistentId=doi:10.18130/V3/2ZLOWA"
level=info contentType="script[type='application/ld+json']" url="https://dataverse.lib.virginia.edu/dataset.xhtml?persistentId=doi:10.18130/V3/MLCMPS"
level=info contentType="script[type='application/ld+json']" url="https://dataverse.lib.virginia.edu/dataset.xhtml?persistentId=doi:10.18130/V3/YCEYXT"
level=info contentType="script[type='application/ld+json']" url="https://dataverse.lib.virginia.edu/dataset.xhtml?persistentId=doi:10.18130/V3/XVEQMH"
level=info contentType="script[type='application/ld+json']" url="https://dataverse.lib.virginia.edu/dataset.xhtml?persistentId=doi:10.18130/V3/151ON0"
level=info contentType="script[type='application/ld+json']" url="https://dataverse.lib.virginia.edu/dataset.xhtml?persistentId=doi:10.18130/V3/ANXWCF"
level=info contentType="script[type='application/ld+json']" url="https://dataverse.lib.virginia.edu/dataset.xhtml?persistentId=doi:10.18130/V3/ESQBIY"
level=info contentType="script[type='application/ld+json']" url="https://dataverse.lib.virginia.edu/dataset.xhtml?persistentId=doi:10.18130/V3/R4DZTQ"
level=info contentType="script[type='application/ld+json']" url="https://dataverse.lib.virginia.edu/dataset.xhtml?persistentId=doi:10.18130/V3/M9CP9C"
level=info contentType="script[type='application/ld+json']" url="https://dataverse.lib.virginia.edu/dataset.xhtml?persistentId=doi:10.18130/V3/LLI15D"
level=info contentType="script[type='application/ld+json']" url="https://dataverse.lib.virginia.edu/dataset.xhtml?persistentId=doi:10.18130/V3/AQFFN3"
level=info contentType="script[type='application/ld+json']" url="https://dataverse.lib.virginia.edu/dataset.xhtml?persistentId=doi:10.18130/V3/NAZO4B"
level=info contentType="script[type='application/ld+json']" url="https://dataverse.lib.virginia.edu/dataset.xhtml?persistentId=doi:10.18130/V3/ATJOZW"
level=info contentType="script[type='application/ld+json']" url="https://dataverse.lib.virginia.edu/dataset.xhtml?persistentId=doi:10.18130/V3/TFCYVO"
level=info contentType="script[type='application/ld+json']" url="https://dataverse.lib.virginia.edu/dataset.xhtml?persistentId=doi:10.18130/V3/SWK71R"
level=info contentType="script[type='application/ld+json']" url="https://dataverse.lib.virginia.edu/dataset.xhtml?persistentId=doi:10.18130/V3/VJXODP"
level=info contentType="script[type='application/ld+json']" url="https://dataverse.lib.virginia.edu/dataset.xhtml?persistentId=doi:10.18130/V3/XOCSXO"
level=info contentType="script[type='application/ld+json']" url="https://dataverse.lib.virginia.edu/dataset.xhtml?persistentId=doi:10.18130/V3/NRYDIY"
level=info contentType="script[type='application/ld+json']" url="https://dataverse.lib.virginia.edu/dataset.xhtml?persistentId=doi:10.18130/V3/OCRSJY"
level=info contentType="script[type='application/ld+json']" url="https://dataverse.lib.virginia.edu/dataset.xhtml?persistentId=doi:10.18130/V3/LZQEAI"
level=info contentType="script[type='application/ld+json']" url="https://dataverse.lib.virginia.edu/dataset.xhtml?persistentId=doi:10.18130/V3/IUMGS7"
level=info contentType="script[type='application/ld+json']" url="https://dataverse.lib.virginia.edu/dataset.xhtml?persistentId=doi:10.18130/V3/I8IRRF"
level=info contentType="script[type='application/ld+json']" url="https://dataverse.lib.virginia.edu/dataset.xhtml?persistentId=doi:10.18130/V3/N9E9XP"
level=info contentType="script[type='application/ld+json']" url="https://dataverse.lib.virginia.edu/dataset.xhtml?persistentId=doi:10.18130/V3/GXOU0T"
level=info contentType="script[type='application/ld+json']" url="https://dataverse.lib.virginia.edu/dataset.xhtml?persistentId=doi:10.18130/V3/36HFKH"
level=info contentType="script[type='application/ld+json']" url="https://dataverse.lib.virginia.edu/dataset.xhtml?persistentId=doi:10.18130/V3/XI7QGF"
level=info contentType="script[type='application/ld+json']" url="https://dataverse.lib.virginia.edu/dataset.xhtml?persistentId=doi:10.18130/V3/WXMJLR"
level=info contentType="script[type='application/ld+json']" url="https://dataverse.lib.virginia.edu/dataset.xhtml?persistentId=doi:10.18130/V3/CAU1WW"
level=info contentType="script[type='application/ld+json']" url="https://dataverse.lib.virginia.edu/dataset.xhtml?persistentId=doi:10.18130/V3/6RUBPV"
level=info contentType="script[type='application/ld+json']" url="https://dataverse.lib.virginia.edu/dataset.xhtml?persistentId=doi:10.18130/V3/TZMLKK"
level=info contentType="script[type='application/ld+json']" url="https://dataverse.lib.virginia.edu/dataset.xhtml?persistentId=doi:10.18130/V3/D7ZOO7"
level=info contentType="script[type='application/ld+json']" url="https://dataverse.lib.virginia.edu/dataset.xhtml?persistentId=doi:10.18130/V3/W0WULT"
level=info contentType="script[type='application/ld+json']" url="https://dataverse.lib.virginia.edu/dataset.xhtml?persistentId=doi:10.18130/V3/AK74KN"
level=info contentType="script[type='application/ld+json']" url="https://dataverse.lib.virginia.edu/dataset.xhtml?persistentId=doi:10.18130/V3/LMLXKQ"
level=info contentType="script[type='application/ld+json']" url="https://dataverse.lib.virginia.edu/dataset.xhtml?persistentId=doi:10.18130/V3/SKIYJP"
level=info contentType="script[type='application/ld+json']" url="https://dataverse.lib.virginia.edu/dataset.xhtml?persistentId=doi:10.18130/V3/XL3CUA"
level=info contentType="script[type='application/ld+json']" url="https://dataverse.lib.virginia.edu/dataset.xhtml?persistentId=doi:10.18130/V3/Q1GH69"
level=info contentType="script[type='application/ld+json']" url="https://dataverse.lib.virginia.edu/dataset.xhtml?persistentId=doi:10.18130/V3/JNPHUB"
level=info contentType="script[type='application/ld+json']" url="https://dataverse.lib.virginia.edu/dataset.xhtml?persistentId=doi:10.18130/V3/HGAQB3"
level=info contentType="script[type='application/ld+json']" url="https://dataverse.lib.virginia.edu/dataset.xhtml?persistentId=doi:10.18130/V3/ZPGVK5"
level=info contentType="script[type='application/ld+json']" url="https://dataverse.lib.virginia.edu/dataset.xhtml?persistentId=doi:10.18130/V3/G1NW7F"
level=info contentType="script[type='application/ld+json']" url="https://dataverse.lib.virginia.edu/dataset.xhtml?persistentId=doi:10.18130/V3/OJKSL9"
